[2021-04-22 09:23:11,665] multiqc                                            [DEBUG  ]  No MultiQC config found: /usr/local/bioinfo/src/MultiQC/venv_multiqc-v1.7/lib/python3.6/site-packages/multiqc_config.yaml
[2021-04-22 09:23:11,666] multiqc                                            [DEBUG  ]  No MultiQC config found: /home/jsolorzano/.multiqc_config.yaml
[2021-04-22 09:23:11,666] multiqc                                            [DEBUG  ]  No MultiQC config found: multiqc_config.yaml
[2021-04-22 09:23:11,666] multiqc                                            [DEBUG  ]  Command used: /usr/local/bioinfo/src/MultiQC/venv_multiqc-v1.7/bin/multiqc kf_fastqs/PDAC200T_F8-9kf_R1_fastqc.html kf_fastqs/PDAC200T_F8-9kf_R1_fastqc.zip kf_fastqs/PDAC200T_F8-9kf_R1.fastq.gz kf_fastqs/PDAC200T_F8-9kf_R2_fastqc.html kf_fastqs/PDAC200T_F8-9kf_R2_fastqc.zip kf_fastqs/PDAC200T_F8-9kf_R2.fastq.gz kf_fastqs/PDAC200T_F8-9kf_stats.txt kf_fastqs/PDAC201T_F8-9kf_R1_fastqc.html kf_fastqs/PDAC201T_F8-9kf_R1_fastqc.zip kf_fastqs/PDAC201T_F8-9kf_R1.fastq.gz kf_fastqs/PDAC201T_F8-9kf_R2_fastqc.html kf_fastqs/PDAC201T_F8-9kf_R2_fastqc.zip kf_fastqs/PDAC201T_F8-9kf_R2.fastq.gz kf_fastqs/PDAC201T_F8-9kf_stats.txt kf_fastqs/PDAC202T_F8-9kf_R1_fastqc.html kf_fastqs/PDAC202T_F8-9kf_R1_fastqc.zip kf_fastqs/PDAC202T_F8-9kf_R1.fastq.gz kf_fastqs/PDAC202T_F8-9kf_R2_fastqc.html kf_fastqs/PDAC202T_F8-9kf_R2_fastqc.zip kf_fastqs/PDAC202T_F8-9kf_R2.fastq.gz kf_fastqs/PDAC202T_F8-9kf_stats.txt kf_fastqs/PDAC203T_F8-9kf_R1_fastqc.html kf_fastqs/PDAC203T_F8-9kf_R1_fastqc.zip kf_fastqs/PDAC203T_F8-9kf_R1.fastq.gz kf_fastqs/PDAC203T_F8-9kf_R2_fastqc.html kf_fastqs/PDAC203T_F8-9kf_R2_fastqc.zip kf_fastqs/PDAC203T_F8-9kf_R2.fastq.gz kf_fastqs/PDAC203T_F8-9kf_stats.txt kf_fastqs/PDAC204T_F8-9kf_R1_fastqc.html kf_fastqs/PDAC204T_F8-9kf_R1_fastqc.zip kf_fastqs/PDAC204T_F8-9kf_R1.fastq.gz kf_fastqs/PDAC204T_F8-9kf_R2_fastqc.html kf_fastqs/PDAC204T_F8-9kf_R2_fastqc.zip kf_fastqs/PDAC204T_F8-9kf_R2.fastq.gz kf_fastqs/PDAC204T_F8-9kf_stats.txt kf_fastqs/PDAC205T_F8-9kf_R1_fastqc.html kf_fastqs/PDAC205T_F8-9kf_R1_fastqc.zip kf_fastqs/PDAC205T_F8-9kf_R1.fastq.gz kf_fastqs/PDAC205T_F8-9kf_R2_fastqc.html kf_fastqs/PDAC205T_F8-9kf_R2_fastqc.zip kf_fastqs/PDAC205T_F8-9kf_R2.fastq.gz kf_fastqs/PDAC205T_F8-9kf_stats.txt kf_fastqs/PDAC206T_F8-9kf_R1_fastqc.html kf_fastqs/PDAC206T_F8-9kf_R1_fastqc.zip kf_fastqs/PDAC206T_F8-9kf_R1.fastq.gz kf_fastqs/PDAC206T_F8-9kf_R2_fastqc.html kf_fastqs/PDAC206T_F8-9kf_R2_fastqc.zip kf_fastqs/PDAC206T_F8-9kf_R2.fastq.gz kf_fastqs/PDAC206T_F8-9kf_stats.txt kf_fastqs/PDAC207T_F8-9kf_R1_fastqc.html kf_fastqs/PDAC207T_F8-9kf_R1_fastqc.zip kf_fastqs/PDAC207T_F8-9kf_R1.fastq.gz kf_fastqs/PDAC207T_F8-9kf_R2_fastqc.html kf_fastqs/PDAC207T_F8-9kf_R2_fastqc.zip kf_fastqs/PDAC207T_F8-9kf_R2.fastq.gz kf_fastqs/PDAC207T_F8-9kf_stats.txt kf_fastqs/PDAC208T_F8-9kf_R1_fastqc.html kf_fastqs/PDAC208T_F8-9kf_R1_fastqc.zip kf_fastqs/PDAC208T_F8-9kf_R1.fastq.gz kf_fastqs/PDAC208T_F8-9kf_R2_fastqc.html kf_fastqs/PDAC208T_F8-9kf_R2_fastqc.zip kf_fastqs/PDAC208T_F8-9kf_R2.fastq.gz kf_fastqs/PDAC208T_F8-9kf_stats.txt kf_fastqs/PDAC209T_F8-9kf_R1_fastqc.html kf_fastqs/PDAC209T_F8-9kf_R1_fastqc.zip kf_fastqs/PDAC209T_F8-9kf_R1.fastq.gz kf_fastqs/PDAC209T_F8-9kf_R2_fastqc.html kf_fastqs/PDAC209T_F8-9kf_R2_fastqc.zip kf_fastqs/PDAC209T_F8-9kf_R2.fastq.gz kf_fastqs/PDAC209T_F8-9kf_stats.txt kf_fastqs/PDAC210T_F8-9kf_R1_fastqc.html kf_fastqs/PDAC210T_F8-9kf_R1_fastqc.zip kf_fastqs/PDAC210T_F8-9kf_R1.fastq.gz kf_fastqs/PDAC210T_F8-9kf_R2_fastqc.html kf_fastqs/PDAC210T_F8-9kf_R2_fastqc.zip kf_fastqs/PDAC210T_F8-9kf_R2.fastq.gz kf_fastqs/PDAC210T_F8-9kf_stats.txt kf_fastqs/PDAC211T_F8-9kf_R1_fastqc.html kf_fastqs/PDAC211T_F8-9kf_R1_fastqc.zip kf_fastqs/PDAC211T_F8-9kf_R1.fastq.gz kf_fastqs/PDAC211T_F8-9kf_R2_fastqc.html kf_fastqs/PDAC211T_F8-9kf_R2_fastqc.zip kf_fastqs/PDAC211T_F8-9kf_R2.fastq.gz kf_fastqs/PDAC211T_F8-9kf_stats.txt kf_fastqs/PDAC212T_F8-9kf_R1_fastqc.html kf_fastqs/PDAC212T_F8-9kf_R1_fastqc.zip kf_fastqs/PDAC212T_F8-9kf_R1.fastq.gz kf_fastqs/PDAC212T_F8-9kf_R2_fastqc.html kf_fastqs/PDAC212T_F8-9kf_R2_fastqc.zip kf_fastqs/PDAC212T_F8-9kf_R2.fastq.gz kf_fastqs/PDAC212T_F8-9kf_stats.txt kf_fastqs/PDAC213T_F8-9kf_R1_fastqc.html kf_fastqs/PDAC213T_F8-9kf_R1_fastqc.zip kf_fastqs/PDAC213T_F8-9kf_R1.fastq.gz kf_fastqs/PDAC213T_F8-9kf_R2_fastqc.html kf_fastqs/PDAC213T_F8-9kf_R2_fastqc.zip kf_fastqs/PDAC213T_F8-9kf_R2.fastq.gz kf_fastqs/PDAC213T_F8-9kf_stats.txt kf_fastqs/PDAC214T_F8-9kf_R1_fastqc.html kf_fastqs/PDAC214T_F8-9kf_R1_fastqc.zip kf_fastqs/PDAC214T_F8-9kf_R1.fastq.gz kf_fastqs/PDAC214T_F8-9kf_R2_fastqc.html kf_fastqs/PDAC214T_F8-9kf_R2_fastqc.zip kf_fastqs/PDAC214T_F8-9kf_R2.fastq.gz kf_fastqs/PDAC214T_F8-9kf_stats.txt kf_fastqs/PDAC215T_F8-9kf_R1_fastqc.html kf_fastqs/PDAC215T_F8-9kf_R1_fastqc.zip kf_fastqs/PDAC215T_F8-9kf_R1.fastq.gz kf_fastqs/PDAC215T_F8-9kf_R2_fastqc.html kf_fastqs/PDAC215T_F8-9kf_R2_fastqc.zip kf_fastqs/PDAC215T_F8-9kf_R2.fastq.gz kf_fastqs/PDAC215T_F8-9kf_stats.txt kf_fastqs/PDAC216T_F8-9kf_R1_fastqc.html kf_fastqs/PDAC216T_F8-9kf_R1_fastqc.zip kf_fastqs/PDAC216T_F8-9kf_R1.fastq.gz kf_fastqs/PDAC216T_F8-9kf_R2_fastqc.html kf_fastqs/PDAC216T_F8-9kf_R2_fastqc.zip kf_fastqs/PDAC216T_F8-9kf_R2.fastq.gz kf_fastqs/PDAC216T_F8-9kf_stats.txt kf_fastqs/PDAC217T_F8-9kf_R1_fastqc.html kf_fastqs/PDAC217T_F8-9kf_R1_fastqc.zip kf_fastqs/PDAC217T_F8-9kf_R1.fastq.gz kf_fastqs/PDAC217T_F8-9kf_R2_fastqc.html kf_fastqs/PDAC217T_F8-9kf_R2_fastqc.zip kf_fastqs/PDAC217T_F8-9kf_R2.fastq.gz kf_fastqs/PDAC217T_F8-9kf_stats.txt kf_fastqs/PDAC218T_F8-9kf_R1_fastqc.html kf_fastqs/PDAC218T_F8-9kf_R1_fastqc.zip kf_fastqs/PDAC218T_F8-9kf_R1.fastq.gz kf_fastqs/PDAC218T_F8-9kf_R2_fastqc.html kf_fastqs/PDAC218T_F8-9kf_R2_fastqc.zip kf_fastqs/PDAC218T_F8-9kf_R2.fastq.gz kf_fastqs/PDAC218T_F8-9kf_stats.txt kf_fastqs/PDAC219T_F8-9kf_R1_fastqc.html kf_fastqs/PDAC219T_F8-9kf_R1_fastqc.zip kf_fastqs/PDAC219T_F8-9kf_R1.fastq.gz kf_fastqs/PDAC219T_F8-9kf_R2_fastqc.html kf_fastqs/PDAC219T_F8-9kf_R2_fastqc.zip kf_fastqs/PDAC219T_F8-9kf_R2.fastq.gz kf_fastqs/PDAC219T_F8-9kf_stats.txt kf_fastqs/PDAC220T_F8-9kf_R1_fastqc.html kf_fastqs/PDAC220T_F8-9kf_R1_fastqc.zip kf_fastqs/PDAC220T_F8-9kf_R1.fastq.gz kf_fastqs/PDAC220T_F8-9kf_R2_fastqc.html kf_fastqs/PDAC220T_F8-9kf_R2_fastqc.zip kf_fastqs/PDAC220T_F8-9kf_R2.fastq.gz kf_fastqs/PDAC220T_F8-9kf_stats.txt kf_fastqs/PDAC221T_F8-9kf_R1_fastqc.html kf_fastqs/PDAC221T_F8-9kf_R1_fastqc.zip kf_fastqs/PDAC221T_F8-9kf_R1.fastq.gz kf_fastqs/PDAC221T_F8-9kf_R2_fastqc.html kf_fastqs/PDAC221T_F8-9kf_R2_fastqc.zip kf_fastqs/PDAC221T_F8-9kf_R2.fastq.gz kf_fastqs/PDAC221T_F8-9kf_stats.txt kf_fastqs/PDAC222T_F8-9kf_R1_fastqc.html kf_fastqs/PDAC222T_F8-9kf_R1_fastqc.zip kf_fastqs/PDAC222T_F8-9kf_R1.fastq.gz kf_fastqs/PDAC222T_F8-9kf_R2_fastqc.html kf_fastqs/PDAC222T_F8-9kf_R2_fastqc.zip kf_fastqs/PDAC222T_F8-9kf_R2.fastq.gz kf_fastqs/PDAC222T_F8-9kf_stats.txt kf_fastqs/PDAC223T_F8-9kf_R1_fastqc.html kf_fastqs/PDAC223T_F8-9kf_R1_fastqc.zip kf_fastqs/PDAC223T_F8-9kf_R1.fastq.gz kf_fastqs/PDAC223T_F8-9kf_R2_fastqc.html kf_fastqs/PDAC223T_F8-9kf_R2_fastqc.zip kf_fastqs/PDAC223T_F8-9kf_R2.fastq.gz kf_fastqs/PDAC223T_F8-9kf_stats.txt kf_fastqs/PDAC224T_F8-9kf_R1_fastqc.html kf_fastqs/PDAC224T_F8-9kf_R1_fastqc.zip kf_fastqs/PDAC224T_F8-9kf_R1.fastq.gz kf_fastqs/PDAC224T_F8-9kf_R2_fastqc.html kf_fastqs/PDAC224T_F8-9kf_R2_fastqc.zip kf_fastqs/PDAC224T_F8-9kf_R2.fastq.gz kf_fastqs/PDAC224T_F8-9kf_stats.txt kf_fastqs/PDAC225T_F8-9kf_R1_fastqc.html kf_fastqs/PDAC225T_F8-9kf_R1_fastqc.zip kf_fastqs/PDAC225T_F8-9kf_R1.fastq.gz kf_fastqs/PDAC225T_F8-9kf_R2_fastqc.html kf_fastqs/PDAC225T_F8-9kf_R2_fastqc.zip kf_fastqs/PDAC225T_F8-9kf_R2.fastq.gz kf_fastqs/PDAC225T_F8-9kf_stats.txt kf_fastqs/PDAC226T_F8-9kf_R1_fastqc.html kf_fastqs/PDAC226T_F8-9kf_R1_fastqc.zip kf_fastqs/PDAC226T_F8-9kf_R1.fastq.gz kf_fastqs/PDAC226T_F8-9kf_R2_fastqc.html kf_fastqs/PDAC226T_F8-9kf_R2_fastqc.zip kf_fastqs/PDAC226T_F8-9kf_R2.fastq.gz kf_fastqs/PDAC226T_F8-9kf_stats.txt kf_fastqs/PDAC227T_F8-9kf_R1_fastqc.html kf_fastqs/PDAC227T_F8-9kf_R1_fastqc.zip kf_fastqs/PDAC227T_F8-9kf_R1.fastq.gz kf_fastqs/PDAC227T_F8-9kf_R2_fastqc.html kf_fastqs/PDAC227T_F8-9kf_R2_fastqc.zip kf_fastqs/PDAC227T_F8-9kf_R2.fastq.gz kf_fastqs/PDAC227T_F8-9kf_stats.txt
[2021-04-22 09:23:11,923] multiqc                                            [WARNING]  MultiQC Version v1.10.1 now available!
[2021-04-22 09:23:11,923] multiqc                                            [INFO   ]  This is MultiQC v1.7
[2021-04-22 09:23:11,923] multiqc                                            [DEBUG  ]  Command     : /usr/local/bioinfo/src/MultiQC/venv_multiqc-v1.7/bin/multiqc kf_fastqs/PDAC200T_F8-9kf_R1_fastqc.html kf_fastqs/PDAC200T_F8-9kf_R1_fastqc.zip kf_fastqs/PDAC200T_F8-9kf_R1.fastq.gz kf_fastqs/PDAC200T_F8-9kf_R2_fastqc.html kf_fastqs/PDAC200T_F8-9kf_R2_fastqc.zip kf_fastqs/PDAC200T_F8-9kf_R2.fastq.gz kf_fastqs/PDAC200T_F8-9kf_stats.txt kf_fastqs/PDAC201T_F8-9kf_R1_fastqc.html kf_fastqs/PDAC201T_F8-9kf_R1_fastqc.zip kf_fastqs/PDAC201T_F8-9kf_R1.fastq.gz kf_fastqs/PDAC201T_F8-9kf_R2_fastqc.html kf_fastqs/PDAC201T_F8-9kf_R2_fastqc.zip kf_fastqs/PDAC201T_F8-9kf_R2.fastq.gz kf_fastqs/PDAC201T_F8-9kf_stats.txt kf_fastqs/PDAC202T_F8-9kf_R1_fastqc.html kf_fastqs/PDAC202T_F8-9kf_R1_fastqc.zip kf_fastqs/PDAC202T_F8-9kf_R1.fastq.gz kf_fastqs/PDAC202T_F8-9kf_R2_fastqc.html kf_fastqs/PDAC202T_F8-9kf_R2_fastqc.zip kf_fastqs/PDAC202T_F8-9kf_R2.fastq.gz kf_fastqs/PDAC202T_F8-9kf_stats.txt kf_fastqs/PDAC203T_F8-9kf_R1_fastqc.html kf_fastqs/PDAC203T_F8-9kf_R1_fastqc.zip kf_fastqs/PDAC203T_F8-9kf_R1.fastq.gz kf_fastqs/PDAC203T_F8-9kf_R2_fastqc.html kf_fastqs/PDAC203T_F8-9kf_R2_fastqc.zip kf_fastqs/PDAC203T_F8-9kf_R2.fastq.gz kf_fastqs/PDAC203T_F8-9kf_stats.txt kf_fastqs/PDAC204T_F8-9kf_R1_fastqc.html kf_fastqs/PDAC204T_F8-9kf_R1_fastqc.zip kf_fastqs/PDAC204T_F8-9kf_R1.fastq.gz kf_fastqs/PDAC204T_F8-9kf_R2_fastqc.html kf_fastqs/PDAC204T_F8-9kf_R2_fastqc.zip kf_fastqs/PDAC204T_F8-9kf_R2.fastq.gz kf_fastqs/PDAC204T_F8-9kf_stats.txt kf_fastqs/PDAC205T_F8-9kf_R1_fastqc.html kf_fastqs/PDAC205T_F8-9kf_R1_fastqc.zip kf_fastqs/PDAC205T_F8-9kf_R1.fastq.gz kf_fastqs/PDAC205T_F8-9kf_R2_fastqc.html kf_fastqs/PDAC205T_F8-9kf_R2_fastqc.zip kf_fastqs/PDAC205T_F8-9kf_R2.fastq.gz kf_fastqs/PDAC205T_F8-9kf_stats.txt kf_fastqs/PDAC206T_F8-9kf_R1_fastqc.html kf_fastqs/PDAC206T_F8-9kf_R1_fastqc.zip kf_fastqs/PDAC206T_F8-9kf_R1.fastq.gz kf_fastqs/PDAC206T_F8-9kf_R2_fastqc.html kf_fastqs/PDAC206T_F8-9kf_R2_fastqc.zip kf_fastqs/PDAC206T_F8-9kf_R2.fastq.gz kf_fastqs/PDAC206T_F8-9kf_stats.txt kf_fastqs/PDAC207T_F8-9kf_R1_fastqc.html kf_fastqs/PDAC207T_F8-9kf_R1_fastqc.zip kf_fastqs/PDAC207T_F8-9kf_R1.fastq.gz kf_fastqs/PDAC207T_F8-9kf_R2_fastqc.html kf_fastqs/PDAC207T_F8-9kf_R2_fastqc.zip kf_fastqs/PDAC207T_F8-9kf_R2.fastq.gz kf_fastqs/PDAC207T_F8-9kf_stats.txt kf_fastqs/PDAC208T_F8-9kf_R1_fastqc.html kf_fastqs/PDAC208T_F8-9kf_R1_fastqc.zip kf_fastqs/PDAC208T_F8-9kf_R1.fastq.gz kf_fastqs/PDAC208T_F8-9kf_R2_fastqc.html kf_fastqs/PDAC208T_F8-9kf_R2_fastqc.zip kf_fastqs/PDAC208T_F8-9kf_R2.fastq.gz kf_fastqs/PDAC208T_F8-9kf_stats.txt kf_fastqs/PDAC209T_F8-9kf_R1_fastqc.html kf_fastqs/PDAC209T_F8-9kf_R1_fastqc.zip kf_fastqs/PDAC209T_F8-9kf_R1.fastq.gz kf_fastqs/PDAC209T_F8-9kf_R2_fastqc.html kf_fastqs/PDAC209T_F8-9kf_R2_fastqc.zip kf_fastqs/PDAC209T_F8-9kf_R2.fastq.gz kf_fastqs/PDAC209T_F8-9kf_stats.txt kf_fastqs/PDAC210T_F8-9kf_R1_fastqc.html kf_fastqs/PDAC210T_F8-9kf_R1_fastqc.zip kf_fastqs/PDAC210T_F8-9kf_R1.fastq.gz kf_fastqs/PDAC210T_F8-9kf_R2_fastqc.html kf_fastqs/PDAC210T_F8-9kf_R2_fastqc.zip kf_fastqs/PDAC210T_F8-9kf_R2.fastq.gz kf_fastqs/PDAC210T_F8-9kf_stats.txt kf_fastqs/PDAC211T_F8-9kf_R1_fastqc.html kf_fastqs/PDAC211T_F8-9kf_R1_fastqc.zip kf_fastqs/PDAC211T_F8-9kf_R1.fastq.gz kf_fastqs/PDAC211T_F8-9kf_R2_fastqc.html kf_fastqs/PDAC211T_F8-9kf_R2_fastqc.zip kf_fastqs/PDAC211T_F8-9kf_R2.fastq.gz kf_fastqs/PDAC211T_F8-9kf_stats.txt kf_fastqs/PDAC212T_F8-9kf_R1_fastqc.html kf_fastqs/PDAC212T_F8-9kf_R1_fastqc.zip kf_fastqs/PDAC212T_F8-9kf_R1.fastq.gz kf_fastqs/PDAC212T_F8-9kf_R2_fastqc.html kf_fastqs/PDAC212T_F8-9kf_R2_fastqc.zip kf_fastqs/PDAC212T_F8-9kf_R2.fastq.gz kf_fastqs/PDAC212T_F8-9kf_stats.txt kf_fastqs/PDAC213T_F8-9kf_R1_fastqc.html kf_fastqs/PDAC213T_F8-9kf_R1_fastqc.zip kf_fastqs/PDAC213T_F8-9kf_R1.fastq.gz kf_fastqs/PDAC213T_F8-9kf_R2_fastqc.html kf_fastqs/PDAC213T_F8-9kf_R2_fastqc.zip kf_fastqs/PDAC213T_F8-9kf_R2.fastq.gz kf_fastqs/PDAC213T_F8-9kf_stats.txt kf_fastqs/PDAC214T_F8-9kf_R1_fastqc.html kf_fastqs/PDAC214T_F8-9kf_R1_fastqc.zip kf_fastqs/PDAC214T_F8-9kf_R1.fastq.gz kf_fastqs/PDAC214T_F8-9kf_R2_fastqc.html kf_fastqs/PDAC214T_F8-9kf_R2_fastqc.zip kf_fastqs/PDAC214T_F8-9kf_R2.fastq.gz kf_fastqs/PDAC214T_F8-9kf_stats.txt kf_fastqs/PDAC215T_F8-9kf_R1_fastqc.html kf_fastqs/PDAC215T_F8-9kf_R1_fastqc.zip kf_fastqs/PDAC215T_F8-9kf_R1.fastq.gz kf_fastqs/PDAC215T_F8-9kf_R2_fastqc.html kf_fastqs/PDAC215T_F8-9kf_R2_fastqc.zip kf_fastqs/PDAC215T_F8-9kf_R2.fastq.gz kf_fastqs/PDAC215T_F8-9kf_stats.txt kf_fastqs/PDAC216T_F8-9kf_R1_fastqc.html kf_fastqs/PDAC216T_F8-9kf_R1_fastqc.zip kf_fastqs/PDAC216T_F8-9kf_R1.fastq.gz kf_fastqs/PDAC216T_F8-9kf_R2_fastqc.html kf_fastqs/PDAC216T_F8-9kf_R2_fastqc.zip kf_fastqs/PDAC216T_F8-9kf_R2.fastq.gz kf_fastqs/PDAC216T_F8-9kf_stats.txt kf_fastqs/PDAC217T_F8-9kf_R1_fastqc.html kf_fastqs/PDAC217T_F8-9kf_R1_fastqc.zip kf_fastqs/PDAC217T_F8-9kf_R1.fastq.gz kf_fastqs/PDAC217T_F8-9kf_R2_fastqc.html kf_fastqs/PDAC217T_F8-9kf_R2_fastqc.zip kf_fastqs/PDAC217T_F8-9kf_R2.fastq.gz kf_fastqs/PDAC217T_F8-9kf_stats.txt kf_fastqs/PDAC218T_F8-9kf_R1_fastqc.html kf_fastqs/PDAC218T_F8-9kf_R1_fastqc.zip kf_fastqs/PDAC218T_F8-9kf_R1.fastq.gz kf_fastqs/PDAC218T_F8-9kf_R2_fastqc.html kf_fastqs/PDAC218T_F8-9kf_R2_fastqc.zip kf_fastqs/PDAC218T_F8-9kf_R2.fastq.gz kf_fastqs/PDAC218T_F8-9kf_stats.txt kf_fastqs/PDAC219T_F8-9kf_R1_fastqc.html kf_fastqs/PDAC219T_F8-9kf_R1_fastqc.zip kf_fastqs/PDAC219T_F8-9kf_R1.fastq.gz kf_fastqs/PDAC219T_F8-9kf_R2_fastqc.html kf_fastqs/PDAC219T_F8-9kf_R2_fastqc.zip kf_fastqs/PDAC219T_F8-9kf_R2.fastq.gz kf_fastqs/PDAC219T_F8-9kf_stats.txt kf_fastqs/PDAC220T_F8-9kf_R1_fastqc.html kf_fastqs/PDAC220T_F8-9kf_R1_fastqc.zip kf_fastqs/PDAC220T_F8-9kf_R1.fastq.gz kf_fastqs/PDAC220T_F8-9kf_R2_fastqc.html kf_fastqs/PDAC220T_F8-9kf_R2_fastqc.zip kf_fastqs/PDAC220T_F8-9kf_R2.fastq.gz kf_fastqs/PDAC220T_F8-9kf_stats.txt kf_fastqs/PDAC221T_F8-9kf_R1_fastqc.html kf_fastqs/PDAC221T_F8-9kf_R1_fastqc.zip kf_fastqs/PDAC221T_F8-9kf_R1.fastq.gz kf_fastqs/PDAC221T_F8-9kf_R2_fastqc.html kf_fastqs/PDAC221T_F8-9kf_R2_fastqc.zip kf_fastqs/PDAC221T_F8-9kf_R2.fastq.gz kf_fastqs/PDAC221T_F8-9kf_stats.txt kf_fastqs/PDAC222T_F8-9kf_R1_fastqc.html kf_fastqs/PDAC222T_F8-9kf_R1_fastqc.zip kf_fastqs/PDAC222T_F8-9kf_R1.fastq.gz kf_fastqs/PDAC222T_F8-9kf_R2_fastqc.html kf_fastqs/PDAC222T_F8-9kf_R2_fastqc.zip kf_fastqs/PDAC222T_F8-9kf_R2.fastq.gz kf_fastqs/PDAC222T_F8-9kf_stats.txt kf_fastqs/PDAC223T_F8-9kf_R1_fastqc.html kf_fastqs/PDAC223T_F8-9kf_R1_fastqc.zip kf_fastqs/PDAC223T_F8-9kf_R1.fastq.gz kf_fastqs/PDAC223T_F8-9kf_R2_fastqc.html kf_fastqs/PDAC223T_F8-9kf_R2_fastqc.zip kf_fastqs/PDAC223T_F8-9kf_R2.fastq.gz kf_fastqs/PDAC223T_F8-9kf_stats.txt kf_fastqs/PDAC224T_F8-9kf_R1_fastqc.html kf_fastqs/PDAC224T_F8-9kf_R1_fastqc.zip kf_fastqs/PDAC224T_F8-9kf_R1.fastq.gz kf_fastqs/PDAC224T_F8-9kf_R2_fastqc.html kf_fastqs/PDAC224T_F8-9kf_R2_fastqc.zip kf_fastqs/PDAC224T_F8-9kf_R2.fastq.gz kf_fastqs/PDAC224T_F8-9kf_stats.txt kf_fastqs/PDAC225T_F8-9kf_R1_fastqc.html kf_fastqs/PDAC225T_F8-9kf_R1_fastqc.zip kf_fastqs/PDAC225T_F8-9kf_R1.fastq.gz kf_fastqs/PDAC225T_F8-9kf_R2_fastqc.html kf_fastqs/PDAC225T_F8-9kf_R2_fastqc.zip kf_fastqs/PDAC225T_F8-9kf_R2.fastq.gz kf_fastqs/PDAC225T_F8-9kf_stats.txt kf_fastqs/PDAC226T_F8-9kf_R1_fastqc.html kf_fastqs/PDAC226T_F8-9kf_R1_fastqc.zip kf_fastqs/PDAC226T_F8-9kf_R1.fastq.gz kf_fastqs/PDAC226T_F8-9kf_R2_fastqc.html kf_fastqs/PDAC226T_F8-9kf_R2_fastqc.zip kf_fastqs/PDAC226T_F8-9kf_R2.fastq.gz kf_fastqs/PDAC226T_F8-9kf_stats.txt kf_fastqs/PDAC227T_F8-9kf_R1_fastqc.html kf_fastqs/PDAC227T_F8-9kf_R1_fastqc.zip kf_fastqs/PDAC227T_F8-9kf_R1.fastq.gz kf_fastqs/PDAC227T_F8-9kf_R2_fastqc.html kf_fastqs/PDAC227T_F8-9kf_R2_fastqc.zip kf_fastqs/PDAC227T_F8-9kf_R2.fastq.gz kf_fastqs/PDAC227T_F8-9kf_stats.txt
[2021-04-22 09:23:11,923] multiqc                                            [DEBUG  ]  Working dir : /work/jsolorzano
[2021-04-22 09:23:11,923] multiqc                                            [INFO   ]  Template    : default
[2021-04-22 09:23:11,923] multiqc                                            [INFO   ]  Searching 'kf_fastqs/PDAC200T_F8-9kf_R1_fastqc.html'
[2021-04-22 09:23:11,924] multiqc                                            [INFO   ]  Searching 'kf_fastqs/PDAC200T_F8-9kf_R1_fastqc.zip'
[2021-04-22 09:23:11,924] multiqc                                            [INFO   ]  Searching 'kf_fastqs/PDAC200T_F8-9kf_R1.fastq.gz'
[2021-04-22 09:23:11,924] multiqc                                            [INFO   ]  Searching 'kf_fastqs/PDAC200T_F8-9kf_R2_fastqc.html'
[2021-04-22 09:23:11,924] multiqc                                            [INFO   ]  Searching 'kf_fastqs/PDAC200T_F8-9kf_R2_fastqc.zip'
[2021-04-22 09:23:11,924] multiqc                                            [INFO   ]  Searching 'kf_fastqs/PDAC200T_F8-9kf_R2.fastq.gz'
[2021-04-22 09:23:11,924] multiqc                                            [INFO   ]  Searching 'kf_fastqs/PDAC200T_F8-9kf_stats.txt'
[2021-04-22 09:23:11,924] multiqc                                            [INFO   ]  Searching 'kf_fastqs/PDAC201T_F8-9kf_R1_fastqc.html'
[2021-04-22 09:23:11,924] multiqc                                            [INFO   ]  Searching 'kf_fastqs/PDAC201T_F8-9kf_R1_fastqc.zip'
[2021-04-22 09:23:11,925] multiqc                                            [INFO   ]  Searching 'kf_fastqs/PDAC201T_F8-9kf_R1.fastq.gz'
[2021-04-22 09:23:11,925] multiqc                                            [INFO   ]  Searching 'kf_fastqs/PDAC201T_F8-9kf_R2_fastqc.html'
[2021-04-22 09:23:11,925] multiqc                                            [INFO   ]  Searching 'kf_fastqs/PDAC201T_F8-9kf_R2_fastqc.zip'
[2021-04-22 09:23:11,925] multiqc                                            [INFO   ]  Searching 'kf_fastqs/PDAC201T_F8-9kf_R2.fastq.gz'
[2021-04-22 09:23:11,925] multiqc                                            [INFO   ]  Searching 'kf_fastqs/PDAC201T_F8-9kf_stats.txt'
[2021-04-22 09:23:11,925] multiqc                                            [INFO   ]  Searching 'kf_fastqs/PDAC202T_F8-9kf_R1_fastqc.html'
[2021-04-22 09:23:11,925] multiqc                                            [INFO   ]  Searching 'kf_fastqs/PDAC202T_F8-9kf_R1_fastqc.zip'
[2021-04-22 09:23:11,925] multiqc                                            [INFO   ]  Searching 'kf_fastqs/PDAC202T_F8-9kf_R1.fastq.gz'
[2021-04-22 09:23:11,925] multiqc                                            [INFO   ]  Searching 'kf_fastqs/PDAC202T_F8-9kf_R2_fastqc.html'
[2021-04-22 09:23:11,926] multiqc                                            [INFO   ]  Searching 'kf_fastqs/PDAC202T_F8-9kf_R2_fastqc.zip'
[2021-04-22 09:23:11,926] multiqc                                            [INFO   ]  Searching 'kf_fastqs/PDAC202T_F8-9kf_R2.fastq.gz'
[2021-04-22 09:23:11,926] multiqc                                            [INFO   ]  Searching 'kf_fastqs/PDAC202T_F8-9kf_stats.txt'
[2021-04-22 09:23:11,926] multiqc                                            [INFO   ]  Searching 'kf_fastqs/PDAC203T_F8-9kf_R1_fastqc.html'
[2021-04-22 09:23:11,926] multiqc                                            [INFO   ]  Searching 'kf_fastqs/PDAC203T_F8-9kf_R1_fastqc.zip'
[2021-04-22 09:23:11,926] multiqc                                            [INFO   ]  Searching 'kf_fastqs/PDAC203T_F8-9kf_R1.fastq.gz'
[2021-04-22 09:23:11,926] multiqc                                            [INFO   ]  Searching 'kf_fastqs/PDAC203T_F8-9kf_R2_fastqc.html'
[2021-04-22 09:23:11,926] multiqc                                            [INFO   ]  Searching 'kf_fastqs/PDAC203T_F8-9kf_R2_fastqc.zip'
[2021-04-22 09:23:11,926] multiqc                                            [INFO   ]  Searching 'kf_fastqs/PDAC203T_F8-9kf_R2.fastq.gz'
[2021-04-22 09:23:11,927] multiqc                                            [INFO   ]  Searching 'kf_fastqs/PDAC203T_F8-9kf_stats.txt'
[2021-04-22 09:23:11,927] multiqc                                            [INFO   ]  Searching 'kf_fastqs/PDAC204T_F8-9kf_R1_fastqc.html'
[2021-04-22 09:23:11,927] multiqc                                            [INFO   ]  Searching 'kf_fastqs/PDAC204T_F8-9kf_R1_fastqc.zip'
[2021-04-22 09:23:11,927] multiqc                                            [INFO   ]  Searching 'kf_fastqs/PDAC204T_F8-9kf_R1.fastq.gz'
[2021-04-22 09:23:11,927] multiqc                                            [INFO   ]  Searching 'kf_fastqs/PDAC204T_F8-9kf_R2_fastqc.html'
[2021-04-22 09:23:11,927] multiqc                                            [INFO   ]  Searching 'kf_fastqs/PDAC204T_F8-9kf_R2_fastqc.zip'
[2021-04-22 09:23:11,927] multiqc                                            [INFO   ]  Searching 'kf_fastqs/PDAC204T_F8-9kf_R2.fastq.gz'
[2021-04-22 09:23:11,927] multiqc                                            [INFO   ]  Searching 'kf_fastqs/PDAC204T_F8-9kf_stats.txt'
[2021-04-22 09:23:11,927] multiqc                                            [INFO   ]  Searching 'kf_fastqs/PDAC205T_F8-9kf_R1_fastqc.html'
[2021-04-22 09:23:11,928] multiqc                                            [INFO   ]  Searching 'kf_fastqs/PDAC205T_F8-9kf_R1_fastqc.zip'
[2021-04-22 09:23:11,928] multiqc                                            [INFO   ]  Searching 'kf_fastqs/PDAC205T_F8-9kf_R1.fastq.gz'
[2021-04-22 09:23:11,928] multiqc                                            [INFO   ]  Searching 'kf_fastqs/PDAC205T_F8-9kf_R2_fastqc.html'
[2021-04-22 09:23:11,928] multiqc                                            [INFO   ]  Searching 'kf_fastqs/PDAC205T_F8-9kf_R2_fastqc.zip'
[2021-04-22 09:23:11,928] multiqc                                            [INFO   ]  Searching 'kf_fastqs/PDAC205T_F8-9kf_R2.fastq.gz'
[2021-04-22 09:23:11,928] multiqc                                            [INFO   ]  Searching 'kf_fastqs/PDAC205T_F8-9kf_stats.txt'
[2021-04-22 09:23:11,928] multiqc                                            [INFO   ]  Searching 'kf_fastqs/PDAC206T_F8-9kf_R1_fastqc.html'
[2021-04-22 09:23:11,928] multiqc                                            [INFO   ]  Searching 'kf_fastqs/PDAC206T_F8-9kf_R1_fastqc.zip'
[2021-04-22 09:23:11,928] multiqc                                            [INFO   ]  Searching 'kf_fastqs/PDAC206T_F8-9kf_R1.fastq.gz'
[2021-04-22 09:23:11,929] multiqc                                            [INFO   ]  Searching 'kf_fastqs/PDAC206T_F8-9kf_R2_fastqc.html'
[2021-04-22 09:23:11,929] multiqc                                            [INFO   ]  Searching 'kf_fastqs/PDAC206T_F8-9kf_R2_fastqc.zip'
[2021-04-22 09:23:11,929] multiqc                                            [INFO   ]  Searching 'kf_fastqs/PDAC206T_F8-9kf_R2.fastq.gz'
[2021-04-22 09:23:11,929] multiqc                                            [INFO   ]  Searching 'kf_fastqs/PDAC206T_F8-9kf_stats.txt'
[2021-04-22 09:23:11,929] multiqc                                            [INFO   ]  Searching 'kf_fastqs/PDAC207T_F8-9kf_R1_fastqc.html'
[2021-04-22 09:23:11,929] multiqc                                            [INFO   ]  Searching 'kf_fastqs/PDAC207T_F8-9kf_R1_fastqc.zip'
[2021-04-22 09:23:11,929] multiqc                                            [INFO   ]  Searching 'kf_fastqs/PDAC207T_F8-9kf_R1.fastq.gz'
[2021-04-22 09:23:11,929] multiqc                                            [INFO   ]  Searching 'kf_fastqs/PDAC207T_F8-9kf_R2_fastqc.html'
[2021-04-22 09:23:11,929] multiqc                                            [INFO   ]  Searching 'kf_fastqs/PDAC207T_F8-9kf_R2_fastqc.zip'
[2021-04-22 09:23:11,930] multiqc                                            [INFO   ]  Searching 'kf_fastqs/PDAC207T_F8-9kf_R2.fastq.gz'
[2021-04-22 09:23:11,930] multiqc                                            [INFO   ]  Searching 'kf_fastqs/PDAC207T_F8-9kf_stats.txt'
[2021-04-22 09:23:11,930] multiqc                                            [INFO   ]  Searching 'kf_fastqs/PDAC208T_F8-9kf_R1_fastqc.html'
[2021-04-22 09:23:11,930] multiqc                                            [INFO   ]  Searching 'kf_fastqs/PDAC208T_F8-9kf_R1_fastqc.zip'
[2021-04-22 09:23:11,930] multiqc                                            [INFO   ]  Searching 'kf_fastqs/PDAC208T_F8-9kf_R1.fastq.gz'
[2021-04-22 09:23:11,930] multiqc                                            [INFO   ]  Searching 'kf_fastqs/PDAC208T_F8-9kf_R2_fastqc.html'
[2021-04-22 09:23:11,930] multiqc                                            [INFO   ]  Searching 'kf_fastqs/PDAC208T_F8-9kf_R2_fastqc.zip'
[2021-04-22 09:23:11,930] multiqc                                            [INFO   ]  Searching 'kf_fastqs/PDAC208T_F8-9kf_R2.fastq.gz'
[2021-04-22 09:23:11,931] multiqc                                            [INFO   ]  Searching 'kf_fastqs/PDAC208T_F8-9kf_stats.txt'
[2021-04-22 09:23:11,931] multiqc                                            [INFO   ]  Searching 'kf_fastqs/PDAC209T_F8-9kf_R1_fastqc.html'
[2021-04-22 09:23:11,931] multiqc                                            [INFO   ]  Searching 'kf_fastqs/PDAC209T_F8-9kf_R1_fastqc.zip'
[2021-04-22 09:23:11,931] multiqc                                            [INFO   ]  Searching 'kf_fastqs/PDAC209T_F8-9kf_R1.fastq.gz'
[2021-04-22 09:23:11,931] multiqc                                            [INFO   ]  Searching 'kf_fastqs/PDAC209T_F8-9kf_R2_fastqc.html'
[2021-04-22 09:23:11,931] multiqc                                            [INFO   ]  Searching 'kf_fastqs/PDAC209T_F8-9kf_R2_fastqc.zip'
[2021-04-22 09:23:11,931] multiqc                                            [INFO   ]  Searching 'kf_fastqs/PDAC209T_F8-9kf_R2.fastq.gz'
[2021-04-22 09:23:11,931] multiqc                                            [INFO   ]  Searching 'kf_fastqs/PDAC209T_F8-9kf_stats.txt'
[2021-04-22 09:23:11,931] multiqc                                            [INFO   ]  Searching 'kf_fastqs/PDAC210T_F8-9kf_R1_fastqc.html'
[2021-04-22 09:23:11,932] multiqc                                            [INFO   ]  Searching 'kf_fastqs/PDAC210T_F8-9kf_R1_fastqc.zip'
[2021-04-22 09:23:11,932] multiqc                                            [INFO   ]  Searching 'kf_fastqs/PDAC210T_F8-9kf_R1.fastq.gz'
[2021-04-22 09:23:11,932] multiqc                                            [INFO   ]  Searching 'kf_fastqs/PDAC210T_F8-9kf_R2_fastqc.html'
[2021-04-22 09:23:11,932] multiqc                                            [INFO   ]  Searching 'kf_fastqs/PDAC210T_F8-9kf_R2_fastqc.zip'
[2021-04-22 09:23:11,932] multiqc                                            [INFO   ]  Searching 'kf_fastqs/PDAC210T_F8-9kf_R2.fastq.gz'
[2021-04-22 09:23:11,932] multiqc                                            [INFO   ]  Searching 'kf_fastqs/PDAC210T_F8-9kf_stats.txt'
[2021-04-22 09:23:11,932] multiqc                                            [INFO   ]  Searching 'kf_fastqs/PDAC211T_F8-9kf_R1_fastqc.html'
[2021-04-22 09:23:11,932] multiqc                                            [INFO   ]  Searching 'kf_fastqs/PDAC211T_F8-9kf_R1_fastqc.zip'
[2021-04-22 09:23:11,932] multiqc                                            [INFO   ]  Searching 'kf_fastqs/PDAC211T_F8-9kf_R1.fastq.gz'
[2021-04-22 09:23:11,933] multiqc                                            [INFO   ]  Searching 'kf_fastqs/PDAC211T_F8-9kf_R2_fastqc.html'
[2021-04-22 09:23:11,933] multiqc                                            [INFO   ]  Searching 'kf_fastqs/PDAC211T_F8-9kf_R2_fastqc.zip'
[2021-04-22 09:23:11,933] multiqc                                            [INFO   ]  Searching 'kf_fastqs/PDAC211T_F8-9kf_R2.fastq.gz'
[2021-04-22 09:23:11,933] multiqc                                            [INFO   ]  Searching 'kf_fastqs/PDAC211T_F8-9kf_stats.txt'
[2021-04-22 09:23:11,933] multiqc                                            [INFO   ]  Searching 'kf_fastqs/PDAC212T_F8-9kf_R1_fastqc.html'
[2021-04-22 09:23:11,933] multiqc                                            [INFO   ]  Searching 'kf_fastqs/PDAC212T_F8-9kf_R1_fastqc.zip'
[2021-04-22 09:23:11,933] multiqc                                            [INFO   ]  Searching 'kf_fastqs/PDAC212T_F8-9kf_R1.fastq.gz'
[2021-04-22 09:23:11,933] multiqc                                            [INFO   ]  Searching 'kf_fastqs/PDAC212T_F8-9kf_R2_fastqc.html'
[2021-04-22 09:23:11,933] multiqc                                            [INFO   ]  Searching 'kf_fastqs/PDAC212T_F8-9kf_R2_fastqc.zip'
[2021-04-22 09:23:11,934] multiqc                                            [INFO   ]  Searching 'kf_fastqs/PDAC212T_F8-9kf_R2.fastq.gz'
[2021-04-22 09:23:11,934] multiqc                                            [INFO   ]  Searching 'kf_fastqs/PDAC212T_F8-9kf_stats.txt'
[2021-04-22 09:23:11,934] multiqc                                            [INFO   ]  Searching 'kf_fastqs/PDAC213T_F8-9kf_R1_fastqc.html'
[2021-04-22 09:23:11,934] multiqc                                            [INFO   ]  Searching 'kf_fastqs/PDAC213T_F8-9kf_R1_fastqc.zip'
[2021-04-22 09:23:11,934] multiqc                                            [INFO   ]  Searching 'kf_fastqs/PDAC213T_F8-9kf_R1.fastq.gz'
[2021-04-22 09:23:11,934] multiqc                                            [INFO   ]  Searching 'kf_fastqs/PDAC213T_F8-9kf_R2_fastqc.html'
[2021-04-22 09:23:11,934] multiqc                                            [INFO   ]  Searching 'kf_fastqs/PDAC213T_F8-9kf_R2_fastqc.zip'
[2021-04-22 09:23:11,934] multiqc                                            [INFO   ]  Searching 'kf_fastqs/PDAC213T_F8-9kf_R2.fastq.gz'
[2021-04-22 09:23:11,934] multiqc                                            [INFO   ]  Searching 'kf_fastqs/PDAC213T_F8-9kf_stats.txt'
[2021-04-22 09:23:11,935] multiqc                                            [INFO   ]  Searching 'kf_fastqs/PDAC214T_F8-9kf_R1_fastqc.html'
[2021-04-22 09:23:11,935] multiqc                                            [INFO   ]  Searching 'kf_fastqs/PDAC214T_F8-9kf_R1_fastqc.zip'
[2021-04-22 09:23:11,935] multiqc                                            [INFO   ]  Searching 'kf_fastqs/PDAC214T_F8-9kf_R1.fastq.gz'
[2021-04-22 09:23:11,935] multiqc                                            [INFO   ]  Searching 'kf_fastqs/PDAC214T_F8-9kf_R2_fastqc.html'
[2021-04-22 09:23:11,935] multiqc                                            [INFO   ]  Searching 'kf_fastqs/PDAC214T_F8-9kf_R2_fastqc.zip'
[2021-04-22 09:23:11,935] multiqc                                            [INFO   ]  Searching 'kf_fastqs/PDAC214T_F8-9kf_R2.fastq.gz'
[2021-04-22 09:23:11,935] multiqc                                            [INFO   ]  Searching 'kf_fastqs/PDAC214T_F8-9kf_stats.txt'
[2021-04-22 09:23:11,935] multiqc                                            [INFO   ]  Searching 'kf_fastqs/PDAC215T_F8-9kf_R1_fastqc.html'
[2021-04-22 09:23:11,935] multiqc                                            [INFO   ]  Searching 'kf_fastqs/PDAC215T_F8-9kf_R1_fastqc.zip'
[2021-04-22 09:23:11,936] multiqc                                            [INFO   ]  Searching 'kf_fastqs/PDAC215T_F8-9kf_R1.fastq.gz'
[2021-04-22 09:23:11,936] multiqc                                            [INFO   ]  Searching 'kf_fastqs/PDAC215T_F8-9kf_R2_fastqc.html'
[2021-04-22 09:23:11,936] multiqc                                            [INFO   ]  Searching 'kf_fastqs/PDAC215T_F8-9kf_R2_fastqc.zip'
[2021-04-22 09:23:11,936] multiqc                                            [INFO   ]  Searching 'kf_fastqs/PDAC215T_F8-9kf_R2.fastq.gz'
[2021-04-22 09:23:11,936] multiqc                                            [INFO   ]  Searching 'kf_fastqs/PDAC215T_F8-9kf_stats.txt'
[2021-04-22 09:23:11,936] multiqc                                            [INFO   ]  Searching 'kf_fastqs/PDAC216T_F8-9kf_R1_fastqc.html'
[2021-04-22 09:23:11,936] multiqc                                            [INFO   ]  Searching 'kf_fastqs/PDAC216T_F8-9kf_R1_fastqc.zip'
[2021-04-22 09:23:11,936] multiqc                                            [INFO   ]  Searching 'kf_fastqs/PDAC216T_F8-9kf_R1.fastq.gz'
[2021-04-22 09:23:11,936] multiqc                                            [INFO   ]  Searching 'kf_fastqs/PDAC216T_F8-9kf_R2_fastqc.html'
[2021-04-22 09:23:11,937] multiqc                                            [INFO   ]  Searching 'kf_fastqs/PDAC216T_F8-9kf_R2_fastqc.zip'
[2021-04-22 09:23:11,937] multiqc                                            [INFO   ]  Searching 'kf_fastqs/PDAC216T_F8-9kf_R2.fastq.gz'
[2021-04-22 09:23:11,937] multiqc                                            [INFO   ]  Searching 'kf_fastqs/PDAC216T_F8-9kf_stats.txt'
[2021-04-22 09:23:11,937] multiqc                                            [INFO   ]  Searching 'kf_fastqs/PDAC217T_F8-9kf_R1_fastqc.html'
[2021-04-22 09:23:11,937] multiqc                                            [INFO   ]  Searching 'kf_fastqs/PDAC217T_F8-9kf_R1_fastqc.zip'
[2021-04-22 09:23:11,937] multiqc                                            [INFO   ]  Searching 'kf_fastqs/PDAC217T_F8-9kf_R1.fastq.gz'
[2021-04-22 09:23:11,937] multiqc                                            [INFO   ]  Searching 'kf_fastqs/PDAC217T_F8-9kf_R2_fastqc.html'
[2021-04-22 09:23:11,937] multiqc                                            [INFO   ]  Searching 'kf_fastqs/PDAC217T_F8-9kf_R2_fastqc.zip'
[2021-04-22 09:23:11,937] multiqc                                            [INFO   ]  Searching 'kf_fastqs/PDAC217T_F8-9kf_R2.fastq.gz'
[2021-04-22 09:23:11,938] multiqc                                            [INFO   ]  Searching 'kf_fastqs/PDAC217T_F8-9kf_stats.txt'
[2021-04-22 09:23:11,938] multiqc                                            [INFO   ]  Searching 'kf_fastqs/PDAC218T_F8-9kf_R1_fastqc.html'
[2021-04-22 09:23:11,938] multiqc                                            [INFO   ]  Searching 'kf_fastqs/PDAC218T_F8-9kf_R1_fastqc.zip'
[2021-04-22 09:23:11,938] multiqc                                            [INFO   ]  Searching 'kf_fastqs/PDAC218T_F8-9kf_R1.fastq.gz'
[2021-04-22 09:23:11,938] multiqc                                            [INFO   ]  Searching 'kf_fastqs/PDAC218T_F8-9kf_R2_fastqc.html'
[2021-04-22 09:23:11,938] multiqc                                            [INFO   ]  Searching 'kf_fastqs/PDAC218T_F8-9kf_R2_fastqc.zip'
[2021-04-22 09:23:11,938] multiqc                                            [INFO   ]  Searching 'kf_fastqs/PDAC218T_F8-9kf_R2.fastq.gz'
[2021-04-22 09:23:11,938] multiqc                                            [INFO   ]  Searching 'kf_fastqs/PDAC218T_F8-9kf_stats.txt'
[2021-04-22 09:23:11,938] multiqc                                            [INFO   ]  Searching 'kf_fastqs/PDAC219T_F8-9kf_R1_fastqc.html'
[2021-04-22 09:23:11,939] multiqc                                            [INFO   ]  Searching 'kf_fastqs/PDAC219T_F8-9kf_R1_fastqc.zip'
[2021-04-22 09:23:11,939] multiqc                                            [INFO   ]  Searching 'kf_fastqs/PDAC219T_F8-9kf_R1.fastq.gz'
[2021-04-22 09:23:11,939] multiqc                                            [INFO   ]  Searching 'kf_fastqs/PDAC219T_F8-9kf_R2_fastqc.html'
[2021-04-22 09:23:11,939] multiqc                                            [INFO   ]  Searching 'kf_fastqs/PDAC219T_F8-9kf_R2_fastqc.zip'
[2021-04-22 09:23:11,939] multiqc                                            [INFO   ]  Searching 'kf_fastqs/PDAC219T_F8-9kf_R2.fastq.gz'
[2021-04-22 09:23:11,939] multiqc                                            [INFO   ]  Searching 'kf_fastqs/PDAC219T_F8-9kf_stats.txt'
[2021-04-22 09:23:11,939] multiqc                                            [INFO   ]  Searching 'kf_fastqs/PDAC220T_F8-9kf_R1_fastqc.html'
[2021-04-22 09:23:11,939] multiqc                                            [INFO   ]  Searching 'kf_fastqs/PDAC220T_F8-9kf_R1_fastqc.zip'
[2021-04-22 09:23:11,939] multiqc                                            [INFO   ]  Searching 'kf_fastqs/PDAC220T_F8-9kf_R1.fastq.gz'
[2021-04-22 09:23:11,940] multiqc                                            [INFO   ]  Searching 'kf_fastqs/PDAC220T_F8-9kf_R2_fastqc.html'
[2021-04-22 09:23:11,940] multiqc                                            [INFO   ]  Searching 'kf_fastqs/PDAC220T_F8-9kf_R2_fastqc.zip'
[2021-04-22 09:23:11,940] multiqc                                            [INFO   ]  Searching 'kf_fastqs/PDAC220T_F8-9kf_R2.fastq.gz'
[2021-04-22 09:23:11,940] multiqc                                            [INFO   ]  Searching 'kf_fastqs/PDAC220T_F8-9kf_stats.txt'
[2021-04-22 09:23:11,940] multiqc                                            [INFO   ]  Searching 'kf_fastqs/PDAC221T_F8-9kf_R1_fastqc.html'
[2021-04-22 09:23:11,940] multiqc                                            [INFO   ]  Searching 'kf_fastqs/PDAC221T_F8-9kf_R1_fastqc.zip'
[2021-04-22 09:23:11,940] multiqc                                            [INFO   ]  Searching 'kf_fastqs/PDAC221T_F8-9kf_R1.fastq.gz'
[2021-04-22 09:23:11,940] multiqc                                            [INFO   ]  Searching 'kf_fastqs/PDAC221T_F8-9kf_R2_fastqc.html'
[2021-04-22 09:23:11,940] multiqc                                            [INFO   ]  Searching 'kf_fastqs/PDAC221T_F8-9kf_R2_fastqc.zip'
[2021-04-22 09:23:11,941] multiqc                                            [INFO   ]  Searching 'kf_fastqs/PDAC221T_F8-9kf_R2.fastq.gz'
[2021-04-22 09:23:11,941] multiqc                                            [INFO   ]  Searching 'kf_fastqs/PDAC221T_F8-9kf_stats.txt'
[2021-04-22 09:23:11,941] multiqc                                            [INFO   ]  Searching 'kf_fastqs/PDAC222T_F8-9kf_R1_fastqc.html'
[2021-04-22 09:23:11,941] multiqc                                            [INFO   ]  Searching 'kf_fastqs/PDAC222T_F8-9kf_R1_fastqc.zip'
[2021-04-22 09:23:11,941] multiqc                                            [INFO   ]  Searching 'kf_fastqs/PDAC222T_F8-9kf_R1.fastq.gz'
[2021-04-22 09:23:11,941] multiqc                                            [INFO   ]  Searching 'kf_fastqs/PDAC222T_F8-9kf_R2_fastqc.html'
[2021-04-22 09:23:11,941] multiqc                                            [INFO   ]  Searching 'kf_fastqs/PDAC222T_F8-9kf_R2_fastqc.zip'
[2021-04-22 09:23:11,941] multiqc                                            [INFO   ]  Searching 'kf_fastqs/PDAC222T_F8-9kf_R2.fastq.gz'
[2021-04-22 09:23:11,941] multiqc                                            [INFO   ]  Searching 'kf_fastqs/PDAC222T_F8-9kf_stats.txt'
[2021-04-22 09:23:11,942] multiqc                                            [INFO   ]  Searching 'kf_fastqs/PDAC223T_F8-9kf_R1_fastqc.html'
[2021-04-22 09:23:11,942] multiqc                                            [INFO   ]  Searching 'kf_fastqs/PDAC223T_F8-9kf_R1_fastqc.zip'
[2021-04-22 09:23:11,942] multiqc                                            [INFO   ]  Searching 'kf_fastqs/PDAC223T_F8-9kf_R1.fastq.gz'
[2021-04-22 09:23:11,942] multiqc                                            [INFO   ]  Searching 'kf_fastqs/PDAC223T_F8-9kf_R2_fastqc.html'
[2021-04-22 09:23:11,942] multiqc                                            [INFO   ]  Searching 'kf_fastqs/PDAC223T_F8-9kf_R2_fastqc.zip'
[2021-04-22 09:23:11,942] multiqc                                            [INFO   ]  Searching 'kf_fastqs/PDAC223T_F8-9kf_R2.fastq.gz'
[2021-04-22 09:23:11,942] multiqc                                            [INFO   ]  Searching 'kf_fastqs/PDAC223T_F8-9kf_stats.txt'
[2021-04-22 09:23:11,943] multiqc                                            [INFO   ]  Searching 'kf_fastqs/PDAC224T_F8-9kf_R1_fastqc.html'
[2021-04-22 09:23:11,943] multiqc                                            [INFO   ]  Searching 'kf_fastqs/PDAC224T_F8-9kf_R1_fastqc.zip'
[2021-04-22 09:23:11,943] multiqc                                            [INFO   ]  Searching 'kf_fastqs/PDAC224T_F8-9kf_R1.fastq.gz'
[2021-04-22 09:23:11,943] multiqc                                            [INFO   ]  Searching 'kf_fastqs/PDAC224T_F8-9kf_R2_fastqc.html'
[2021-04-22 09:23:11,943] multiqc                                            [INFO   ]  Searching 'kf_fastqs/PDAC224T_F8-9kf_R2_fastqc.zip'
[2021-04-22 09:23:11,943] multiqc                                            [INFO   ]  Searching 'kf_fastqs/PDAC224T_F8-9kf_R2.fastq.gz'
[2021-04-22 09:23:11,943] multiqc                                            [INFO   ]  Searching 'kf_fastqs/PDAC224T_F8-9kf_stats.txt'
[2021-04-22 09:23:11,944] multiqc                                            [INFO   ]  Searching 'kf_fastqs/PDAC225T_F8-9kf_R1_fastqc.html'
[2021-04-22 09:23:11,944] multiqc                                            [INFO   ]  Searching 'kf_fastqs/PDAC225T_F8-9kf_R1_fastqc.zip'
[2021-04-22 09:23:11,944] multiqc                                            [INFO   ]  Searching 'kf_fastqs/PDAC225T_F8-9kf_R1.fastq.gz'
[2021-04-22 09:23:11,944] multiqc                                            [INFO   ]  Searching 'kf_fastqs/PDAC225T_F8-9kf_R2_fastqc.html'
[2021-04-22 09:23:11,944] multiqc                                            [INFO   ]  Searching 'kf_fastqs/PDAC225T_F8-9kf_R2_fastqc.zip'
[2021-04-22 09:23:11,945] multiqc                                            [INFO   ]  Searching 'kf_fastqs/PDAC225T_F8-9kf_R2.fastq.gz'
[2021-04-22 09:23:11,945] multiqc                                            [INFO   ]  Searching 'kf_fastqs/PDAC225T_F8-9kf_stats.txt'
[2021-04-22 09:23:11,945] multiqc                                            [INFO   ]  Searching 'kf_fastqs/PDAC226T_F8-9kf_R1_fastqc.html'
[2021-04-22 09:23:11,945] multiqc                                            [INFO   ]  Searching 'kf_fastqs/PDAC226T_F8-9kf_R1_fastqc.zip'
[2021-04-22 09:23:11,945] multiqc                                            [INFO   ]  Searching 'kf_fastqs/PDAC226T_F8-9kf_R1.fastq.gz'
[2021-04-22 09:23:11,945] multiqc                                            [INFO   ]  Searching 'kf_fastqs/PDAC226T_F8-9kf_R2_fastqc.html'
[2021-04-22 09:23:11,946] multiqc                                            [INFO   ]  Searching 'kf_fastqs/PDAC226T_F8-9kf_R2_fastqc.zip'
[2021-04-22 09:23:11,946] multiqc                                            [INFO   ]  Searching 'kf_fastqs/PDAC226T_F8-9kf_R2.fastq.gz'
[2021-04-22 09:23:11,946] multiqc                                            [INFO   ]  Searching 'kf_fastqs/PDAC226T_F8-9kf_stats.txt'
[2021-04-22 09:23:11,946] multiqc                                            [INFO   ]  Searching 'kf_fastqs/PDAC227T_F8-9kf_R1_fastqc.html'
[2021-04-22 09:23:11,946] multiqc                                            [INFO   ]  Searching 'kf_fastqs/PDAC227T_F8-9kf_R1_fastqc.zip'
[2021-04-22 09:23:11,946] multiqc                                            [INFO   ]  Searching 'kf_fastqs/PDAC227T_F8-9kf_R1.fastq.gz'
[2021-04-22 09:23:11,946] multiqc                                            [INFO   ]  Searching 'kf_fastqs/PDAC227T_F8-9kf_R2_fastqc.html'
[2021-04-22 09:23:11,946] multiqc                                            [INFO   ]  Searching 'kf_fastqs/PDAC227T_F8-9kf_R2_fastqc.zip'
[2021-04-22 09:23:11,946] multiqc                                            [INFO   ]  Searching 'kf_fastqs/PDAC227T_F8-9kf_R2.fastq.gz'
[2021-04-22 09:23:11,946] multiqc                                            [INFO   ]  Searching 'kf_fastqs/PDAC227T_F8-9kf_stats.txt'
[2021-04-22 09:23:11,947] multiqc                                            [DEBUG  ]  Analysing modules: custom_content, conpair, peddy, methylQA, phantompeakqualtools, qualimap, preseq, quast, qorts, rna_seqc, rsem, rseqc, busco, goleft_indexcov, disambiguate, supernova, deeptools, sargasso, verifybamid, mirtrace, happy, homer, macs2, theta2, snpeff, gatk, htseq, bcftools, featureCounts, dedup, damageprofiler, picard, prokka, samblaster, samtools, bamtools, jellyfish, vcftools, longranger, stacks, bbmap, bismark, biscuit, hicexplorer, hicup, hicpro, salmon, kallisto, slamdunk, star, hisat2, tophat, bowtie2, bowtie1, kat, leehom, adapterRemoval, clipandmerge, cutadapt, flexbar, trimmomatic, skewer, sortmerna, biobloomtools, fastq_screen, afterqc, fastp, fastqc, minionqc, clusterflow, bcl2fastq, interop, flash
[2021-04-22 09:23:11,947] multiqc                                            [DEBUG  ]  Using temporary directory for creating report: /tmp/tmp378fabt3
[2021-04-22 09:23:12,095] multiqc                                            [DEBUG  ]  Ignoring file as matched an ignore pattern: PDAC200T_F8-9kf_R1_fastqc.html
[2021-04-22 09:23:12,102] multiqc                                            [DEBUG  ]  Ignoring file as matched an ignore pattern: PDAC200T_F8-9kf_R1.fastq.gz
[2021-04-22 09:23:12,103] multiqc                                            [DEBUG  ]  Ignoring file as matched an ignore pattern: PDAC200T_F8-9kf_R2_fastqc.html
[2021-04-22 09:23:12,103] multiqc                                            [DEBUG  ]  Ignoring file as matched an ignore pattern: PDAC200T_F8-9kf_R2.fastq.gz
[2021-04-22 09:23:12,117] multiqc                                            [DEBUG  ]  Ignoring file as matched an ignore pattern: PDAC201T_F8-9kf_R1_fastqc.html
[2021-04-22 09:23:12,117] multiqc                                            [DEBUG  ]  Ignoring file as matched an ignore pattern: PDAC201T_F8-9kf_R1.fastq.gz
[2021-04-22 09:23:12,118] multiqc                                            [DEBUG  ]  Ignoring file as matched an ignore pattern: PDAC201T_F8-9kf_R2_fastqc.html
[2021-04-22 09:23:12,118] multiqc                                            [DEBUG  ]  Ignoring file as matched an ignore pattern: PDAC201T_F8-9kf_R2.fastq.gz
[2021-04-22 09:23:12,120] multiqc                                            [DEBUG  ]  Ignoring file as matched an ignore pattern: PDAC202T_F8-9kf_R1_fastqc.html
[2021-04-22 09:23:12,120] multiqc                                            [DEBUG  ]  Ignoring file as matched an ignore pattern: PDAC202T_F8-9kf_R1.fastq.gz
[2021-04-22 09:23:12,120] multiqc                                            [DEBUG  ]  Ignoring file as matched an ignore pattern: PDAC202T_F8-9kf_R2_fastqc.html
[2021-04-22 09:23:12,121] multiqc                                            [DEBUG  ]  Ignoring file as matched an ignore pattern: PDAC202T_F8-9kf_R2.fastq.gz
[2021-04-22 09:23:12,122] multiqc                                            [DEBUG  ]  Ignoring file as matched an ignore pattern: PDAC203T_F8-9kf_R1_fastqc.html
[2021-04-22 09:23:12,123] multiqc                                            [DEBUG  ]  Ignoring file as matched an ignore pattern: PDAC203T_F8-9kf_R1.fastq.gz
[2021-04-22 09:23:12,123] multiqc                                            [DEBUG  ]  Ignoring file as matched an ignore pattern: PDAC203T_F8-9kf_R2_fastqc.html
[2021-04-22 09:23:12,123] multiqc                                            [DEBUG  ]  Ignoring file as matched an ignore pattern: PDAC203T_F8-9kf_R2.fastq.gz
[2021-04-22 09:23:12,125] multiqc                                            [DEBUG  ]  Ignoring file as matched an ignore pattern: PDAC204T_F8-9kf_R1_fastqc.html
[2021-04-22 09:23:12,125] multiqc                                            [DEBUG  ]  Ignoring file as matched an ignore pattern: PDAC204T_F8-9kf_R1.fastq.gz
[2021-04-22 09:23:12,126] multiqc                                            [DEBUG  ]  Ignoring file as matched an ignore pattern: PDAC204T_F8-9kf_R2_fastqc.html
[2021-04-22 09:23:12,126] multiqc                                            [DEBUG  ]  Ignoring file as matched an ignore pattern: PDAC204T_F8-9kf_R2.fastq.gz
[2021-04-22 09:23:12,128] multiqc                                            [DEBUG  ]  Ignoring file as matched an ignore pattern: PDAC205T_F8-9kf_R1_fastqc.html
[2021-04-22 09:23:12,128] multiqc                                            [DEBUG  ]  Ignoring file as matched an ignore pattern: PDAC205T_F8-9kf_R1.fastq.gz
[2021-04-22 09:23:12,128] multiqc                                            [DEBUG  ]  Ignoring file as matched an ignore pattern: PDAC205T_F8-9kf_R2_fastqc.html
[2021-04-22 09:23:12,129] multiqc                                            [DEBUG  ]  Ignoring file as matched an ignore pattern: PDAC205T_F8-9kf_R2.fastq.gz
[2021-04-22 09:23:12,130] multiqc                                            [DEBUG  ]  Ignoring file as matched an ignore pattern: PDAC206T_F8-9kf_R1_fastqc.html
[2021-04-22 09:23:12,131] multiqc                                            [DEBUG  ]  Ignoring file as matched an ignore pattern: PDAC206T_F8-9kf_R1.fastq.gz
[2021-04-22 09:23:12,131] multiqc                                            [DEBUG  ]  Ignoring file as matched an ignore pattern: PDAC206T_F8-9kf_R2_fastqc.html
[2021-04-22 09:23:12,131] multiqc                                            [DEBUG  ]  Ignoring file as matched an ignore pattern: PDAC206T_F8-9kf_R2.fastq.gz
[2021-04-22 09:23:12,133] multiqc                                            [DEBUG  ]  Ignoring file as matched an ignore pattern: PDAC207T_F8-9kf_R1_fastqc.html
[2021-04-22 09:23:12,133] multiqc                                            [DEBUG  ]  Ignoring file as matched an ignore pattern: PDAC207T_F8-9kf_R1.fastq.gz
[2021-04-22 09:23:12,134] multiqc                                            [DEBUG  ]  Ignoring file as matched an ignore pattern: PDAC207T_F8-9kf_R2_fastqc.html
[2021-04-22 09:23:12,134] multiqc                                            [DEBUG  ]  Ignoring file as matched an ignore pattern: PDAC207T_F8-9kf_R2.fastq.gz
[2021-04-22 09:23:12,136] multiqc                                            [DEBUG  ]  Ignoring file as matched an ignore pattern: PDAC208T_F8-9kf_R1_fastqc.html
[2021-04-22 09:23:12,136] multiqc                                            [DEBUG  ]  Ignoring file as matched an ignore pattern: PDAC208T_F8-9kf_R1.fastq.gz
[2021-04-22 09:23:12,136] multiqc                                            [DEBUG  ]  Ignoring file as matched an ignore pattern: PDAC208T_F8-9kf_R2_fastqc.html
[2021-04-22 09:23:12,137] multiqc                                            [DEBUG  ]  Ignoring file as matched an ignore pattern: PDAC208T_F8-9kf_R2.fastq.gz
[2021-04-22 09:23:12,138] multiqc                                            [DEBUG  ]  Ignoring file as matched an ignore pattern: PDAC209T_F8-9kf_R1_fastqc.html
[2021-04-22 09:23:12,139] multiqc                                            [DEBUG  ]  Ignoring file as matched an ignore pattern: PDAC209T_F8-9kf_R1.fastq.gz
[2021-04-22 09:23:12,139] multiqc                                            [DEBUG  ]  Ignoring file as matched an ignore pattern: PDAC209T_F8-9kf_R2_fastqc.html
[2021-04-22 09:23:12,139] multiqc                                            [DEBUG  ]  Ignoring file as matched an ignore pattern: PDAC209T_F8-9kf_R2.fastq.gz
[2021-04-22 09:23:12,141] multiqc                                            [DEBUG  ]  Ignoring file as matched an ignore pattern: PDAC210T_F8-9kf_R1_fastqc.html
[2021-04-22 09:23:12,142] multiqc                                            [DEBUG  ]  Ignoring file as matched an ignore pattern: PDAC210T_F8-9kf_R1.fastq.gz
[2021-04-22 09:23:12,142] multiqc                                            [DEBUG  ]  Ignoring file as matched an ignore pattern: PDAC210T_F8-9kf_R2_fastqc.html
[2021-04-22 09:23:12,142] multiqc                                            [DEBUG  ]  Ignoring file as matched an ignore pattern: PDAC210T_F8-9kf_R2.fastq.gz
[2021-04-22 09:23:12,144] multiqc                                            [DEBUG  ]  Ignoring file as matched an ignore pattern: PDAC211T_F8-9kf_R1_fastqc.html
[2021-04-22 09:23:12,144] multiqc                                            [DEBUG  ]  Ignoring file as matched an ignore pattern: PDAC211T_F8-9kf_R1.fastq.gz
[2021-04-22 09:23:12,144] multiqc                                            [DEBUG  ]  Ignoring file as matched an ignore pattern: PDAC211T_F8-9kf_R2_fastqc.html
[2021-04-22 09:23:12,145] multiqc                                            [DEBUG  ]  Ignoring file as matched an ignore pattern: PDAC211T_F8-9kf_R2.fastq.gz
[2021-04-22 09:23:12,146] multiqc                                            [DEBUG  ]  Ignoring file as matched an ignore pattern: PDAC212T_F8-9kf_R1_fastqc.html
[2021-04-22 09:23:12,147] multiqc                                            [DEBUG  ]  Ignoring file as matched an ignore pattern: PDAC212T_F8-9kf_R1.fastq.gz
[2021-04-22 09:23:12,147] multiqc                                            [DEBUG  ]  Ignoring file as matched an ignore pattern: PDAC212T_F8-9kf_R2_fastqc.html
[2021-04-22 09:23:12,147] multiqc                                            [DEBUG  ]  Ignoring file as matched an ignore pattern: PDAC212T_F8-9kf_R2.fastq.gz
[2021-04-22 09:23:12,149] multiqc                                            [DEBUG  ]  Ignoring file as matched an ignore pattern: PDAC213T_F8-9kf_R1_fastqc.html
[2021-04-22 09:23:12,149] multiqc                                            [DEBUG  ]  Ignoring file as matched an ignore pattern: PDAC213T_F8-9kf_R1.fastq.gz
[2021-04-22 09:23:12,150] multiqc                                            [DEBUG  ]  Ignoring file as matched an ignore pattern: PDAC213T_F8-9kf_R2_fastqc.html
[2021-04-22 09:23:12,150] multiqc                                            [DEBUG  ]  Ignoring file as matched an ignore pattern: PDAC213T_F8-9kf_R2.fastq.gz
[2021-04-22 09:23:12,152] multiqc                                            [DEBUG  ]  Ignoring file as matched an ignore pattern: PDAC214T_F8-9kf_R1_fastqc.html
[2021-04-22 09:23:12,152] multiqc                                            [DEBUG  ]  Ignoring file as matched an ignore pattern: PDAC214T_F8-9kf_R1.fastq.gz
[2021-04-22 09:23:12,152] multiqc                                            [DEBUG  ]  Ignoring file as matched an ignore pattern: PDAC214T_F8-9kf_R2_fastqc.html
[2021-04-22 09:23:12,153] multiqc                                            [DEBUG  ]  Ignoring file as matched an ignore pattern: PDAC214T_F8-9kf_R2.fastq.gz
[2021-04-22 09:23:12,154] multiqc                                            [DEBUG  ]  Ignoring file as matched an ignore pattern: PDAC215T_F8-9kf_R1_fastqc.html
[2021-04-22 09:23:12,155] multiqc                                            [DEBUG  ]  Ignoring file as matched an ignore pattern: PDAC215T_F8-9kf_R1.fastq.gz
[2021-04-22 09:23:12,155] multiqc                                            [DEBUG  ]  Ignoring file as matched an ignore pattern: PDAC215T_F8-9kf_R2_fastqc.html
[2021-04-22 09:23:12,155] multiqc                                            [DEBUG  ]  Ignoring file as matched an ignore pattern: PDAC215T_F8-9kf_R2.fastq.gz
[2021-04-22 09:23:12,157] multiqc                                            [DEBUG  ]  Ignoring file as matched an ignore pattern: PDAC216T_F8-9kf_R1_fastqc.html
[2021-04-22 09:23:12,157] multiqc                                            [DEBUG  ]  Ignoring file as matched an ignore pattern: PDAC216T_F8-9kf_R1.fastq.gz
[2021-04-22 09:23:12,158] multiqc                                            [DEBUG  ]  Ignoring file as matched an ignore pattern: PDAC216T_F8-9kf_R2_fastqc.html
[2021-04-22 09:23:12,158] multiqc                                            [DEBUG  ]  Ignoring file as matched an ignore pattern: PDAC216T_F8-9kf_R2.fastq.gz
[2021-04-22 09:23:12,160] multiqc                                            [DEBUG  ]  Ignoring file as matched an ignore pattern: PDAC217T_F8-9kf_R1_fastqc.html
[2021-04-22 09:23:12,160] multiqc                                            [DEBUG  ]  Ignoring file as matched an ignore pattern: PDAC217T_F8-9kf_R1.fastq.gz
[2021-04-22 09:23:12,160] multiqc                                            [DEBUG  ]  Ignoring file as matched an ignore pattern: PDAC217T_F8-9kf_R2_fastqc.html
[2021-04-22 09:23:12,161] multiqc                                            [DEBUG  ]  Ignoring file as matched an ignore pattern: PDAC217T_F8-9kf_R2.fastq.gz
[2021-04-22 09:23:12,162] multiqc                                            [DEBUG  ]  Ignoring file as matched an ignore pattern: PDAC218T_F8-9kf_R1_fastqc.html
[2021-04-22 09:23:12,163] multiqc                                            [DEBUG  ]  Ignoring file as matched an ignore pattern: PDAC218T_F8-9kf_R1.fastq.gz
[2021-04-22 09:23:12,163] multiqc                                            [DEBUG  ]  Ignoring file as matched an ignore pattern: PDAC218T_F8-9kf_R2_fastqc.html
[2021-04-22 09:23:12,163] multiqc                                            [DEBUG  ]  Ignoring file as matched an ignore pattern: PDAC218T_F8-9kf_R2.fastq.gz
[2021-04-22 09:23:12,165] multiqc                                            [DEBUG  ]  Ignoring file as matched an ignore pattern: PDAC219T_F8-9kf_R1_fastqc.html
[2021-04-22 09:23:12,165] multiqc                                            [DEBUG  ]  Ignoring file as matched an ignore pattern: PDAC219T_F8-9kf_R1.fastq.gz
[2021-04-22 09:23:12,166] multiqc                                            [DEBUG  ]  Ignoring file as matched an ignore pattern: PDAC219T_F8-9kf_R2_fastqc.html
[2021-04-22 09:23:12,166] multiqc                                            [DEBUG  ]  Ignoring file as matched an ignore pattern: PDAC219T_F8-9kf_R2.fastq.gz
[2021-04-22 09:23:12,168] multiqc                                            [DEBUG  ]  Ignoring file as matched an ignore pattern: PDAC220T_F8-9kf_R1_fastqc.html
[2021-04-22 09:23:12,168] multiqc                                            [DEBUG  ]  Ignoring file as matched an ignore pattern: PDAC220T_F8-9kf_R1.fastq.gz
[2021-04-22 09:23:12,168] multiqc                                            [DEBUG  ]  Ignoring file as matched an ignore pattern: PDAC220T_F8-9kf_R2_fastqc.html
[2021-04-22 09:23:12,169] multiqc                                            [DEBUG  ]  Ignoring file as matched an ignore pattern: PDAC220T_F8-9kf_R2.fastq.gz
[2021-04-22 09:23:12,170] multiqc                                            [DEBUG  ]  Ignoring file as matched an ignore pattern: PDAC221T_F8-9kf_R1_fastqc.html
[2021-04-22 09:23:12,171] multiqc                                            [DEBUG  ]  Ignoring file as matched an ignore pattern: PDAC221T_F8-9kf_R1.fastq.gz
[2021-04-22 09:23:12,171] multiqc                                            [DEBUG  ]  Ignoring file as matched an ignore pattern: PDAC221T_F8-9kf_R2_fastqc.html
[2021-04-22 09:23:12,171] multiqc                                            [DEBUG  ]  Ignoring file as matched an ignore pattern: PDAC221T_F8-9kf_R2.fastq.gz
[2021-04-22 09:23:12,173] multiqc                                            [DEBUG  ]  Ignoring file as matched an ignore pattern: PDAC222T_F8-9kf_R1_fastqc.html
[2021-04-22 09:23:12,173] multiqc                                            [DEBUG  ]  Ignoring file as matched an ignore pattern: PDAC222T_F8-9kf_R1.fastq.gz
[2021-04-22 09:23:12,174] multiqc                                            [DEBUG  ]  Ignoring file as matched an ignore pattern: PDAC222T_F8-9kf_R2_fastqc.html
[2021-04-22 09:23:12,174] multiqc                                            [DEBUG  ]  Ignoring file as matched an ignore pattern: PDAC222T_F8-9kf_R2.fastq.gz
[2021-04-22 09:23:12,176] multiqc                                            [DEBUG  ]  Ignoring file as matched an ignore pattern: PDAC223T_F8-9kf_R1_fastqc.html
[2021-04-22 09:23:12,176] multiqc                                            [DEBUG  ]  Ignoring file as matched an ignore pattern: PDAC223T_F8-9kf_R1.fastq.gz
[2021-04-22 09:23:12,176] multiqc                                            [DEBUG  ]  Ignoring file as matched an ignore pattern: PDAC223T_F8-9kf_R2_fastqc.html
[2021-04-22 09:23:12,177] multiqc                                            [DEBUG  ]  Ignoring file as matched an ignore pattern: PDAC223T_F8-9kf_R2.fastq.gz
[2021-04-22 09:23:12,178] multiqc                                            [DEBUG  ]  Ignoring file as matched an ignore pattern: PDAC224T_F8-9kf_R1_fastqc.html
[2021-04-22 09:23:12,179] multiqc                                            [DEBUG  ]  Ignoring file as matched an ignore pattern: PDAC224T_F8-9kf_R1.fastq.gz
[2021-04-22 09:23:12,179] multiqc                                            [DEBUG  ]  Ignoring file as matched an ignore pattern: PDAC224T_F8-9kf_R2_fastqc.html
[2021-04-22 09:23:12,179] multiqc                                            [DEBUG  ]  Ignoring file as matched an ignore pattern: PDAC224T_F8-9kf_R2.fastq.gz
[2021-04-22 09:23:12,181] multiqc                                            [DEBUG  ]  Ignoring file as matched an ignore pattern: PDAC225T_F8-9kf_R1_fastqc.html
[2021-04-22 09:23:12,181] multiqc                                            [DEBUG  ]  Ignoring file as matched an ignore pattern: PDAC225T_F8-9kf_R1.fastq.gz
[2021-04-22 09:23:12,181] multiqc                                            [DEBUG  ]  Ignoring file as matched an ignore pattern: PDAC225T_F8-9kf_R2_fastqc.html
[2021-04-22 09:23:12,182] multiqc                                            [DEBUG  ]  Ignoring file as matched an ignore pattern: PDAC225T_F8-9kf_R2.fastq.gz
[2021-04-22 09:23:12,184] multiqc                                            [DEBUG  ]  Ignoring file as matched an ignore pattern: PDAC226T_F8-9kf_R1_fastqc.html
[2021-04-22 09:23:12,184] multiqc                                            [DEBUG  ]  Ignoring file as matched an ignore pattern: PDAC226T_F8-9kf_R1.fastq.gz
[2021-04-22 09:23:12,184] multiqc                                            [DEBUG  ]  Ignoring file as matched an ignore pattern: PDAC226T_F8-9kf_R2_fastqc.html
[2021-04-22 09:23:12,185] multiqc                                            [DEBUG  ]  Ignoring file as matched an ignore pattern: PDAC226T_F8-9kf_R2.fastq.gz
[2021-04-22 09:23:12,186] multiqc                                            [DEBUG  ]  Ignoring file as matched an ignore pattern: PDAC227T_F8-9kf_R1_fastqc.html
[2021-04-22 09:23:12,187] multiqc                                            [DEBUG  ]  Ignoring file as matched an ignore pattern: PDAC227T_F8-9kf_R1.fastq.gz
[2021-04-22 09:23:12,187] multiqc                                            [DEBUG  ]  Ignoring file as matched an ignore pattern: PDAC227T_F8-9kf_R2_fastqc.html
[2021-04-22 09:23:12,187] multiqc                                            [DEBUG  ]  Ignoring file as matched an ignore pattern: PDAC227T_F8-9kf_R2.fastq.gz
[2021-04-22 09:23:13,515] multiqc                                            [DEBUG  ]  No samples found: custom_content
[2021-04-22 09:23:13,523] multiqc                                            [DEBUG  ]  No samples found: conpair
[2021-04-22 09:23:13,530] multiqc                                            [DEBUG  ]  No samples found: peddy
[2021-04-22 09:23:13,537] multiqc                                            [DEBUG  ]  No samples found: methylQA
[2021-04-22 09:23:13,544] multiqc                                            [DEBUG  ]  No samples found: phantompeakqualtools
[2021-04-22 09:23:13,555] multiqc                                            [DEBUG  ]  No samples found: qualimap
[2021-04-22 09:23:13,563] multiqc                                            [DEBUG  ]  No samples found: preseq
[2021-04-22 09:23:13,570] multiqc                                            [DEBUG  ]  No samples found: quast
[2021-04-22 09:23:13,578] multiqc                                            [DEBUG  ]  No samples found: qorts
[2021-04-22 09:23:13,585] multiqc                                            [DEBUG  ]  No samples found: rna_seqc
[2021-04-22 09:23:13,593] multiqc                                            [DEBUG  ]  No samples found: rsem
[2021-04-22 09:23:13,617] multiqc                                            [DEBUG  ]  No samples found: rseqc
[2021-04-22 09:23:13,624] multiqc                                            [DEBUG  ]  No samples found: busco
[2021-04-22 09:23:13,632] multiqc                                            [DEBUG  ]  No samples found: goleft_indexcov
[2021-04-22 09:23:13,640] multiqc                                            [DEBUG  ]  No samples found: disambiguate
[2021-04-22 09:23:13,647] multiqc                                            [DEBUG  ]  No samples found: supernova
[2021-04-22 09:23:13,670] multiqc                                            [DEBUG  ]  No samples found: deeptools
[2021-04-22 09:23:13,678] multiqc                                            [DEBUG  ]  No samples found: sargasso
[2021-04-22 09:23:13,685] multiqc                                            [DEBUG  ]  No samples found: verifybamid
[2021-04-22 09:23:13,692] multiqc                                            [DEBUG  ]  No samples found: mirtrace
[2021-04-22 09:23:13,699] multiqc                                            [DEBUG  ]  No samples found: happy
[2021-04-22 09:23:13,709] multiqc                                            [DEBUG  ]  No samples found: homer
[2021-04-22 09:23:13,717] multiqc                                            [DEBUG  ]  No samples found: macs2
[2021-04-22 09:23:13,724] multiqc                                            [DEBUG  ]  No samples found: theta2
[2021-04-22 09:23:13,732] multiqc                                            [DEBUG  ]  No samples found: snpeff
[2021-04-22 09:23:13,743] multiqc                                            [DEBUG  ]  No samples found: gatk
[2021-04-22 09:23:13,752] multiqc                                            [DEBUG  ]  No samples found: htseq
[2021-04-22 09:23:13,762] multiqc                                            [DEBUG  ]  No samples found: bcftools
[2021-04-22 09:23:13,770] multiqc                                            [DEBUG  ]  No samples found: featureCounts
[2021-04-22 09:23:13,777] multiqc                                            [DEBUG  ]  No samples found: dedup
[2021-04-22 09:23:13,785] multiqc                                            [DEBUG  ]  No samples found: damageprofiler
[2021-04-22 09:23:13,819] multiqc                                            [DEBUG  ]  No samples found: picard
[2021-04-22 09:23:13,826] multiqc                                            [DEBUG  ]  No samples found: prokka
[2021-04-22 09:23:13,834] multiqc                                            [DEBUG  ]  No samples found: samblaster
[2021-04-22 09:23:13,848] multiqc                                            [DEBUG  ]  No samples found: samtools
[2021-04-22 09:23:13,858] multiqc                                            [DEBUG  ]  No samples found: bamtools
[2021-04-22 09:23:13,865] multiqc                                            [DEBUG  ]  No samples found: jellyfish
[2021-04-22 09:23:13,880] multiqc                                            [DEBUG  ]  No samples found: vcftools
[2021-04-22 09:23:13,887] multiqc                                            [DEBUG  ]  No samples found: longranger
[2021-04-22 09:23:13,895] multiqc                                            [DEBUG  ]  No samples found: stacks
[2021-04-22 09:23:13,927] multiqc.modules.bbmap.bbmap                        [DEBUG  ]  Parsing kf_fastqs/PDAC200T_F8-9kf_stats.txt
[2021-04-22 09:23:13,927] multiqc.modules.bbmap.bbmap                        [DEBUG  ]  Found stats output for sample PDAC200T_F8-9kf_stats with 33 rows
[2021-04-22 09:23:13,927] multiqc.modules.bbmap.bbmap                        [DEBUG  ]  Parsing kf_fastqs/PDAC201T_F8-9kf_stats.txt
[2021-04-22 09:23:13,928] multiqc.modules.bbmap.bbmap                        [DEBUG  ]  Found stats output for sample PDAC201T_F8-9kf_stats with 53 rows
[2021-04-22 09:23:13,928] multiqc.modules.bbmap.bbmap                        [DEBUG  ]  Parsing kf_fastqs/PDAC202T_F8-9kf_stats.txt
[2021-04-22 09:23:13,928] multiqc.modules.bbmap.bbmap                        [DEBUG  ]  Found stats output for sample PDAC202T_F8-9kf_stats with 30 rows
[2021-04-22 09:23:13,929] multiqc.modules.bbmap.bbmap                        [DEBUG  ]  Parsing kf_fastqs/PDAC203T_F8-9kf_stats.txt
[2021-04-22 09:23:13,929] multiqc.modules.bbmap.bbmap                        [DEBUG  ]  Found stats output for sample PDAC203T_F8-9kf_stats with 58 rows
[2021-04-22 09:23:13,929] multiqc.modules.bbmap.bbmap                        [DEBUG  ]  Parsing kf_fastqs/PDAC204T_F8-9kf_stats.txt
[2021-04-22 09:23:13,929] multiqc.modules.bbmap.bbmap                        [DEBUG  ]  Found stats output for sample PDAC204T_F8-9kf_stats with 38 rows
[2021-04-22 09:23:13,930] multiqc.modules.bbmap.bbmap                        [DEBUG  ]  Parsing kf_fastqs/PDAC205T_F8-9kf_stats.txt
[2021-04-22 09:23:13,930] multiqc.modules.bbmap.bbmap                        [DEBUG  ]  Found stats output for sample PDAC205T_F8-9kf_stats with 43 rows
[2021-04-22 09:23:13,931] multiqc.modules.bbmap.bbmap                        [DEBUG  ]  Parsing kf_fastqs/PDAC206T_F8-9kf_stats.txt
[2021-04-22 09:23:13,931] multiqc.modules.bbmap.bbmap                        [DEBUG  ]  Found stats output for sample PDAC206T_F8-9kf_stats with 39 rows
[2021-04-22 09:23:13,931] multiqc.modules.bbmap.bbmap                        [DEBUG  ]  Parsing kf_fastqs/PDAC207T_F8-9kf_stats.txt
[2021-04-22 09:23:13,931] multiqc.modules.bbmap.bbmap                        [DEBUG  ]  Found stats output for sample PDAC207T_F8-9kf_stats with 47 rows
[2021-04-22 09:23:13,932] multiqc.modules.bbmap.bbmap                        [DEBUG  ]  Parsing kf_fastqs/PDAC208T_F8-9kf_stats.txt
[2021-04-22 09:23:13,932] multiqc.modules.bbmap.bbmap                        [DEBUG  ]  Found stats output for sample PDAC208T_F8-9kf_stats with 48 rows
[2021-04-22 09:23:13,932] multiqc.modules.bbmap.bbmap                        [DEBUG  ]  Parsing kf_fastqs/PDAC209T_F8-9kf_stats.txt
[2021-04-22 09:23:13,933] multiqc.modules.bbmap.bbmap                        [DEBUG  ]  Found stats output for sample PDAC209T_F8-9kf_stats with 36 rows
[2021-04-22 09:23:13,933] multiqc.modules.bbmap.bbmap                        [DEBUG  ]  Parsing kf_fastqs/PDAC210T_F8-9kf_stats.txt
[2021-04-22 09:23:13,933] multiqc.modules.bbmap.bbmap                        [DEBUG  ]  Found stats output for sample PDAC210T_F8-9kf_stats with 39 rows
[2021-04-22 09:23:13,934] multiqc.modules.bbmap.bbmap                        [DEBUG  ]  Parsing kf_fastqs/PDAC211T_F8-9kf_stats.txt
[2021-04-22 09:23:13,934] multiqc.modules.bbmap.bbmap                        [DEBUG  ]  Found stats output for sample PDAC211T_F8-9kf_stats with 35 rows
[2021-04-22 09:23:13,934] multiqc.modules.bbmap.bbmap                        [DEBUG  ]  Parsing kf_fastqs/PDAC212T_F8-9kf_stats.txt
[2021-04-22 09:23:13,935] multiqc.modules.bbmap.bbmap                        [DEBUG  ]  Found stats output for sample PDAC212T_F8-9kf_stats with 66 rows
[2021-04-22 09:23:13,935] multiqc.modules.bbmap.bbmap                        [DEBUG  ]  Parsing kf_fastqs/PDAC213T_F8-9kf_stats.txt
[2021-04-22 09:23:13,935] multiqc.modules.bbmap.bbmap                        [DEBUG  ]  Found stats output for sample PDAC213T_F8-9kf_stats with 54 rows
[2021-04-22 09:23:13,936] multiqc.modules.bbmap.bbmap                        [DEBUG  ]  Parsing kf_fastqs/PDAC214T_F8-9kf_stats.txt
[2021-04-22 09:23:13,936] multiqc.modules.bbmap.bbmap                        [DEBUG  ]  Found stats output for sample PDAC214T_F8-9kf_stats with 57 rows
[2021-04-22 09:23:13,936] multiqc.modules.bbmap.bbmap                        [DEBUG  ]  Parsing kf_fastqs/PDAC215T_F8-9kf_stats.txt
[2021-04-22 09:23:13,937] multiqc.modules.bbmap.bbmap                        [DEBUG  ]  Found stats output for sample PDAC215T_F8-9kf_stats with 68 rows
[2021-04-22 09:23:13,937] multiqc.modules.bbmap.bbmap                        [DEBUG  ]  Parsing kf_fastqs/PDAC216T_F8-9kf_stats.txt
[2021-04-22 09:23:13,937] multiqc.modules.bbmap.bbmap                        [DEBUG  ]  Found stats output for sample PDAC216T_F8-9kf_stats with 44 rows
[2021-04-22 09:23:13,938] multiqc.modules.bbmap.bbmap                        [DEBUG  ]  Parsing kf_fastqs/PDAC217T_F8-9kf_stats.txt
[2021-04-22 09:23:13,938] multiqc.modules.bbmap.bbmap                        [DEBUG  ]  Found stats output for sample PDAC217T_F8-9kf_stats with 66 rows
[2021-04-22 09:23:13,939] multiqc.modules.bbmap.bbmap                        [DEBUG  ]  Parsing kf_fastqs/PDAC218T_F8-9kf_stats.txt
[2021-04-22 09:23:13,939] multiqc.modules.bbmap.bbmap                        [DEBUG  ]  Found stats output for sample PDAC218T_F8-9kf_stats with 44 rows
[2021-04-22 09:23:13,939] multiqc.modules.bbmap.bbmap                        [DEBUG  ]  Parsing kf_fastqs/PDAC219T_F8-9kf_stats.txt
[2021-04-22 09:23:13,939] multiqc.modules.bbmap.bbmap                        [DEBUG  ]  Found stats output for sample PDAC219T_F8-9kf_stats with 44 rows
[2021-04-22 09:23:13,940] multiqc.modules.bbmap.bbmap                        [DEBUG  ]  Parsing kf_fastqs/PDAC220T_F8-9kf_stats.txt
[2021-04-22 09:23:13,940] multiqc.modules.bbmap.bbmap                        [DEBUG  ]  Found stats output for sample PDAC220T_F8-9kf_stats with 54 rows
[2021-04-22 09:23:13,940] multiqc.modules.bbmap.bbmap                        [DEBUG  ]  Parsing kf_fastqs/PDAC221T_F8-9kf_stats.txt
[2021-04-22 09:23:13,941] multiqc.modules.bbmap.bbmap                        [DEBUG  ]  Found stats output for sample PDAC221T_F8-9kf_stats with 44 rows
[2021-04-22 09:23:13,941] multiqc.modules.bbmap.bbmap                        [DEBUG  ]  Parsing kf_fastqs/PDAC222T_F8-9kf_stats.txt
[2021-04-22 09:23:13,941] multiqc.modules.bbmap.bbmap                        [DEBUG  ]  Found stats output for sample PDAC222T_F8-9kf_stats with 46 rows
[2021-04-22 09:23:13,942] multiqc.modules.bbmap.bbmap                        [DEBUG  ]  Parsing kf_fastqs/PDAC223T_F8-9kf_stats.txt
[2021-04-22 09:23:13,942] multiqc.modules.bbmap.bbmap                        [DEBUG  ]  Found stats output for sample PDAC223T_F8-9kf_stats with 40 rows
[2021-04-22 09:23:13,942] multiqc.modules.bbmap.bbmap                        [DEBUG  ]  Parsing kf_fastqs/PDAC224T_F8-9kf_stats.txt
[2021-04-22 09:23:13,943] multiqc.modules.bbmap.bbmap                        [DEBUG  ]  Found stats output for sample PDAC224T_F8-9kf_stats with 39 rows
[2021-04-22 09:23:13,943] multiqc.modules.bbmap.bbmap                        [DEBUG  ]  Parsing kf_fastqs/PDAC225T_F8-9kf_stats.txt
[2021-04-22 09:23:13,943] multiqc.modules.bbmap.bbmap                        [DEBUG  ]  Found stats output for sample PDAC225T_F8-9kf_stats with 37 rows
[2021-04-22 09:23:13,944] multiqc.modules.bbmap.bbmap                        [DEBUG  ]  Parsing kf_fastqs/PDAC226T_F8-9kf_stats.txt
[2021-04-22 09:23:13,944] multiqc.modules.bbmap.bbmap                        [DEBUG  ]  Found stats output for sample PDAC226T_F8-9kf_stats with 58 rows
[2021-04-22 09:23:13,944] multiqc.modules.bbmap.bbmap                        [DEBUG  ]  Parsing kf_fastqs/PDAC227T_F8-9kf_stats.txt
[2021-04-22 09:23:13,945] multiqc.modules.bbmap.bbmap                        [DEBUG  ]  Found stats output for sample PDAC227T_F8-9kf_stats with 54 rows
[2021-04-22 09:23:13,945] multiqc.modules.bbmap.bbmap                        [INFO   ]  Found 28 reports
[2021-04-22 09:23:13,945] multiqc.modules.bbmap.bbmap                        [DEBUG  ]  section stats has 28 entries
[2021-04-22 09:23:13,986] multiqc                                            [DEBUG  ]  No samples found: bismark
[2021-04-22 09:23:13,994] multiqc                                            [DEBUG  ]  No samples found: biscuit
[2021-04-22 09:23:14,002] multiqc                                            [DEBUG  ]  No samples found: hicexplorer
[2021-04-22 09:23:14,009] multiqc                                            [DEBUG  ]  No samples found: hicup
[2021-04-22 09:23:14,017] multiqc                                            [DEBUG  ]  No samples found: hicpro
[2021-04-22 09:23:14,024] multiqc                                            [DEBUG  ]  No samples found: salmon
[2021-04-22 09:23:14,032] multiqc                                            [DEBUG  ]  No samples found: kallisto
[2021-04-22 09:23:14,040] multiqc                                            [DEBUG  ]  No samples found: slamdunk
[2021-04-22 09:23:14,048] multiqc                                            [DEBUG  ]  No samples found: star
[2021-04-22 09:23:14,056] multiqc                                            [DEBUG  ]  No samples found: hisat2
[2021-04-22 09:23:14,064] multiqc                                            [DEBUG  ]  No samples found: tophat
[2021-04-22 09:23:14,071] multiqc                                            [DEBUG  ]  No samples found: bowtie2
[2021-04-22 09:23:14,079] multiqc                                            [DEBUG  ]  No samples found: bowtie1
[2021-04-22 09:23:14,087] multiqc                                            [DEBUG  ]  No samples found: kat
[2021-04-22 09:23:14,095] multiqc                                            [DEBUG  ]  No samples found: leehom
[2021-04-22 09:23:14,103] multiqc                                            [DEBUG  ]  No samples found: adapterRemoval
[2021-04-22 09:23:14,111] multiqc                                            [DEBUG  ]  No samples found: clipandmerge
[2021-04-22 09:23:14,119] multiqc                                            [DEBUG  ]  No samples found: cutadapt
[2021-04-22 09:23:14,126] multiqc                                            [DEBUG  ]  No samples found: flexbar
[2021-04-22 09:23:14,134] multiqc                                            [DEBUG  ]  No samples found: trimmomatic
[2021-04-22 09:23:14,142] multiqc                                            [DEBUG  ]  No samples found: skewer
[2021-04-22 09:23:14,150] multiqc                                            [DEBUG  ]  No samples found: sortmerna
[2021-04-22 09:23:14,157] multiqc                                            [DEBUG  ]  No samples found: biobloomtools
[2021-04-22 09:23:14,165] multiqc                                            [DEBUG  ]  No samples found: fastq_screen
[2021-04-22 09:23:14,173] multiqc                                            [DEBUG  ]  No samples found: afterqc
[2021-04-22 09:23:14,181] multiqc                                            [DEBUG  ]  No samples found: fastp
[2021-04-22 09:23:16,243] multiqc.modules.fastqc.fastqc                      [INFO   ]  Found 56 reports
[2021-04-22 09:23:17,538] multiqc                                            [DEBUG  ]  No samples found: minionqc
[2021-04-22 09:23:17,546] multiqc                                            [DEBUG  ]  No samples found: clusterflow
[2021-04-22 09:23:17,554] multiqc                                            [DEBUG  ]  No samples found: bcl2fastq
[2021-04-22 09:23:17,562] multiqc                                            [DEBUG  ]  No samples found: interop
[2021-04-22 09:23:17,570] multiqc                                            [DEBUG  ]  No samples found: flash
[2021-04-22 09:23:17,663] multiqc                                            [INFO   ]  Compressing plot data
[2021-04-22 09:23:18,830] multiqc                                            [WARNING]  Previous MultiQC output found! Adjusting filenames..
[2021-04-22 09:23:18,830] multiqc                                            [WARNING]  Use -f or --force to overwrite existing reports instead
[2021-04-22 09:23:18,831] multiqc                                            [INFO   ]  Report      : multiqc_report_1.html
[2021-04-22 09:23:18,831] multiqc                                            [INFO   ]  Data        : multiqc_data_1
[2021-04-22 09:23:18,831] multiqc                                            [DEBUG  ]  Moving data file from '/tmp/tmp378fabt3/multiqc_data/multiqc_fastqc.txt' to '/work/jsolorzano/multiqc_data_1'
[2021-04-22 09:23:18,832] multiqc                                            [DEBUG  ]  Moving data file from '/tmp/tmp378fabt3/multiqc_data/multiqc_data.json' to '/work/jsolorzano/multiqc_data_1'
[2021-04-22 09:23:18,836] multiqc                                            [DEBUG  ]  Moving data file from '/tmp/tmp378fabt3/multiqc_data/multiqc_sources.txt' to '/work/jsolorzano/multiqc_data_1'
[2021-04-22 09:23:18,838] multiqc                                            [DEBUG  ]  Moving data file from '/tmp/tmp378fabt3/multiqc_data/multiqc_general_stats.txt' to '/work/jsolorzano/multiqc_data_1'
[2021-04-22 09:23:19,070] multiqc                                            [INFO   ]  MultiQC complete
