[2021-04-22 10:22:35,889] multiqc                                            [DEBUG  ]  No MultiQC config found: /usr/local/bioinfo/src/MultiQC/venv_multiqc-v1.7/lib/python3.6/site-packages/multiqc_config.yaml
[2021-04-22 10:22:35,890] multiqc                                            [DEBUG  ]  No MultiQC config found: /home/jsolorzano/.multiqc_config.yaml
[2021-04-22 10:22:35,891] multiqc                                            [DEBUG  ]  No MultiQC config found: multiqc_config.yaml
[2021-04-22 10:22:35,891] multiqc                                            [DEBUG  ]  Command used: /usr/local/bioinfo/src/MultiQC/venv_multiqc-v1.7/bin/multiqc kf_fastqs/PDAC200Tkf_R1_fastqc.html kf_fastqs/PDAC200Tkf_R1_fastqc.zip kf_fastqs/PDAC200Tkf_R1.fastq.gz kf_fastqs/PDAC200Tkf_R2_fastqc.html kf_fastqs/PDAC200Tkf_R2_fastqc.zip kf_fastqs/PDAC200Tkf_R2.fastq.gz kf_fastqs/PDAC200Tkf_stats.txt kf_fastqs/PDAC201Tkf_R1_fastqc.html kf_fastqs/PDAC201Tkf_R1_fastqc.zip kf_fastqs/PDAC201Tkf_R1.fastq.gz kf_fastqs/PDAC201Tkf_R2_fastqc.html kf_fastqs/PDAC201Tkf_R2_fastqc.zip kf_fastqs/PDAC201Tkf_R2.fastq.gz kf_fastqs/PDAC201Tkf_stats.txt kf_fastqs/PDAC202Tkf_R1_fastqc.html kf_fastqs/PDAC202Tkf_R1_fastqc.zip kf_fastqs/PDAC202Tkf_R1.fastq.gz kf_fastqs/PDAC202Tkf_R2_fastqc.html kf_fastqs/PDAC202Tkf_R2_fastqc.zip kf_fastqs/PDAC202Tkf_R2.fastq.gz kf_fastqs/PDAC202Tkf_stats.txt kf_fastqs/PDAC203Tkf_R1_fastqc.html kf_fastqs/PDAC203Tkf_R1_fastqc.zip kf_fastqs/PDAC203Tkf_R1.fastq.gz kf_fastqs/PDAC203Tkf_R2_fastqc.html kf_fastqs/PDAC203Tkf_R2_fastqc.zip kf_fastqs/PDAC203Tkf_R2.fastq.gz kf_fastqs/PDAC203Tkf_stats.txt kf_fastqs/PDAC204Tkf_R1_fastqc.html kf_fastqs/PDAC204Tkf_R1_fastqc.zip kf_fastqs/PDAC204Tkf_R1.fastq.gz kf_fastqs/PDAC204Tkf_R2_fastqc.html kf_fastqs/PDAC204Tkf_R2_fastqc.zip kf_fastqs/PDAC204Tkf_R2.fastq.gz kf_fastqs/PDAC204Tkf_stats.txt kf_fastqs/PDAC205Tkf_R1_fastqc.html kf_fastqs/PDAC205Tkf_R1_fastqc.zip kf_fastqs/PDAC205Tkf_R1.fastq.gz kf_fastqs/PDAC205Tkf_R2_fastqc.html kf_fastqs/PDAC205Tkf_R2_fastqc.zip kf_fastqs/PDAC205Tkf_R2.fastq.gz kf_fastqs/PDAC205Tkf_stats.txt kf_fastqs/PDAC206Tkf_R1_fastqc.html kf_fastqs/PDAC206Tkf_R1_fastqc.zip kf_fastqs/PDAC206Tkf_R1.fastq.gz kf_fastqs/PDAC206Tkf_R2_fastqc.html kf_fastqs/PDAC206Tkf_R2_fastqc.zip kf_fastqs/PDAC206Tkf_R2.fastq.gz kf_fastqs/PDAC206Tkf_stats.txt kf_fastqs/PDAC207Tkf_R1_fastqc.html kf_fastqs/PDAC207Tkf_R1_fastqc.zip kf_fastqs/PDAC207Tkf_R1.fastq.gz kf_fastqs/PDAC207Tkf_R2_fastqc.html kf_fastqs/PDAC207Tkf_R2_fastqc.zip kf_fastqs/PDAC207Tkf_R2.fastq.gz kf_fastqs/PDAC207Tkf_stats.txt kf_fastqs/PDAC208Tkf_R1_fastqc.html kf_fastqs/PDAC208Tkf_R1_fastqc.zip kf_fastqs/PDAC208Tkf_R1.fastq.gz kf_fastqs/PDAC208Tkf_R2_fastqc.html kf_fastqs/PDAC208Tkf_R2_fastqc.zip kf_fastqs/PDAC208Tkf_R2.fastq.gz kf_fastqs/PDAC208Tkf_stats.txt kf_fastqs/PDAC209Tkf_R1_fastqc.html kf_fastqs/PDAC209Tkf_R1_fastqc.zip kf_fastqs/PDAC209Tkf_R1.fastq.gz kf_fastqs/PDAC209Tkf_R2_fastqc.html kf_fastqs/PDAC209Tkf_R2_fastqc.zip kf_fastqs/PDAC209Tkf_R2.fastq.gz kf_fastqs/PDAC209Tkf_stats.txt kf_fastqs/PDAC210Tkf_R1_fastqc.html kf_fastqs/PDAC210Tkf_R1_fastqc.zip kf_fastqs/PDAC210Tkf_R1.fastq.gz kf_fastqs/PDAC210Tkf_R2_fastqc.html kf_fastqs/PDAC210Tkf_R2_fastqc.zip kf_fastqs/PDAC210Tkf_R2.fastq.gz kf_fastqs/PDAC210Tkf_stats.txt kf_fastqs/PDAC211Tkf_R1_fastqc.html kf_fastqs/PDAC211Tkf_R1_fastqc.zip kf_fastqs/PDAC211Tkf_R1.fastq.gz kf_fastqs/PDAC211Tkf_R2_fastqc.html kf_fastqs/PDAC211Tkf_R2_fastqc.zip kf_fastqs/PDAC211Tkf_R2.fastq.gz kf_fastqs/PDAC211Tkf_stats.txt kf_fastqs/PDAC212Tkf_R1.fastq.gz kf_fastqs/PDAC212Tkf_R2.fastq.gz kf_fastqs/PDAC213Tkf_R1_fastqc.html kf_fastqs/PDAC213Tkf_R1_fastqc.zip kf_fastqs/PDAC213Tkf_R1.fastq.gz kf_fastqs/PDAC213Tkf_R2_fastqc.html kf_fastqs/PDAC213Tkf_R2_fastqc.zip kf_fastqs/PDAC213Tkf_R2.fastq.gz kf_fastqs/PDAC213Tkf_stats.txt kf_fastqs/PDAC214Tkf_R1_fastqc.html kf_fastqs/PDAC214Tkf_R1_fastqc.zip kf_fastqs/PDAC214Tkf_R1.fastq.gz kf_fastqs/PDAC214Tkf_R2_fastqc.html kf_fastqs/PDAC214Tkf_R2_fastqc.zip kf_fastqs/PDAC214Tkf_R2.fastq.gz kf_fastqs/PDAC214Tkf_stats.txt kf_fastqs/PDAC215Tkf_R1_fastqc.html kf_fastqs/PDAC215Tkf_R1_fastqc.zip kf_fastqs/PDAC215Tkf_R1.fastq.gz kf_fastqs/PDAC215Tkf_R2_fastqc.html kf_fastqs/PDAC215Tkf_R2_fastqc.zip kf_fastqs/PDAC215Tkf_R2.fastq.gz kf_fastqs/PDAC215Tkf_stats.txt kf_fastqs/PDAC216Tkf_R1_fastqc.html kf_fastqs/PDAC216Tkf_R1_fastqc.zip kf_fastqs/PDAC216Tkf_R1.fastq.gz kf_fastqs/PDAC216Tkf_R2_fastqc.html kf_fastqs/PDAC216Tkf_R2_fastqc.zip kf_fastqs/PDAC216Tkf_R2.fastq.gz kf_fastqs/PDAC216Tkf_stats.txt kf_fastqs/PDAC217Tkf_R1_fastqc.html kf_fastqs/PDAC217Tkf_R1_fastqc.zip kf_fastqs/PDAC217Tkf_R1.fastq.gz kf_fastqs/PDAC217Tkf_R2_fastqc.html kf_fastqs/PDAC217Tkf_R2_fastqc.zip kf_fastqs/PDAC217Tkf_R2.fastq.gz kf_fastqs/PDAC217Tkf_stats.txt kf_fastqs/PDAC218Tkf_R1_fastqc.html kf_fastqs/PDAC218Tkf_R1_fastqc.zip kf_fastqs/PDAC218Tkf_R1.fastq.gz kf_fastqs/PDAC218Tkf_R2_fastqc.html kf_fastqs/PDAC218Tkf_R2_fastqc.zip kf_fastqs/PDAC218Tkf_R2.fastq.gz kf_fastqs/PDAC218Tkf_stats.txt kf_fastqs/PDAC219Tkf_R1_fastqc.html kf_fastqs/PDAC219Tkf_R1_fastqc.zip kf_fastqs/PDAC219Tkf_R1.fastq.gz kf_fastqs/PDAC219Tkf_R2_fastqc.html kf_fastqs/PDAC219Tkf_R2_fastqc.zip kf_fastqs/PDAC219Tkf_R2.fastq.gz kf_fastqs/PDAC219Tkf_stats.txt kf_fastqs/PDAC220Tkf_R1_fastqc.html kf_fastqs/PDAC220Tkf_R1_fastqc.zip kf_fastqs/PDAC220Tkf_R1.fastq.gz kf_fastqs/PDAC220Tkf_R2_fastqc.html kf_fastqs/PDAC220Tkf_R2_fastqc.zip kf_fastqs/PDAC220Tkf_R2.fastq.gz kf_fastqs/PDAC220Tkf_stats.txt kf_fastqs/PDAC221Tkf_R1_fastqc.html kf_fastqs/PDAC221Tkf_R1_fastqc.zip kf_fastqs/PDAC221Tkf_R1.fastq.gz kf_fastqs/PDAC221Tkf_R2_fastqc.html kf_fastqs/PDAC221Tkf_R2_fastqc.zip kf_fastqs/PDAC221Tkf_R2.fastq.gz kf_fastqs/PDAC221Tkf_stats.txt kf_fastqs/PDAC222Tkf_R1_fastqc.html kf_fastqs/PDAC222Tkf_R1_fastqc.zip kf_fastqs/PDAC222Tkf_R1.fastq.gz kf_fastqs/PDAC222Tkf_R2_fastqc.html kf_fastqs/PDAC222Tkf_R2_fastqc.zip kf_fastqs/PDAC222Tkf_R2.fastq.gz kf_fastqs/PDAC222Tkf_stats.txt kf_fastqs/PDAC223Tkf_R1_fastqc.html kf_fastqs/PDAC223Tkf_R1_fastqc.zip kf_fastqs/PDAC223Tkf_R1.fastq.gz kf_fastqs/PDAC223Tkf_R2_fastqc.html kf_fastqs/PDAC223Tkf_R2_fastqc.zip kf_fastqs/PDAC223Tkf_R2.fastq.gz kf_fastqs/PDAC223Tkf_stats.txt kf_fastqs/PDAC224Tkf_R1_fastqc.html kf_fastqs/PDAC224Tkf_R1_fastqc.zip kf_fastqs/PDAC224Tkf_R1.fastq.gz kf_fastqs/PDAC224Tkf_R2_fastqc.html kf_fastqs/PDAC224Tkf_R2_fastqc.zip kf_fastqs/PDAC224Tkf_R2.fastq.gz kf_fastqs/PDAC224Tkf_stats.txt kf_fastqs/PDAC225Tkf_R1_fastqc.html kf_fastqs/PDAC225Tkf_R1_fastqc.zip kf_fastqs/PDAC225Tkf_R1.fastq.gz kf_fastqs/PDAC225Tkf_R2_fastqc.html kf_fastqs/PDAC225Tkf_R2_fastqc.zip kf_fastqs/PDAC225Tkf_R2.fastq.gz kf_fastqs/PDAC225Tkf_stats.txt kf_fastqs/PDAC226Tkf_R1_fastqc.html kf_fastqs/PDAC226Tkf_R1_fastqc.zip kf_fastqs/PDAC226Tkf_R1.fastq.gz kf_fastqs/PDAC226Tkf_R2_fastqc.html kf_fastqs/PDAC226Tkf_R2_fastqc.zip kf_fastqs/PDAC226Tkf_R2.fastq.gz kf_fastqs/PDAC226Tkf_stats.txt kf_fastqs/PDAC227Tkf_R1_fastqc.html kf_fastqs/PDAC227Tkf_R1_fastqc.zip kf_fastqs/PDAC227Tkf_R1.fastq.gz kf_fastqs/PDAC227Tkf_R2_fastqc.html kf_fastqs/PDAC227Tkf_R2_fastqc.zip kf_fastqs/PDAC227Tkf_R2.fastq.gz kf_fastqs/PDAC227Tkf_stats.txt
[2021-04-22 10:22:36,153] multiqc                                            [WARNING]  MultiQC Version v1.10.1 now available!
[2021-04-22 10:22:36,153] multiqc                                            [INFO   ]  This is MultiQC v1.7
[2021-04-22 10:22:36,154] multiqc                                            [DEBUG  ]  Command     : /usr/local/bioinfo/src/MultiQC/venv_multiqc-v1.7/bin/multiqc kf_fastqs/PDAC200Tkf_R1_fastqc.html kf_fastqs/PDAC200Tkf_R1_fastqc.zip kf_fastqs/PDAC200Tkf_R1.fastq.gz kf_fastqs/PDAC200Tkf_R2_fastqc.html kf_fastqs/PDAC200Tkf_R2_fastqc.zip kf_fastqs/PDAC200Tkf_R2.fastq.gz kf_fastqs/PDAC200Tkf_stats.txt kf_fastqs/PDAC201Tkf_R1_fastqc.html kf_fastqs/PDAC201Tkf_R1_fastqc.zip kf_fastqs/PDAC201Tkf_R1.fastq.gz kf_fastqs/PDAC201Tkf_R2_fastqc.html kf_fastqs/PDAC201Tkf_R2_fastqc.zip kf_fastqs/PDAC201Tkf_R2.fastq.gz kf_fastqs/PDAC201Tkf_stats.txt kf_fastqs/PDAC202Tkf_R1_fastqc.html kf_fastqs/PDAC202Tkf_R1_fastqc.zip kf_fastqs/PDAC202Tkf_R1.fastq.gz kf_fastqs/PDAC202Tkf_R2_fastqc.html kf_fastqs/PDAC202Tkf_R2_fastqc.zip kf_fastqs/PDAC202Tkf_R2.fastq.gz kf_fastqs/PDAC202Tkf_stats.txt kf_fastqs/PDAC203Tkf_R1_fastqc.html kf_fastqs/PDAC203Tkf_R1_fastqc.zip kf_fastqs/PDAC203Tkf_R1.fastq.gz kf_fastqs/PDAC203Tkf_R2_fastqc.html kf_fastqs/PDAC203Tkf_R2_fastqc.zip kf_fastqs/PDAC203Tkf_R2.fastq.gz kf_fastqs/PDAC203Tkf_stats.txt kf_fastqs/PDAC204Tkf_R1_fastqc.html kf_fastqs/PDAC204Tkf_R1_fastqc.zip kf_fastqs/PDAC204Tkf_R1.fastq.gz kf_fastqs/PDAC204Tkf_R2_fastqc.html kf_fastqs/PDAC204Tkf_R2_fastqc.zip kf_fastqs/PDAC204Tkf_R2.fastq.gz kf_fastqs/PDAC204Tkf_stats.txt kf_fastqs/PDAC205Tkf_R1_fastqc.html kf_fastqs/PDAC205Tkf_R1_fastqc.zip kf_fastqs/PDAC205Tkf_R1.fastq.gz kf_fastqs/PDAC205Tkf_R2_fastqc.html kf_fastqs/PDAC205Tkf_R2_fastqc.zip kf_fastqs/PDAC205Tkf_R2.fastq.gz kf_fastqs/PDAC205Tkf_stats.txt kf_fastqs/PDAC206Tkf_R1_fastqc.html kf_fastqs/PDAC206Tkf_R1_fastqc.zip kf_fastqs/PDAC206Tkf_R1.fastq.gz kf_fastqs/PDAC206Tkf_R2_fastqc.html kf_fastqs/PDAC206Tkf_R2_fastqc.zip kf_fastqs/PDAC206Tkf_R2.fastq.gz kf_fastqs/PDAC206Tkf_stats.txt kf_fastqs/PDAC207Tkf_R1_fastqc.html kf_fastqs/PDAC207Tkf_R1_fastqc.zip kf_fastqs/PDAC207Tkf_R1.fastq.gz kf_fastqs/PDAC207Tkf_R2_fastqc.html kf_fastqs/PDAC207Tkf_R2_fastqc.zip kf_fastqs/PDAC207Tkf_R2.fastq.gz kf_fastqs/PDAC207Tkf_stats.txt kf_fastqs/PDAC208Tkf_R1_fastqc.html kf_fastqs/PDAC208Tkf_R1_fastqc.zip kf_fastqs/PDAC208Tkf_R1.fastq.gz kf_fastqs/PDAC208Tkf_R2_fastqc.html kf_fastqs/PDAC208Tkf_R2_fastqc.zip kf_fastqs/PDAC208Tkf_R2.fastq.gz kf_fastqs/PDAC208Tkf_stats.txt kf_fastqs/PDAC209Tkf_R1_fastqc.html kf_fastqs/PDAC209Tkf_R1_fastqc.zip kf_fastqs/PDAC209Tkf_R1.fastq.gz kf_fastqs/PDAC209Tkf_R2_fastqc.html kf_fastqs/PDAC209Tkf_R2_fastqc.zip kf_fastqs/PDAC209Tkf_R2.fastq.gz kf_fastqs/PDAC209Tkf_stats.txt kf_fastqs/PDAC210Tkf_R1_fastqc.html kf_fastqs/PDAC210Tkf_R1_fastqc.zip kf_fastqs/PDAC210Tkf_R1.fastq.gz kf_fastqs/PDAC210Tkf_R2_fastqc.html kf_fastqs/PDAC210Tkf_R2_fastqc.zip kf_fastqs/PDAC210Tkf_R2.fastq.gz kf_fastqs/PDAC210Tkf_stats.txt kf_fastqs/PDAC211Tkf_R1_fastqc.html kf_fastqs/PDAC211Tkf_R1_fastqc.zip kf_fastqs/PDAC211Tkf_R1.fastq.gz kf_fastqs/PDAC211Tkf_R2_fastqc.html kf_fastqs/PDAC211Tkf_R2_fastqc.zip kf_fastqs/PDAC211Tkf_R2.fastq.gz kf_fastqs/PDAC211Tkf_stats.txt kf_fastqs/PDAC212Tkf_R1.fastq.gz kf_fastqs/PDAC212Tkf_R2.fastq.gz kf_fastqs/PDAC213Tkf_R1_fastqc.html kf_fastqs/PDAC213Tkf_R1_fastqc.zip kf_fastqs/PDAC213Tkf_R1.fastq.gz kf_fastqs/PDAC213Tkf_R2_fastqc.html kf_fastqs/PDAC213Tkf_R2_fastqc.zip kf_fastqs/PDAC213Tkf_R2.fastq.gz kf_fastqs/PDAC213Tkf_stats.txt kf_fastqs/PDAC214Tkf_R1_fastqc.html kf_fastqs/PDAC214Tkf_R1_fastqc.zip kf_fastqs/PDAC214Tkf_R1.fastq.gz kf_fastqs/PDAC214Tkf_R2_fastqc.html kf_fastqs/PDAC214Tkf_R2_fastqc.zip kf_fastqs/PDAC214Tkf_R2.fastq.gz kf_fastqs/PDAC214Tkf_stats.txt kf_fastqs/PDAC215Tkf_R1_fastqc.html kf_fastqs/PDAC215Tkf_R1_fastqc.zip kf_fastqs/PDAC215Tkf_R1.fastq.gz kf_fastqs/PDAC215Tkf_R2_fastqc.html kf_fastqs/PDAC215Tkf_R2_fastqc.zip kf_fastqs/PDAC215Tkf_R2.fastq.gz kf_fastqs/PDAC215Tkf_stats.txt kf_fastqs/PDAC216Tkf_R1_fastqc.html kf_fastqs/PDAC216Tkf_R1_fastqc.zip kf_fastqs/PDAC216Tkf_R1.fastq.gz kf_fastqs/PDAC216Tkf_R2_fastqc.html kf_fastqs/PDAC216Tkf_R2_fastqc.zip kf_fastqs/PDAC216Tkf_R2.fastq.gz kf_fastqs/PDAC216Tkf_stats.txt kf_fastqs/PDAC217Tkf_R1_fastqc.html kf_fastqs/PDAC217Tkf_R1_fastqc.zip kf_fastqs/PDAC217Tkf_R1.fastq.gz kf_fastqs/PDAC217Tkf_R2_fastqc.html kf_fastqs/PDAC217Tkf_R2_fastqc.zip kf_fastqs/PDAC217Tkf_R2.fastq.gz kf_fastqs/PDAC217Tkf_stats.txt kf_fastqs/PDAC218Tkf_R1_fastqc.html kf_fastqs/PDAC218Tkf_R1_fastqc.zip kf_fastqs/PDAC218Tkf_R1.fastq.gz kf_fastqs/PDAC218Tkf_R2_fastqc.html kf_fastqs/PDAC218Tkf_R2_fastqc.zip kf_fastqs/PDAC218Tkf_R2.fastq.gz kf_fastqs/PDAC218Tkf_stats.txt kf_fastqs/PDAC219Tkf_R1_fastqc.html kf_fastqs/PDAC219Tkf_R1_fastqc.zip kf_fastqs/PDAC219Tkf_R1.fastq.gz kf_fastqs/PDAC219Tkf_R2_fastqc.html kf_fastqs/PDAC219Tkf_R2_fastqc.zip kf_fastqs/PDAC219Tkf_R2.fastq.gz kf_fastqs/PDAC219Tkf_stats.txt kf_fastqs/PDAC220Tkf_R1_fastqc.html kf_fastqs/PDAC220Tkf_R1_fastqc.zip kf_fastqs/PDAC220Tkf_R1.fastq.gz kf_fastqs/PDAC220Tkf_R2_fastqc.html kf_fastqs/PDAC220Tkf_R2_fastqc.zip kf_fastqs/PDAC220Tkf_R2.fastq.gz kf_fastqs/PDAC220Tkf_stats.txt kf_fastqs/PDAC221Tkf_R1_fastqc.html kf_fastqs/PDAC221Tkf_R1_fastqc.zip kf_fastqs/PDAC221Tkf_R1.fastq.gz kf_fastqs/PDAC221Tkf_R2_fastqc.html kf_fastqs/PDAC221Tkf_R2_fastqc.zip kf_fastqs/PDAC221Tkf_R2.fastq.gz kf_fastqs/PDAC221Tkf_stats.txt kf_fastqs/PDAC222Tkf_R1_fastqc.html kf_fastqs/PDAC222Tkf_R1_fastqc.zip kf_fastqs/PDAC222Tkf_R1.fastq.gz kf_fastqs/PDAC222Tkf_R2_fastqc.html kf_fastqs/PDAC222Tkf_R2_fastqc.zip kf_fastqs/PDAC222Tkf_R2.fastq.gz kf_fastqs/PDAC222Tkf_stats.txt kf_fastqs/PDAC223Tkf_R1_fastqc.html kf_fastqs/PDAC223Tkf_R1_fastqc.zip kf_fastqs/PDAC223Tkf_R1.fastq.gz kf_fastqs/PDAC223Tkf_R2_fastqc.html kf_fastqs/PDAC223Tkf_R2_fastqc.zip kf_fastqs/PDAC223Tkf_R2.fastq.gz kf_fastqs/PDAC223Tkf_stats.txt kf_fastqs/PDAC224Tkf_R1_fastqc.html kf_fastqs/PDAC224Tkf_R1_fastqc.zip kf_fastqs/PDAC224Tkf_R1.fastq.gz kf_fastqs/PDAC224Tkf_R2_fastqc.html kf_fastqs/PDAC224Tkf_R2_fastqc.zip kf_fastqs/PDAC224Tkf_R2.fastq.gz kf_fastqs/PDAC224Tkf_stats.txt kf_fastqs/PDAC225Tkf_R1_fastqc.html kf_fastqs/PDAC225Tkf_R1_fastqc.zip kf_fastqs/PDAC225Tkf_R1.fastq.gz kf_fastqs/PDAC225Tkf_R2_fastqc.html kf_fastqs/PDAC225Tkf_R2_fastqc.zip kf_fastqs/PDAC225Tkf_R2.fastq.gz kf_fastqs/PDAC225Tkf_stats.txt kf_fastqs/PDAC226Tkf_R1_fastqc.html kf_fastqs/PDAC226Tkf_R1_fastqc.zip kf_fastqs/PDAC226Tkf_R1.fastq.gz kf_fastqs/PDAC226Tkf_R2_fastqc.html kf_fastqs/PDAC226Tkf_R2_fastqc.zip kf_fastqs/PDAC226Tkf_R2.fastq.gz kf_fastqs/PDAC226Tkf_stats.txt kf_fastqs/PDAC227Tkf_R1_fastqc.html kf_fastqs/PDAC227Tkf_R1_fastqc.zip kf_fastqs/PDAC227Tkf_R1.fastq.gz kf_fastqs/PDAC227Tkf_R2_fastqc.html kf_fastqs/PDAC227Tkf_R2_fastqc.zip kf_fastqs/PDAC227Tkf_R2.fastq.gz kf_fastqs/PDAC227Tkf_stats.txt
[2021-04-22 10:22:36,154] multiqc                                            [DEBUG  ]  Working dir : /work/jsolorzano
[2021-04-22 10:22:36,154] multiqc                                            [INFO   ]  Template    : default
[2021-04-22 10:22:36,154] multiqc                                            [INFO   ]  Searching 'kf_fastqs/PDAC200Tkf_R1_fastqc.html'
[2021-04-22 10:22:36,154] multiqc                                            [INFO   ]  Searching 'kf_fastqs/PDAC200Tkf_R1_fastqc.zip'
[2021-04-22 10:22:36,154] multiqc                                            [INFO   ]  Searching 'kf_fastqs/PDAC200Tkf_R1.fastq.gz'
[2021-04-22 10:22:36,154] multiqc                                            [INFO   ]  Searching 'kf_fastqs/PDAC200Tkf_R2_fastqc.html'
[2021-04-22 10:22:36,154] multiqc                                            [INFO   ]  Searching 'kf_fastqs/PDAC200Tkf_R2_fastqc.zip'
[2021-04-22 10:22:36,155] multiqc                                            [INFO   ]  Searching 'kf_fastqs/PDAC200Tkf_R2.fastq.gz'
[2021-04-22 10:22:36,155] multiqc                                            [INFO   ]  Searching 'kf_fastqs/PDAC200Tkf_stats.txt'
[2021-04-22 10:22:36,155] multiqc                                            [INFO   ]  Searching 'kf_fastqs/PDAC201Tkf_R1_fastqc.html'
[2021-04-22 10:22:36,155] multiqc                                            [INFO   ]  Searching 'kf_fastqs/PDAC201Tkf_R1_fastqc.zip'
[2021-04-22 10:22:36,155] multiqc                                            [INFO   ]  Searching 'kf_fastqs/PDAC201Tkf_R1.fastq.gz'
[2021-04-22 10:22:36,155] multiqc                                            [INFO   ]  Searching 'kf_fastqs/PDAC201Tkf_R2_fastqc.html'
[2021-04-22 10:22:36,155] multiqc                                            [INFO   ]  Searching 'kf_fastqs/PDAC201Tkf_R2_fastqc.zip'
[2021-04-22 10:22:36,155] multiqc                                            [INFO   ]  Searching 'kf_fastqs/PDAC201Tkf_R2.fastq.gz'
[2021-04-22 10:22:36,156] multiqc                                            [INFO   ]  Searching 'kf_fastqs/PDAC201Tkf_stats.txt'
[2021-04-22 10:22:36,156] multiqc                                            [INFO   ]  Searching 'kf_fastqs/PDAC202Tkf_R1_fastqc.html'
[2021-04-22 10:22:36,156] multiqc                                            [INFO   ]  Searching 'kf_fastqs/PDAC202Tkf_R1_fastqc.zip'
[2021-04-22 10:22:36,156] multiqc                                            [INFO   ]  Searching 'kf_fastqs/PDAC202Tkf_R1.fastq.gz'
[2021-04-22 10:22:36,156] multiqc                                            [INFO   ]  Searching 'kf_fastqs/PDAC202Tkf_R2_fastqc.html'
[2021-04-22 10:22:36,156] multiqc                                            [INFO   ]  Searching 'kf_fastqs/PDAC202Tkf_R2_fastqc.zip'
[2021-04-22 10:22:36,156] multiqc                                            [INFO   ]  Searching 'kf_fastqs/PDAC202Tkf_R2.fastq.gz'
[2021-04-22 10:22:36,156] multiqc                                            [INFO   ]  Searching 'kf_fastqs/PDAC202Tkf_stats.txt'
[2021-04-22 10:22:36,156] multiqc                                            [INFO   ]  Searching 'kf_fastqs/PDAC203Tkf_R1_fastqc.html'
[2021-04-22 10:22:36,157] multiqc                                            [INFO   ]  Searching 'kf_fastqs/PDAC203Tkf_R1_fastqc.zip'
[2021-04-22 10:22:36,157] multiqc                                            [INFO   ]  Searching 'kf_fastqs/PDAC203Tkf_R1.fastq.gz'
[2021-04-22 10:22:36,157] multiqc                                            [INFO   ]  Searching 'kf_fastqs/PDAC203Tkf_R2_fastqc.html'
[2021-04-22 10:22:36,157] multiqc                                            [INFO   ]  Searching 'kf_fastqs/PDAC203Tkf_R2_fastqc.zip'
[2021-04-22 10:22:36,157] multiqc                                            [INFO   ]  Searching 'kf_fastqs/PDAC203Tkf_R2.fastq.gz'
[2021-04-22 10:22:36,157] multiqc                                            [INFO   ]  Searching 'kf_fastqs/PDAC203Tkf_stats.txt'
[2021-04-22 10:22:36,157] multiqc                                            [INFO   ]  Searching 'kf_fastqs/PDAC204Tkf_R1_fastqc.html'
[2021-04-22 10:22:36,157] multiqc                                            [INFO   ]  Searching 'kf_fastqs/PDAC204Tkf_R1_fastqc.zip'
[2021-04-22 10:22:36,158] multiqc                                            [INFO   ]  Searching 'kf_fastqs/PDAC204Tkf_R1.fastq.gz'
[2021-04-22 10:22:36,158] multiqc                                            [INFO   ]  Searching 'kf_fastqs/PDAC204Tkf_R2_fastqc.html'
[2021-04-22 10:22:36,158] multiqc                                            [INFO   ]  Searching 'kf_fastqs/PDAC204Tkf_R2_fastqc.zip'
[2021-04-22 10:22:36,158] multiqc                                            [INFO   ]  Searching 'kf_fastqs/PDAC204Tkf_R2.fastq.gz'
[2021-04-22 10:22:36,158] multiqc                                            [INFO   ]  Searching 'kf_fastqs/PDAC204Tkf_stats.txt'
[2021-04-22 10:22:36,158] multiqc                                            [INFO   ]  Searching 'kf_fastqs/PDAC205Tkf_R1_fastqc.html'
[2021-04-22 10:22:36,158] multiqc                                            [INFO   ]  Searching 'kf_fastqs/PDAC205Tkf_R1_fastqc.zip'
[2021-04-22 10:22:36,158] multiqc                                            [INFO   ]  Searching 'kf_fastqs/PDAC205Tkf_R1.fastq.gz'
[2021-04-22 10:22:36,158] multiqc                                            [INFO   ]  Searching 'kf_fastqs/PDAC205Tkf_R2_fastqc.html'
[2021-04-22 10:22:36,159] multiqc                                            [INFO   ]  Searching 'kf_fastqs/PDAC205Tkf_R2_fastqc.zip'
[2021-04-22 10:22:36,159] multiqc                                            [INFO   ]  Searching 'kf_fastqs/PDAC205Tkf_R2.fastq.gz'
[2021-04-22 10:22:36,159] multiqc                                            [INFO   ]  Searching 'kf_fastqs/PDAC205Tkf_stats.txt'
[2021-04-22 10:22:36,159] multiqc                                            [INFO   ]  Searching 'kf_fastqs/PDAC206Tkf_R1_fastqc.html'
[2021-04-22 10:22:36,159] multiqc                                            [INFO   ]  Searching 'kf_fastqs/PDAC206Tkf_R1_fastqc.zip'
[2021-04-22 10:22:36,159] multiqc                                            [INFO   ]  Searching 'kf_fastqs/PDAC206Tkf_R1.fastq.gz'
[2021-04-22 10:22:36,159] multiqc                                            [INFO   ]  Searching 'kf_fastqs/PDAC206Tkf_R2_fastqc.html'
[2021-04-22 10:22:36,159] multiqc                                            [INFO   ]  Searching 'kf_fastqs/PDAC206Tkf_R2_fastqc.zip'
[2021-04-22 10:22:36,159] multiqc                                            [INFO   ]  Searching 'kf_fastqs/PDAC206Tkf_R2.fastq.gz'
[2021-04-22 10:22:36,160] multiqc                                            [INFO   ]  Searching 'kf_fastqs/PDAC206Tkf_stats.txt'
[2021-04-22 10:22:36,160] multiqc                                            [INFO   ]  Searching 'kf_fastqs/PDAC207Tkf_R1_fastqc.html'
[2021-04-22 10:22:36,160] multiqc                                            [INFO   ]  Searching 'kf_fastqs/PDAC207Tkf_R1_fastqc.zip'
[2021-04-22 10:22:36,160] multiqc                                            [INFO   ]  Searching 'kf_fastqs/PDAC207Tkf_R1.fastq.gz'
[2021-04-22 10:22:36,160] multiqc                                            [INFO   ]  Searching 'kf_fastqs/PDAC207Tkf_R2_fastqc.html'
[2021-04-22 10:22:36,160] multiqc                                            [INFO   ]  Searching 'kf_fastqs/PDAC207Tkf_R2_fastqc.zip'
[2021-04-22 10:22:36,160] multiqc                                            [INFO   ]  Searching 'kf_fastqs/PDAC207Tkf_R2.fastq.gz'
[2021-04-22 10:22:36,160] multiqc                                            [INFO   ]  Searching 'kf_fastqs/PDAC207Tkf_stats.txt'
[2021-04-22 10:22:36,161] multiqc                                            [INFO   ]  Searching 'kf_fastqs/PDAC208Tkf_R1_fastqc.html'
[2021-04-22 10:22:36,161] multiqc                                            [INFO   ]  Searching 'kf_fastqs/PDAC208Tkf_R1_fastqc.zip'
[2021-04-22 10:22:36,161] multiqc                                            [INFO   ]  Searching 'kf_fastqs/PDAC208Tkf_R1.fastq.gz'
[2021-04-22 10:22:36,161] multiqc                                            [INFO   ]  Searching 'kf_fastqs/PDAC208Tkf_R2_fastqc.html'
[2021-04-22 10:22:36,161] multiqc                                            [INFO   ]  Searching 'kf_fastqs/PDAC208Tkf_R2_fastqc.zip'
[2021-04-22 10:22:36,161] multiqc                                            [INFO   ]  Searching 'kf_fastqs/PDAC208Tkf_R2.fastq.gz'
[2021-04-22 10:22:36,161] multiqc                                            [INFO   ]  Searching 'kf_fastqs/PDAC208Tkf_stats.txt'
[2021-04-22 10:22:36,161] multiqc                                            [INFO   ]  Searching 'kf_fastqs/PDAC209Tkf_R1_fastqc.html'
[2021-04-22 10:22:36,161] multiqc                                            [INFO   ]  Searching 'kf_fastqs/PDAC209Tkf_R1_fastqc.zip'
[2021-04-22 10:22:36,162] multiqc                                            [INFO   ]  Searching 'kf_fastqs/PDAC209Tkf_R1.fastq.gz'
[2021-04-22 10:22:36,162] multiqc                                            [INFO   ]  Searching 'kf_fastqs/PDAC209Tkf_R2_fastqc.html'
[2021-04-22 10:22:36,162] multiqc                                            [INFO   ]  Searching 'kf_fastqs/PDAC209Tkf_R2_fastqc.zip'
[2021-04-22 10:22:36,162] multiqc                                            [INFO   ]  Searching 'kf_fastqs/PDAC209Tkf_R2.fastq.gz'
[2021-04-22 10:22:36,162] multiqc                                            [INFO   ]  Searching 'kf_fastqs/PDAC209Tkf_stats.txt'
[2021-04-22 10:22:36,162] multiqc                                            [INFO   ]  Searching 'kf_fastqs/PDAC210Tkf_R1_fastqc.html'
[2021-04-22 10:22:36,162] multiqc                                            [INFO   ]  Searching 'kf_fastqs/PDAC210Tkf_R1_fastqc.zip'
[2021-04-22 10:22:36,162] multiqc                                            [INFO   ]  Searching 'kf_fastqs/PDAC210Tkf_R1.fastq.gz'
[2021-04-22 10:22:36,162] multiqc                                            [INFO   ]  Searching 'kf_fastqs/PDAC210Tkf_R2_fastqc.html'
[2021-04-22 10:22:36,163] multiqc                                            [INFO   ]  Searching 'kf_fastqs/PDAC210Tkf_R2_fastqc.zip'
[2021-04-22 10:22:36,163] multiqc                                            [INFO   ]  Searching 'kf_fastqs/PDAC210Tkf_R2.fastq.gz'
[2021-04-22 10:22:36,163] multiqc                                            [INFO   ]  Searching 'kf_fastqs/PDAC210Tkf_stats.txt'
[2021-04-22 10:22:36,163] multiqc                                            [INFO   ]  Searching 'kf_fastqs/PDAC211Tkf_R1_fastqc.html'
[2021-04-22 10:22:36,163] multiqc                                            [INFO   ]  Searching 'kf_fastqs/PDAC211Tkf_R1_fastqc.zip'
[2021-04-22 10:22:36,163] multiqc                                            [INFO   ]  Searching 'kf_fastqs/PDAC211Tkf_R1.fastq.gz'
[2021-04-22 10:22:36,163] multiqc                                            [INFO   ]  Searching 'kf_fastqs/PDAC211Tkf_R2_fastqc.html'
[2021-04-22 10:22:36,163] multiqc                                            [INFO   ]  Searching 'kf_fastqs/PDAC211Tkf_R2_fastqc.zip'
[2021-04-22 10:22:36,164] multiqc                                            [INFO   ]  Searching 'kf_fastqs/PDAC211Tkf_R2.fastq.gz'
[2021-04-22 10:22:36,164] multiqc                                            [INFO   ]  Searching 'kf_fastqs/PDAC211Tkf_stats.txt'
[2021-04-22 10:22:36,164] multiqc                                            [INFO   ]  Searching 'kf_fastqs/PDAC212Tkf_R1.fastq.gz'
[2021-04-22 10:22:36,164] multiqc                                            [INFO   ]  Searching 'kf_fastqs/PDAC212Tkf_R2.fastq.gz'
[2021-04-22 10:22:36,164] multiqc                                            [INFO   ]  Searching 'kf_fastqs/PDAC213Tkf_R1_fastqc.html'
[2021-04-22 10:22:36,164] multiqc                                            [INFO   ]  Searching 'kf_fastqs/PDAC213Tkf_R1_fastqc.zip'
[2021-04-22 10:22:36,164] multiqc                                            [INFO   ]  Searching 'kf_fastqs/PDAC213Tkf_R1.fastq.gz'
[2021-04-22 10:22:36,164] multiqc                                            [INFO   ]  Searching 'kf_fastqs/PDAC213Tkf_R2_fastqc.html'
[2021-04-22 10:22:36,164] multiqc                                            [INFO   ]  Searching 'kf_fastqs/PDAC213Tkf_R2_fastqc.zip'
[2021-04-22 10:22:36,165] multiqc                                            [INFO   ]  Searching 'kf_fastqs/PDAC213Tkf_R2.fastq.gz'
[2021-04-22 10:22:36,165] multiqc                                            [INFO   ]  Searching 'kf_fastqs/PDAC213Tkf_stats.txt'
[2021-04-22 10:22:36,165] multiqc                                            [INFO   ]  Searching 'kf_fastqs/PDAC214Tkf_R1_fastqc.html'
[2021-04-22 10:22:36,165] multiqc                                            [INFO   ]  Searching 'kf_fastqs/PDAC214Tkf_R1_fastqc.zip'
[2021-04-22 10:22:36,165] multiqc                                            [INFO   ]  Searching 'kf_fastqs/PDAC214Tkf_R1.fastq.gz'
[2021-04-22 10:22:36,165] multiqc                                            [INFO   ]  Searching 'kf_fastqs/PDAC214Tkf_R2_fastqc.html'
[2021-04-22 10:22:36,165] multiqc                                            [INFO   ]  Searching 'kf_fastqs/PDAC214Tkf_R2_fastqc.zip'
[2021-04-22 10:22:36,165] multiqc                                            [INFO   ]  Searching 'kf_fastqs/PDAC214Tkf_R2.fastq.gz'
[2021-04-22 10:22:36,165] multiqc                                            [INFO   ]  Searching 'kf_fastqs/PDAC214Tkf_stats.txt'
[2021-04-22 10:22:36,166] multiqc                                            [INFO   ]  Searching 'kf_fastqs/PDAC215Tkf_R1_fastqc.html'
[2021-04-22 10:22:36,166] multiqc                                            [INFO   ]  Searching 'kf_fastqs/PDAC215Tkf_R1_fastqc.zip'
[2021-04-22 10:22:36,166] multiqc                                            [INFO   ]  Searching 'kf_fastqs/PDAC215Tkf_R1.fastq.gz'
[2021-04-22 10:22:36,166] multiqc                                            [INFO   ]  Searching 'kf_fastqs/PDAC215Tkf_R2_fastqc.html'
[2021-04-22 10:22:36,166] multiqc                                            [INFO   ]  Searching 'kf_fastqs/PDAC215Tkf_R2_fastqc.zip'
[2021-04-22 10:22:36,166] multiqc                                            [INFO   ]  Searching 'kf_fastqs/PDAC215Tkf_R2.fastq.gz'
[2021-04-22 10:22:36,166] multiqc                                            [INFO   ]  Searching 'kf_fastqs/PDAC215Tkf_stats.txt'
[2021-04-22 10:22:36,166] multiqc                                            [INFO   ]  Searching 'kf_fastqs/PDAC216Tkf_R1_fastqc.html'
[2021-04-22 10:22:36,166] multiqc                                            [INFO   ]  Searching 'kf_fastqs/PDAC216Tkf_R1_fastqc.zip'
[2021-04-22 10:22:36,166] multiqc                                            [INFO   ]  Searching 'kf_fastqs/PDAC216Tkf_R1.fastq.gz'
[2021-04-22 10:22:36,167] multiqc                                            [INFO   ]  Searching 'kf_fastqs/PDAC216Tkf_R2_fastqc.html'
[2021-04-22 10:22:36,167] multiqc                                            [INFO   ]  Searching 'kf_fastqs/PDAC216Tkf_R2_fastqc.zip'
[2021-04-22 10:22:36,167] multiqc                                            [INFO   ]  Searching 'kf_fastqs/PDAC216Tkf_R2.fastq.gz'
[2021-04-22 10:22:36,167] multiqc                                            [INFO   ]  Searching 'kf_fastqs/PDAC216Tkf_stats.txt'
[2021-04-22 10:22:36,167] multiqc                                            [INFO   ]  Searching 'kf_fastqs/PDAC217Tkf_R1_fastqc.html'
[2021-04-22 10:22:36,167] multiqc                                            [INFO   ]  Searching 'kf_fastqs/PDAC217Tkf_R1_fastqc.zip'
[2021-04-22 10:22:36,167] multiqc                                            [INFO   ]  Searching 'kf_fastqs/PDAC217Tkf_R1.fastq.gz'
[2021-04-22 10:22:36,167] multiqc                                            [INFO   ]  Searching 'kf_fastqs/PDAC217Tkf_R2_fastqc.html'
[2021-04-22 10:22:36,167] multiqc                                            [INFO   ]  Searching 'kf_fastqs/PDAC217Tkf_R2_fastqc.zip'
[2021-04-22 10:22:36,168] multiqc                                            [INFO   ]  Searching 'kf_fastqs/PDAC217Tkf_R2.fastq.gz'
[2021-04-22 10:22:36,168] multiqc                                            [INFO   ]  Searching 'kf_fastqs/PDAC217Tkf_stats.txt'
[2021-04-22 10:22:36,168] multiqc                                            [INFO   ]  Searching 'kf_fastqs/PDAC218Tkf_R1_fastqc.html'
[2021-04-22 10:22:36,168] multiqc                                            [INFO   ]  Searching 'kf_fastqs/PDAC218Tkf_R1_fastqc.zip'
[2021-04-22 10:22:36,168] multiqc                                            [INFO   ]  Searching 'kf_fastqs/PDAC218Tkf_R1.fastq.gz'
[2021-04-22 10:22:36,168] multiqc                                            [INFO   ]  Searching 'kf_fastqs/PDAC218Tkf_R2_fastqc.html'
[2021-04-22 10:22:36,168] multiqc                                            [INFO   ]  Searching 'kf_fastqs/PDAC218Tkf_R2_fastqc.zip'
[2021-04-22 10:22:36,168] multiqc                                            [INFO   ]  Searching 'kf_fastqs/PDAC218Tkf_R2.fastq.gz'
[2021-04-22 10:22:36,168] multiqc                                            [INFO   ]  Searching 'kf_fastqs/PDAC218Tkf_stats.txt'
[2021-04-22 10:22:36,169] multiqc                                            [INFO   ]  Searching 'kf_fastqs/PDAC219Tkf_R1_fastqc.html'
[2021-04-22 10:22:36,169] multiqc                                            [INFO   ]  Searching 'kf_fastqs/PDAC219Tkf_R1_fastqc.zip'
[2021-04-22 10:22:36,169] multiqc                                            [INFO   ]  Searching 'kf_fastqs/PDAC219Tkf_R1.fastq.gz'
[2021-04-22 10:22:36,169] multiqc                                            [INFO   ]  Searching 'kf_fastqs/PDAC219Tkf_R2_fastqc.html'
[2021-04-22 10:22:36,169] multiqc                                            [INFO   ]  Searching 'kf_fastqs/PDAC219Tkf_R2_fastqc.zip'
[2021-04-22 10:22:36,169] multiqc                                            [INFO   ]  Searching 'kf_fastqs/PDAC219Tkf_R2.fastq.gz'
[2021-04-22 10:22:36,169] multiqc                                            [INFO   ]  Searching 'kf_fastqs/PDAC219Tkf_stats.txt'
[2021-04-22 10:22:36,169] multiqc                                            [INFO   ]  Searching 'kf_fastqs/PDAC220Tkf_R1_fastqc.html'
[2021-04-22 10:22:36,169] multiqc                                            [INFO   ]  Searching 'kf_fastqs/PDAC220Tkf_R1_fastqc.zip'
[2021-04-22 10:22:36,169] multiqc                                            [INFO   ]  Searching 'kf_fastqs/PDAC220Tkf_R1.fastq.gz'
[2021-04-22 10:22:36,170] multiqc                                            [INFO   ]  Searching 'kf_fastqs/PDAC220Tkf_R2_fastqc.html'
[2021-04-22 10:22:36,170] multiqc                                            [INFO   ]  Searching 'kf_fastqs/PDAC220Tkf_R2_fastqc.zip'
[2021-04-22 10:22:36,170] multiqc                                            [INFO   ]  Searching 'kf_fastqs/PDAC220Tkf_R2.fastq.gz'
[2021-04-22 10:22:36,170] multiqc                                            [INFO   ]  Searching 'kf_fastqs/PDAC220Tkf_stats.txt'
[2021-04-22 10:22:36,170] multiqc                                            [INFO   ]  Searching 'kf_fastqs/PDAC221Tkf_R1_fastqc.html'
[2021-04-22 10:22:36,170] multiqc                                            [INFO   ]  Searching 'kf_fastqs/PDAC221Tkf_R1_fastqc.zip'
[2021-04-22 10:22:36,170] multiqc                                            [INFO   ]  Searching 'kf_fastqs/PDAC221Tkf_R1.fastq.gz'
[2021-04-22 10:22:36,170] multiqc                                            [INFO   ]  Searching 'kf_fastqs/PDAC221Tkf_R2_fastqc.html'
[2021-04-22 10:22:36,170] multiqc                                            [INFO   ]  Searching 'kf_fastqs/PDAC221Tkf_R2_fastqc.zip'
[2021-04-22 10:22:36,171] multiqc                                            [INFO   ]  Searching 'kf_fastqs/PDAC221Tkf_R2.fastq.gz'
[2021-04-22 10:22:36,171] multiqc                                            [INFO   ]  Searching 'kf_fastqs/PDAC221Tkf_stats.txt'
[2021-04-22 10:22:36,171] multiqc                                            [INFO   ]  Searching 'kf_fastqs/PDAC222Tkf_R1_fastqc.html'
[2021-04-22 10:22:36,171] multiqc                                            [INFO   ]  Searching 'kf_fastqs/PDAC222Tkf_R1_fastqc.zip'
[2021-04-22 10:22:36,171] multiqc                                            [INFO   ]  Searching 'kf_fastqs/PDAC222Tkf_R1.fastq.gz'
[2021-04-22 10:22:36,171] multiqc                                            [INFO   ]  Searching 'kf_fastqs/PDAC222Tkf_R2_fastqc.html'
[2021-04-22 10:22:36,171] multiqc                                            [INFO   ]  Searching 'kf_fastqs/PDAC222Tkf_R2_fastqc.zip'
[2021-04-22 10:22:36,171] multiqc                                            [INFO   ]  Searching 'kf_fastqs/PDAC222Tkf_R2.fastq.gz'
[2021-04-22 10:22:36,171] multiqc                                            [INFO   ]  Searching 'kf_fastqs/PDAC222Tkf_stats.txt'
[2021-04-22 10:22:36,172] multiqc                                            [INFO   ]  Searching 'kf_fastqs/PDAC223Tkf_R1_fastqc.html'
[2021-04-22 10:22:36,172] multiqc                                            [INFO   ]  Searching 'kf_fastqs/PDAC223Tkf_R1_fastqc.zip'
[2021-04-22 10:22:36,172] multiqc                                            [INFO   ]  Searching 'kf_fastqs/PDAC223Tkf_R1.fastq.gz'
[2021-04-22 10:22:36,172] multiqc                                            [INFO   ]  Searching 'kf_fastqs/PDAC223Tkf_R2_fastqc.html'
[2021-04-22 10:22:36,172] multiqc                                            [INFO   ]  Searching 'kf_fastqs/PDAC223Tkf_R2_fastqc.zip'
[2021-04-22 10:22:36,172] multiqc                                            [INFO   ]  Searching 'kf_fastqs/PDAC223Tkf_R2.fastq.gz'
[2021-04-22 10:22:36,172] multiqc                                            [INFO   ]  Searching 'kf_fastqs/PDAC223Tkf_stats.txt'
[2021-04-22 10:22:36,172] multiqc                                            [INFO   ]  Searching 'kf_fastqs/PDAC224Tkf_R1_fastqc.html'
[2021-04-22 10:22:36,172] multiqc                                            [INFO   ]  Searching 'kf_fastqs/PDAC224Tkf_R1_fastqc.zip'
[2021-04-22 10:22:36,173] multiqc                                            [INFO   ]  Searching 'kf_fastqs/PDAC224Tkf_R1.fastq.gz'
[2021-04-22 10:22:36,173] multiqc                                            [INFO   ]  Searching 'kf_fastqs/PDAC224Tkf_R2_fastqc.html'
[2021-04-22 10:22:36,173] multiqc                                            [INFO   ]  Searching 'kf_fastqs/PDAC224Tkf_R2_fastqc.zip'
[2021-04-22 10:22:36,173] multiqc                                            [INFO   ]  Searching 'kf_fastqs/PDAC224Tkf_R2.fastq.gz'
[2021-04-22 10:22:36,173] multiqc                                            [INFO   ]  Searching 'kf_fastqs/PDAC224Tkf_stats.txt'
[2021-04-22 10:22:36,173] multiqc                                            [INFO   ]  Searching 'kf_fastqs/PDAC225Tkf_R1_fastqc.html'
[2021-04-22 10:22:36,173] multiqc                                            [INFO   ]  Searching 'kf_fastqs/PDAC225Tkf_R1_fastqc.zip'
[2021-04-22 10:22:36,173] multiqc                                            [INFO   ]  Searching 'kf_fastqs/PDAC225Tkf_R1.fastq.gz'
[2021-04-22 10:22:36,173] multiqc                                            [INFO   ]  Searching 'kf_fastqs/PDAC225Tkf_R2_fastqc.html'
[2021-04-22 10:22:36,173] multiqc                                            [INFO   ]  Searching 'kf_fastqs/PDAC225Tkf_R2_fastqc.zip'
[2021-04-22 10:22:36,174] multiqc                                            [INFO   ]  Searching 'kf_fastqs/PDAC225Tkf_R2.fastq.gz'
[2021-04-22 10:22:36,174] multiqc                                            [INFO   ]  Searching 'kf_fastqs/PDAC225Tkf_stats.txt'
[2021-04-22 10:22:36,174] multiqc                                            [INFO   ]  Searching 'kf_fastqs/PDAC226Tkf_R1_fastqc.html'
[2021-04-22 10:22:36,174] multiqc                                            [INFO   ]  Searching 'kf_fastqs/PDAC226Tkf_R1_fastqc.zip'
[2021-04-22 10:22:36,174] multiqc                                            [INFO   ]  Searching 'kf_fastqs/PDAC226Tkf_R1.fastq.gz'
[2021-04-22 10:22:36,174] multiqc                                            [INFO   ]  Searching 'kf_fastqs/PDAC226Tkf_R2_fastqc.html'
[2021-04-22 10:22:36,174] multiqc                                            [INFO   ]  Searching 'kf_fastqs/PDAC226Tkf_R2_fastqc.zip'
[2021-04-22 10:22:36,174] multiqc                                            [INFO   ]  Searching 'kf_fastqs/PDAC226Tkf_R2.fastq.gz'
[2021-04-22 10:22:36,174] multiqc                                            [INFO   ]  Searching 'kf_fastqs/PDAC226Tkf_stats.txt'
[2021-04-22 10:22:36,175] multiqc                                            [INFO   ]  Searching 'kf_fastqs/PDAC227Tkf_R1_fastqc.html'
[2021-04-22 10:22:36,175] multiqc                                            [INFO   ]  Searching 'kf_fastqs/PDAC227Tkf_R1_fastqc.zip'
[2021-04-22 10:22:36,175] multiqc                                            [INFO   ]  Searching 'kf_fastqs/PDAC227Tkf_R1.fastq.gz'
[2021-04-22 10:22:36,175] multiqc                                            [INFO   ]  Searching 'kf_fastqs/PDAC227Tkf_R2_fastqc.html'
[2021-04-22 10:22:36,175] multiqc                                            [INFO   ]  Searching 'kf_fastqs/PDAC227Tkf_R2_fastqc.zip'
[2021-04-22 10:22:36,175] multiqc                                            [INFO   ]  Searching 'kf_fastqs/PDAC227Tkf_R2.fastq.gz'
[2021-04-22 10:22:36,175] multiqc                                            [INFO   ]  Searching 'kf_fastqs/PDAC227Tkf_stats.txt'
[2021-04-22 10:22:36,176] multiqc                                            [DEBUG  ]  Analysing modules: custom_content, conpair, peddy, methylQA, phantompeakqualtools, qualimap, preseq, quast, qorts, rna_seqc, rsem, rseqc, busco, goleft_indexcov, disambiguate, supernova, deeptools, sargasso, verifybamid, mirtrace, happy, homer, macs2, theta2, snpeff, gatk, htseq, bcftools, featureCounts, dedup, damageprofiler, picard, prokka, samblaster, samtools, bamtools, jellyfish, vcftools, longranger, stacks, bbmap, bismark, biscuit, hicexplorer, hicup, hicpro, salmon, kallisto, slamdunk, star, hisat2, tophat, bowtie2, bowtie1, kat, leehom, adapterRemoval, clipandmerge, cutadapt, flexbar, trimmomatic, skewer, sortmerna, biobloomtools, fastq_screen, afterqc, fastp, fastqc, minionqc, clusterflow, bcl2fastq, interop, flash
[2021-04-22 10:22:36,176] multiqc                                            [DEBUG  ]  Using temporary directory for creating report: /tmp/tmppifdlbtj
[2021-04-22 10:22:36,354] multiqc                                            [DEBUG  ]  Ignoring file as matched an ignore pattern: PDAC200Tkf_R1_fastqc.html
[2021-04-22 10:22:36,363] multiqc                                            [DEBUG  ]  Ignoring file as matched an ignore pattern: PDAC200Tkf_R1.fastq.gz
[2021-04-22 10:22:36,363] multiqc                                            [DEBUG  ]  Ignoring file as matched an ignore pattern: PDAC200Tkf_R2_fastqc.html
[2021-04-22 10:22:36,364] multiqc                                            [DEBUG  ]  Ignoring file as matched an ignore pattern: PDAC200Tkf_R2.fastq.gz
[2021-04-22 10:22:36,380] multiqc                                            [DEBUG  ]  Ignoring file as matched an ignore pattern: PDAC201Tkf_R1_fastqc.html
[2021-04-22 10:22:36,381] multiqc                                            [DEBUG  ]  Ignoring file as matched an ignore pattern: PDAC201Tkf_R1.fastq.gz
[2021-04-22 10:22:36,381] multiqc                                            [DEBUG  ]  Ignoring file as matched an ignore pattern: PDAC201Tkf_R2_fastqc.html
[2021-04-22 10:22:36,382] multiqc                                            [DEBUG  ]  Ignoring file as matched an ignore pattern: PDAC201Tkf_R2.fastq.gz
[2021-04-22 10:22:36,384] multiqc                                            [DEBUG  ]  Ignoring file as matched an ignore pattern: PDAC202Tkf_R1_fastqc.html
[2021-04-22 10:22:36,384] multiqc                                            [DEBUG  ]  Ignoring file as matched an ignore pattern: PDAC202Tkf_R1.fastq.gz
[2021-04-22 10:22:36,384] multiqc                                            [DEBUG  ]  Ignoring file as matched an ignore pattern: PDAC202Tkf_R2_fastqc.html
[2021-04-22 10:22:36,385] multiqc                                            [DEBUG  ]  Ignoring file as matched an ignore pattern: PDAC202Tkf_R2.fastq.gz
[2021-04-22 10:22:36,387] multiqc                                            [DEBUG  ]  Ignoring file as matched an ignore pattern: PDAC203Tkf_R1_fastqc.html
[2021-04-22 10:22:36,388] multiqc                                            [DEBUG  ]  Ignoring file as matched an ignore pattern: PDAC203Tkf_R1.fastq.gz
[2021-04-22 10:22:36,388] multiqc                                            [DEBUG  ]  Ignoring file as matched an ignore pattern: PDAC203Tkf_R2_fastqc.html
[2021-04-22 10:22:36,388] multiqc                                            [DEBUG  ]  Ignoring file as matched an ignore pattern: PDAC203Tkf_R2.fastq.gz
[2021-04-22 10:22:36,391] multiqc                                            [DEBUG  ]  Ignoring file as matched an ignore pattern: PDAC204Tkf_R1_fastqc.html
[2021-04-22 10:22:36,391] multiqc                                            [DEBUG  ]  Ignoring file as matched an ignore pattern: PDAC204Tkf_R1.fastq.gz
[2021-04-22 10:22:36,391] multiqc                                            [DEBUG  ]  Ignoring file as matched an ignore pattern: PDAC204Tkf_R2_fastqc.html
[2021-04-22 10:22:36,392] multiqc                                            [DEBUG  ]  Ignoring file as matched an ignore pattern: PDAC204Tkf_R2.fastq.gz
[2021-04-22 10:22:36,394] multiqc                                            [DEBUG  ]  Ignoring file as matched an ignore pattern: PDAC205Tkf_R1_fastqc.html
[2021-04-22 10:22:36,394] multiqc                                            [DEBUG  ]  Ignoring file as matched an ignore pattern: PDAC205Tkf_R1.fastq.gz
[2021-04-22 10:22:36,394] multiqc                                            [DEBUG  ]  Ignoring file as matched an ignore pattern: PDAC205Tkf_R2_fastqc.html
[2021-04-22 10:22:36,395] multiqc                                            [DEBUG  ]  Ignoring file as matched an ignore pattern: PDAC205Tkf_R2.fastq.gz
[2021-04-22 10:22:36,397] multiqc                                            [DEBUG  ]  Ignoring file as matched an ignore pattern: PDAC206Tkf_R1_fastqc.html
[2021-04-22 10:22:36,397] multiqc                                            [DEBUG  ]  Ignoring file as matched an ignore pattern: PDAC206Tkf_R1.fastq.gz
[2021-04-22 10:22:36,397] multiqc                                            [DEBUG  ]  Ignoring file as matched an ignore pattern: PDAC206Tkf_R2_fastqc.html
[2021-04-22 10:22:36,398] multiqc                                            [DEBUG  ]  Ignoring file as matched an ignore pattern: PDAC206Tkf_R2.fastq.gz
[2021-04-22 10:22:36,400] multiqc                                            [DEBUG  ]  Ignoring file as matched an ignore pattern: PDAC207Tkf_R1_fastqc.html
[2021-04-22 10:22:36,400] multiqc                                            [DEBUG  ]  Ignoring file as matched an ignore pattern: PDAC207Tkf_R1.fastq.gz
[2021-04-22 10:22:36,400] multiqc                                            [DEBUG  ]  Ignoring file as matched an ignore pattern: PDAC207Tkf_R2_fastqc.html
[2021-04-22 10:22:36,401] multiqc                                            [DEBUG  ]  Ignoring file as matched an ignore pattern: PDAC207Tkf_R2.fastq.gz
[2021-04-22 10:22:36,403] multiqc                                            [DEBUG  ]  Ignoring file as matched an ignore pattern: PDAC208Tkf_R1_fastqc.html
[2021-04-22 10:22:36,403] multiqc                                            [DEBUG  ]  Ignoring file as matched an ignore pattern: PDAC208Tkf_R1.fastq.gz
[2021-04-22 10:22:36,403] multiqc                                            [DEBUG  ]  Ignoring file as matched an ignore pattern: PDAC208Tkf_R2_fastqc.html
[2021-04-22 10:22:36,404] multiqc                                            [DEBUG  ]  Ignoring file as matched an ignore pattern: PDAC208Tkf_R2.fastq.gz
[2021-04-22 10:22:36,406] multiqc                                            [DEBUG  ]  Ignoring file as matched an ignore pattern: PDAC209Tkf_R1_fastqc.html
[2021-04-22 10:22:36,406] multiqc                                            [DEBUG  ]  Ignoring file as matched an ignore pattern: PDAC209Tkf_R1.fastq.gz
[2021-04-22 10:22:36,406] multiqc                                            [DEBUG  ]  Ignoring file as matched an ignore pattern: PDAC209Tkf_R2_fastqc.html
[2021-04-22 10:22:36,407] multiqc                                            [DEBUG  ]  Ignoring file as matched an ignore pattern: PDAC209Tkf_R2.fastq.gz
[2021-04-22 10:22:36,409] multiqc                                            [DEBUG  ]  Ignoring file as matched an ignore pattern: PDAC210Tkf_R1_fastqc.html
[2021-04-22 10:22:36,409] multiqc                                            [DEBUG  ]  Ignoring file as matched an ignore pattern: PDAC210Tkf_R1.fastq.gz
[2021-04-22 10:22:36,409] multiqc                                            [DEBUG  ]  Ignoring file as matched an ignore pattern: PDAC210Tkf_R2_fastqc.html
[2021-04-22 10:22:36,410] multiqc                                            [DEBUG  ]  Ignoring file as matched an ignore pattern: PDAC210Tkf_R2.fastq.gz
[2021-04-22 10:22:36,412] multiqc                                            [DEBUG  ]  Ignoring file as matched an ignore pattern: PDAC211Tkf_R1_fastqc.html
[2021-04-22 10:22:36,412] multiqc                                            [DEBUG  ]  Ignoring file as matched an ignore pattern: PDAC211Tkf_R1.fastq.gz
[2021-04-22 10:22:36,412] multiqc                                            [DEBUG  ]  Ignoring file as matched an ignore pattern: PDAC211Tkf_R2_fastqc.html
[2021-04-22 10:22:36,413] multiqc                                            [DEBUG  ]  Ignoring file as matched an ignore pattern: PDAC211Tkf_R2.fastq.gz
[2021-04-22 10:22:36,415] multiqc                                            [DEBUG  ]  Ignoring file as matched an ignore pattern: PDAC212Tkf_R1.fastq.gz
[2021-04-22 10:22:36,415] multiqc                                            [DEBUG  ]  Ignoring file as matched an ignore pattern: PDAC212Tkf_R2.fastq.gz
[2021-04-22 10:22:36,415] multiqc                                            [DEBUG  ]  Ignoring file as matched an ignore pattern: PDAC213Tkf_R1_fastqc.html
[2021-04-22 10:22:36,416] multiqc                                            [DEBUG  ]  Ignoring file as matched an ignore pattern: PDAC213Tkf_R1.fastq.gz
[2021-04-22 10:22:36,416] multiqc                                            [DEBUG  ]  Ignoring file as matched an ignore pattern: PDAC213Tkf_R2_fastqc.html
[2021-04-22 10:22:36,416] multiqc                                            [DEBUG  ]  Ignoring file as matched an ignore pattern: PDAC213Tkf_R2.fastq.gz
[2021-04-22 10:22:36,419] multiqc                                            [DEBUG  ]  Ignoring file as matched an ignore pattern: PDAC214Tkf_R1_fastqc.html
[2021-04-22 10:22:36,419] multiqc                                            [DEBUG  ]  Ignoring file as matched an ignore pattern: PDAC214Tkf_R1.fastq.gz
[2021-04-22 10:22:36,419] multiqc                                            [DEBUG  ]  Ignoring file as matched an ignore pattern: PDAC214Tkf_R2_fastqc.html
[2021-04-22 10:22:36,420] multiqc                                            [DEBUG  ]  Ignoring file as matched an ignore pattern: PDAC214Tkf_R2.fastq.gz
[2021-04-22 10:22:36,422] multiqc                                            [DEBUG  ]  Ignoring file as matched an ignore pattern: PDAC215Tkf_R1_fastqc.html
[2021-04-22 10:22:36,422] multiqc                                            [DEBUG  ]  Ignoring file as matched an ignore pattern: PDAC215Tkf_R1.fastq.gz
[2021-04-22 10:22:36,422] multiqc                                            [DEBUG  ]  Ignoring file as matched an ignore pattern: PDAC215Tkf_R2_fastqc.html
[2021-04-22 10:22:36,423] multiqc                                            [DEBUG  ]  Ignoring file as matched an ignore pattern: PDAC215Tkf_R2.fastq.gz
[2021-04-22 10:22:36,425] multiqc                                            [DEBUG  ]  Ignoring file as matched an ignore pattern: PDAC216Tkf_R1_fastqc.html
[2021-04-22 10:22:36,425] multiqc                                            [DEBUG  ]  Ignoring file as matched an ignore pattern: PDAC216Tkf_R1.fastq.gz
[2021-04-22 10:22:36,425] multiqc                                            [DEBUG  ]  Ignoring file as matched an ignore pattern: PDAC216Tkf_R2_fastqc.html
[2021-04-22 10:22:36,426] multiqc                                            [DEBUG  ]  Ignoring file as matched an ignore pattern: PDAC216Tkf_R2.fastq.gz
[2021-04-22 10:22:36,428] multiqc                                            [DEBUG  ]  Ignoring file as matched an ignore pattern: PDAC217Tkf_R1_fastqc.html
[2021-04-22 10:22:36,428] multiqc                                            [DEBUG  ]  Ignoring file as matched an ignore pattern: PDAC217Tkf_R1.fastq.gz
[2021-04-22 10:22:36,428] multiqc                                            [DEBUG  ]  Ignoring file as matched an ignore pattern: PDAC217Tkf_R2_fastqc.html
[2021-04-22 10:22:36,429] multiqc                                            [DEBUG  ]  Ignoring file as matched an ignore pattern: PDAC217Tkf_R2.fastq.gz
[2021-04-22 10:22:36,431] multiqc                                            [DEBUG  ]  Ignoring file as matched an ignore pattern: PDAC218Tkf_R1_fastqc.html
[2021-04-22 10:22:36,431] multiqc                                            [DEBUG  ]  Ignoring file as matched an ignore pattern: PDAC218Tkf_R1.fastq.gz
[2021-04-22 10:22:36,431] multiqc                                            [DEBUG  ]  Ignoring file as matched an ignore pattern: PDAC218Tkf_R2_fastqc.html
[2021-04-22 10:22:36,432] multiqc                                            [DEBUG  ]  Ignoring file as matched an ignore pattern: PDAC218Tkf_R2.fastq.gz
[2021-04-22 10:22:36,434] multiqc                                            [DEBUG  ]  Ignoring file as matched an ignore pattern: PDAC219Tkf_R1_fastqc.html
[2021-04-22 10:22:36,435] multiqc                                            [DEBUG  ]  Ignoring file as matched an ignore pattern: PDAC219Tkf_R1.fastq.gz
[2021-04-22 10:22:36,435] multiqc                                            [DEBUG  ]  Ignoring file as matched an ignore pattern: PDAC219Tkf_R2_fastqc.html
[2021-04-22 10:22:36,435] multiqc                                            [DEBUG  ]  Ignoring file as matched an ignore pattern: PDAC219Tkf_R2.fastq.gz
[2021-04-22 10:22:36,437] multiqc                                            [DEBUG  ]  Ignoring file as matched an ignore pattern: PDAC220Tkf_R1_fastqc.html
[2021-04-22 10:22:36,437] multiqc                                            [DEBUG  ]  Ignoring file as matched an ignore pattern: PDAC220Tkf_R1.fastq.gz
[2021-04-22 10:22:36,438] multiqc                                            [DEBUG  ]  Ignoring file as matched an ignore pattern: PDAC220Tkf_R2_fastqc.html
[2021-04-22 10:22:36,438] multiqc                                            [DEBUG  ]  Ignoring file as matched an ignore pattern: PDAC220Tkf_R2.fastq.gz
[2021-04-22 10:22:36,440] multiqc                                            [DEBUG  ]  Ignoring file as matched an ignore pattern: PDAC221Tkf_R1_fastqc.html
[2021-04-22 10:22:36,440] multiqc                                            [DEBUG  ]  Ignoring file as matched an ignore pattern: PDAC221Tkf_R1.fastq.gz
[2021-04-22 10:22:36,441] multiqc                                            [DEBUG  ]  Ignoring file as matched an ignore pattern: PDAC221Tkf_R2_fastqc.html
[2021-04-22 10:22:36,441] multiqc                                            [DEBUG  ]  Ignoring file as matched an ignore pattern: PDAC221Tkf_R2.fastq.gz
[2021-04-22 10:22:36,443] multiqc                                            [DEBUG  ]  Ignoring file as matched an ignore pattern: PDAC222Tkf_R1_fastqc.html
[2021-04-22 10:22:36,444] multiqc                                            [DEBUG  ]  Ignoring file as matched an ignore pattern: PDAC222Tkf_R1.fastq.gz
[2021-04-22 10:22:36,444] multiqc                                            [DEBUG  ]  Ignoring file as matched an ignore pattern: PDAC222Tkf_R2_fastqc.html
[2021-04-22 10:22:36,444] multiqc                                            [DEBUG  ]  Ignoring file as matched an ignore pattern: PDAC222Tkf_R2.fastq.gz
[2021-04-22 10:22:36,446] multiqc                                            [DEBUG  ]  Ignoring file as matched an ignore pattern: PDAC223Tkf_R1_fastqc.html
[2021-04-22 10:22:36,447] multiqc                                            [DEBUG  ]  Ignoring file as matched an ignore pattern: PDAC223Tkf_R1.fastq.gz
[2021-04-22 10:22:36,447] multiqc                                            [DEBUG  ]  Ignoring file as matched an ignore pattern: PDAC223Tkf_R2_fastqc.html
[2021-04-22 10:22:36,447] multiqc                                            [DEBUG  ]  Ignoring file as matched an ignore pattern: PDAC223Tkf_R2.fastq.gz
[2021-04-22 10:22:36,449] multiqc                                            [DEBUG  ]  Ignoring file as matched an ignore pattern: PDAC224Tkf_R1_fastqc.html
[2021-04-22 10:22:36,450] multiqc                                            [DEBUG  ]  Ignoring file as matched an ignore pattern: PDAC224Tkf_R1.fastq.gz
[2021-04-22 10:22:36,450] multiqc                                            [DEBUG  ]  Ignoring file as matched an ignore pattern: PDAC224Tkf_R2_fastqc.html
[2021-04-22 10:22:36,450] multiqc                                            [DEBUG  ]  Ignoring file as matched an ignore pattern: PDAC224Tkf_R2.fastq.gz
[2021-04-22 10:22:36,452] multiqc                                            [DEBUG  ]  Ignoring file as matched an ignore pattern: PDAC225Tkf_R1_fastqc.html
[2021-04-22 10:22:36,453] multiqc                                            [DEBUG  ]  Ignoring file as matched an ignore pattern: PDAC225Tkf_R1.fastq.gz
[2021-04-22 10:22:36,453] multiqc                                            [DEBUG  ]  Ignoring file as matched an ignore pattern: PDAC225Tkf_R2_fastqc.html
[2021-04-22 10:22:36,453] multiqc                                            [DEBUG  ]  Ignoring file as matched an ignore pattern: PDAC225Tkf_R2.fastq.gz
[2021-04-22 10:22:36,455] multiqc                                            [DEBUG  ]  Ignoring file as matched an ignore pattern: PDAC226Tkf_R1_fastqc.html
[2021-04-22 10:22:36,456] multiqc                                            [DEBUG  ]  Ignoring file as matched an ignore pattern: PDAC226Tkf_R1.fastq.gz
[2021-04-22 10:22:36,456] multiqc                                            [DEBUG  ]  Ignoring file as matched an ignore pattern: PDAC226Tkf_R2_fastqc.html
[2021-04-22 10:22:36,456] multiqc                                            [DEBUG  ]  Ignoring file as matched an ignore pattern: PDAC226Tkf_R2.fastq.gz
[2021-04-22 10:22:36,464] multiqc                                            [DEBUG  ]  Ignoring file as matched an ignore pattern: PDAC227Tkf_R1_fastqc.html
[2021-04-22 10:22:36,464] multiqc                                            [DEBUG  ]  Ignoring file as matched an ignore pattern: PDAC227Tkf_R1.fastq.gz
[2021-04-22 10:22:36,464] multiqc                                            [DEBUG  ]  Ignoring file as matched an ignore pattern: PDAC227Tkf_R2_fastqc.html
[2021-04-22 10:22:36,465] multiqc                                            [DEBUG  ]  Ignoring file as matched an ignore pattern: PDAC227Tkf_R2.fastq.gz
[2021-04-22 10:22:38,073] multiqc                                            [DEBUG  ]  No samples found: custom_content
[2021-04-22 10:22:38,085] multiqc                                            [DEBUG  ]  No samples found: conpair
[2021-04-22 10:22:38,097] multiqc                                            [DEBUG  ]  No samples found: peddy
[2021-04-22 10:22:38,108] multiqc                                            [DEBUG  ]  No samples found: methylQA
[2021-04-22 10:22:38,120] multiqc                                            [DEBUG  ]  No samples found: phantompeakqualtools
[2021-04-22 10:22:38,138] multiqc                                            [DEBUG  ]  No samples found: qualimap
[2021-04-22 10:22:38,150] multiqc                                            [DEBUG  ]  No samples found: preseq
[2021-04-22 10:22:38,161] multiqc                                            [DEBUG  ]  No samples found: quast
[2021-04-22 10:22:38,173] multiqc                                            [DEBUG  ]  No samples found: qorts
[2021-04-22 10:22:38,185] multiqc                                            [DEBUG  ]  No samples found: rna_seqc
[2021-04-22 10:22:38,199] multiqc                                            [DEBUG  ]  No samples found: rsem
[2021-04-22 10:22:38,234] multiqc                                            [DEBUG  ]  No samples found: rseqc
[2021-04-22 10:22:38,246] multiqc                                            [DEBUG  ]  No samples found: busco
[2021-04-22 10:22:38,258] multiqc                                            [DEBUG  ]  No samples found: goleft_indexcov
[2021-04-22 10:22:38,272] multiqc                                            [DEBUG  ]  No samples found: disambiguate
[2021-04-22 10:22:38,284] multiqc                                            [DEBUG  ]  No samples found: supernova
[2021-04-22 10:22:38,320] multiqc                                            [DEBUG  ]  No samples found: deeptools
[2021-04-22 10:22:38,332] multiqc                                            [DEBUG  ]  No samples found: sargasso
[2021-04-22 10:22:38,344] multiqc                                            [DEBUG  ]  No samples found: verifybamid
[2021-04-22 10:22:38,357] multiqc                                            [DEBUG  ]  No samples found: mirtrace
[2021-04-22 10:22:38,368] multiqc                                            [DEBUG  ]  No samples found: happy
[2021-04-22 10:22:38,386] multiqc                                            [DEBUG  ]  No samples found: homer
[2021-04-22 10:22:38,397] multiqc                                            [DEBUG  ]  No samples found: macs2
[2021-04-22 10:22:38,408] multiqc                                            [DEBUG  ]  No samples found: theta2
[2021-04-22 10:22:38,420] multiqc                                            [DEBUG  ]  No samples found: snpeff
[2021-04-22 10:22:38,438] multiqc                                            [DEBUG  ]  No samples found: gatk
[2021-04-22 10:22:38,450] multiqc                                            [DEBUG  ]  No samples found: htseq
[2021-04-22 10:22:38,463] multiqc                                            [DEBUG  ]  No samples found: bcftools
[2021-04-22 10:22:38,474] multiqc                                            [DEBUG  ]  No samples found: featureCounts
[2021-04-22 10:22:38,484] multiqc                                            [DEBUG  ]  No samples found: dedup
[2021-04-22 10:22:38,495] multiqc                                            [DEBUG  ]  No samples found: damageprofiler
[2021-04-22 10:22:38,538] multiqc                                            [DEBUG  ]  No samples found: picard
[2021-04-22 10:22:38,549] multiqc                                            [DEBUG  ]  No samples found: prokka
[2021-04-22 10:22:38,561] multiqc                                            [DEBUG  ]  No samples found: samblaster
[2021-04-22 10:22:38,582] multiqc                                            [DEBUG  ]  No samples found: samtools
[2021-04-22 10:22:38,597] multiqc                                            [DEBUG  ]  No samples found: bamtools
[2021-04-22 10:22:38,608] multiqc                                            [DEBUG  ]  No samples found: jellyfish
[2021-04-22 10:22:38,631] multiqc                                            [DEBUG  ]  No samples found: vcftools
[2021-04-22 10:22:38,643] multiqc                                            [DEBUG  ]  No samples found: longranger
[2021-04-22 10:22:38,656] multiqc                                            [DEBUG  ]  No samples found: stacks
[2021-04-22 10:22:38,699] multiqc.modules.bbmap.bbmap                        [DEBUG  ]  Parsing kf_fastqs/PDAC200Tkf_stats.txt
[2021-04-22 10:22:38,699] multiqc.modules.bbmap.bbmap                        [DEBUG  ]  Found stats output for sample PDAC200Tkf_stats with 30 rows
[2021-04-22 10:22:38,700] multiqc.modules.bbmap.bbmap                        [DEBUG  ]  Parsing kf_fastqs/PDAC201Tkf_stats.txt
[2021-04-22 10:22:38,701] multiqc.modules.bbmap.bbmap                        [DEBUG  ]  Found stats output for sample PDAC201Tkf_stats with 46 rows
[2021-04-22 10:22:38,702] multiqc.modules.bbmap.bbmap                        [DEBUG  ]  Parsing kf_fastqs/PDAC202Tkf_stats.txt
[2021-04-22 10:22:38,702] multiqc.modules.bbmap.bbmap                        [DEBUG  ]  Found stats output for sample PDAC202Tkf_stats with 37 rows
[2021-04-22 10:22:38,703] multiqc.modules.bbmap.bbmap                        [DEBUG  ]  Parsing kf_fastqs/PDAC203Tkf_stats.txt
[2021-04-22 10:22:38,704] multiqc.modules.bbmap.bbmap                        [DEBUG  ]  Found stats output for sample PDAC203Tkf_stats with 49 rows
[2021-04-22 10:22:38,704] multiqc.modules.bbmap.bbmap                        [DEBUG  ]  Parsing kf_fastqs/PDAC204Tkf_stats.txt
[2021-04-22 10:22:38,705] multiqc.modules.bbmap.bbmap                        [DEBUG  ]  Found stats output for sample PDAC204Tkf_stats with 45 rows
[2021-04-22 10:22:38,706] multiqc.modules.bbmap.bbmap                        [DEBUG  ]  Parsing kf_fastqs/PDAC205Tkf_stats.txt
[2021-04-22 10:22:38,706] multiqc.modules.bbmap.bbmap                        [DEBUG  ]  Found stats output for sample PDAC205Tkf_stats with 42 rows
[2021-04-22 10:22:38,707] multiqc.modules.bbmap.bbmap                        [DEBUG  ]  Parsing kf_fastqs/PDAC206Tkf_stats.txt
[2021-04-22 10:22:38,708] multiqc.modules.bbmap.bbmap                        [DEBUG  ]  Found stats output for sample PDAC206Tkf_stats with 56 rows
[2021-04-22 10:22:38,708] multiqc.modules.bbmap.bbmap                        [DEBUG  ]  Parsing kf_fastqs/PDAC207Tkf_stats.txt
[2021-04-22 10:22:38,709] multiqc.modules.bbmap.bbmap                        [DEBUG  ]  Found stats output for sample PDAC207Tkf_stats with 50 rows
[2021-04-22 10:22:38,710] multiqc.modules.bbmap.bbmap                        [DEBUG  ]  Parsing kf_fastqs/PDAC208Tkf_stats.txt
[2021-04-22 10:22:38,710] multiqc.modules.bbmap.bbmap                        [DEBUG  ]  Found stats output for sample PDAC208Tkf_stats with 52 rows
[2021-04-22 10:22:38,711] multiqc.modules.bbmap.bbmap                        [DEBUG  ]  Parsing kf_fastqs/PDAC209Tkf_stats.txt
[2021-04-22 10:22:38,711] multiqc.modules.bbmap.bbmap                        [DEBUG  ]  Found stats output for sample PDAC209Tkf_stats with 35 rows
[2021-04-22 10:22:38,712] multiqc.modules.bbmap.bbmap                        [DEBUG  ]  Parsing kf_fastqs/PDAC210Tkf_stats.txt
[2021-04-22 10:22:38,713] multiqc.modules.bbmap.bbmap                        [DEBUG  ]  Found stats output for sample PDAC210Tkf_stats with 47 rows
[2021-04-22 10:22:38,714] multiqc.modules.bbmap.bbmap                        [DEBUG  ]  Parsing kf_fastqs/PDAC211Tkf_stats.txt
[2021-04-22 10:22:38,714] multiqc.modules.bbmap.bbmap                        [DEBUG  ]  Found stats output for sample PDAC211Tkf_stats with 35 rows
[2021-04-22 10:22:38,715] multiqc.modules.bbmap.bbmap                        [DEBUG  ]  Parsing kf_fastqs/PDAC213Tkf_stats.txt
[2021-04-22 10:22:38,715] multiqc.modules.bbmap.bbmap                        [DEBUG  ]  Found stats output for sample PDAC213Tkf_stats with 51 rows
[2021-04-22 10:22:38,716] multiqc.modules.bbmap.bbmap                        [DEBUG  ]  Parsing kf_fastqs/PDAC214Tkf_stats.txt
[2021-04-22 10:22:38,717] multiqc.modules.bbmap.bbmap                        [DEBUG  ]  Found stats output for sample PDAC214Tkf_stats with 54 rows
[2021-04-22 10:22:38,718] multiqc.modules.bbmap.bbmap                        [DEBUG  ]  Parsing kf_fastqs/PDAC215Tkf_stats.txt
[2021-04-22 10:22:38,718] multiqc.modules.bbmap.bbmap                        [DEBUG  ]  Found stats output for sample PDAC215Tkf_stats with 77 rows
[2021-04-22 10:22:38,719] multiqc.modules.bbmap.bbmap                        [DEBUG  ]  Parsing kf_fastqs/PDAC216Tkf_stats.txt
[2021-04-22 10:22:38,720] multiqc.modules.bbmap.bbmap                        [DEBUG  ]  Found stats output for sample PDAC216Tkf_stats with 49 rows
[2021-04-22 10:22:38,720] multiqc.modules.bbmap.bbmap                        [DEBUG  ]  Parsing kf_fastqs/PDAC217Tkf_stats.txt
[2021-04-22 10:22:38,721] multiqc.modules.bbmap.bbmap                        [DEBUG  ]  Found stats output for sample PDAC217Tkf_stats with 49 rows
[2021-04-22 10:22:38,722] multiqc.modules.bbmap.bbmap                        [DEBUG  ]  Parsing kf_fastqs/PDAC218Tkf_stats.txt
[2021-04-22 10:22:38,722] multiqc.modules.bbmap.bbmap                        [DEBUG  ]  Found stats output for sample PDAC218Tkf_stats with 46 rows
[2021-04-22 10:22:38,723] multiqc.modules.bbmap.bbmap                        [DEBUG  ]  Parsing kf_fastqs/PDAC219Tkf_stats.txt
[2021-04-22 10:22:38,724] multiqc.modules.bbmap.bbmap                        [DEBUG  ]  Found stats output for sample PDAC219Tkf_stats with 51 rows
[2021-04-22 10:22:38,724] multiqc.modules.bbmap.bbmap                        [DEBUG  ]  Parsing kf_fastqs/PDAC220Tkf_stats.txt
[2021-04-22 10:22:38,725] multiqc.modules.bbmap.bbmap                        [DEBUG  ]  Found stats output for sample PDAC220Tkf_stats with 43 rows
[2021-04-22 10:22:38,726] multiqc.modules.bbmap.bbmap                        [DEBUG  ]  Parsing kf_fastqs/PDAC221Tkf_stats.txt
[2021-04-22 10:22:38,726] multiqc.modules.bbmap.bbmap                        [DEBUG  ]  Found stats output for sample PDAC221Tkf_stats with 46 rows
[2021-04-22 10:22:38,727] multiqc.modules.bbmap.bbmap                        [DEBUG  ]  Parsing kf_fastqs/PDAC222Tkf_stats.txt
[2021-04-22 10:22:38,727] multiqc.modules.bbmap.bbmap                        [DEBUG  ]  Found stats output for sample PDAC222Tkf_stats with 41 rows
[2021-04-22 10:22:38,728] multiqc.modules.bbmap.bbmap                        [DEBUG  ]  Parsing kf_fastqs/PDAC223Tkf_stats.txt
[2021-04-22 10:22:38,728] multiqc.modules.bbmap.bbmap                        [DEBUG  ]  Found stats output for sample PDAC223Tkf_stats with 48 rows
[2021-04-22 10:22:38,729] multiqc.modules.bbmap.bbmap                        [DEBUG  ]  Parsing kf_fastqs/PDAC224Tkf_stats.txt
[2021-04-22 10:22:38,730] multiqc.modules.bbmap.bbmap                        [DEBUG  ]  Found stats output for sample PDAC224Tkf_stats with 44 rows
[2021-04-22 10:22:38,730] multiqc.modules.bbmap.bbmap                        [DEBUG  ]  Parsing kf_fastqs/PDAC225Tkf_stats.txt
[2021-04-22 10:22:38,731] multiqc.modules.bbmap.bbmap                        [DEBUG  ]  Found stats output for sample PDAC225Tkf_stats with 43 rows
[2021-04-22 10:22:38,732] multiqc.modules.bbmap.bbmap                        [DEBUG  ]  Parsing kf_fastqs/PDAC226Tkf_stats.txt
[2021-04-22 10:22:38,732] multiqc.modules.bbmap.bbmap                        [DEBUG  ]  Found stats output for sample PDAC226Tkf_stats with 43 rows
[2021-04-22 10:22:38,733] multiqc.modules.bbmap.bbmap                        [DEBUG  ]  Parsing kf_fastqs/PDAC227Tkf_stats.txt
[2021-04-22 10:22:38,733] multiqc.modules.bbmap.bbmap                        [DEBUG  ]  Found stats output for sample PDAC227Tkf_stats with 55 rows
[2021-04-22 10:22:38,734] multiqc.modules.bbmap.bbmap                        [INFO   ]  Found 27 reports
[2021-04-22 10:22:38,734] multiqc.modules.bbmap.bbmap                        [DEBUG  ]  section stats has 27 entries
[2021-04-22 10:22:38,794] multiqc                                            [DEBUG  ]  No samples found: bismark
[2021-04-22 10:22:38,805] multiqc                                            [DEBUG  ]  No samples found: biscuit
[2021-04-22 10:22:38,815] multiqc                                            [DEBUG  ]  No samples found: hicexplorer
[2021-04-22 10:22:38,826] multiqc                                            [DEBUG  ]  No samples found: hicup
[2021-04-22 10:22:38,836] multiqc                                            [DEBUG  ]  No samples found: hicpro
[2021-04-22 10:22:38,847] multiqc                                            [DEBUG  ]  No samples found: salmon
[2021-04-22 10:22:38,857] multiqc                                            [DEBUG  ]  No samples found: kallisto
[2021-04-22 10:22:38,868] multiqc                                            [DEBUG  ]  No samples found: slamdunk
[2021-04-22 10:22:38,878] multiqc                                            [DEBUG  ]  No samples found: star
[2021-04-22 10:22:38,888] multiqc                                            [DEBUG  ]  No samples found: hisat2
[2021-04-22 10:22:38,898] multiqc                                            [DEBUG  ]  No samples found: tophat
[2021-04-22 10:22:38,909] multiqc                                            [DEBUG  ]  No samples found: bowtie2
[2021-04-22 10:22:38,920] multiqc                                            [DEBUG  ]  No samples found: bowtie1
[2021-04-22 10:22:38,932] multiqc                                            [DEBUG  ]  No samples found: kat
[2021-04-22 10:22:38,943] multiqc                                            [DEBUG  ]  No samples found: leehom
[2021-04-22 10:22:38,953] multiqc                                            [DEBUG  ]  No samples found: adapterRemoval
[2021-04-22 10:22:38,964] multiqc                                            [DEBUG  ]  No samples found: clipandmerge
[2021-04-22 10:22:38,974] multiqc                                            [DEBUG  ]  No samples found: cutadapt
[2021-04-22 10:22:38,985] multiqc                                            [DEBUG  ]  No samples found: flexbar
[2021-04-22 10:22:38,995] multiqc                                            [DEBUG  ]  No samples found: trimmomatic
[2021-04-22 10:22:39,006] multiqc                                            [DEBUG  ]  No samples found: skewer
[2021-04-22 10:22:39,016] multiqc                                            [DEBUG  ]  No samples found: sortmerna
[2021-04-22 10:22:39,027] multiqc                                            [DEBUG  ]  No samples found: biobloomtools
[2021-04-22 10:22:39,037] multiqc                                            [DEBUG  ]  No samples found: fastq_screen
[2021-04-22 10:22:39,047] multiqc                                            [DEBUG  ]  No samples found: afterqc
[2021-04-22 10:22:39,057] multiqc                                            [DEBUG  ]  No samples found: fastp
[2021-04-22 10:22:44,018] multiqc.modules.fastqc.fastqc                      [INFO   ]  Found 54 reports
[2021-04-22 10:22:45,287] multiqc                                            [DEBUG  ]  No samples found: minionqc
[2021-04-22 10:22:45,295] multiqc                                            [DEBUG  ]  No samples found: clusterflow
[2021-04-22 10:22:45,303] multiqc                                            [DEBUG  ]  No samples found: bcl2fastq
[2021-04-22 10:22:45,311] multiqc                                            [DEBUG  ]  No samples found: interop
[2021-04-22 10:22:45,319] multiqc                                            [DEBUG  ]  No samples found: flash
[2021-04-22 10:22:45,401] multiqc                                            [INFO   ]  Compressing plot data
[2021-04-22 10:22:46,347] multiqc                                            [WARNING]  Previous MultiQC output found! Adjusting filenames..
[2021-04-22 10:22:46,347] multiqc                                            [WARNING]  Use -f or --force to overwrite existing reports instead
[2021-04-22 10:22:46,347] multiqc                                            [INFO   ]  Report      : multiqc_report_2.html
[2021-04-22 10:22:46,347] multiqc                                            [INFO   ]  Data        : multiqc_data_2
[2021-04-22 10:22:46,349] multiqc                                            [DEBUG  ]  Moving data file from '/tmp/tmppifdlbtj/multiqc_data/multiqc_fastqc.txt' to '/work/jsolorzano/multiqc_data_2'
[2021-04-22 10:22:46,350] multiqc                                            [DEBUG  ]  Moving data file from '/tmp/tmppifdlbtj/multiqc_data/multiqc_data.json' to '/work/jsolorzano/multiqc_data_2'
[2021-04-22 10:22:46,377] multiqc                                            [DEBUG  ]  Moving data file from '/tmp/tmppifdlbtj/multiqc_data/multiqc_sources.txt' to '/work/jsolorzano/multiqc_data_2'
[2021-04-22 10:22:46,378] multiqc                                            [DEBUG  ]  Moving data file from '/tmp/tmppifdlbtj/multiqc_data/multiqc_general_stats.txt' to '/work/jsolorzano/multiqc_data_2'
[2021-04-22 10:22:46,639] multiqc                                            [INFO   ]  MultiQC complete
