producer_class	xtools.gsea.GseaPreranked
producer_timestamp	1628761520444
param	rpt_label	my_analysis
param	rnd_seed	timestamp
param	set_min	15
param	zip_report	false
param	create_svgs	false
param	scoring_scheme	weighted
param	rnk	/home/jacobo/Documents/03_Sauyeun_paper/01_PDX/090721_IC3_Predictive_Model/02_Output/5vs5/ranked_PC1.rnk
param	norm	meandiv
param	out	/home/jacobo/gsea_home/output/aug12
param	mode	Max_probe
param	include_only_symbols	true
param	help	false
param	set_max	500
param	gmx	ftp.broadinstitute.org://pub/gsea/gene_sets/c2.cp.biocarta.v7.4.symbols.gmt,ftp.broadinstitute.org://pub/gsea/gene_sets/c2.cp.kegg.v7.4.symbols.gmt,ftp.broadinstitute.org://pub/gsea/gene_sets/c2.cp.pid.v7.4.symbols.gmt,ftp.broadinstitute.org://pub/gsea/gene_sets/c2.cp.reactome.v7.4.symbols.gmt,ftp.broadinstitute.org://pub/gsea/gene_sets/c2.cp.wikipathways.v7.4.symbols.gmt
param	make_sets	true
param	plot_top_x	20
param	gui	false
param	nperm	1000
param	collapse	No_Collapse

file	/home/jacobo/gsea_home/output/aug12/my_analysis.GseaPreranked.1628761520444/index.html
