[2021-05-19 10:33:06,468] multiqc                                            [DEBUG  ]  No MultiQC config found: /usr/local/bioinfo/src/MultiQC/venv_multiqc-v1.7/lib/python3.6/site-packages/multiqc_config.yaml
[2021-05-19 10:33:06,469] multiqc                                            [DEBUG  ]  No MultiQC config found: /home/jsolorzano/.multiqc_config.yaml
[2021-05-19 10:33:06,470] multiqc                                            [DEBUG  ]  No MultiQC config found: multiqc_config.yaml
[2021-05-19 10:33:06,470] multiqc                                            [DEBUG  ]  Command used: /usr/local/bioinfo/src/MultiQC/venv_multiqc-v1.7/bin/multiqc PDAC200Tkf1_fwd_fastqc.html PDAC200Tkf1_fwd_fastqc.zip PDAC200Tkf1_fwd.fq.gz PDAC200Tkf1_rev_fastqc.html PDAC200Tkf1_rev_fastqc.zip PDAC200Tkf1_rev.fq.gz PDAC201Tkf1_fwd_fastqc.html PDAC201Tkf1_fwd_fastqc.zip PDAC201Tkf1_fwd.fq.gz PDAC201Tkf1_rev_fastqc.html PDAC201Tkf1_rev_fastqc.zip PDAC201Tkf1_rev.fq.gz PDAC202Tkf1_fwd_fastqc.html PDAC202Tkf1_fwd_fastqc.zip PDAC202Tkf1_fwd.fq.gz PDAC202Tkf1_rev_fastqc.html PDAC202Tkf1_rev_fastqc.zip PDAC202Tkf1_rev.fq.gz PDAC203Tkf1_fwd_fastqc.html PDAC203Tkf1_fwd_fastqc.zip PDAC203Tkf1_fwd.fq.gz PDAC203Tkf1_rev_fastqc.html PDAC203Tkf1_rev_fastqc.zip PDAC203Tkf1_rev.fq.gz PDAC204Tkf1_fwd_fastqc.html PDAC204Tkf1_fwd_fastqc.zip PDAC204Tkf1_fwd.fq.gz PDAC204Tkf1_rev_fastqc.html PDAC204Tkf1_rev_fastqc.zip PDAC204Tkf1_rev.fq.gz PDAC205Tkf1_fwd_fastqc.html PDAC205Tkf1_fwd_fastqc.zip PDAC205Tkf1_fwd.fq.gz PDAC205Tkf1_rev_fastqc.html PDAC205Tkf1_rev_fastqc.zip PDAC205Tkf1_rev.fq.gz PDAC206Tkf1_fwd_fastqc.html PDAC206Tkf1_fwd_fastqc.zip PDAC206Tkf1_fwd.fq.gz PDAC206Tkf1_rev_fastqc.html PDAC206Tkf1_rev_fastqc.zip PDAC206Tkf1_rev.fq.gz PDAC207Tkf1_fwd_fastqc.html PDAC207Tkf1_fwd_fastqc.zip PDAC207Tkf1_fwd.fq.gz PDAC207Tkf1_rev_fastqc.html PDAC207Tkf1_rev_fastqc.zip PDAC207Tkf1_rev.fq.gz PDAC208Tkf1_fwd_fastqc.html PDAC208Tkf1_fwd_fastqc.zip PDAC208Tkf1_fwd.fq.gz PDAC208Tkf1_rev_fastqc.html PDAC208Tkf1_rev_fastqc.zip PDAC208Tkf1_rev.fq.gz PDAC209Tkf1_fwd_fastqc.html PDAC209Tkf1_fwd_fastqc.zip PDAC209Tkf1_fwd.fq.gz PDAC209Tkf1_rev_fastqc.html PDAC209Tkf1_rev_fastqc.zip PDAC209Tkf1_rev.fq.gz PDAC210Tkf1_fwd_fastqc.html PDAC210Tkf1_fwd_fastqc.zip PDAC210Tkf1_fwd.fq.gz PDAC210Tkf1_rev_fastqc.html PDAC210Tkf1_rev_fastqc.zip PDAC210Tkf1_rev.fq.gz PDAC211Tkf1_fwd_fastqc.html PDAC211Tkf1_fwd_fastqc.zip PDAC211Tkf1_fwd.fq.gz PDAC211Tkf1_rev_fastqc.html PDAC211Tkf1_rev_fastqc.zip PDAC211Tkf1_rev.fq.gz PDAC213Tkf1_fwd_fastqc.html PDAC213Tkf1_fwd_fastqc.zip PDAC213Tkf1_fwd.fq.gz PDAC213Tkf1_rev_fastqc.html PDAC213Tkf1_rev_fastqc.zip PDAC213Tkf1_rev.fq.gz PDAC214Tkf1_fwd_fastqc.html PDAC214Tkf1_fwd_fastqc.zip PDAC214Tkf1_fwd.fq.gz PDAC214Tkf1_rev_fastqc.html PDAC214Tkf1_rev_fastqc.zip PDAC214Tkf1_rev.fq.gz PDAC215Tkf1_fwd_fastqc.html PDAC215Tkf1_fwd_fastqc.zip PDAC215Tkf1_fwd.fq.gz PDAC215Tkf1_rev_fastqc.html PDAC215Tkf1_rev_fastqc.zip PDAC215Tkf1_rev.fq.gz PDAC216Tkf1_fwd_fastqc.html PDAC216Tkf1_fwd_fastqc.zip PDAC216Tkf1_fwd.fq.gz PDAC216Tkf1_rev_fastqc.html PDAC216Tkf1_rev_fastqc.zip PDAC216Tkf1_rev.fq.gz PDAC217Tkf1_fwd_fastqc.html PDAC217Tkf1_fwd_fastqc.zip PDAC217Tkf1_fwd.fq.gz PDAC217Tkf1_rev_fastqc.html PDAC217Tkf1_rev_fastqc.zip PDAC217Tkf1_rev.fq.gz PDAC218Tkf1_fwd_fastqc.html PDAC218Tkf1_fwd_fastqc.zip PDAC218Tkf1_fwd.fq.gz PDAC218Tkf1_rev_fastqc.html PDAC218Tkf1_rev_fastqc.zip PDAC218Tkf1_rev.fq.gz PDAC219Tkf1_fwd_fastqc.html PDAC219Tkf1_fwd_fastqc.zip PDAC219Tkf1_fwd.fq.gz PDAC219Tkf1_rev_fastqc.html PDAC219Tkf1_rev_fastqc.zip PDAC219Tkf1_rev.fq.gz PDAC220Tkf1_fwd_fastqc.html PDAC220Tkf1_fwd_fastqc.zip PDAC220Tkf1_fwd.fq.gz PDAC220Tkf1_rev_fastqc.html PDAC220Tkf1_rev_fastqc.zip PDAC220Tkf1_rev.fq.gz PDAC221Tkf1_fwd_fastqc.html PDAC221Tkf1_fwd_fastqc.zip PDAC221Tkf1_fwd.fq.gz PDAC221Tkf1_rev_fastqc.html PDAC221Tkf1_rev_fastqc.zip PDAC221Tkf1_rev.fq.gz PDAC222Tkf1_fwd_fastqc.html PDAC222Tkf1_fwd_fastqc.zip PDAC222Tkf1_fwd.fq.gz PDAC222Tkf1_rev_fastqc.html PDAC222Tkf1_rev_fastqc.zip PDAC222Tkf1_rev.fq.gz PDAC223Tkf1_fwd_fastqc.html PDAC223Tkf1_fwd_fastqc.zip PDAC223Tkf1_fwd.fq.gz PDAC223Tkf1_rev_fastqc.html PDAC223Tkf1_rev_fastqc.zip PDAC223Tkf1_rev.fq.gz PDAC224Tkf1_fwd_fastqc.html PDAC224Tkf1_fwd_fastqc.zip PDAC224Tkf1_fwd.fq.gz PDAC224Tkf1_rev_fastqc.html PDAC224Tkf1_rev_fastqc.zip PDAC224Tkf1_rev.fq.gz PDAC225Tkf1_fwd_fastqc.html PDAC225Tkf1_fwd_fastqc.zip PDAC225Tkf1_fwd.fq.gz PDAC225Tkf1_rev_fastqc.html PDAC225Tkf1_rev_fastqc.zip PDAC225Tkf1_rev.fq.gz PDAC226Tkf1_fwd_fastqc.html PDAC226Tkf1_fwd_fastqc.zip PDAC226Tkf1_fwd.fq.gz PDAC226Tkf1_rev_fastqc.html PDAC226Tkf1_rev_fastqc.zip PDAC226Tkf1_rev.fq.gz PDAC227Tkf1_fwd_fastqc.html PDAC227Tkf1_fwd_fastqc.zip PDAC227Tkf1_fwd.fq.gz PDAC227Tkf1_rev_fastqc.html PDAC227Tkf1_rev_fastqc.zip PDAC227Tkf1_rev.fq.gz
[2021-05-19 10:33:06,741] multiqc                                            [WARNING]  MultiQC Version v1.10.1 now available!
[2021-05-19 10:33:06,741] multiqc                                            [INFO   ]  This is MultiQC v1.7
[2021-05-19 10:33:06,742] multiqc                                            [DEBUG  ]  Command     : /usr/local/bioinfo/src/MultiQC/venv_multiqc-v1.7/bin/multiqc PDAC200Tkf1_fwd_fastqc.html PDAC200Tkf1_fwd_fastqc.zip PDAC200Tkf1_fwd.fq.gz PDAC200Tkf1_rev_fastqc.html PDAC200Tkf1_rev_fastqc.zip PDAC200Tkf1_rev.fq.gz PDAC201Tkf1_fwd_fastqc.html PDAC201Tkf1_fwd_fastqc.zip PDAC201Tkf1_fwd.fq.gz PDAC201Tkf1_rev_fastqc.html PDAC201Tkf1_rev_fastqc.zip PDAC201Tkf1_rev.fq.gz PDAC202Tkf1_fwd_fastqc.html PDAC202Tkf1_fwd_fastqc.zip PDAC202Tkf1_fwd.fq.gz PDAC202Tkf1_rev_fastqc.html PDAC202Tkf1_rev_fastqc.zip PDAC202Tkf1_rev.fq.gz PDAC203Tkf1_fwd_fastqc.html PDAC203Tkf1_fwd_fastqc.zip PDAC203Tkf1_fwd.fq.gz PDAC203Tkf1_rev_fastqc.html PDAC203Tkf1_rev_fastqc.zip PDAC203Tkf1_rev.fq.gz PDAC204Tkf1_fwd_fastqc.html PDAC204Tkf1_fwd_fastqc.zip PDAC204Tkf1_fwd.fq.gz PDAC204Tkf1_rev_fastqc.html PDAC204Tkf1_rev_fastqc.zip PDAC204Tkf1_rev.fq.gz PDAC205Tkf1_fwd_fastqc.html PDAC205Tkf1_fwd_fastqc.zip PDAC205Tkf1_fwd.fq.gz PDAC205Tkf1_rev_fastqc.html PDAC205Tkf1_rev_fastqc.zip PDAC205Tkf1_rev.fq.gz PDAC206Tkf1_fwd_fastqc.html PDAC206Tkf1_fwd_fastqc.zip PDAC206Tkf1_fwd.fq.gz PDAC206Tkf1_rev_fastqc.html PDAC206Tkf1_rev_fastqc.zip PDAC206Tkf1_rev.fq.gz PDAC207Tkf1_fwd_fastqc.html PDAC207Tkf1_fwd_fastqc.zip PDAC207Tkf1_fwd.fq.gz PDAC207Tkf1_rev_fastqc.html PDAC207Tkf1_rev_fastqc.zip PDAC207Tkf1_rev.fq.gz PDAC208Tkf1_fwd_fastqc.html PDAC208Tkf1_fwd_fastqc.zip PDAC208Tkf1_fwd.fq.gz PDAC208Tkf1_rev_fastqc.html PDAC208Tkf1_rev_fastqc.zip PDAC208Tkf1_rev.fq.gz PDAC209Tkf1_fwd_fastqc.html PDAC209Tkf1_fwd_fastqc.zip PDAC209Tkf1_fwd.fq.gz PDAC209Tkf1_rev_fastqc.html PDAC209Tkf1_rev_fastqc.zip PDAC209Tkf1_rev.fq.gz PDAC210Tkf1_fwd_fastqc.html PDAC210Tkf1_fwd_fastqc.zip PDAC210Tkf1_fwd.fq.gz PDAC210Tkf1_rev_fastqc.html PDAC210Tkf1_rev_fastqc.zip PDAC210Tkf1_rev.fq.gz PDAC211Tkf1_fwd_fastqc.html PDAC211Tkf1_fwd_fastqc.zip PDAC211Tkf1_fwd.fq.gz PDAC211Tkf1_rev_fastqc.html PDAC211Tkf1_rev_fastqc.zip PDAC211Tkf1_rev.fq.gz PDAC213Tkf1_fwd_fastqc.html PDAC213Tkf1_fwd_fastqc.zip PDAC213Tkf1_fwd.fq.gz PDAC213Tkf1_rev_fastqc.html PDAC213Tkf1_rev_fastqc.zip PDAC213Tkf1_rev.fq.gz PDAC214Tkf1_fwd_fastqc.html PDAC214Tkf1_fwd_fastqc.zip PDAC214Tkf1_fwd.fq.gz PDAC214Tkf1_rev_fastqc.html PDAC214Tkf1_rev_fastqc.zip PDAC214Tkf1_rev.fq.gz PDAC215Tkf1_fwd_fastqc.html PDAC215Tkf1_fwd_fastqc.zip PDAC215Tkf1_fwd.fq.gz PDAC215Tkf1_rev_fastqc.html PDAC215Tkf1_rev_fastqc.zip PDAC215Tkf1_rev.fq.gz PDAC216Tkf1_fwd_fastqc.html PDAC216Tkf1_fwd_fastqc.zip PDAC216Tkf1_fwd.fq.gz PDAC216Tkf1_rev_fastqc.html PDAC216Tkf1_rev_fastqc.zip PDAC216Tkf1_rev.fq.gz PDAC217Tkf1_fwd_fastqc.html PDAC217Tkf1_fwd_fastqc.zip PDAC217Tkf1_fwd.fq.gz PDAC217Tkf1_rev_fastqc.html PDAC217Tkf1_rev_fastqc.zip PDAC217Tkf1_rev.fq.gz PDAC218Tkf1_fwd_fastqc.html PDAC218Tkf1_fwd_fastqc.zip PDAC218Tkf1_fwd.fq.gz PDAC218Tkf1_rev_fastqc.html PDAC218Tkf1_rev_fastqc.zip PDAC218Tkf1_rev.fq.gz PDAC219Tkf1_fwd_fastqc.html PDAC219Tkf1_fwd_fastqc.zip PDAC219Tkf1_fwd.fq.gz PDAC219Tkf1_rev_fastqc.html PDAC219Tkf1_rev_fastqc.zip PDAC219Tkf1_rev.fq.gz PDAC220Tkf1_fwd_fastqc.html PDAC220Tkf1_fwd_fastqc.zip PDAC220Tkf1_fwd.fq.gz PDAC220Tkf1_rev_fastqc.html PDAC220Tkf1_rev_fastqc.zip PDAC220Tkf1_rev.fq.gz PDAC221Tkf1_fwd_fastqc.html PDAC221Tkf1_fwd_fastqc.zip PDAC221Tkf1_fwd.fq.gz PDAC221Tkf1_rev_fastqc.html PDAC221Tkf1_rev_fastqc.zip PDAC221Tkf1_rev.fq.gz PDAC222Tkf1_fwd_fastqc.html PDAC222Tkf1_fwd_fastqc.zip PDAC222Tkf1_fwd.fq.gz PDAC222Tkf1_rev_fastqc.html PDAC222Tkf1_rev_fastqc.zip PDAC222Tkf1_rev.fq.gz PDAC223Tkf1_fwd_fastqc.html PDAC223Tkf1_fwd_fastqc.zip PDAC223Tkf1_fwd.fq.gz PDAC223Tkf1_rev_fastqc.html PDAC223Tkf1_rev_fastqc.zip PDAC223Tkf1_rev.fq.gz PDAC224Tkf1_fwd_fastqc.html PDAC224Tkf1_fwd_fastqc.zip PDAC224Tkf1_fwd.fq.gz PDAC224Tkf1_rev_fastqc.html PDAC224Tkf1_rev_fastqc.zip PDAC224Tkf1_rev.fq.gz PDAC225Tkf1_fwd_fastqc.html PDAC225Tkf1_fwd_fastqc.zip PDAC225Tkf1_fwd.fq.gz PDAC225Tkf1_rev_fastqc.html PDAC225Tkf1_rev_fastqc.zip PDAC225Tkf1_rev.fq.gz PDAC226Tkf1_fwd_fastqc.html PDAC226Tkf1_fwd_fastqc.zip PDAC226Tkf1_fwd.fq.gz PDAC226Tkf1_rev_fastqc.html PDAC226Tkf1_rev_fastqc.zip PDAC226Tkf1_rev.fq.gz PDAC227Tkf1_fwd_fastqc.html PDAC227Tkf1_fwd_fastqc.zip PDAC227Tkf1_fwd.fq.gz PDAC227Tkf1_rev_fastqc.html PDAC227Tkf1_rev_fastqc.zip PDAC227Tkf1_rev.fq.gz
[2021-05-19 10:33:06,742] multiqc                                            [DEBUG  ]  Working dir : /work/jsolorzano/kf_fastqs/sortmerna/out/rRNAfree
[2021-05-19 10:33:06,742] multiqc                                            [INFO   ]  Template    : default
[2021-05-19 10:33:06,742] multiqc                                            [INFO   ]  Searching 'PDAC200Tkf1_fwd_fastqc.html'
[2021-05-19 10:33:06,742] multiqc                                            [INFO   ]  Searching 'PDAC200Tkf1_fwd_fastqc.zip'
[2021-05-19 10:33:06,742] multiqc                                            [INFO   ]  Searching 'PDAC200Tkf1_fwd.fq.gz'
[2021-05-19 10:33:06,743] multiqc                                            [INFO   ]  Searching 'PDAC200Tkf1_rev_fastqc.html'
[2021-05-19 10:33:06,743] multiqc                                            [INFO   ]  Searching 'PDAC200Tkf1_rev_fastqc.zip'
[2021-05-19 10:33:06,743] multiqc                                            [INFO   ]  Searching 'PDAC200Tkf1_rev.fq.gz'
[2021-05-19 10:33:06,743] multiqc                                            [INFO   ]  Searching 'PDAC201Tkf1_fwd_fastqc.html'
[2021-05-19 10:33:06,743] multiqc                                            [INFO   ]  Searching 'PDAC201Tkf1_fwd_fastqc.zip'
[2021-05-19 10:33:06,743] multiqc                                            [INFO   ]  Searching 'PDAC201Tkf1_fwd.fq.gz'
[2021-05-19 10:33:06,743] multiqc                                            [INFO   ]  Searching 'PDAC201Tkf1_rev_fastqc.html'
[2021-05-19 10:33:06,743] multiqc                                            [INFO   ]  Searching 'PDAC201Tkf1_rev_fastqc.zip'
[2021-05-19 10:33:06,744] multiqc                                            [INFO   ]  Searching 'PDAC201Tkf1_rev.fq.gz'
[2021-05-19 10:33:06,744] multiqc                                            [INFO   ]  Searching 'PDAC202Tkf1_fwd_fastqc.html'
[2021-05-19 10:33:06,744] multiqc                                            [INFO   ]  Searching 'PDAC202Tkf1_fwd_fastqc.zip'
[2021-05-19 10:33:06,744] multiqc                                            [INFO   ]  Searching 'PDAC202Tkf1_fwd.fq.gz'
[2021-05-19 10:33:06,744] multiqc                                            [INFO   ]  Searching 'PDAC202Tkf1_rev_fastqc.html'
[2021-05-19 10:33:06,744] multiqc                                            [INFO   ]  Searching 'PDAC202Tkf1_rev_fastqc.zip'
[2021-05-19 10:33:06,744] multiqc                                            [INFO   ]  Searching 'PDAC202Tkf1_rev.fq.gz'
[2021-05-19 10:33:06,744] multiqc                                            [INFO   ]  Searching 'PDAC203Tkf1_fwd_fastqc.html'
[2021-05-19 10:33:06,745] multiqc                                            [INFO   ]  Searching 'PDAC203Tkf1_fwd_fastqc.zip'
[2021-05-19 10:33:06,745] multiqc                                            [INFO   ]  Searching 'PDAC203Tkf1_fwd.fq.gz'
[2021-05-19 10:33:06,745] multiqc                                            [INFO   ]  Searching 'PDAC203Tkf1_rev_fastqc.html'
[2021-05-19 10:33:06,745] multiqc                                            [INFO   ]  Searching 'PDAC203Tkf1_rev_fastqc.zip'
[2021-05-19 10:33:06,745] multiqc                                            [INFO   ]  Searching 'PDAC203Tkf1_rev.fq.gz'
[2021-05-19 10:33:06,745] multiqc                                            [INFO   ]  Searching 'PDAC204Tkf1_fwd_fastqc.html'
[2021-05-19 10:33:06,745] multiqc                                            [INFO   ]  Searching 'PDAC204Tkf1_fwd_fastqc.zip'
[2021-05-19 10:33:06,746] multiqc                                            [INFO   ]  Searching 'PDAC204Tkf1_fwd.fq.gz'
[2021-05-19 10:33:06,746] multiqc                                            [INFO   ]  Searching 'PDAC204Tkf1_rev_fastqc.html'
[2021-05-19 10:33:06,746] multiqc                                            [INFO   ]  Searching 'PDAC204Tkf1_rev_fastqc.zip'
[2021-05-19 10:33:06,746] multiqc                                            [INFO   ]  Searching 'PDAC204Tkf1_rev.fq.gz'
[2021-05-19 10:33:06,746] multiqc                                            [INFO   ]  Searching 'PDAC205Tkf1_fwd_fastqc.html'
[2021-05-19 10:33:06,746] multiqc                                            [INFO   ]  Searching 'PDAC205Tkf1_fwd_fastqc.zip'
[2021-05-19 10:33:06,746] multiqc                                            [INFO   ]  Searching 'PDAC205Tkf1_fwd.fq.gz'
[2021-05-19 10:33:06,746] multiqc                                            [INFO   ]  Searching 'PDAC205Tkf1_rev_fastqc.html'
[2021-05-19 10:33:06,747] multiqc                                            [INFO   ]  Searching 'PDAC205Tkf1_rev_fastqc.zip'
[2021-05-19 10:33:06,747] multiqc                                            [INFO   ]  Searching 'PDAC205Tkf1_rev.fq.gz'
[2021-05-19 10:33:06,747] multiqc                                            [INFO   ]  Searching 'PDAC206Tkf1_fwd_fastqc.html'
[2021-05-19 10:33:06,747] multiqc                                            [INFO   ]  Searching 'PDAC206Tkf1_fwd_fastqc.zip'
[2021-05-19 10:33:06,747] multiqc                                            [INFO   ]  Searching 'PDAC206Tkf1_fwd.fq.gz'
[2021-05-19 10:33:06,747] multiqc                                            [INFO   ]  Searching 'PDAC206Tkf1_rev_fastqc.html'
[2021-05-19 10:33:06,747] multiqc                                            [INFO   ]  Searching 'PDAC206Tkf1_rev_fastqc.zip'
[2021-05-19 10:33:06,747] multiqc                                            [INFO   ]  Searching 'PDAC206Tkf1_rev.fq.gz'
[2021-05-19 10:33:06,748] multiqc                                            [INFO   ]  Searching 'PDAC207Tkf1_fwd_fastqc.html'
[2021-05-19 10:33:06,748] multiqc                                            [INFO   ]  Searching 'PDAC207Tkf1_fwd_fastqc.zip'
[2021-05-19 10:33:06,748] multiqc                                            [INFO   ]  Searching 'PDAC207Tkf1_fwd.fq.gz'
[2021-05-19 10:33:06,748] multiqc                                            [INFO   ]  Searching 'PDAC207Tkf1_rev_fastqc.html'
[2021-05-19 10:33:06,748] multiqc                                            [INFO   ]  Searching 'PDAC207Tkf1_rev_fastqc.zip'
[2021-05-19 10:33:06,748] multiqc                                            [INFO   ]  Searching 'PDAC207Tkf1_rev.fq.gz'
[2021-05-19 10:33:06,748] multiqc                                            [INFO   ]  Searching 'PDAC208Tkf1_fwd_fastqc.html'
[2021-05-19 10:33:06,749] multiqc                                            [INFO   ]  Searching 'PDAC208Tkf1_fwd_fastqc.zip'
[2021-05-19 10:33:06,749] multiqc                                            [INFO   ]  Searching 'PDAC208Tkf1_fwd.fq.gz'
[2021-05-19 10:33:06,749] multiqc                                            [INFO   ]  Searching 'PDAC208Tkf1_rev_fastqc.html'
[2021-05-19 10:33:06,749] multiqc                                            [INFO   ]  Searching 'PDAC208Tkf1_rev_fastqc.zip'
[2021-05-19 10:33:06,749] multiqc                                            [INFO   ]  Searching 'PDAC208Tkf1_rev.fq.gz'
[2021-05-19 10:33:06,749] multiqc                                            [INFO   ]  Searching 'PDAC209Tkf1_fwd_fastqc.html'
[2021-05-19 10:33:06,749] multiqc                                            [INFO   ]  Searching 'PDAC209Tkf1_fwd_fastqc.zip'
[2021-05-19 10:33:06,749] multiqc                                            [INFO   ]  Searching 'PDAC209Tkf1_fwd.fq.gz'
[2021-05-19 10:33:06,750] multiqc                                            [INFO   ]  Searching 'PDAC209Tkf1_rev_fastqc.html'
[2021-05-19 10:33:06,750] multiqc                                            [INFO   ]  Searching 'PDAC209Tkf1_rev_fastqc.zip'
[2021-05-19 10:33:06,750] multiqc                                            [INFO   ]  Searching 'PDAC209Tkf1_rev.fq.gz'
[2021-05-19 10:33:06,750] multiqc                                            [INFO   ]  Searching 'PDAC210Tkf1_fwd_fastqc.html'
[2021-05-19 10:33:06,750] multiqc                                            [INFO   ]  Searching 'PDAC210Tkf1_fwd_fastqc.zip'
[2021-05-19 10:33:06,750] multiqc                                            [INFO   ]  Searching 'PDAC210Tkf1_fwd.fq.gz'
[2021-05-19 10:33:06,750] multiqc                                            [INFO   ]  Searching 'PDAC210Tkf1_rev_fastqc.html'
[2021-05-19 10:33:06,750] multiqc                                            [INFO   ]  Searching 'PDAC210Tkf1_rev_fastqc.zip'
[2021-05-19 10:33:06,751] multiqc                                            [INFO   ]  Searching 'PDAC210Tkf1_rev.fq.gz'
[2021-05-19 10:33:06,751] multiqc                                            [INFO   ]  Searching 'PDAC211Tkf1_fwd_fastqc.html'
[2021-05-19 10:33:06,751] multiqc                                            [INFO   ]  Searching 'PDAC211Tkf1_fwd_fastqc.zip'
[2021-05-19 10:33:06,751] multiqc                                            [INFO   ]  Searching 'PDAC211Tkf1_fwd.fq.gz'
[2021-05-19 10:33:06,751] multiqc                                            [INFO   ]  Searching 'PDAC211Tkf1_rev_fastqc.html'
[2021-05-19 10:33:06,751] multiqc                                            [INFO   ]  Searching 'PDAC211Tkf1_rev_fastqc.zip'
[2021-05-19 10:33:06,751] multiqc                                            [INFO   ]  Searching 'PDAC211Tkf1_rev.fq.gz'
[2021-05-19 10:33:06,751] multiqc                                            [INFO   ]  Searching 'PDAC213Tkf1_fwd_fastqc.html'
[2021-05-19 10:33:06,752] multiqc                                            [INFO   ]  Searching 'PDAC213Tkf1_fwd_fastqc.zip'
[2021-05-19 10:33:06,752] multiqc                                            [INFO   ]  Searching 'PDAC213Tkf1_fwd.fq.gz'
[2021-05-19 10:33:06,752] multiqc                                            [INFO   ]  Searching 'PDAC213Tkf1_rev_fastqc.html'
[2021-05-19 10:33:06,752] multiqc                                            [INFO   ]  Searching 'PDAC213Tkf1_rev_fastqc.zip'
[2021-05-19 10:33:06,752] multiqc                                            [INFO   ]  Searching 'PDAC213Tkf1_rev.fq.gz'
[2021-05-19 10:33:06,752] multiqc                                            [INFO   ]  Searching 'PDAC214Tkf1_fwd_fastqc.html'
[2021-05-19 10:33:06,752] multiqc                                            [INFO   ]  Searching 'PDAC214Tkf1_fwd_fastqc.zip'
[2021-05-19 10:33:06,752] multiqc                                            [INFO   ]  Searching 'PDAC214Tkf1_fwd.fq.gz'
[2021-05-19 10:33:06,753] multiqc                                            [INFO   ]  Searching 'PDAC214Tkf1_rev_fastqc.html'
[2021-05-19 10:33:06,753] multiqc                                            [INFO   ]  Searching 'PDAC214Tkf1_rev_fastqc.zip'
[2021-05-19 10:33:06,753] multiqc                                            [INFO   ]  Searching 'PDAC214Tkf1_rev.fq.gz'
[2021-05-19 10:33:06,753] multiqc                                            [INFO   ]  Searching 'PDAC215Tkf1_fwd_fastqc.html'
[2021-05-19 10:33:06,753] multiqc                                            [INFO   ]  Searching 'PDAC215Tkf1_fwd_fastqc.zip'
[2021-05-19 10:33:06,753] multiqc                                            [INFO   ]  Searching 'PDAC215Tkf1_fwd.fq.gz'
[2021-05-19 10:33:06,753] multiqc                                            [INFO   ]  Searching 'PDAC215Tkf1_rev_fastqc.html'
[2021-05-19 10:33:06,753] multiqc                                            [INFO   ]  Searching 'PDAC215Tkf1_rev_fastqc.zip'
[2021-05-19 10:33:06,753] multiqc                                            [INFO   ]  Searching 'PDAC215Tkf1_rev.fq.gz'
[2021-05-19 10:33:06,754] multiqc                                            [INFO   ]  Searching 'PDAC216Tkf1_fwd_fastqc.html'
[2021-05-19 10:33:06,754] multiqc                                            [INFO   ]  Searching 'PDAC216Tkf1_fwd_fastqc.zip'
[2021-05-19 10:33:06,754] multiqc                                            [INFO   ]  Searching 'PDAC216Tkf1_fwd.fq.gz'
[2021-05-19 10:33:06,754] multiqc                                            [INFO   ]  Searching 'PDAC216Tkf1_rev_fastqc.html'
[2021-05-19 10:33:06,754] multiqc                                            [INFO   ]  Searching 'PDAC216Tkf1_rev_fastqc.zip'
[2021-05-19 10:33:06,754] multiqc                                            [INFO   ]  Searching 'PDAC216Tkf1_rev.fq.gz'
[2021-05-19 10:33:06,754] multiqc                                            [INFO   ]  Searching 'PDAC217Tkf1_fwd_fastqc.html'
[2021-05-19 10:33:06,754] multiqc                                            [INFO   ]  Searching 'PDAC217Tkf1_fwd_fastqc.zip'
[2021-05-19 10:33:06,755] multiqc                                            [INFO   ]  Searching 'PDAC217Tkf1_fwd.fq.gz'
[2021-05-19 10:33:06,755] multiqc                                            [INFO   ]  Searching 'PDAC217Tkf1_rev_fastqc.html'
[2021-05-19 10:33:06,755] multiqc                                            [INFO   ]  Searching 'PDAC217Tkf1_rev_fastqc.zip'
[2021-05-19 10:33:06,755] multiqc                                            [INFO   ]  Searching 'PDAC217Tkf1_rev.fq.gz'
[2021-05-19 10:33:06,755] multiqc                                            [INFO   ]  Searching 'PDAC218Tkf1_fwd_fastqc.html'
[2021-05-19 10:33:06,755] multiqc                                            [INFO   ]  Searching 'PDAC218Tkf1_fwd_fastqc.zip'
[2021-05-19 10:33:06,755] multiqc                                            [INFO   ]  Searching 'PDAC218Tkf1_fwd.fq.gz'
[2021-05-19 10:33:06,755] multiqc                                            [INFO   ]  Searching 'PDAC218Tkf1_rev_fastqc.html'
[2021-05-19 10:33:06,756] multiqc                                            [INFO   ]  Searching 'PDAC218Tkf1_rev_fastqc.zip'
[2021-05-19 10:33:06,756] multiqc                                            [INFO   ]  Searching 'PDAC218Tkf1_rev.fq.gz'
[2021-05-19 10:33:06,756] multiqc                                            [INFO   ]  Searching 'PDAC219Tkf1_fwd_fastqc.html'
[2021-05-19 10:33:06,756] multiqc                                            [INFO   ]  Searching 'PDAC219Tkf1_fwd_fastqc.zip'
[2021-05-19 10:33:06,756] multiqc                                            [INFO   ]  Searching 'PDAC219Tkf1_fwd.fq.gz'
[2021-05-19 10:33:06,756] multiqc                                            [INFO   ]  Searching 'PDAC219Tkf1_rev_fastqc.html'
[2021-05-19 10:33:06,756] multiqc                                            [INFO   ]  Searching 'PDAC219Tkf1_rev_fastqc.zip'
[2021-05-19 10:33:06,756] multiqc                                            [INFO   ]  Searching 'PDAC219Tkf1_rev.fq.gz'
[2021-05-19 10:33:06,756] multiqc                                            [INFO   ]  Searching 'PDAC220Tkf1_fwd_fastqc.html'
[2021-05-19 10:33:06,757] multiqc                                            [INFO   ]  Searching 'PDAC220Tkf1_fwd_fastqc.zip'
[2021-05-19 10:33:06,757] multiqc                                            [INFO   ]  Searching 'PDAC220Tkf1_fwd.fq.gz'
[2021-05-19 10:33:06,757] multiqc                                            [INFO   ]  Searching 'PDAC220Tkf1_rev_fastqc.html'
[2021-05-19 10:33:06,757] multiqc                                            [INFO   ]  Searching 'PDAC220Tkf1_rev_fastqc.zip'
[2021-05-19 10:33:06,757] multiqc                                            [INFO   ]  Searching 'PDAC220Tkf1_rev.fq.gz'
[2021-05-19 10:33:06,757] multiqc                                            [INFO   ]  Searching 'PDAC221Tkf1_fwd_fastqc.html'
[2021-05-19 10:33:06,757] multiqc                                            [INFO   ]  Searching 'PDAC221Tkf1_fwd_fastqc.zip'
[2021-05-19 10:33:06,757] multiqc                                            [INFO   ]  Searching 'PDAC221Tkf1_fwd.fq.gz'
[2021-05-19 10:33:06,758] multiqc                                            [INFO   ]  Searching 'PDAC221Tkf1_rev_fastqc.html'
[2021-05-19 10:33:06,758] multiqc                                            [INFO   ]  Searching 'PDAC221Tkf1_rev_fastqc.zip'
[2021-05-19 10:33:06,758] multiqc                                            [INFO   ]  Searching 'PDAC221Tkf1_rev.fq.gz'
[2021-05-19 10:33:06,758] multiqc                                            [INFO   ]  Searching 'PDAC222Tkf1_fwd_fastqc.html'
[2021-05-19 10:33:06,758] multiqc                                            [INFO   ]  Searching 'PDAC222Tkf1_fwd_fastqc.zip'
[2021-05-19 10:33:06,758] multiqc                                            [INFO   ]  Searching 'PDAC222Tkf1_fwd.fq.gz'
[2021-05-19 10:33:06,758] multiqc                                            [INFO   ]  Searching 'PDAC222Tkf1_rev_fastqc.html'
[2021-05-19 10:33:06,758] multiqc                                            [INFO   ]  Searching 'PDAC222Tkf1_rev_fastqc.zip'
[2021-05-19 10:33:06,759] multiqc                                            [INFO   ]  Searching 'PDAC222Tkf1_rev.fq.gz'
[2021-05-19 10:33:06,759] multiqc                                            [INFO   ]  Searching 'PDAC223Tkf1_fwd_fastqc.html'
[2021-05-19 10:33:06,759] multiqc                                            [INFO   ]  Searching 'PDAC223Tkf1_fwd_fastqc.zip'
[2021-05-19 10:33:06,759] multiqc                                            [INFO   ]  Searching 'PDAC223Tkf1_fwd.fq.gz'
[2021-05-19 10:33:06,759] multiqc                                            [INFO   ]  Searching 'PDAC223Tkf1_rev_fastqc.html'
[2021-05-19 10:33:06,759] multiqc                                            [INFO   ]  Searching 'PDAC223Tkf1_rev_fastqc.zip'
[2021-05-19 10:33:06,759] multiqc                                            [INFO   ]  Searching 'PDAC223Tkf1_rev.fq.gz'
[2021-05-19 10:33:06,759] multiqc                                            [INFO   ]  Searching 'PDAC224Tkf1_fwd_fastqc.html'
[2021-05-19 10:33:06,759] multiqc                                            [INFO   ]  Searching 'PDAC224Tkf1_fwd_fastqc.zip'
[2021-05-19 10:33:06,760] multiqc                                            [INFO   ]  Searching 'PDAC224Tkf1_fwd.fq.gz'
[2021-05-19 10:33:06,760] multiqc                                            [INFO   ]  Searching 'PDAC224Tkf1_rev_fastqc.html'
[2021-05-19 10:33:06,760] multiqc                                            [INFO   ]  Searching 'PDAC224Tkf1_rev_fastqc.zip'
[2021-05-19 10:33:06,760] multiqc                                            [INFO   ]  Searching 'PDAC224Tkf1_rev.fq.gz'
[2021-05-19 10:33:06,760] multiqc                                            [INFO   ]  Searching 'PDAC225Tkf1_fwd_fastqc.html'
[2021-05-19 10:33:06,760] multiqc                                            [INFO   ]  Searching 'PDAC225Tkf1_fwd_fastqc.zip'
[2021-05-19 10:33:06,760] multiqc                                            [INFO   ]  Searching 'PDAC225Tkf1_fwd.fq.gz'
[2021-05-19 10:33:06,760] multiqc                                            [INFO   ]  Searching 'PDAC225Tkf1_rev_fastqc.html'
[2021-05-19 10:33:06,760] multiqc                                            [INFO   ]  Searching 'PDAC225Tkf1_rev_fastqc.zip'
[2021-05-19 10:33:06,761] multiqc                                            [INFO   ]  Searching 'PDAC225Tkf1_rev.fq.gz'
[2021-05-19 10:33:06,761] multiqc                                            [INFO   ]  Searching 'PDAC226Tkf1_fwd_fastqc.html'
[2021-05-19 10:33:06,761] multiqc                                            [INFO   ]  Searching 'PDAC226Tkf1_fwd_fastqc.zip'
[2021-05-19 10:33:06,761] multiqc                                            [INFO   ]  Searching 'PDAC226Tkf1_fwd.fq.gz'
[2021-05-19 10:33:06,761] multiqc                                            [INFO   ]  Searching 'PDAC226Tkf1_rev_fastqc.html'
[2021-05-19 10:33:06,761] multiqc                                            [INFO   ]  Searching 'PDAC226Tkf1_rev_fastqc.zip'
[2021-05-19 10:33:06,761] multiqc                                            [INFO   ]  Searching 'PDAC226Tkf1_rev.fq.gz'
[2021-05-19 10:33:06,761] multiqc                                            [INFO   ]  Searching 'PDAC227Tkf1_fwd_fastqc.html'
[2021-05-19 10:33:06,762] multiqc                                            [INFO   ]  Searching 'PDAC227Tkf1_fwd_fastqc.zip'
[2021-05-19 10:33:06,762] multiqc                                            [INFO   ]  Searching 'PDAC227Tkf1_fwd.fq.gz'
[2021-05-19 10:33:06,762] multiqc                                            [INFO   ]  Searching 'PDAC227Tkf1_rev_fastqc.html'
[2021-05-19 10:33:06,762] multiqc                                            [INFO   ]  Searching 'PDAC227Tkf1_rev_fastqc.zip'
[2021-05-19 10:33:06,762] multiqc                                            [INFO   ]  Searching 'PDAC227Tkf1_rev.fq.gz'
[2021-05-19 10:33:06,763] multiqc                                            [DEBUG  ]  Analysing modules: custom_content, conpair, peddy, methylQA, phantompeakqualtools, qualimap, preseq, quast, qorts, rna_seqc, rsem, rseqc, busco, goleft_indexcov, disambiguate, supernova, deeptools, sargasso, verifybamid, mirtrace, happy, homer, macs2, theta2, snpeff, gatk, htseq, bcftools, featureCounts, dedup, damageprofiler, picard, prokka, samblaster, samtools, bamtools, jellyfish, vcftools, longranger, stacks, bbmap, bismark, biscuit, hicexplorer, hicup, hicpro, salmon, kallisto, slamdunk, star, hisat2, tophat, bowtie2, bowtie1, kat, leehom, adapterRemoval, clipandmerge, cutadapt, flexbar, trimmomatic, skewer, sortmerna, biobloomtools, fastq_screen, afterqc, fastp, fastqc, minionqc, clusterflow, bcl2fastq, interop, flash
[2021-05-19 10:33:06,763] multiqc                                            [DEBUG  ]  Using temporary directory for creating report: /tmp/tmpgfeuq82_
[2021-05-19 10:33:06,956] multiqc                                            [DEBUG  ]  Ignoring file as matched an ignore pattern: PDAC200Tkf1_fwd_fastqc.html
[2021-05-19 10:33:06,966] multiqc                                            [DEBUG  ]  Ignoring file as matched an ignore pattern: PDAC200Tkf1_fwd.fq.gz
[2021-05-19 10:33:06,967] multiqc                                            [DEBUG  ]  Ignoring file as matched an ignore pattern: PDAC200Tkf1_rev_fastqc.html
[2021-05-19 10:33:06,967] multiqc                                            [DEBUG  ]  Ignoring file as matched an ignore pattern: PDAC200Tkf1_rev.fq.gz
[2021-05-19 10:33:06,968] multiqc                                            [DEBUG  ]  Ignoring file as matched an ignore pattern: PDAC201Tkf1_fwd_fastqc.html
[2021-05-19 10:33:06,968] multiqc                                            [DEBUG  ]  Ignoring file as matched an ignore pattern: PDAC201Tkf1_fwd.fq.gz
[2021-05-19 10:33:06,968] multiqc                                            [DEBUG  ]  Ignoring file as matched an ignore pattern: PDAC201Tkf1_rev_fastqc.html
[2021-05-19 10:33:06,969] multiqc                                            [DEBUG  ]  Ignoring file as matched an ignore pattern: PDAC201Tkf1_rev.fq.gz
[2021-05-19 10:33:06,969] multiqc                                            [DEBUG  ]  Ignoring file as matched an ignore pattern: PDAC202Tkf1_fwd_fastqc.html
[2021-05-19 10:33:06,970] multiqc                                            [DEBUG  ]  Ignoring file as matched an ignore pattern: PDAC202Tkf1_fwd.fq.gz
[2021-05-19 10:33:06,970] multiqc                                            [DEBUG  ]  Ignoring file as matched an ignore pattern: PDAC202Tkf1_rev_fastqc.html
[2021-05-19 10:33:06,970] multiqc                                            [DEBUG  ]  Ignoring file as matched an ignore pattern: PDAC202Tkf1_rev.fq.gz
[2021-05-19 10:33:06,971] multiqc                                            [DEBUG  ]  Ignoring file as matched an ignore pattern: PDAC203Tkf1_fwd_fastqc.html
[2021-05-19 10:33:06,971] multiqc                                            [DEBUG  ]  Ignoring file as matched an ignore pattern: PDAC203Tkf1_fwd.fq.gz
[2021-05-19 10:33:06,971] multiqc                                            [DEBUG  ]  Ignoring file as matched an ignore pattern: PDAC203Tkf1_rev_fastqc.html
[2021-05-19 10:33:06,972] multiqc                                            [DEBUG  ]  Ignoring file as matched an ignore pattern: PDAC203Tkf1_rev.fq.gz
[2021-05-19 10:33:06,972] multiqc                                            [DEBUG  ]  Ignoring file as matched an ignore pattern: PDAC204Tkf1_fwd_fastqc.html
[2021-05-19 10:33:06,973] multiqc                                            [DEBUG  ]  Ignoring file as matched an ignore pattern: PDAC204Tkf1_fwd.fq.gz
[2021-05-19 10:33:06,973] multiqc                                            [DEBUG  ]  Ignoring file as matched an ignore pattern: PDAC204Tkf1_rev_fastqc.html
[2021-05-19 10:33:06,973] multiqc                                            [DEBUG  ]  Ignoring file as matched an ignore pattern: PDAC204Tkf1_rev.fq.gz
[2021-05-19 10:33:06,974] multiqc                                            [DEBUG  ]  Ignoring file as matched an ignore pattern: PDAC205Tkf1_fwd_fastqc.html
[2021-05-19 10:33:06,974] multiqc                                            [DEBUG  ]  Ignoring file as matched an ignore pattern: PDAC205Tkf1_fwd.fq.gz
[2021-05-19 10:33:06,974] multiqc                                            [DEBUG  ]  Ignoring file as matched an ignore pattern: PDAC205Tkf1_rev_fastqc.html
[2021-05-19 10:33:06,975] multiqc                                            [DEBUG  ]  Ignoring file as matched an ignore pattern: PDAC205Tkf1_rev.fq.gz
[2021-05-19 10:33:06,975] multiqc                                            [DEBUG  ]  Ignoring file as matched an ignore pattern: PDAC206Tkf1_fwd_fastqc.html
[2021-05-19 10:33:06,976] multiqc                                            [DEBUG  ]  Ignoring file as matched an ignore pattern: PDAC206Tkf1_fwd.fq.gz
[2021-05-19 10:33:06,976] multiqc                                            [DEBUG  ]  Ignoring file as matched an ignore pattern: PDAC206Tkf1_rev_fastqc.html
[2021-05-19 10:33:06,976] multiqc                                            [DEBUG  ]  Ignoring file as matched an ignore pattern: PDAC206Tkf1_rev.fq.gz
[2021-05-19 10:33:06,977] multiqc                                            [DEBUG  ]  Ignoring file as matched an ignore pattern: PDAC207Tkf1_fwd_fastqc.html
[2021-05-19 10:33:06,977] multiqc                                            [DEBUG  ]  Ignoring file as matched an ignore pattern: PDAC207Tkf1_fwd.fq.gz
[2021-05-19 10:33:06,977] multiqc                                            [DEBUG  ]  Ignoring file as matched an ignore pattern: PDAC207Tkf1_rev_fastqc.html
[2021-05-19 10:33:06,978] multiqc                                            [DEBUG  ]  Ignoring file as matched an ignore pattern: PDAC207Tkf1_rev.fq.gz
[2021-05-19 10:33:06,978] multiqc                                            [DEBUG  ]  Ignoring file as matched an ignore pattern: PDAC208Tkf1_fwd_fastqc.html
[2021-05-19 10:33:06,978] multiqc                                            [DEBUG  ]  Ignoring file as matched an ignore pattern: PDAC208Tkf1_fwd.fq.gz
[2021-05-19 10:33:06,979] multiqc                                            [DEBUG  ]  Ignoring file as matched an ignore pattern: PDAC208Tkf1_rev_fastqc.html
[2021-05-19 10:33:06,979] multiqc                                            [DEBUG  ]  Ignoring file as matched an ignore pattern: PDAC208Tkf1_rev.fq.gz
[2021-05-19 10:33:06,979] multiqc                                            [DEBUG  ]  Ignoring file as matched an ignore pattern: PDAC209Tkf1_fwd_fastqc.html
[2021-05-19 10:33:06,980] multiqc                                            [DEBUG  ]  Ignoring file as matched an ignore pattern: PDAC209Tkf1_fwd.fq.gz
[2021-05-19 10:33:06,980] multiqc                                            [DEBUG  ]  Ignoring file as matched an ignore pattern: PDAC209Tkf1_rev_fastqc.html
[2021-05-19 10:33:06,981] multiqc                                            [DEBUG  ]  Ignoring file as matched an ignore pattern: PDAC209Tkf1_rev.fq.gz
[2021-05-19 10:33:06,981] multiqc                                            [DEBUG  ]  Ignoring file as matched an ignore pattern: PDAC210Tkf1_fwd_fastqc.html
[2021-05-19 10:33:06,981] multiqc                                            [DEBUG  ]  Ignoring file as matched an ignore pattern: PDAC210Tkf1_fwd.fq.gz
[2021-05-19 10:33:06,982] multiqc                                            [DEBUG  ]  Ignoring file as matched an ignore pattern: PDAC210Tkf1_rev_fastqc.html
[2021-05-19 10:33:06,982] multiqc                                            [DEBUG  ]  Ignoring file as matched an ignore pattern: PDAC210Tkf1_rev.fq.gz
[2021-05-19 10:33:06,982] multiqc                                            [DEBUG  ]  Ignoring file as matched an ignore pattern: PDAC211Tkf1_fwd_fastqc.html
[2021-05-19 10:33:06,983] multiqc                                            [DEBUG  ]  Ignoring file as matched an ignore pattern: PDAC211Tkf1_fwd.fq.gz
[2021-05-19 10:33:06,983] multiqc                                            [DEBUG  ]  Ignoring file as matched an ignore pattern: PDAC211Tkf1_rev_fastqc.html
[2021-05-19 10:33:06,983] multiqc                                            [DEBUG  ]  Ignoring file as matched an ignore pattern: PDAC211Tkf1_rev.fq.gz
[2021-05-19 10:33:06,984] multiqc                                            [DEBUG  ]  Ignoring file as matched an ignore pattern: PDAC213Tkf1_fwd_fastqc.html
[2021-05-19 10:33:06,984] multiqc                                            [DEBUG  ]  Ignoring file as matched an ignore pattern: PDAC213Tkf1_fwd.fq.gz
[2021-05-19 10:33:06,984] multiqc                                            [DEBUG  ]  Ignoring file as matched an ignore pattern: PDAC213Tkf1_rev_fastqc.html
[2021-05-19 10:33:06,985] multiqc                                            [DEBUG  ]  Ignoring file as matched an ignore pattern: PDAC213Tkf1_rev.fq.gz
[2021-05-19 10:33:06,985] multiqc                                            [DEBUG  ]  Ignoring file as matched an ignore pattern: PDAC214Tkf1_fwd_fastqc.html
[2021-05-19 10:33:06,985] multiqc                                            [DEBUG  ]  Ignoring file as matched an ignore pattern: PDAC214Tkf1_fwd.fq.gz
[2021-05-19 10:33:06,986] multiqc                                            [DEBUG  ]  Ignoring file as matched an ignore pattern: PDAC214Tkf1_rev_fastqc.html
[2021-05-19 10:33:06,986] multiqc                                            [DEBUG  ]  Ignoring file as matched an ignore pattern: PDAC214Tkf1_rev.fq.gz
[2021-05-19 10:33:06,986] multiqc                                            [DEBUG  ]  Ignoring file as matched an ignore pattern: PDAC215Tkf1_fwd_fastqc.html
[2021-05-19 10:33:06,987] multiqc                                            [DEBUG  ]  Ignoring file as matched an ignore pattern: PDAC215Tkf1_fwd.fq.gz
[2021-05-19 10:33:06,987] multiqc                                            [DEBUG  ]  Ignoring file as matched an ignore pattern: PDAC215Tkf1_rev_fastqc.html
[2021-05-19 10:33:06,988] multiqc                                            [DEBUG  ]  Ignoring file as matched an ignore pattern: PDAC215Tkf1_rev.fq.gz
[2021-05-19 10:33:06,988] multiqc                                            [DEBUG  ]  Ignoring file as matched an ignore pattern: PDAC216Tkf1_fwd_fastqc.html
[2021-05-19 10:33:06,988] multiqc                                            [DEBUG  ]  Ignoring file as matched an ignore pattern: PDAC216Tkf1_fwd.fq.gz
[2021-05-19 10:33:06,988] multiqc                                            [DEBUG  ]  Ignoring file as matched an ignore pattern: PDAC216Tkf1_rev_fastqc.html
[2021-05-19 10:33:06,989] multiqc                                            [DEBUG  ]  Ignoring file as matched an ignore pattern: PDAC216Tkf1_rev.fq.gz
[2021-05-19 10:33:06,989] multiqc                                            [DEBUG  ]  Ignoring file as matched an ignore pattern: PDAC217Tkf1_fwd_fastqc.html
[2021-05-19 10:33:06,990] multiqc                                            [DEBUG  ]  Ignoring file as matched an ignore pattern: PDAC217Tkf1_fwd.fq.gz
[2021-05-19 10:33:06,990] multiqc                                            [DEBUG  ]  Ignoring file as matched an ignore pattern: PDAC217Tkf1_rev_fastqc.html
[2021-05-19 10:33:06,990] multiqc                                            [DEBUG  ]  Ignoring file as matched an ignore pattern: PDAC217Tkf1_rev.fq.gz
[2021-05-19 10:33:06,990] multiqc                                            [DEBUG  ]  Ignoring file as matched an ignore pattern: PDAC218Tkf1_fwd_fastqc.html
[2021-05-19 10:33:06,991] multiqc                                            [DEBUG  ]  Ignoring file as matched an ignore pattern: PDAC218Tkf1_fwd.fq.gz
[2021-05-19 10:33:06,991] multiqc                                            [DEBUG  ]  Ignoring file as matched an ignore pattern: PDAC218Tkf1_rev_fastqc.html
[2021-05-19 10:33:06,992] multiqc                                            [DEBUG  ]  Ignoring file as matched an ignore pattern: PDAC218Tkf1_rev.fq.gz
[2021-05-19 10:33:06,992] multiqc                                            [DEBUG  ]  Ignoring file as matched an ignore pattern: PDAC219Tkf1_fwd_fastqc.html
[2021-05-19 10:33:06,992] multiqc                                            [DEBUG  ]  Ignoring file as matched an ignore pattern: PDAC219Tkf1_fwd.fq.gz
[2021-05-19 10:33:06,992] multiqc                                            [DEBUG  ]  Ignoring file as matched an ignore pattern: PDAC219Tkf1_rev_fastqc.html
[2021-05-19 10:33:06,993] multiqc                                            [DEBUG  ]  Ignoring file as matched an ignore pattern: PDAC219Tkf1_rev.fq.gz
[2021-05-19 10:33:06,993] multiqc                                            [DEBUG  ]  Ignoring file as matched an ignore pattern: PDAC220Tkf1_fwd_fastqc.html
[2021-05-19 10:33:06,994] multiqc                                            [DEBUG  ]  Ignoring file as matched an ignore pattern: PDAC220Tkf1_fwd.fq.gz
[2021-05-19 10:33:06,994] multiqc                                            [DEBUG  ]  Ignoring file as matched an ignore pattern: PDAC220Tkf1_rev_fastqc.html
[2021-05-19 10:33:06,994] multiqc                                            [DEBUG  ]  Ignoring file as matched an ignore pattern: PDAC220Tkf1_rev.fq.gz
[2021-05-19 10:33:06,994] multiqc                                            [DEBUG  ]  Ignoring file as matched an ignore pattern: PDAC221Tkf1_fwd_fastqc.html
[2021-05-19 10:33:06,995] multiqc                                            [DEBUG  ]  Ignoring file as matched an ignore pattern: PDAC221Tkf1_fwd.fq.gz
[2021-05-19 10:33:06,995] multiqc                                            [DEBUG  ]  Ignoring file as matched an ignore pattern: PDAC221Tkf1_rev_fastqc.html
[2021-05-19 10:33:06,996] multiqc                                            [DEBUG  ]  Ignoring file as matched an ignore pattern: PDAC221Tkf1_rev.fq.gz
[2021-05-19 10:33:06,996] multiqc                                            [DEBUG  ]  Ignoring file as matched an ignore pattern: PDAC222Tkf1_fwd_fastqc.html
[2021-05-19 10:33:06,996] multiqc                                            [DEBUG  ]  Ignoring file as matched an ignore pattern: PDAC222Tkf1_fwd.fq.gz
[2021-05-19 10:33:06,996] multiqc                                            [DEBUG  ]  Ignoring file as matched an ignore pattern: PDAC222Tkf1_rev_fastqc.html
[2021-05-19 10:33:06,997] multiqc                                            [DEBUG  ]  Ignoring file as matched an ignore pattern: PDAC222Tkf1_rev.fq.gz
[2021-05-19 10:33:06,997] multiqc                                            [DEBUG  ]  Ignoring file as matched an ignore pattern: PDAC223Tkf1_fwd_fastqc.html
[2021-05-19 10:33:06,998] multiqc                                            [DEBUG  ]  Ignoring file as matched an ignore pattern: PDAC223Tkf1_fwd.fq.gz
[2021-05-19 10:33:06,998] multiqc                                            [DEBUG  ]  Ignoring file as matched an ignore pattern: PDAC223Tkf1_rev_fastqc.html
[2021-05-19 10:33:06,998] multiqc                                            [DEBUG  ]  Ignoring file as matched an ignore pattern: PDAC223Tkf1_rev.fq.gz
[2021-05-19 10:33:06,998] multiqc                                            [DEBUG  ]  Ignoring file as matched an ignore pattern: PDAC224Tkf1_fwd_fastqc.html
[2021-05-19 10:33:06,999] multiqc                                            [DEBUG  ]  Ignoring file as matched an ignore pattern: PDAC224Tkf1_fwd.fq.gz
[2021-05-19 10:33:06,999] multiqc                                            [DEBUG  ]  Ignoring file as matched an ignore pattern: PDAC224Tkf1_rev_fastqc.html
[2021-05-19 10:33:07,000] multiqc                                            [DEBUG  ]  Ignoring file as matched an ignore pattern: PDAC224Tkf1_rev.fq.gz
[2021-05-19 10:33:07,000] multiqc                                            [DEBUG  ]  Ignoring file as matched an ignore pattern: PDAC225Tkf1_fwd_fastqc.html
[2021-05-19 10:33:07,000] multiqc                                            [DEBUG  ]  Ignoring file as matched an ignore pattern: PDAC225Tkf1_fwd.fq.gz
[2021-05-19 10:33:07,000] multiqc                                            [DEBUG  ]  Ignoring file as matched an ignore pattern: PDAC225Tkf1_rev_fastqc.html
[2021-05-19 10:33:07,001] multiqc                                            [DEBUG  ]  Ignoring file as matched an ignore pattern: PDAC225Tkf1_rev.fq.gz
[2021-05-19 10:33:07,001] multiqc                                            [DEBUG  ]  Ignoring file as matched an ignore pattern: PDAC226Tkf1_fwd_fastqc.html
[2021-05-19 10:33:07,002] multiqc                                            [DEBUG  ]  Ignoring file as matched an ignore pattern: PDAC226Tkf1_fwd.fq.gz
[2021-05-19 10:33:07,002] multiqc                                            [DEBUG  ]  Ignoring file as matched an ignore pattern: PDAC226Tkf1_rev_fastqc.html
[2021-05-19 10:33:07,002] multiqc                                            [DEBUG  ]  Ignoring file as matched an ignore pattern: PDAC226Tkf1_rev.fq.gz
[2021-05-19 10:33:07,002] multiqc                                            [DEBUG  ]  Ignoring file as matched an ignore pattern: PDAC227Tkf1_fwd_fastqc.html
[2021-05-19 10:33:07,003] multiqc                                            [DEBUG  ]  Ignoring file as matched an ignore pattern: PDAC227Tkf1_fwd.fq.gz
[2021-05-19 10:33:07,003] multiqc                                            [DEBUG  ]  Ignoring file as matched an ignore pattern: PDAC227Tkf1_rev_fastqc.html
[2021-05-19 10:33:07,004] multiqc                                            [DEBUG  ]  Ignoring file as matched an ignore pattern: PDAC227Tkf1_rev.fq.gz
[2021-05-19 10:33:08,447] multiqc                                            [DEBUG  ]  No samples found: custom_content
[2021-05-19 10:33:08,460] multiqc                                            [DEBUG  ]  No samples found: conpair
[2021-05-19 10:33:08,471] multiqc                                            [DEBUG  ]  No samples found: peddy
[2021-05-19 10:33:08,483] multiqc                                            [DEBUG  ]  No samples found: methylQA
[2021-05-19 10:33:08,495] multiqc                                            [DEBUG  ]  No samples found: phantompeakqualtools
[2021-05-19 10:33:08,511] multiqc                                            [DEBUG  ]  No samples found: qualimap
[2021-05-19 10:33:08,522] multiqc                                            [DEBUG  ]  No samples found: preseq
[2021-05-19 10:33:08,535] multiqc                                            [DEBUG  ]  No samples found: quast
[2021-05-19 10:33:08,547] multiqc                                            [DEBUG  ]  No samples found: qorts
[2021-05-19 10:33:08,558] multiqc                                            [DEBUG  ]  No samples found: rna_seqc
[2021-05-19 10:33:08,570] multiqc                                            [DEBUG  ]  No samples found: rsem
[2021-05-19 10:33:08,603] multiqc                                            [DEBUG  ]  No samples found: rseqc
[2021-05-19 10:33:08,615] multiqc                                            [DEBUG  ]  No samples found: busco
[2021-05-19 10:33:08,627] multiqc                                            [DEBUG  ]  No samples found: goleft_indexcov
[2021-05-19 10:33:08,638] multiqc                                            [DEBUG  ]  No samples found: disambiguate
[2021-05-19 10:33:08,650] multiqc                                            [DEBUG  ]  No samples found: supernova
[2021-05-19 10:33:08,682] multiqc                                            [DEBUG  ]  No samples found: deeptools
[2021-05-19 10:33:08,694] multiqc                                            [DEBUG  ]  No samples found: sargasso
[2021-05-19 10:33:08,705] multiqc                                            [DEBUG  ]  No samples found: verifybamid
[2021-05-19 10:33:08,716] multiqc                                            [DEBUG  ]  No samples found: mirtrace
[2021-05-19 10:33:08,728] multiqc                                            [DEBUG  ]  No samples found: happy
[2021-05-19 10:33:08,744] multiqc                                            [DEBUG  ]  No samples found: homer
[2021-05-19 10:33:08,755] multiqc                                            [DEBUG  ]  No samples found: macs2
[2021-05-19 10:33:08,766] multiqc                                            [DEBUG  ]  No samples found: theta2
[2021-05-19 10:33:08,777] multiqc                                            [DEBUG  ]  No samples found: snpeff
[2021-05-19 10:33:08,793] multiqc                                            [DEBUG  ]  No samples found: gatk
[2021-05-19 10:33:08,805] multiqc                                            [DEBUG  ]  No samples found: htseq
[2021-05-19 10:33:08,817] multiqc                                            [DEBUG  ]  No samples found: bcftools
[2021-05-19 10:33:08,828] multiqc                                            [DEBUG  ]  No samples found: featureCounts
[2021-05-19 10:33:08,839] multiqc                                            [DEBUG  ]  No samples found: dedup
[2021-05-19 10:33:08,850] multiqc                                            [DEBUG  ]  No samples found: damageprofiler
[2021-05-19 10:33:08,895] multiqc                                            [DEBUG  ]  No samples found: picard
[2021-05-19 10:33:08,908] multiqc                                            [DEBUG  ]  No samples found: prokka
[2021-05-19 10:33:08,920] multiqc                                            [DEBUG  ]  No samples found: samblaster
[2021-05-19 10:33:08,942] multiqc                                            [DEBUG  ]  No samples found: samtools
[2021-05-19 10:33:08,957] multiqc                                            [DEBUG  ]  No samples found: bamtools
[2021-05-19 10:33:08,970] multiqc                                            [DEBUG  ]  No samples found: jellyfish
[2021-05-19 10:33:08,991] multiqc                                            [DEBUG  ]  No samples found: vcftools
[2021-05-19 10:33:09,003] multiqc                                            [DEBUG  ]  No samples found: longranger
[2021-05-19 10:33:09,015] multiqc                                            [DEBUG  ]  No samples found: stacks
[2021-05-19 10:33:09,056] multiqc                                            [DEBUG  ]  No samples found: bbmap
[2021-05-19 10:33:09,068] multiqc                                            [DEBUG  ]  No samples found: bismark
[2021-05-19 10:33:09,080] multiqc                                            [DEBUG  ]  No samples found: biscuit
[2021-05-19 10:33:09,092] multiqc                                            [DEBUG  ]  No samples found: hicexplorer
[2021-05-19 10:33:09,104] multiqc                                            [DEBUG  ]  No samples found: hicup
[2021-05-19 10:33:09,115] multiqc                                            [DEBUG  ]  No samples found: hicpro
[2021-05-19 10:33:09,126] multiqc                                            [DEBUG  ]  No samples found: salmon
[2021-05-19 10:33:09,137] multiqc                                            [DEBUG  ]  No samples found: kallisto
[2021-05-19 10:33:09,148] multiqc                                            [DEBUG  ]  No samples found: slamdunk
[2021-05-19 10:33:09,159] multiqc                                            [DEBUG  ]  No samples found: star
[2021-05-19 10:33:09,175] multiqc                                            [DEBUG  ]  No samples found: hisat2
[2021-05-19 10:33:09,186] multiqc                                            [DEBUG  ]  No samples found: tophat
[2021-05-19 10:33:09,197] multiqc                                            [DEBUG  ]  No samples found: bowtie2
[2021-05-19 10:33:09,207] multiqc                                            [DEBUG  ]  No samples found: bowtie1
[2021-05-19 10:33:09,217] multiqc                                            [DEBUG  ]  No samples found: kat
[2021-05-19 10:33:09,227] multiqc                                            [DEBUG  ]  No samples found: leehom
[2021-05-19 10:33:09,237] multiqc                                            [DEBUG  ]  No samples found: adapterRemoval
[2021-05-19 10:33:09,248] multiqc                                            [DEBUG  ]  No samples found: clipandmerge
[2021-05-19 10:33:09,259] multiqc                                            [DEBUG  ]  No samples found: cutadapt
[2021-05-19 10:33:09,268] multiqc                                            [DEBUG  ]  No samples found: flexbar
[2021-05-19 10:33:09,278] multiqc                                            [DEBUG  ]  No samples found: trimmomatic
[2021-05-19 10:33:09,289] multiqc                                            [DEBUG  ]  No samples found: skewer
[2021-05-19 10:33:09,299] multiqc                                            [DEBUG  ]  No samples found: sortmerna
[2021-05-19 10:33:09,310] multiqc                                            [DEBUG  ]  No samples found: biobloomtools
[2021-05-19 10:33:09,320] multiqc                                            [DEBUG  ]  No samples found: fastq_screen
[2021-05-19 10:33:09,331] multiqc                                            [DEBUG  ]  No samples found: afterqc
[2021-05-19 10:33:09,342] multiqc                                            [DEBUG  ]  No samples found: fastp
[2021-05-19 10:33:13,725] multiqc.modules.fastqc.fastqc                      [INFO   ]  Found 54 reports
[2021-05-19 10:33:14,861] multiqc                                            [DEBUG  ]  No samples found: minionqc
[2021-05-19 10:33:14,870] multiqc                                            [DEBUG  ]  No samples found: clusterflow
[2021-05-19 10:33:14,879] multiqc                                            [DEBUG  ]  No samples found: bcl2fastq
[2021-05-19 10:33:14,886] multiqc                                            [DEBUG  ]  No samples found: interop
[2021-05-19 10:33:14,894] multiqc                                            [DEBUG  ]  No samples found: flash
[2021-05-19 10:33:14,972] multiqc                                            [INFO   ]  Compressing plot data
[2021-05-19 10:33:16,021] multiqc                                            [INFO   ]  Report      : multiqc_report.html
[2021-05-19 10:33:16,021] multiqc                                            [INFO   ]  Data        : multiqc_data
[2021-05-19 10:33:16,025] multiqc                                            [DEBUG  ]  Moving data file from '/tmp/tmpgfeuq82_/multiqc_data/multiqc_sources.txt' to '/work/jsolorzano/kf_fastqs/sortmerna/out/rRNAfree/multiqc_data'
[2021-05-19 10:33:16,026] multiqc                                            [DEBUG  ]  Moving data file from '/tmp/tmpgfeuq82_/multiqc_data/multiqc_data.json' to '/work/jsolorzano/kf_fastqs/sortmerna/out/rRNAfree/multiqc_data'
[2021-05-19 10:33:16,031] multiqc                                            [DEBUG  ]  Moving data file from '/tmp/tmpgfeuq82_/multiqc_data/multiqc_general_stats.txt' to '/work/jsolorzano/kf_fastqs/sortmerna/out/rRNAfree/multiqc_data'
[2021-05-19 10:33:16,032] multiqc                                            [DEBUG  ]  Moving data file from '/tmp/tmpgfeuq82_/multiqc_data/multiqc_fastqc.txt' to '/work/jsolorzano/kf_fastqs/sortmerna/out/rRNAfree/multiqc_data'
[2021-05-19 10:33:16,274] multiqc                                            [INFO   ]  MultiQC complete
