                                 Started job on |	May 20 20:35:06
                             Started mapping on |	May 20 20:35:06
                                    Finished on |	May 20 20:35:28
       Mapping speed, Million of reads per hour |	256.50

                          Number of input reads |	1567486
                      Average input read length |	74
                                    UNIQUE READS:
                   Uniquely mapped reads number |	936201
                        Uniquely mapped reads % |	59.73%
                          Average mapped length |	74.49
                       Number of splices: Total |	190410
            Number of splices: Annotated (sjdb) |	184726
                       Number of splices: GT/AG |	187302
                       Number of splices: GC/AG |	2011
                       Number of splices: AT/AC |	172
               Number of splices: Non-canonical |	925
                      Mismatch rate per base, % |	0.43%
                         Deletion rate per base |	0.01%
                        Deletion average length |	1.80
                        Insertion rate per base |	0.00%
                       Insertion average length |	1.56
                             MULTI-MAPPING READS:
        Number of reads mapped to multiple loci |	100072
             % of reads mapped to multiple loci |	6.38%
        Number of reads mapped to too many loci |	0
             % of reads mapped to too many loci |	0.00%
                                  UNMAPPED READS:
       % of reads unmapped: too many mismatches |	0.00%
                 % of reads unmapped: too short |	33.19%
                     % of reads unmapped: other |	0.69%
                                  CHIMERIC READS:
                       Number of chimeric reads |	0
                            % of chimeric reads |	0.00%
