                                 Started job on |	May 20 20:35:29
                             Started mapping on |	May 20 20:35:30
                                    Finished on |	May 20 20:36:39
       Mapping speed, Million of reads per hour |	306.78

                          Number of input reads |	5879961
                      Average input read length |	74
                                    UNIQUE READS:
                   Uniquely mapped reads number |	1632077
                        Uniquely mapped reads % |	27.76%
                          Average mapped length |	74.62
                       Number of splices: Total |	351947
            Number of splices: Annotated (sjdb) |	342541
                       Number of splices: GT/AG |	346921
                       Number of splices: GC/AG |	3328
                       Number of splices: AT/AC |	205
               Number of splices: Non-canonical |	1493
                      Mismatch rate per base, % |	0.53%
                         Deletion rate per base |	0.01%
                        Deletion average length |	1.80
                        Insertion rate per base |	0.00%
                       Insertion average length |	1.60
                             MULTI-MAPPING READS:
        Number of reads mapped to multiple loci |	2527547
             % of reads mapped to multiple loci |	42.99%
        Number of reads mapped to too many loci |	6
             % of reads mapped to too many loci |	0.00%
                                  UNMAPPED READS:
       % of reads unmapped: too many mismatches |	0.00%
                 % of reads unmapped: too short |	29.18%
                     % of reads unmapped: other |	0.07%
                                  CHIMERIC READS:
                       Number of chimeric reads |	0
                            % of chimeric reads |	0.00%
