 Command:
    sortmerna --ref /home/jacobo/Documents/02_TRANSDUCER/02_Raw_data/02_rRNA_removal_and_Trimming_check/01_Input/PDXrRNAs_ensembl75.fasta --reads /home/jacobo/Documents/02_TRANSDUCER/02_Raw_data/02_rRNA_removal_and_Trimming_check/01_Input/PDAC217T_R1.fastq --reads /home/jacobo/Documents/02_TRANSDUCER/02_Raw_data/02_rRNA_removal_and_Trimming_check/01_Input/PDAC217T_R2.fastq --workdir /home/jacobo/Documents/02_TRANSDUCER/02_Raw_data/02_rRNA_removal_and_Trimming_check/02_Output/sortmerna/ --fastx rRNA_aligned --other /home/jacobo/Documents/02_TRANSDUCER/02_Raw_data/02_rRNA_removal_and_Trimming_check/02_Output/sortmerna/out/rRNAfree/PDAC217T --paired_in --out2 

 Process pid = 

 Parameters summary: 
    Reference file: /home/jacobo/Documents/02_TRANSDUCER/02_Raw_data/02_rRNA_removal_and_Trimming_check/01_Input/PDXrRNAs_ensembl75.fasta
        Seed length = 18
        Pass 1 = 18, Pass 2 = 9, Pass 3 = 3
        Gumbel lambda = 0.616975
        Gumbel K = 0.34335
        Minimal SW score based on E-value = 88
    Number of seeds = 2
    Edges = 4
    SW match = 2
    SW mismatch = -3
    SW gap open penalty = 5
    SW gap extend penalty = 2
    SW ambiguous nucleotide = -3
    SQ tags are not output
    Number of alignment processing threads = 2
    Reads file: /home/jacobo/Documents/02_TRANSDUCER/02_Raw_data/02_rRNA_removal_and_Trimming_check/01_Input/PDAC217T_R1.fastq
    Reads file: /home/jacobo/Documents/02_TRANSDUCER/02_Raw_data/02_rRNA_removal_and_Trimming_check/01_Input/PDAC217T_R2.fastq
    Total reads = 183587822

 Results:
    Total reads passing E-value threshold = 44524554 (24.25)
    Total reads failing E-value threshold = 139063268 (75.75)
    Minimum read length = 75
    Maximum read length = 75
    Mean read length    = 4

 Coverage by database:
    /home/jacobo/Documents/02_TRANSDUCER/02_Raw_data/02_rRNA_removal_and_Trimming_check/01_Input/PDXrRNAs_ensembl75.fasta		24.25

 Fri Apr 16 01:33:10 2021

