[2021-04-16 14:12:50,524] multiqc                                            [DEBUG  ]  No MultiQC config found: /home/jacobo/anaconda3/lib/python3.8/site-packages/multiqc_config.yaml
[2021-04-16 14:12:50,524] multiqc                                            [DEBUG  ]  No MultiQC config found: /home/jacobo/.multiqc_config.yaml
[2021-04-16 14:12:50,524] multiqc                                            [DEBUG  ]  No MultiQC config found: multiqc_config.yaml
[2021-04-16 14:12:50,524] multiqc                                            [DEBUG  ]  Command used: /home/jacobo/anaconda3/bin/multiqc .
[2021-04-16 14:12:51,097] multiqc                                            [WARNING]  MultiQC Version v1.10.1 now available!
[2021-04-16 14:12:51,098] multiqc                                            [INFO   ]  This is MultiQC v1.10
[2021-04-16 14:12:51,098] multiqc                                            [DEBUG  ]  Command     : /home/jacobo/anaconda3/bin/multiqc .
[2021-04-16 14:12:51,098] multiqc                                            [DEBUG  ]  Working dir : /home/jacobo/Documents/02_TRANSDUCER/02_Raw_data/02_rRNA_removal_and_Trimming_check/02_Output/BBDuk
[2021-04-16 14:12:51,098] multiqc                                            [INFO   ]  Template    : default
[2021-04-16 14:12:51,099] multiqc                                            [DEBUG  ]  Running Python 3.8.3 (default, Jul  2 2020, 16:21:59)  [GCC 7.3.0]
[2021-04-16 14:12:51,099] multiqc                                            [INFO   ]  Searching   : /home/jacobo/Documents/02_TRANSDUCER/02_Raw_data/02_rRNA_removal_and_Trimming_check/02_Output/BBDuk
[2021-04-16 14:12:51,100] multiqc                                            [DEBUG  ]  Analysing modules: custom_content, ngsderive, purple, conpair, peddy, somalier, methylQA, mosdepth, phantompeakqualtools, qualimap, preseq, quast, qorts, rna_seqc, rockhopper, rsem, rseqc, busco, goleft_indexcov, disambiguate, supernova, deeptools, sargasso, verifybamid, mirtrace, happy, mirtop, homer, hops, macs2, theta2, snpeff, gatk, htseq, bcftools, featureCounts, fgbio, dragen, dedup, damageprofiler, biobambam2, jcvi, mtnucratio, picard, sentieon, prokka, qc3C, samblaster, samtools, sexdeterrmine, eigenstratdatabasetools, bamtools, jellyfish, vcftools, longranger, stacks, varscan2, bbmap, bismark, biscuit, hicexplorer, hicup, hicpro, salmon, kallisto, slamdunk, star, hisat2, tophat, bowtie2, bowtie1, snpsplit, kat, leehom, adapterRemoval, clipandmerge, cutadapt, flexbar, kaiju, kraken, malt, trimmomatic, sickle, skewer, sortmerna, biobloomtools, fastq_screen, afterqc, fastp, fastqc, pychopper, pycoqc, minionqc, multivcfanalyzer, clusterflow, bcl2fastq, interop, ivar, flash, seqyclean, optitype
[2021-04-16 14:12:51,100] multiqc                                            [DEBUG  ]  Using temporary directory for creating report: /tmp/tmpemqwq9ew
[2021-04-16 14:12:51,704] multiqc                                            [DEBUG  ]  File ignored by hicexplorer because it exceeded search pattern filesize limit: PDAC217T_F8-9r_R1_fastqc.html
[2021-04-16 14:12:51,706] multiqc                                            [DEBUG  ]  File ignored by longranger/invocation because it exceeded search pattern filesize limit: PDAC217T_F8-9r_R1_fastqc.html
[2021-04-16 14:12:51,706] multiqc                                            [DEBUG  ]  File ignored by rockhopper because it exceeded search pattern filesize limit: PDAC217T_F8-9r_R1_fastqc.html
[2021-04-16 14:12:51,706] multiqc                                            [DEBUG  ]  File ignored by rseqc/bam_stat because it exceeded search pattern filesize limit: PDAC217T_F8-9r_R1_fastqc.html
[2021-04-16 14:12:51,706] multiqc                                            [DEBUG  ]  File ignored by rseqc/junction_annotation because it exceeded search pattern filesize limit: PDAC217T_F8-9r_R1_fastqc.html
[2021-04-16 14:12:51,706] multiqc                                            [DEBUG  ]  File ignored by rseqc/read_distribution because it exceeded search pattern filesize limit: PDAC217T_F8-9r_R1_fastqc.html
[2021-04-16 14:12:51,706] multiqc                                            [DEBUG  ]  File ignored by rseqc/infer_experiment because it exceeded search pattern filesize limit: PDAC217T_F8-9r_R1_fastqc.html
[2021-04-16 14:12:51,735] multiqc                                            [DEBUG  ]  File ignored by hicexplorer because it exceeded search pattern filesize limit: PDAC202Trkf_R1_fastqc.html
[2021-04-16 14:12:51,736] multiqc                                            [DEBUG  ]  File ignored by longranger/invocation because it exceeded search pattern filesize limit: PDAC202Trkf_R1_fastqc.html
[2021-04-16 14:12:51,737] multiqc                                            [DEBUG  ]  File ignored by rockhopper because it exceeded search pattern filesize limit: PDAC202Trkf_R1_fastqc.html
[2021-04-16 14:12:51,737] multiqc                                            [DEBUG  ]  File ignored by rseqc/bam_stat because it exceeded search pattern filesize limit: PDAC202Trkf_R1_fastqc.html
[2021-04-16 14:12:51,737] multiqc                                            [DEBUG  ]  File ignored by rseqc/junction_annotation because it exceeded search pattern filesize limit: PDAC202Trkf_R1_fastqc.html
[2021-04-16 14:12:51,737] multiqc                                            [DEBUG  ]  File ignored by rseqc/read_distribution because it exceeded search pattern filesize limit: PDAC202Trkf_R1_fastqc.html
[2021-04-16 14:12:51,737] multiqc                                            [DEBUG  ]  File ignored by rseqc/infer_experiment because it exceeded search pattern filesize limit: PDAC202Trkf_R1_fastqc.html
[2021-04-16 14:12:51,761] multiqc                                            [DEBUG  ]  Ignoring file as matched an ignore pattern: PDAC217Trft_R1.fastq
[2021-04-16 14:12:51,765] multiqc                                            [DEBUG  ]  File ignored by hicexplorer because it exceeded search pattern filesize limit: PDAC202Trkf_R2_fastqc.html
[2021-04-16 14:12:51,766] multiqc                                            [DEBUG  ]  File ignored by longranger/invocation because it exceeded search pattern filesize limit: PDAC202Trkf_R2_fastqc.html
[2021-04-16 14:12:51,766] multiqc                                            [DEBUG  ]  File ignored by rockhopper because it exceeded search pattern filesize limit: PDAC202Trkf_R2_fastqc.html
[2021-04-16 14:12:51,766] multiqc                                            [DEBUG  ]  File ignored by rseqc/bam_stat because it exceeded search pattern filesize limit: PDAC202Trkf_R2_fastqc.html
[2021-04-16 14:12:51,766] multiqc                                            [DEBUG  ]  File ignored by rseqc/junction_annotation because it exceeded search pattern filesize limit: PDAC202Trkf_R2_fastqc.html
[2021-04-16 14:12:51,766] multiqc                                            [DEBUG  ]  File ignored by rseqc/read_distribution because it exceeded search pattern filesize limit: PDAC202Trkf_R2_fastqc.html
[2021-04-16 14:12:51,766] multiqc                                            [DEBUG  ]  File ignored by rseqc/infer_experiment because it exceeded search pattern filesize limit: PDAC202Trkf_R2_fastqc.html
[2021-04-16 14:12:51,793] multiqc                                            [DEBUG  ]  File ignored by hicexplorer because it exceeded search pattern filesize limit: PDAC202T_F8-9r_R1_fastqc.html
[2021-04-16 14:12:51,794] multiqc                                            [DEBUG  ]  File ignored by longranger/invocation because it exceeded search pattern filesize limit: PDAC202T_F8-9r_R1_fastqc.html
[2021-04-16 14:12:51,794] multiqc                                            [DEBUG  ]  File ignored by rockhopper because it exceeded search pattern filesize limit: PDAC202T_F8-9r_R1_fastqc.html
[2021-04-16 14:12:51,794] multiqc                                            [DEBUG  ]  File ignored by rseqc/bam_stat because it exceeded search pattern filesize limit: PDAC202T_F8-9r_R1_fastqc.html
[2021-04-16 14:12:51,795] multiqc                                            [DEBUG  ]  File ignored by rseqc/junction_annotation because it exceeded search pattern filesize limit: PDAC202T_F8-9r_R1_fastqc.html
[2021-04-16 14:12:51,795] multiqc                                            [DEBUG  ]  File ignored by rseqc/read_distribution because it exceeded search pattern filesize limit: PDAC202T_F8-9r_R1_fastqc.html
[2021-04-16 14:12:51,795] multiqc                                            [DEBUG  ]  File ignored by rseqc/infer_experiment because it exceeded search pattern filesize limit: PDAC202T_F8-9r_R1_fastqc.html
[2021-04-16 14:12:51,818] multiqc                                            [DEBUG  ]  Ignoring file as matched an ignore pattern: PDAC202T_F8-9r_R2.fastq
[2021-04-16 14:12:51,834] multiqc                                            [DEBUG  ]  File ignored by hicexplorer because it exceeded search pattern filesize limit: PDAC217T_F8-9_R2_fastqc.html
[2021-04-16 14:12:51,836] multiqc                                            [DEBUG  ]  File ignored by longranger/invocation because it exceeded search pattern filesize limit: PDAC217T_F8-9_R2_fastqc.html
[2021-04-16 14:12:51,836] multiqc                                            [DEBUG  ]  File ignored by rockhopper because it exceeded search pattern filesize limit: PDAC217T_F8-9_R2_fastqc.html
[2021-04-16 14:12:51,836] multiqc                                            [DEBUG  ]  File ignored by rseqc/bam_stat because it exceeded search pattern filesize limit: PDAC217T_F8-9_R2_fastqc.html
[2021-04-16 14:12:51,836] multiqc                                            [DEBUG  ]  File ignored by rseqc/junction_annotation because it exceeded search pattern filesize limit: PDAC217T_F8-9_R2_fastqc.html
[2021-04-16 14:12:51,836] multiqc                                            [DEBUG  ]  File ignored by rseqc/read_distribution because it exceeded search pattern filesize limit: PDAC217T_F8-9_R2_fastqc.html
[2021-04-16 14:12:51,836] multiqc                                            [DEBUG  ]  File ignored by rseqc/infer_experiment because it exceeded search pattern filesize limit: PDAC217T_F8-9_R2_fastqc.html
[2021-04-16 14:12:51,874] multiqc                                            [DEBUG  ]  File ignored by hicexplorer because it exceeded search pattern filesize limit: PDAC202T_F8-9_R1_fastqc.html
[2021-04-16 14:12:51,877] multiqc                                            [DEBUG  ]  File ignored by longranger/invocation because it exceeded search pattern filesize limit: PDAC202T_F8-9_R1_fastqc.html
[2021-04-16 14:12:51,877] multiqc                                            [DEBUG  ]  File ignored by rockhopper because it exceeded search pattern filesize limit: PDAC202T_F8-9_R1_fastqc.html
[2021-04-16 14:12:51,877] multiqc                                            [DEBUG  ]  File ignored by rseqc/bam_stat because it exceeded search pattern filesize limit: PDAC202T_F8-9_R1_fastqc.html
[2021-04-16 14:12:51,877] multiqc                                            [DEBUG  ]  File ignored by rseqc/junction_annotation because it exceeded search pattern filesize limit: PDAC202T_F8-9_R1_fastqc.html
[2021-04-16 14:12:51,877] multiqc                                            [DEBUG  ]  File ignored by rseqc/read_distribution because it exceeded search pattern filesize limit: PDAC202T_F8-9_R1_fastqc.html
[2021-04-16 14:12:51,877] multiqc                                            [DEBUG  ]  File ignored by rseqc/infer_experiment because it exceeded search pattern filesize limit: PDAC202T_F8-9_R1_fastqc.html
[2021-04-16 14:12:51,911] multiqc                                            [DEBUG  ]  File ignored by hicexplorer because it exceeded search pattern filesize limit: PDAC202Tr_R1_fastqc.html
[2021-04-16 14:12:51,912] multiqc                                            [DEBUG  ]  File ignored by longranger/invocation because it exceeded search pattern filesize limit: PDAC202Tr_R1_fastqc.html
[2021-04-16 14:12:51,912] multiqc                                            [DEBUG  ]  File ignored by rockhopper because it exceeded search pattern filesize limit: PDAC202Tr_R1_fastqc.html
[2021-04-16 14:12:51,912] multiqc                                            [DEBUG  ]  File ignored by rseqc/bam_stat because it exceeded search pattern filesize limit: PDAC202Tr_R1_fastqc.html
[2021-04-16 14:12:51,912] multiqc                                            [DEBUG  ]  File ignored by rseqc/junction_annotation because it exceeded search pattern filesize limit: PDAC202Tr_R1_fastqc.html
[2021-04-16 14:12:51,912] multiqc                                            [DEBUG  ]  File ignored by rseqc/read_distribution because it exceeded search pattern filesize limit: PDAC202Tr_R1_fastqc.html
[2021-04-16 14:12:51,912] multiqc                                            [DEBUG  ]  File ignored by rseqc/infer_experiment because it exceeded search pattern filesize limit: PDAC202Tr_R1_fastqc.html
[2021-04-16 14:12:51,936] multiqc                                            [DEBUG  ]  Ignoring file as matched an ignore pattern: PDAC217Trft_R2.fastq
[2021-04-16 14:12:51,936] multiqc                                            [DEBUG  ]  Ignoring file as matched an ignore pattern: PDAC202Trkf_R1.fastq
[2021-04-16 14:12:51,936] multiqc                                            [DEBUG  ]  Ignoring file as matched an ignore pattern: PDAC202T_F8-9rkf_R1.fastq
[2021-04-16 14:12:51,940] multiqc                                            [DEBUG  ]  File ignored by hicexplorer because it exceeded search pattern filesize limit: PDAC217Trkf_R1_fastqc.html
[2021-04-16 14:12:51,941] multiqc                                            [DEBUG  ]  File ignored by longranger/invocation because it exceeded search pattern filesize limit: PDAC217Trkf_R1_fastqc.html
[2021-04-16 14:12:51,941] multiqc                                            [DEBUG  ]  File ignored by rockhopper because it exceeded search pattern filesize limit: PDAC217Trkf_R1_fastqc.html
[2021-04-16 14:12:51,941] multiqc                                            [DEBUG  ]  File ignored by rseqc/bam_stat because it exceeded search pattern filesize limit: PDAC217Trkf_R1_fastqc.html
[2021-04-16 14:12:51,941] multiqc                                            [DEBUG  ]  File ignored by rseqc/junction_annotation because it exceeded search pattern filesize limit: PDAC217Trkf_R1_fastqc.html
[2021-04-16 14:12:51,941] multiqc                                            [DEBUG  ]  File ignored by rseqc/read_distribution because it exceeded search pattern filesize limit: PDAC217Trkf_R1_fastqc.html
[2021-04-16 14:12:51,941] multiqc                                            [DEBUG  ]  File ignored by rseqc/infer_experiment because it exceeded search pattern filesize limit: PDAC217Trkf_R1_fastqc.html
[2021-04-16 14:12:51,969] multiqc                                            [DEBUG  ]  File ignored by hicexplorer because it exceeded search pattern filesize limit: PDAC217T_R1_fastqc.html
[2021-04-16 14:12:51,970] multiqc                                            [DEBUG  ]  File ignored by longranger/invocation because it exceeded search pattern filesize limit: PDAC217T_R1_fastqc.html
[2021-04-16 14:12:51,970] multiqc                                            [DEBUG  ]  File ignored by rockhopper because it exceeded search pattern filesize limit: PDAC217T_R1_fastqc.html
[2021-04-16 14:12:51,970] multiqc                                            [DEBUG  ]  File ignored by rseqc/bam_stat because it exceeded search pattern filesize limit: PDAC217T_R1_fastqc.html
[2021-04-16 14:12:51,970] multiqc                                            [DEBUG  ]  File ignored by rseqc/junction_annotation because it exceeded search pattern filesize limit: PDAC217T_R1_fastqc.html
[2021-04-16 14:12:51,970] multiqc                                            [DEBUG  ]  File ignored by rseqc/read_distribution because it exceeded search pattern filesize limit: PDAC217T_R1_fastqc.html
[2021-04-16 14:12:51,970] multiqc                                            [DEBUG  ]  File ignored by rseqc/infer_experiment because it exceeded search pattern filesize limit: PDAC217T_R1_fastqc.html
[2021-04-16 14:12:51,994] multiqc                                            [DEBUG  ]  Ignoring file as matched an ignore pattern: PDAC202T_F8-9rft_R2.fastq
[2021-04-16 14:12:51,997] multiqc                                            [DEBUG  ]  File ignored by hicexplorer because it exceeded search pattern filesize limit: PDAC217Trkf_R2_fastqc.html
[2021-04-16 14:12:51,998] multiqc                                            [DEBUG  ]  File ignored by longranger/invocation because it exceeded search pattern filesize limit: PDAC217Trkf_R2_fastqc.html
[2021-04-16 14:12:51,998] multiqc                                            [DEBUG  ]  File ignored by rockhopper because it exceeded search pattern filesize limit: PDAC217Trkf_R2_fastqc.html
[2021-04-16 14:12:51,998] multiqc                                            [DEBUG  ]  File ignored by rseqc/bam_stat because it exceeded search pattern filesize limit: PDAC217Trkf_R2_fastqc.html
[2021-04-16 14:12:51,998] multiqc                                            [DEBUG  ]  File ignored by rseqc/junction_annotation because it exceeded search pattern filesize limit: PDAC217Trkf_R2_fastqc.html
[2021-04-16 14:12:51,998] multiqc                                            [DEBUG  ]  File ignored by rseqc/read_distribution because it exceeded search pattern filesize limit: PDAC217Trkf_R2_fastqc.html
[2021-04-16 14:12:51,998] multiqc                                            [DEBUG  ]  File ignored by rseqc/infer_experiment because it exceeded search pattern filesize limit: PDAC217Trkf_R2_fastqc.html
[2021-04-16 14:12:52,022] multiqc                                            [DEBUG  ]  Ignoring file as matched an ignore pattern: PDAC217T_F8-9rkf_R1.fastq
[2021-04-16 14:12:52,025] multiqc                                            [DEBUG  ]  File ignored by hicexplorer because it exceeded search pattern filesize limit: PDAC217T_F8-9rft_R2_fastqc.html
[2021-04-16 14:12:52,026] multiqc                                            [DEBUG  ]  File ignored by longranger/invocation because it exceeded search pattern filesize limit: PDAC217T_F8-9rft_R2_fastqc.html
[2021-04-16 14:12:52,026] multiqc                                            [DEBUG  ]  File ignored by rockhopper because it exceeded search pattern filesize limit: PDAC217T_F8-9rft_R2_fastqc.html
[2021-04-16 14:12:52,026] multiqc                                            [DEBUG  ]  File ignored by rseqc/bam_stat because it exceeded search pattern filesize limit: PDAC217T_F8-9rft_R2_fastqc.html
[2021-04-16 14:12:52,026] multiqc                                            [DEBUG  ]  File ignored by rseqc/junction_annotation because it exceeded search pattern filesize limit: PDAC217T_F8-9rft_R2_fastqc.html
[2021-04-16 14:12:52,026] multiqc                                            [DEBUG  ]  File ignored by rseqc/read_distribution because it exceeded search pattern filesize limit: PDAC217T_F8-9rft_R2_fastqc.html
[2021-04-16 14:12:52,026] multiqc                                            [DEBUG  ]  File ignored by rseqc/infer_experiment because it exceeded search pattern filesize limit: PDAC217T_F8-9rft_R2_fastqc.html
[2021-04-16 14:12:52,048] multiqc                                            [DEBUG  ]  Ignoring file as matched an ignore pattern: PDAC217T_F8-9r_R2.fastq
[2021-04-16 14:12:52,049] multiqc                                            [DEBUG  ]  Ignoring file as matched an ignore pattern: PDAC217T_F8-9rkf_R2.fastq
[2021-04-16 14:12:52,052] multiqc                                            [DEBUG  ]  File ignored by hicexplorer because it exceeded search pattern filesize limit: PDAC217Trft_R1_fastqc.html
[2021-04-16 14:12:52,053] multiqc                                            [DEBUG  ]  File ignored by longranger/invocation because it exceeded search pattern filesize limit: PDAC217Trft_R1_fastqc.html
[2021-04-16 14:12:52,053] multiqc                                            [DEBUG  ]  File ignored by rockhopper because it exceeded search pattern filesize limit: PDAC217Trft_R1_fastqc.html
[2021-04-16 14:12:52,053] multiqc                                            [DEBUG  ]  File ignored by rseqc/bam_stat because it exceeded search pattern filesize limit: PDAC217Trft_R1_fastqc.html
[2021-04-16 14:12:52,053] multiqc                                            [DEBUG  ]  File ignored by rseqc/junction_annotation because it exceeded search pattern filesize limit: PDAC217Trft_R1_fastqc.html
[2021-04-16 14:12:52,053] multiqc                                            [DEBUG  ]  File ignored by rseqc/read_distribution because it exceeded search pattern filesize limit: PDAC217Trft_R1_fastqc.html
[2021-04-16 14:12:52,053] multiqc                                            [DEBUG  ]  File ignored by rseqc/infer_experiment because it exceeded search pattern filesize limit: PDAC217Trft_R1_fastqc.html
[2021-04-16 14:12:52,079] multiqc                                            [DEBUG  ]  File ignored by hicexplorer because it exceeded search pattern filesize limit: PDAC217T_F8-9r_R2_fastqc.html
[2021-04-16 14:12:52,080] multiqc                                            [DEBUG  ]  File ignored by longranger/invocation because it exceeded search pattern filesize limit: PDAC217T_F8-9r_R2_fastqc.html
[2021-04-16 14:12:52,080] multiqc                                            [DEBUG  ]  File ignored by rockhopper because it exceeded search pattern filesize limit: PDAC217T_F8-9r_R2_fastqc.html
[2021-04-16 14:12:52,080] multiqc                                            [DEBUG  ]  File ignored by rseqc/bam_stat because it exceeded search pattern filesize limit: PDAC217T_F8-9r_R2_fastqc.html
[2021-04-16 14:12:52,080] multiqc                                            [DEBUG  ]  File ignored by rseqc/junction_annotation because it exceeded search pattern filesize limit: PDAC217T_F8-9r_R2_fastqc.html
[2021-04-16 14:12:52,080] multiqc                                            [DEBUG  ]  File ignored by rseqc/read_distribution because it exceeded search pattern filesize limit: PDAC217T_F8-9r_R2_fastqc.html
[2021-04-16 14:12:52,080] multiqc                                            [DEBUG  ]  File ignored by rseqc/infer_experiment because it exceeded search pattern filesize limit: PDAC217T_F8-9r_R2_fastqc.html
[2021-04-16 14:12:52,108] multiqc                                            [DEBUG  ]  File ignored by hicexplorer because it exceeded search pattern filesize limit: PDAC217T_F8-9rkf_R2_fastqc.html
[2021-04-16 14:12:52,108] multiqc                                            [DEBUG  ]  File ignored by longranger/invocation because it exceeded search pattern filesize limit: PDAC217T_F8-9rkf_R2_fastqc.html
[2021-04-16 14:12:52,109] multiqc                                            [DEBUG  ]  File ignored by rockhopper because it exceeded search pattern filesize limit: PDAC217T_F8-9rkf_R2_fastqc.html
[2021-04-16 14:12:52,109] multiqc                                            [DEBUG  ]  File ignored by rseqc/bam_stat because it exceeded search pattern filesize limit: PDAC217T_F8-9rkf_R2_fastqc.html
[2021-04-16 14:12:52,109] multiqc                                            [DEBUG  ]  File ignored by rseqc/junction_annotation because it exceeded search pattern filesize limit: PDAC217T_F8-9rkf_R2_fastqc.html
[2021-04-16 14:12:52,109] multiqc                                            [DEBUG  ]  File ignored by rseqc/read_distribution because it exceeded search pattern filesize limit: PDAC217T_F8-9rkf_R2_fastqc.html
[2021-04-16 14:12:52,109] multiqc                                            [DEBUG  ]  File ignored by rseqc/infer_experiment because it exceeded search pattern filesize limit: PDAC217T_F8-9rkf_R2_fastqc.html
[2021-04-16 14:12:52,156] multiqc                                            [DEBUG  ]  File ignored by hicexplorer because it exceeded search pattern filesize limit: PDAC202T_R1_fastqc.html
[2021-04-16 14:12:52,159] multiqc                                            [DEBUG  ]  File ignored by longranger/invocation because it exceeded search pattern filesize limit: PDAC202T_R1_fastqc.html
[2021-04-16 14:12:52,159] multiqc                                            [DEBUG  ]  File ignored by rockhopper because it exceeded search pattern filesize limit: PDAC202T_R1_fastqc.html
[2021-04-16 14:12:52,159] multiqc                                            [DEBUG  ]  File ignored by rseqc/bam_stat because it exceeded search pattern filesize limit: PDAC202T_R1_fastqc.html
[2021-04-16 14:12:52,159] multiqc                                            [DEBUG  ]  File ignored by rseqc/junction_annotation because it exceeded search pattern filesize limit: PDAC202T_R1_fastqc.html
[2021-04-16 14:12:52,159] multiqc                                            [DEBUG  ]  File ignored by rseqc/read_distribution because it exceeded search pattern filesize limit: PDAC202T_R1_fastqc.html
[2021-04-16 14:12:52,159] multiqc                                            [DEBUG  ]  File ignored by rseqc/infer_experiment because it exceeded search pattern filesize limit: PDAC202T_R1_fastqc.html
[2021-04-16 14:12:52,198] multiqc                                            [DEBUG  ]  File ignored by hicexplorer because it exceeded search pattern filesize limit: PDAC202T_R2_fastqc.html
[2021-04-16 14:12:52,199] multiqc                                            [DEBUG  ]  File ignored by longranger/invocation because it exceeded search pattern filesize limit: PDAC202T_R2_fastqc.html
[2021-04-16 14:12:52,199] multiqc                                            [DEBUG  ]  File ignored by rockhopper because it exceeded search pattern filesize limit: PDAC202T_R2_fastqc.html
[2021-04-16 14:12:52,199] multiqc                                            [DEBUG  ]  File ignored by rseqc/bam_stat because it exceeded search pattern filesize limit: PDAC202T_R2_fastqc.html
[2021-04-16 14:12:52,199] multiqc                                            [DEBUG  ]  File ignored by rseqc/junction_annotation because it exceeded search pattern filesize limit: PDAC202T_R2_fastqc.html
[2021-04-16 14:12:52,199] multiqc                                            [DEBUG  ]  File ignored by rseqc/read_distribution because it exceeded search pattern filesize limit: PDAC202T_R2_fastqc.html
[2021-04-16 14:12:52,199] multiqc                                            [DEBUG  ]  File ignored by rseqc/infer_experiment because it exceeded search pattern filesize limit: PDAC202T_R2_fastqc.html
[2021-04-16 14:12:52,224] multiqc                                            [DEBUG  ]  Ignoring file as matched an ignore pattern: PDAC202Tr_R2.fastq
[2021-04-16 14:12:52,226] multiqc                                            [DEBUG  ]  File ignored by hicexplorer because it exceeded search pattern filesize limit: PDAC202Trft_R1_fastqc.html
[2021-04-16 14:12:52,227] multiqc                                            [DEBUG  ]  File ignored by longranger/invocation because it exceeded search pattern filesize limit: PDAC202Trft_R1_fastqc.html
[2021-04-16 14:12:52,227] multiqc                                            [DEBUG  ]  File ignored by rockhopper because it exceeded search pattern filesize limit: PDAC202Trft_R1_fastqc.html
[2021-04-16 14:12:52,227] multiqc                                            [DEBUG  ]  File ignored by rseqc/bam_stat because it exceeded search pattern filesize limit: PDAC202Trft_R1_fastqc.html
[2021-04-16 14:12:52,227] multiqc                                            [DEBUG  ]  File ignored by rseqc/junction_annotation because it exceeded search pattern filesize limit: PDAC202Trft_R1_fastqc.html
[2021-04-16 14:12:52,227] multiqc                                            [DEBUG  ]  File ignored by rseqc/read_distribution because it exceeded search pattern filesize limit: PDAC202Trft_R1_fastqc.html
[2021-04-16 14:12:52,227] multiqc                                            [DEBUG  ]  File ignored by rseqc/infer_experiment because it exceeded search pattern filesize limit: PDAC202Trft_R1_fastqc.html
[2021-04-16 14:12:52,251] multiqc                                            [DEBUG  ]  File ignored by hicexplorer because it exceeded search pattern filesize limit: PDAC217T_R2_fastqc.html
[2021-04-16 14:12:52,252] multiqc                                            [DEBUG  ]  File ignored by longranger/invocation because it exceeded search pattern filesize limit: PDAC217T_R2_fastqc.html
[2021-04-16 14:12:52,252] multiqc                                            [DEBUG  ]  File ignored by rockhopper because it exceeded search pattern filesize limit: PDAC217T_R2_fastqc.html
[2021-04-16 14:12:52,252] multiqc                                            [DEBUG  ]  File ignored by rseqc/bam_stat because it exceeded search pattern filesize limit: PDAC217T_R2_fastqc.html
[2021-04-16 14:12:52,252] multiqc                                            [DEBUG  ]  File ignored by rseqc/junction_annotation because it exceeded search pattern filesize limit: PDAC217T_R2_fastqc.html
[2021-04-16 14:12:52,252] multiqc                                            [DEBUG  ]  File ignored by rseqc/read_distribution because it exceeded search pattern filesize limit: PDAC217T_R2_fastqc.html
[2021-04-16 14:12:52,252] multiqc                                            [DEBUG  ]  File ignored by rseqc/infer_experiment because it exceeded search pattern filesize limit: PDAC217T_R2_fastqc.html
[2021-04-16 14:12:52,282] multiqc                                            [DEBUG  ]  File ignored by hicexplorer because it exceeded search pattern filesize limit: PDAC217T_F8-9rkf_R1_fastqc.html
[2021-04-16 14:12:52,283] multiqc                                            [DEBUG  ]  File ignored by longranger/invocation because it exceeded search pattern filesize limit: PDAC217T_F8-9rkf_R1_fastqc.html
[2021-04-16 14:12:52,283] multiqc                                            [DEBUG  ]  File ignored by rockhopper because it exceeded search pattern filesize limit: PDAC217T_F8-9rkf_R1_fastqc.html
[2021-04-16 14:12:52,283] multiqc                                            [DEBUG  ]  File ignored by rseqc/bam_stat because it exceeded search pattern filesize limit: PDAC217T_F8-9rkf_R1_fastqc.html
[2021-04-16 14:12:52,283] multiqc                                            [DEBUG  ]  File ignored by rseqc/junction_annotation because it exceeded search pattern filesize limit: PDAC217T_F8-9rkf_R1_fastqc.html
[2021-04-16 14:12:52,283] multiqc                                            [DEBUG  ]  File ignored by rseqc/read_distribution because it exceeded search pattern filesize limit: PDAC217T_F8-9rkf_R1_fastqc.html
[2021-04-16 14:12:52,283] multiqc                                            [DEBUG  ]  File ignored by rseqc/infer_experiment because it exceeded search pattern filesize limit: PDAC217T_F8-9rkf_R1_fastqc.html
[2021-04-16 14:12:52,307] multiqc                                            [DEBUG  ]  Ignoring file as matched an ignore pattern: PDAC202Trft_R1.fastq
[2021-04-16 14:12:52,310] multiqc                                            [DEBUG  ]  File ignored by hicexplorer because it exceeded search pattern filesize limit: PDAC202Tr_R2_fastqc.html
[2021-04-16 14:12:52,311] multiqc                                            [DEBUG  ]  File ignored by longranger/invocation because it exceeded search pattern filesize limit: PDAC202Tr_R2_fastqc.html
[2021-04-16 14:12:52,311] multiqc                                            [DEBUG  ]  File ignored by rockhopper because it exceeded search pattern filesize limit: PDAC202Tr_R2_fastqc.html
[2021-04-16 14:12:52,311] multiqc                                            [DEBUG  ]  File ignored by rseqc/bam_stat because it exceeded search pattern filesize limit: PDAC202Tr_R2_fastqc.html
[2021-04-16 14:12:52,311] multiqc                                            [DEBUG  ]  File ignored by rseqc/junction_annotation because it exceeded search pattern filesize limit: PDAC202Tr_R2_fastqc.html
[2021-04-16 14:12:52,311] multiqc                                            [DEBUG  ]  File ignored by rseqc/read_distribution because it exceeded search pattern filesize limit: PDAC202Tr_R2_fastqc.html
[2021-04-16 14:12:52,311] multiqc                                            [DEBUG  ]  File ignored by rseqc/infer_experiment because it exceeded search pattern filesize limit: PDAC202Tr_R2_fastqc.html
[2021-04-16 14:12:52,335] multiqc                                            [DEBUG  ]  Ignoring file as matched an ignore pattern: PDAC202T_F8-9rft_R1.fastq
[2021-04-16 14:12:52,336] multiqc                                            [DEBUG  ]  Ignoring file as matched an ignore pattern: PDAC202Trkf_R2.fastq
[2021-04-16 14:12:52,338] multiqc                                            [DEBUG  ]  File ignored by hicexplorer because it exceeded search pattern filesize limit: PDAC217T_F8-9rft_R1_fastqc.html
[2021-04-16 14:12:52,339] multiqc                                            [DEBUG  ]  File ignored by longranger/invocation because it exceeded search pattern filesize limit: PDAC217T_F8-9rft_R1_fastqc.html
[2021-04-16 14:12:52,339] multiqc                                            [DEBUG  ]  File ignored by rockhopper because it exceeded search pattern filesize limit: PDAC217T_F8-9rft_R1_fastqc.html
[2021-04-16 14:12:52,339] multiqc                                            [DEBUG  ]  File ignored by rseqc/bam_stat because it exceeded search pattern filesize limit: PDAC217T_F8-9rft_R1_fastqc.html
[2021-04-16 14:12:52,339] multiqc                                            [DEBUG  ]  File ignored by rseqc/junction_annotation because it exceeded search pattern filesize limit: PDAC217T_F8-9rft_R1_fastqc.html
[2021-04-16 14:12:52,339] multiqc                                            [DEBUG  ]  File ignored by rseqc/read_distribution because it exceeded search pattern filesize limit: PDAC217T_F8-9rft_R1_fastqc.html
[2021-04-16 14:12:52,339] multiqc                                            [DEBUG  ]  File ignored by rseqc/infer_experiment because it exceeded search pattern filesize limit: PDAC217T_F8-9rft_R1_fastqc.html
[2021-04-16 14:12:52,363] multiqc                                            [DEBUG  ]  File ignored by hicexplorer because it exceeded search pattern filesize limit: PDAC217Trft_R2_fastqc.html
[2021-04-16 14:12:52,364] multiqc                                            [DEBUG  ]  File ignored by longranger/invocation because it exceeded search pattern filesize limit: PDAC217Trft_R2_fastqc.html
[2021-04-16 14:12:52,364] multiqc                                            [DEBUG  ]  File ignored by rockhopper because it exceeded search pattern filesize limit: PDAC217Trft_R2_fastqc.html
[2021-04-16 14:12:52,364] multiqc                                            [DEBUG  ]  File ignored by rseqc/bam_stat because it exceeded search pattern filesize limit: PDAC217Trft_R2_fastqc.html
[2021-04-16 14:12:52,364] multiqc                                            [DEBUG  ]  File ignored by rseqc/junction_annotation because it exceeded search pattern filesize limit: PDAC217Trft_R2_fastqc.html
[2021-04-16 14:12:52,364] multiqc                                            [DEBUG  ]  File ignored by rseqc/read_distribution because it exceeded search pattern filesize limit: PDAC217Trft_R2_fastqc.html
[2021-04-16 14:12:52,364] multiqc                                            [DEBUG  ]  File ignored by rseqc/infer_experiment because it exceeded search pattern filesize limit: PDAC217Trft_R2_fastqc.html
[2021-04-16 14:12:52,390] multiqc                                            [DEBUG  ]  File ignored by hicexplorer because it exceeded search pattern filesize limit: PDAC202Trft_R2_fastqc.html
[2021-04-16 14:12:52,391] multiqc                                            [DEBUG  ]  File ignored by longranger/invocation because it exceeded search pattern filesize limit: PDAC202Trft_R2_fastqc.html
[2021-04-16 14:12:52,391] multiqc                                            [DEBUG  ]  File ignored by rockhopper because it exceeded search pattern filesize limit: PDAC202Trft_R2_fastqc.html
[2021-04-16 14:12:52,391] multiqc                                            [DEBUG  ]  File ignored by rseqc/bam_stat because it exceeded search pattern filesize limit: PDAC202Trft_R2_fastqc.html
[2021-04-16 14:12:52,391] multiqc                                            [DEBUG  ]  File ignored by rseqc/junction_annotation because it exceeded search pattern filesize limit: PDAC202Trft_R2_fastqc.html
[2021-04-16 14:12:52,391] multiqc                                            [DEBUG  ]  File ignored by rseqc/read_distribution because it exceeded search pattern filesize limit: PDAC202Trft_R2_fastqc.html
[2021-04-16 14:12:52,391] multiqc                                            [DEBUG  ]  File ignored by rseqc/infer_experiment because it exceeded search pattern filesize limit: PDAC202Trft_R2_fastqc.html
[2021-04-16 14:12:52,411] multiqc                                            [DEBUG  ]  Ignoring file as matched an ignore pattern: PDAC217Trkf_R1.fastq
[2021-04-16 14:12:52,412] multiqc                                            [DEBUG  ]  Ignoring file as matched an ignore pattern: PDAC217Tr_R1.fastq
[2021-04-16 14:12:52,412] multiqc                                            [DEBUG  ]  Ignoring file as matched an ignore pattern: PDAC217Trkf_R2.fastq
[2021-04-16 14:12:52,412] multiqc                                            [DEBUG  ]  Ignoring file as matched an ignore pattern: PDAC217T_F8-9rft_R2.fastq
[2021-04-16 14:12:52,415] multiqc                                            [DEBUG  ]  File ignored by hicexplorer because it exceeded search pattern filesize limit: PDAC202T_F8-9rft_R2_fastqc.html
[2021-04-16 14:12:52,416] multiqc                                            [DEBUG  ]  File ignored by longranger/invocation because it exceeded search pattern filesize limit: PDAC202T_F8-9rft_R2_fastqc.html
[2021-04-16 14:12:52,416] multiqc                                            [DEBUG  ]  File ignored by rockhopper because it exceeded search pattern filesize limit: PDAC202T_F8-9rft_R2_fastqc.html
[2021-04-16 14:12:52,416] multiqc                                            [DEBUG  ]  File ignored by rseqc/bam_stat because it exceeded search pattern filesize limit: PDAC202T_F8-9rft_R2_fastqc.html
[2021-04-16 14:12:52,416] multiqc                                            [DEBUG  ]  File ignored by rseqc/junction_annotation because it exceeded search pattern filesize limit: PDAC202T_F8-9rft_R2_fastqc.html
[2021-04-16 14:12:52,416] multiqc                                            [DEBUG  ]  File ignored by rseqc/read_distribution because it exceeded search pattern filesize limit: PDAC202T_F8-9rft_R2_fastqc.html
[2021-04-16 14:12:52,416] multiqc                                            [DEBUG  ]  File ignored by rseqc/infer_experiment because it exceeded search pattern filesize limit: PDAC202T_F8-9rft_R2_fastqc.html
[2021-04-16 14:12:52,439] multiqc                                            [DEBUG  ]  File ignored by hicexplorer because it exceeded search pattern filesize limit: PDAC202T_F8-9rft_R1_fastqc.html
[2021-04-16 14:12:52,440] multiqc                                            [DEBUG  ]  File ignored by longranger/invocation because it exceeded search pattern filesize limit: PDAC202T_F8-9rft_R1_fastqc.html
[2021-04-16 14:12:52,440] multiqc                                            [DEBUG  ]  File ignored by rockhopper because it exceeded search pattern filesize limit: PDAC202T_F8-9rft_R1_fastqc.html
[2021-04-16 14:12:52,440] multiqc                                            [DEBUG  ]  File ignored by rseqc/bam_stat because it exceeded search pattern filesize limit: PDAC202T_F8-9rft_R1_fastqc.html
[2021-04-16 14:12:52,440] multiqc                                            [DEBUG  ]  File ignored by rseqc/junction_annotation because it exceeded search pattern filesize limit: PDAC202T_F8-9rft_R1_fastqc.html
[2021-04-16 14:12:52,440] multiqc                                            [DEBUG  ]  File ignored by rseqc/read_distribution because it exceeded search pattern filesize limit: PDAC202T_F8-9rft_R1_fastqc.html
[2021-04-16 14:12:52,440] multiqc                                            [DEBUG  ]  File ignored by rseqc/infer_experiment because it exceeded search pattern filesize limit: PDAC202T_F8-9rft_R1_fastqc.html
[2021-04-16 14:12:52,461] multiqc                                            [DEBUG  ]  Ignoring file as matched an ignore pattern: PDAC202T_F8-9r_R1.fastq
[2021-04-16 14:12:52,461] multiqc                                            [DEBUG  ]  Ignoring file as matched an ignore pattern: PDAC217T_F8-9rft_R1.fastq
[2021-04-16 14:12:52,461] multiqc                                            [DEBUG  ]  Ignoring file as matched an ignore pattern: PDAC202Tr_R1.fastq
[2021-04-16 14:12:52,464] multiqc                                            [DEBUG  ]  File ignored by hicexplorer because it exceeded search pattern filesize limit: PDAC202T_F8-9r_R2_fastqc.html
[2021-04-16 14:12:52,465] multiqc                                            [DEBUG  ]  File ignored by longranger/invocation because it exceeded search pattern filesize limit: PDAC202T_F8-9r_R2_fastqc.html
[2021-04-16 14:12:52,465] multiqc                                            [DEBUG  ]  File ignored by rockhopper because it exceeded search pattern filesize limit: PDAC202T_F8-9r_R2_fastqc.html
[2021-04-16 14:12:52,465] multiqc                                            [DEBUG  ]  File ignored by rseqc/bam_stat because it exceeded search pattern filesize limit: PDAC202T_F8-9r_R2_fastqc.html
[2021-04-16 14:12:52,465] multiqc                                            [DEBUG  ]  File ignored by rseqc/junction_annotation because it exceeded search pattern filesize limit: PDAC202T_F8-9r_R2_fastqc.html
[2021-04-16 14:12:52,465] multiqc                                            [DEBUG  ]  File ignored by rseqc/read_distribution because it exceeded search pattern filesize limit: PDAC202T_F8-9r_R2_fastqc.html
[2021-04-16 14:12:52,465] multiqc                                            [DEBUG  ]  File ignored by rseqc/infer_experiment because it exceeded search pattern filesize limit: PDAC202T_F8-9r_R2_fastqc.html
[2021-04-16 14:12:52,494] multiqc                                            [DEBUG  ]  File ignored by hicexplorer because it exceeded search pattern filesize limit: PDAC202T_F8-9rkf_R1_fastqc.html
[2021-04-16 14:12:52,495] multiqc                                            [DEBUG  ]  File ignored by longranger/invocation because it exceeded search pattern filesize limit: PDAC202T_F8-9rkf_R1_fastqc.html
[2021-04-16 14:12:52,495] multiqc                                            [DEBUG  ]  File ignored by rockhopper because it exceeded search pattern filesize limit: PDAC202T_F8-9rkf_R1_fastqc.html
[2021-04-16 14:12:52,495] multiqc                                            [DEBUG  ]  File ignored by rseqc/bam_stat because it exceeded search pattern filesize limit: PDAC202T_F8-9rkf_R1_fastqc.html
[2021-04-16 14:12:52,495] multiqc                                            [DEBUG  ]  File ignored by rseqc/junction_annotation because it exceeded search pattern filesize limit: PDAC202T_F8-9rkf_R1_fastqc.html
[2021-04-16 14:12:52,495] multiqc                                            [DEBUG  ]  File ignored by rseqc/read_distribution because it exceeded search pattern filesize limit: PDAC202T_F8-9rkf_R1_fastqc.html
[2021-04-16 14:12:52,495] multiqc                                            [DEBUG  ]  File ignored by rseqc/infer_experiment because it exceeded search pattern filesize limit: PDAC202T_F8-9rkf_R1_fastqc.html
[2021-04-16 14:12:52,523] multiqc                                            [DEBUG  ]  File ignored by hicexplorer because it exceeded search pattern filesize limit: PDAC217T_F8-9_R1_fastqc.html
[2021-04-16 14:12:52,524] multiqc                                            [DEBUG  ]  File ignored by longranger/invocation because it exceeded search pattern filesize limit: PDAC217T_F8-9_R1_fastqc.html
[2021-04-16 14:12:52,524] multiqc                                            [DEBUG  ]  File ignored by rockhopper because it exceeded search pattern filesize limit: PDAC217T_F8-9_R1_fastqc.html
[2021-04-16 14:12:52,524] multiqc                                            [DEBUG  ]  File ignored by rseqc/bam_stat because it exceeded search pattern filesize limit: PDAC217T_F8-9_R1_fastqc.html
[2021-04-16 14:12:52,524] multiqc                                            [DEBUG  ]  File ignored by rseqc/junction_annotation because it exceeded search pattern filesize limit: PDAC217T_F8-9_R1_fastqc.html
[2021-04-16 14:12:52,524] multiqc                                            [DEBUG  ]  File ignored by rseqc/read_distribution because it exceeded search pattern filesize limit: PDAC217T_F8-9_R1_fastqc.html
[2021-04-16 14:12:52,524] multiqc                                            [DEBUG  ]  File ignored by rseqc/infer_experiment because it exceeded search pattern filesize limit: PDAC217T_F8-9_R1_fastqc.html
[2021-04-16 14:12:52,552] multiqc                                            [DEBUG  ]  File ignored by hicexplorer because it exceeded search pattern filesize limit: PDAC217Tr_R1_fastqc.html
[2021-04-16 14:12:52,553] multiqc                                            [DEBUG  ]  File ignored by longranger/invocation because it exceeded search pattern filesize limit: PDAC217Tr_R1_fastqc.html
[2021-04-16 14:12:52,553] multiqc                                            [DEBUG  ]  File ignored by rockhopper because it exceeded search pattern filesize limit: PDAC217Tr_R1_fastqc.html
[2021-04-16 14:12:52,553] multiqc                                            [DEBUG  ]  File ignored by rseqc/bam_stat because it exceeded search pattern filesize limit: PDAC217Tr_R1_fastqc.html
[2021-04-16 14:12:52,553] multiqc                                            [DEBUG  ]  File ignored by rseqc/junction_annotation because it exceeded search pattern filesize limit: PDAC217Tr_R1_fastqc.html
[2021-04-16 14:12:52,553] multiqc                                            [DEBUG  ]  File ignored by rseqc/read_distribution because it exceeded search pattern filesize limit: PDAC217Tr_R1_fastqc.html
[2021-04-16 14:12:52,553] multiqc                                            [DEBUG  ]  File ignored by rseqc/infer_experiment because it exceeded search pattern filesize limit: PDAC217Tr_R1_fastqc.html
[2021-04-16 14:12:52,578] multiqc                                            [DEBUG  ]  Ignoring file as matched an ignore pattern: PDAC217T_F8-9r_R1.fastq
[2021-04-16 14:12:52,582] multiqc                                            [DEBUG  ]  File ignored by hicexplorer because it exceeded search pattern filesize limit: PDAC217Tr_R2_fastqc.html
[2021-04-16 14:12:52,583] multiqc                                            [DEBUG  ]  File ignored by longranger/invocation because it exceeded search pattern filesize limit: PDAC217Tr_R2_fastqc.html
[2021-04-16 14:12:52,583] multiqc                                            [DEBUG  ]  File ignored by rockhopper because it exceeded search pattern filesize limit: PDAC217Tr_R2_fastqc.html
[2021-04-16 14:12:52,583] multiqc                                            [DEBUG  ]  File ignored by rseqc/bam_stat because it exceeded search pattern filesize limit: PDAC217Tr_R2_fastqc.html
[2021-04-16 14:12:52,583] multiqc                                            [DEBUG  ]  File ignored by rseqc/junction_annotation because it exceeded search pattern filesize limit: PDAC217Tr_R2_fastqc.html
[2021-04-16 14:12:52,583] multiqc                                            [DEBUG  ]  File ignored by rseqc/read_distribution because it exceeded search pattern filesize limit: PDAC217Tr_R2_fastqc.html
[2021-04-16 14:12:52,583] multiqc                                            [DEBUG  ]  File ignored by rseqc/infer_experiment because it exceeded search pattern filesize limit: PDAC217Tr_R2_fastqc.html
[2021-04-16 14:12:52,608] multiqc                                            [DEBUG  ]  Ignoring file as matched an ignore pattern: PDAC217Tr_R2.fastq
[2021-04-16 14:12:52,608] multiqc                                            [DEBUG  ]  Ignoring file as matched an ignore pattern: PDAC202T_F8-9rkf_R2.fastq
[2021-04-16 14:12:52,620] multiqc                                            [DEBUG  ]  File ignored by hicexplorer because it exceeded search pattern filesize limit: PDAC202T_F8-9_R2_fastqc.html
[2021-04-16 14:12:52,622] multiqc                                            [DEBUG  ]  File ignored by longranger/invocation because it exceeded search pattern filesize limit: PDAC202T_F8-9_R2_fastqc.html
[2021-04-16 14:12:52,622] multiqc                                            [DEBUG  ]  File ignored by rockhopper because it exceeded search pattern filesize limit: PDAC202T_F8-9_R2_fastqc.html
[2021-04-16 14:12:52,622] multiqc                                            [DEBUG  ]  File ignored by rseqc/bam_stat because it exceeded search pattern filesize limit: PDAC202T_F8-9_R2_fastqc.html
[2021-04-16 14:12:52,622] multiqc                                            [DEBUG  ]  File ignored by rseqc/junction_annotation because it exceeded search pattern filesize limit: PDAC202T_F8-9_R2_fastqc.html
[2021-04-16 14:12:52,623] multiqc                                            [DEBUG  ]  File ignored by rseqc/read_distribution because it exceeded search pattern filesize limit: PDAC202T_F8-9_R2_fastqc.html
[2021-04-16 14:12:52,623] multiqc                                            [DEBUG  ]  File ignored by rseqc/infer_experiment because it exceeded search pattern filesize limit: PDAC202T_F8-9_R2_fastqc.html
[2021-04-16 14:12:52,651] multiqc                                            [DEBUG  ]  Ignoring file as matched an ignore pattern: PDAC202Trft_R2.fastq
[2021-04-16 14:12:52,654] multiqc                                            [DEBUG  ]  File ignored by hicexplorer because it exceeded search pattern filesize limit: PDAC202T_F8-9rkf_R2_fastqc.html
[2021-04-16 14:12:52,655] multiqc                                            [DEBUG  ]  File ignored by longranger/invocation because it exceeded search pattern filesize limit: PDAC202T_F8-9rkf_R2_fastqc.html
[2021-04-16 14:12:52,655] multiqc                                            [DEBUG  ]  File ignored by rockhopper because it exceeded search pattern filesize limit: PDAC202T_F8-9rkf_R2_fastqc.html
[2021-04-16 14:12:52,655] multiqc                                            [DEBUG  ]  File ignored by rseqc/bam_stat because it exceeded search pattern filesize limit: PDAC202T_F8-9rkf_R2_fastqc.html
[2021-04-16 14:12:52,655] multiqc                                            [DEBUG  ]  File ignored by rseqc/junction_annotation because it exceeded search pattern filesize limit: PDAC202T_F8-9rkf_R2_fastqc.html
[2021-04-16 14:12:52,655] multiqc                                            [DEBUG  ]  File ignored by rseqc/read_distribution because it exceeded search pattern filesize limit: PDAC202T_F8-9rkf_R2_fastqc.html
[2021-04-16 14:12:52,655] multiqc                                            [DEBUG  ]  File ignored by rseqc/infer_experiment because it exceeded search pattern filesize limit: PDAC202T_F8-9rkf_R2_fastqc.html
[2021-04-16 14:12:53,928] multiqc.plots.bargraph                             [DEBUG  ]  Using matplotlib version 3.2.2
[2021-04-16 14:12:53,945] multiqc.plots.linegraph                            [DEBUG  ]  Using matplotlib version 3.2.2
[2021-04-16 14:12:53,960] multiqc                                            [DEBUG  ]  No samples found: custom_content
[2021-04-16 14:12:53,991] multiqc                                            [DEBUG  ]  No samples found: ngsderive
[2021-04-16 14:12:54,015] multiqc                                            [DEBUG  ]  No samples found: purple
[2021-04-16 14:12:54,047] multiqc                                            [DEBUG  ]  No samples found: conpair
[2021-04-16 14:12:54,065] multiqc                                            [DEBUG  ]  No samples found: peddy
[2021-04-16 14:12:54,075] multiqc                                            [DEBUG  ]  No samples found: somalier
[2021-04-16 14:12:54,085] multiqc                                            [DEBUG  ]  No samples found: methylQA
[2021-04-16 14:12:54,104] multiqc                                            [DEBUG  ]  No samples found: mosdepth
[2021-04-16 14:12:54,117] multiqc                                            [DEBUG  ]  No samples found: phantompeakqualtools
[2021-04-16 14:12:54,122] multiqc                                            [DEBUG  ]  No samples found: qualimap
[2021-04-16 14:12:54,128] multiqc                                            [DEBUG  ]  No samples found: preseq
[2021-04-16 14:12:54,133] multiqc                                            [DEBUG  ]  No samples found: quast
[2021-04-16 14:12:54,136] multiqc                                            [DEBUG  ]  No samples found: qorts
[2021-04-16 14:12:54,140] multiqc                                            [DEBUG  ]  No samples found: rna_seqc
[2021-04-16 14:12:54,150] multiqc                                            [DEBUG  ]  No samples found: rockhopper
[2021-04-16 14:12:54,152] multiqc                                            [DEBUG  ]  No samples found: rsem
[2021-04-16 14:12:54,157] multiqc                                            [DEBUG  ]  No samples found: rseqc
[2021-04-16 14:12:54,159] multiqc                                            [DEBUG  ]  No samples found: busco
[2021-04-16 14:12:54,169] multiqc                                            [DEBUG  ]  No samples found: goleft_indexcov
[2021-04-16 14:12:54,171] multiqc                                            [DEBUG  ]  No samples found: disambiguate
[2021-04-16 14:12:54,174] multiqc                                            [DEBUG  ]  No samples found: supernova
[2021-04-16 14:12:54,197] multiqc                                            [DEBUG  ]  No samples found: deeptools
[2021-04-16 14:12:54,199] multiqc                                            [DEBUG  ]  No samples found: sargasso
[2021-04-16 14:12:54,202] multiqc                                            [DEBUG  ]  No samples found: verifybamid
[2021-04-16 14:12:54,204] multiqc                                            [DEBUG  ]  No samples found: mirtrace
[2021-04-16 14:12:54,206] multiqc                                            [DEBUG  ]  No samples found: happy
[2021-04-16 14:12:54,209] multiqc                                            [DEBUG  ]  No samples found: mirtop
[2021-04-16 14:12:54,211] multiqc                                            [DEBUG  ]  No samples found: homer
[2021-04-16 14:12:54,214] multiqc                                            [DEBUG  ]  No samples found: hops
[2021-04-16 14:12:54,225] multiqc                                            [DEBUG  ]  No samples found: macs2
[2021-04-16 14:12:54,228] multiqc                                            [DEBUG  ]  No samples found: theta2
[2021-04-16 14:12:54,230] multiqc                                            [DEBUG  ]  No samples found: snpeff
[2021-04-16 14:12:54,256] multiqc                                            [DEBUG  ]  No samples found: gatk
[2021-04-16 14:12:54,259] multiqc                                            [DEBUG  ]  No samples found: htseq
[2021-04-16 14:12:54,262] multiqc                                            [DEBUG  ]  No samples found: bcftools
[2021-04-16 14:12:54,265] multiqc                                            [DEBUG  ]  No samples found: featureCounts
[2021-04-16 14:12:54,284] multiqc                                            [DEBUG  ]  No samples found: fgbio
[2021-04-16 14:12:54,337] multiqc                                            [DEBUG  ]  No samples found: dragen
[2021-04-16 14:12:54,340] multiqc                                            [DEBUG  ]  No samples found: dedup
[2021-04-16 14:12:54,366] multiqc                                            [DEBUG  ]  No samples found: damageprofiler
[2021-04-16 14:12:54,418] multiqc                                            [DEBUG  ]  No samples found: biobambam2
[2021-04-16 14:12:54,447] multiqc                                            [DEBUG  ]  No samples found: jcvi
[2021-04-16 14:12:54,465] multiqc                                            [DEBUG  ]  No samples found: mtnucratio
[2021-04-16 14:12:54,475] multiqc                                            [DEBUG  ]  No samples found: picard
[2021-04-16 14:12:54,502] multiqc                                            [DEBUG  ]  No samples found: sentieon
[2021-04-16 14:12:54,511] multiqc                                            [DEBUG  ]  No samples found: prokka
[2021-04-16 14:12:54,520] multiqc                                            [DEBUG  ]  No samples found: qc3C
[2021-04-16 14:12:54,525] multiqc                                            [DEBUG  ]  No samples found: samblaster
[2021-04-16 14:12:54,534] multiqc                                            [DEBUG  ]  No samples found: samtools
[2021-04-16 14:12:54,541] multiqc                                            [DEBUG  ]  No samples found: sexdeterrmine
[2021-04-16 14:12:54,544] multiqc                                            [DEBUG  ]  No samples found: eigenstratdatabasetools
[2021-04-16 14:12:54,549] multiqc                                            [DEBUG  ]  No samples found: bamtools
[2021-04-16 14:12:54,552] multiqc                                            [DEBUG  ]  No samples found: jellyfish
[2021-04-16 14:12:54,591] multiqc                                            [DEBUG  ]  No samples found: vcftools
[2021-04-16 14:12:54,601] multiqc                                            [DEBUG  ]  No samples found: longranger
[2021-04-16 14:12:54,611] multiqc                                            [DEBUG  ]  No samples found: stacks
[2021-04-16 14:12:54,625] multiqc                                            [DEBUG  ]  No samples found: varscan2
[2021-04-16 14:12:54,672] multiqc.modules.bbmap.bbmap                        [DEBUG  ]  Parsing ./PDAC202T_F8-9rkf_stats.txt
[2021-04-16 14:12:54,673] multiqc.modules.bbmap.bbmap                        [DEBUG  ]  Found stats output for sample PDAC202T_F8-9rkf_stats with 30 rows
[2021-04-16 14:12:54,673] multiqc.modules.bbmap.bbmap                        [DEBUG  ]  Parsing ./PDAC202Trkf_stats.txt
[2021-04-16 14:12:54,674] multiqc.modules.bbmap.bbmap                        [DEBUG  ]  Found stats output for sample PDAC202Trkf_stats with 37 rows
[2021-04-16 14:12:54,675] multiqc.modules.bbmap.bbmap                        [DEBUG  ]  Parsing ./PDAC217T_F8-9rkf_stats.txt
[2021-04-16 14:12:54,675] multiqc.modules.bbmap.bbmap                        [DEBUG  ]  Found stats output for sample PDAC217T_F8-9rkf_stats with 66 rows
[2021-04-16 14:12:54,676] multiqc.modules.bbmap.bbmap                        [DEBUG  ]  Parsing ./PDAC217Trkf_stats.txt
[2021-04-16 14:12:54,677] multiqc.modules.bbmap.bbmap                        [DEBUG  ]  Found stats output for sample PDAC217Trkf_stats with 49 rows
[2021-04-16 14:12:54,677] multiqc.modules.bbmap.bbmap                        [INFO   ]  Found 4 reports
[2021-04-16 14:12:54,678] multiqc.modules.bbmap.bbmap                        [DEBUG  ]  section stats has 4 entries
[2021-04-16 14:12:54,700] multiqc                                            [DEBUG  ]  No samples found: bismark
[2021-04-16 14:12:54,714] multiqc                                            [DEBUG  ]  No samples found: biscuit
[2021-04-16 14:12:54,718] multiqc                                            [DEBUG  ]  No samples found: hicexplorer
[2021-04-16 14:12:54,721] multiqc                                            [DEBUG  ]  No samples found: hicup
[2021-04-16 14:12:54,737] multiqc                                            [DEBUG  ]  No samples found: hicpro
[2021-04-16 14:12:54,746] multiqc                                            [DEBUG  ]  No samples found: salmon
[2021-04-16 14:12:54,754] multiqc                                            [DEBUG  ]  No samples found: kallisto
[2021-04-16 14:12:54,760] multiqc                                            [DEBUG  ]  No samples found: slamdunk
[2021-04-16 14:12:54,764] multiqc                                            [DEBUG  ]  No samples found: star
[2021-04-16 14:12:54,768] multiqc                                            [DEBUG  ]  No samples found: hisat2
[2021-04-16 14:12:54,776] multiqc                                            [DEBUG  ]  No samples found: tophat
[2021-04-16 14:12:54,779] multiqc                                            [DEBUG  ]  No samples found: bowtie2
[2021-04-16 14:12:54,782] multiqc                                            [DEBUG  ]  No samples found: bowtie1
[2021-04-16 14:12:54,784] multiqc                                            [DEBUG  ]  No samples found: snpsplit
[2021-04-16 14:12:54,786] multiqc                                            [DEBUG  ]  No samples found: kat
[2021-04-16 14:12:54,788] multiqc                                            [DEBUG  ]  No samples found: leehom
[2021-04-16 14:12:54,791] multiqc                                            [DEBUG  ]  No samples found: adapterRemoval
[2021-04-16 14:12:54,793] multiqc                                            [DEBUG  ]  No samples found: clipandmerge
[2021-04-16 14:12:54,798] multiqc                                            [DEBUG  ]  No samples found: cutadapt
[2021-04-16 14:12:54,810] multiqc                                            [DEBUG  ]  No samples found: flexbar
[2021-04-16 14:12:54,812] multiqc                                            [DEBUG  ]  No samples found: kaiju
[2021-04-16 14:12:54,815] multiqc                                            [DEBUG  ]  No samples found: kraken
[2021-04-16 14:12:54,828] multiqc                                            [DEBUG  ]  No samples found: malt
[2021-04-16 14:12:54,831] multiqc                                            [DEBUG  ]  No samples found: trimmomatic
[2021-04-16 14:12:54,833] multiqc                                            [DEBUG  ]  No samples found: sickle
[2021-04-16 14:12:54,836] multiqc                                            [DEBUG  ]  No samples found: skewer
[2021-04-16 14:12:54,838] multiqc                                            [DEBUG  ]  No samples found: sortmerna
[2021-04-16 14:12:54,840] multiqc                                            [DEBUG  ]  No samples found: biobloomtools
[2021-04-16 14:12:54,843] multiqc                                            [DEBUG  ]  No samples found: fastq_screen
[2021-04-16 14:12:54,845] multiqc                                            [DEBUG  ]  No samples found: afterqc
[2021-04-16 14:12:54,858] multiqc                                            [DEBUG  ]  No samples found: fastp
[2021-04-16 14:12:55,674] multiqc.modules.fastqc.fastqc                      [INFO   ]  Found 32 reports
[2021-04-16 14:12:56,004] multiqc                                            [DEBUG  ]  No samples found: pychopper
[2021-04-16 14:12:56,021] multiqc                                            [DEBUG  ]  No samples found: pycoqc
[2021-04-16 14:12:56,043] multiqc                                            [DEBUG  ]  No samples found: minionqc
[2021-04-16 14:12:56,059] multiqc                                            [DEBUG  ]  No samples found: multivcfanalyzer
[2021-04-16 14:12:56,083] multiqc                                            [DEBUG  ]  No samples found: clusterflow
[2021-04-16 14:12:56,110] multiqc                                            [DEBUG  ]  No samples found: bcl2fastq
[2021-04-16 14:12:56,126] multiqc                                            [DEBUG  ]  No samples found: interop
[2021-04-16 14:12:56,136] multiqc                                            [DEBUG  ]  No samples found: ivar
[2021-04-16 14:12:56,146] multiqc                                            [DEBUG  ]  No samples found: flash
[2021-04-16 14:12:56,156] multiqc                                            [DEBUG  ]  No samples found: seqyclean
[2021-04-16 14:12:56,170] multiqc                                            [DEBUG  ]  No samples found: optitype
[2021-04-16 14:12:56,207] multiqc                                            [INFO   ]  Compressing plot data
[2021-04-16 14:12:56,577] multiqc                                            [INFO   ]  Report      : multiqc_report.html
[2021-04-16 14:12:56,577] multiqc                                            [INFO   ]  Data        : multiqc_data
[2021-04-16 14:12:56,577] multiqc                                            [DEBUG  ]  Moving data file from '/tmp/tmpemqwq9ew/multiqc_data' to '/home/jacobo/Documents/02_TRANSDUCER/02_Raw_data/02_rRNA_removal_and_Trimming_check/02_Output/BBDuk/multiqc_data'
[2021-04-16 14:12:56,816] multiqc                                            [INFO   ]  MultiQC complete
