                                 Started job on |	Apr 05 03:30:14
                             Started mapping on |	Apr 05 03:30:14
                                    Finished on |	Apr 05 03:51:19
       Mapping speed, Million of reads per hour |	244.08

                          Number of input reads |	85767322
                      Average input read length |	150
                                    UNIQUE READS:
                   Uniquely mapped reads number |	25712248
                        Uniquely mapped reads % |	29.98%
                          Average mapped length |	148.99
                       Number of splices: Total |	6758107
            Number of splices: Annotated (sjdb) |	6509866
                       Number of splices: GT/AG |	6589009
                       Number of splices: GC/AG |	63077
                       Number of splices: AT/AC |	4822
               Number of splices: Non-canonical |	101199
                      Mismatch rate per base, % |	0.54%
                         Deletion rate per base |	0.21%
                        Deletion average length |	5.49
                        Insertion rate per base |	0.01%
                       Insertion average length |	1.60
                             MULTI-MAPPING READS:
        Number of reads mapped to multiple loci |	45486932
             % of reads mapped to multiple loci |	53.04%
        Number of reads mapped to too many loci |	1601
             % of reads mapped to too many loci |	0.00%
                                  UNMAPPED READS:
       % of reads unmapped: too many mismatches |	0.00%
                 % of reads unmapped: too short |	16.56%
                     % of reads unmapped: other |	0.42%
                                  CHIMERIC READS:
                       Number of chimeric reads |	0
                            % of chimeric reads |	0.00%
