                                 Started job on |	Apr 05 01:23:58
                             Started mapping on |	Apr 05 01:23:58
                                    Finished on |	Apr 05 01:40:58
       Mapping speed, Million of reads per hour |	320.70

                          Number of input reads |	90865537
                      Average input read length |	150
                                    UNIQUE READS:
                   Uniquely mapped reads number |	62994056
                        Uniquely mapped reads % |	69.33%
                          Average mapped length |	149.27
                       Number of splices: Total |	19286534
            Number of splices: Annotated (sjdb) |	18942584
                       Number of splices: GT/AG |	18985582
                       Number of splices: GC/AG |	203775
                       Number of splices: AT/AC |	14907
               Number of splices: Non-canonical |	82270
                      Mismatch rate per base, % |	0.36%
                         Deletion rate per base |	0.01%
                        Deletion average length |	2.30
                        Insertion rate per base |	0.01%
                       Insertion average length |	1.47
                             MULTI-MAPPING READS:
        Number of reads mapped to multiple loci |	23245592
             % of reads mapped to multiple loci |	25.58%
        Number of reads mapped to too many loci |	1054
             % of reads mapped to too many loci |	0.00%
                                  UNMAPPED READS:
       % of reads unmapped: too many mismatches |	0.00%
                 % of reads unmapped: too short |	4.97%
                     % of reads unmapped: other |	0.12%
                                  CHIMERIC READS:
                       Number of chimeric reads |	0
                            % of chimeric reads |	0.00%
