                                 Started job on |	Apr 04 17:07:03
                             Started mapping on |	Apr 04 17:07:03
                                    Finished on |	Apr 04 17:16:01
       Mapping speed, Million of reads per hour |	280.84

                          Number of input reads |	41969264
                      Average input read length |	150
                                    UNIQUE READS:
                   Uniquely mapped reads number |	31521889
                        Uniquely mapped reads % |	75.11%
                          Average mapped length |	149.22
                       Number of splices: Total |	19818825
            Number of splices: Annotated (sjdb) |	19567745
                       Number of splices: GT/AG |	19543319
                       Number of splices: GC/AG |	191876
                       Number of splices: AT/AC |	22188
               Number of splices: Non-canonical |	61442
                      Mismatch rate per base, % |	0.34%
                         Deletion rate per base |	0.02%
                        Deletion average length |	2.46
                        Insertion rate per base |	0.01%
                       Insertion average length |	1.37
                             MULTI-MAPPING READS:
        Number of reads mapped to multiple loci |	7541039
             % of reads mapped to multiple loci |	17.97%
        Number of reads mapped to too many loci |	448
             % of reads mapped to too many loci |	0.00%
                                  UNMAPPED READS:
       % of reads unmapped: too many mismatches |	0.00%
                 % of reads unmapped: too short |	6.66%
                     % of reads unmapped: other |	0.26%
                                  CHIMERIC READS:
                       Number of chimeric reads |	0
                            % of chimeric reads |	0.00%
