                                 Started job on |	Apr 04 21:59:53
                             Started mapping on |	Apr 04 21:59:54
                                    Finished on |	Apr 04 22:16:11
       Mapping speed, Million of reads per hour |	266.82

                          Number of input reads |	72412650
                      Average input read length |	150
                                    UNIQUE READS:
                   Uniquely mapped reads number |	12538103
                        Uniquely mapped reads % |	17.31%
                          Average mapped length |	148.80
                       Number of splices: Total |	2113843
            Number of splices: Annotated (sjdb) |	2008326
                       Number of splices: GT/AG |	2038396
                       Number of splices: GC/AG |	20696
                       Number of splices: AT/AC |	1734
               Number of splices: Non-canonical |	53017
                      Mismatch rate per base, % |	0.56%
                         Deletion rate per base |	0.19%
                        Deletion average length |	5.25
                        Insertion rate per base |	0.01%
                       Insertion average length |	1.61
                             MULTI-MAPPING READS:
        Number of reads mapped to multiple loci |	48329233
             % of reads mapped to multiple loci |	66.74%
        Number of reads mapped to too many loci |	635
             % of reads mapped to too many loci |	0.00%
                                  UNMAPPED READS:
       % of reads unmapped: too many mismatches |	0.00%
                 % of reads unmapped: too short |	15.50%
                     % of reads unmapped: other |	0.44%
                                  CHIMERIC READS:
                       Number of chimeric reads |	0
                            % of chimeric reads |	0.00%
