                                 Started job on |	Apr 04 18:48:15
                             Started mapping on |	Apr 04 18:48:16
                                    Finished on |	Apr 04 19:07:01
       Mapping speed, Million of reads per hour |	325.51

                          Number of input reads |	101720382
                      Average input read length |	150
                                    UNIQUE READS:
                   Uniquely mapped reads number |	81034780
                        Uniquely mapped reads % |	79.66%
                          Average mapped length |	149.25
                       Number of splices: Total |	32067952
            Number of splices: Annotated (sjdb) |	31592661
                       Number of splices: GT/AG |	31617884
                       Number of splices: GC/AG |	277172
                       Number of splices: AT/AC |	28979
               Number of splices: Non-canonical |	143917
                      Mismatch rate per base, % |	0.28%
                         Deletion rate per base |	0.01%
                        Deletion average length |	2.03
                        Insertion rate per base |	0.01%
                       Insertion average length |	1.40
                             MULTI-MAPPING READS:
        Number of reads mapped to multiple loci |	16827177
             % of reads mapped to multiple loci |	16.54%
        Number of reads mapped to too many loci |	2655
             % of reads mapped to too many loci |	0.00%
                                  UNMAPPED READS:
       % of reads unmapped: too many mismatches |	0.00%
                 % of reads unmapped: too short |	3.65%
                     % of reads unmapped: other |	0.14%
                                  CHIMERIC READS:
                       Number of chimeric reads |	0
                            % of chimeric reads |	0.00%
