                                 Started job on |	Apr 05 02:34:58
                             Started mapping on |	Apr 05 02:34:58
                                    Finished on |	Apr 05 02:45:06
       Mapping speed, Million of reads per hour |	340.42

                          Number of input reads |	57492748
                      Average input read length |	150
                                    UNIQUE READS:
                   Uniquely mapped reads number |	48629459
                        Uniquely mapped reads % |	84.58%
                          Average mapped length |	149.36
                       Number of splices: Total |	28766051
            Number of splices: Annotated (sjdb) |	28466959
                       Number of splices: GT/AG |	28459802
                       Number of splices: GC/AG |	206465
                       Number of splices: AT/AC |	24783
               Number of splices: Non-canonical |	75001
                      Mismatch rate per base, % |	0.30%
                         Deletion rate per base |	0.01%
                        Deletion average length |	2.06
                        Insertion rate per base |	0.01%
                       Insertion average length |	1.40
                             MULTI-MAPPING READS:
        Number of reads mapped to multiple loci |	5922991
             % of reads mapped to multiple loci |	10.30%
        Number of reads mapped to too many loci |	337
             % of reads mapped to too many loci |	0.00%
                                  UNMAPPED READS:
       % of reads unmapped: too many mismatches |	0.00%
                 % of reads unmapped: too short |	5.01%
                     % of reads unmapped: other |	0.11%
                                  CHIMERIC READS:
                       Number of chimeric reads |	0
                            % of chimeric reads |	0.00%
