                                 Started job on |	Apr 04 16:11:59
                             Started mapping on |	Apr 04 16:11:59
                                    Finished on |	Apr 04 16:21:57
       Mapping speed, Million of reads per hour |	307.87

                          Number of input reads |	51140897
                      Average input read length |	150
                                    UNIQUE READS:
                   Uniquely mapped reads number |	25162957
                        Uniquely mapped reads % |	49.20%
                          Average mapped length |	149.33
                       Number of splices: Total |	12348408
            Number of splices: Annotated (sjdb) |	12121235
                       Number of splices: GT/AG |	12165761
                       Number of splices: GC/AG |	112169
                       Number of splices: AT/AC |	8306
               Number of splices: Non-canonical |	62172
                      Mismatch rate per base, % |	0.33%
                         Deletion rate per base |	0.04%
                        Deletion average length |	3.42
                        Insertion rate per base |	0.01%
                       Insertion average length |	1.41
                             MULTI-MAPPING READS:
        Number of reads mapped to multiple loci |	22743324
             % of reads mapped to multiple loci |	44.47%
        Number of reads mapped to too many loci |	916
             % of reads mapped to too many loci |	0.00%
                                  UNMAPPED READS:
       % of reads unmapped: too many mismatches |	0.00%
                 % of reads unmapped: too short |	6.15%
                     % of reads unmapped: other |	0.18%
                                  CHIMERIC READS:
                       Number of chimeric reads |	0
                            % of chimeric reads |	0.00%
