                                 Started job on |	Apr 04 17:16:02
                             Started mapping on |	Apr 04 17:16:02
                                    Finished on |	Apr 04 17:54:47
       Mapping speed, Million of reads per hour |	267.59

                          Number of input reads |	172817666
                      Average input read length |	150
                                    UNIQUE READS:
                   Uniquely mapped reads number |	124301442
                        Uniquely mapped reads % |	71.93%
                          Average mapped length |	149.08
                       Number of splices: Total |	55816237
            Number of splices: Annotated (sjdb) |	54880858
                       Number of splices: GT/AG |	54840978
                       Number of splices: GC/AG |	717313
                       Number of splices: AT/AC |	61634
               Number of splices: Non-canonical |	196312
                      Mismatch rate per base, % |	0.33%
                         Deletion rate per base |	0.02%
                        Deletion average length |	2.35
                        Insertion rate per base |	0.02%
                       Insertion average length |	1.44
                             MULTI-MAPPING READS:
        Number of reads mapped to multiple loci |	40554044
             % of reads mapped to multiple loci |	23.47%
        Number of reads mapped to too many loci |	2899
             % of reads mapped to too many loci |	0.00%
                                  UNMAPPED READS:
       % of reads unmapped: too many mismatches |	0.00%
                 % of reads unmapped: too short |	4.26%
                     % of reads unmapped: other |	0.35%
                                  CHIMERIC READS:
                       Number of chimeric reads |	0
                            % of chimeric reads |	0.00%
