           Time    Speed        Read     Read   Mapped   Mapped   Mapped   Mapped Unmapped Unmapped Unmapped Unmapped
                    M/hr      number   length   unique   length   MMrate    multi   multi+       MM    short    other
Apr 04 22:17:14    249.0     4288592      150    62.5%    149.2     0.3%    29.5%     0.0%     0.0%     7.8%     0.2%
Apr 04 22:18:16    304.5    10487865      150    62.5%    149.2     0.3%    29.5%     0.0%     0.0%     7.7%     0.2%
Apr 04 22:19:16    326.0    16661219      150    62.5%    149.2     0.3%    29.5%     0.0%     0.0%     7.7%     0.2%
Apr 04 22:20:16    334.7    22686849      150    62.4%    149.1     0.3%    29.6%     0.0%     0.0%     7.8%     0.2%
Apr 04 22:21:16    338.3    28565789      150    62.4%    149.1     0.3%    29.6%     0.0%     0.0%     7.8%     0.2%
Apr 04 22:22:17    342.6    34738400      150    62.4%    149.1     0.3%    29.6%     0.0%     0.0%     7.8%     0.2%
Apr 04 22:23:17    342.8    40470214      150    62.4%    149.1     0.3%    29.6%     0.0%     0.0%     7.8%     0.2%
Apr 04 22:24:17    344.0    46348872      150    62.4%    149.1     0.3%    29.6%     0.0%     0.0%     7.8%     0.2%
Apr 04 22:25:17    344.0    52080720      150    62.4%    149.1     0.3%    29.6%     0.0%     0.0%     7.8%     0.2%
Apr 04 22:26:18    346.1    58253331      150    62.4%    149.1     0.3%    29.6%     0.0%     0.0%     7.8%     0.2%
Apr 04 22:27:18    346.7    64132388      150    62.4%    149.1     0.3%    29.6%     0.0%     0.0%     7.8%     0.2%
Apr 04 22:28:19    347.4    70157921      150    62.4%    149.1     0.3%    29.6%     0.0%     0.0%     7.8%     0.2%
Apr 04 22:29:19    348.5    76183207      150    62.4%    149.1     0.3%    29.6%     0.0%     0.0%     7.8%     0.2%
Apr 04 22:30:19    348.8    82061822      150    62.4%    149.1     0.3%    29.6%     0.0%     0.0%     7.8%     0.2%
Apr 04 22:31:19    349.0    87940459      150    62.4%    149.1     0.3%    29.6%     0.0%     0.0%     7.8%     0.2%
Apr 04 22:32:22    348.2    93819226      150    62.4%    149.1     0.3%    29.6%     0.0%     0.0%     7.8%     0.2%
Apr 04 22:33:23    349.7   100137843      150    62.4%    149.1     0.3%    29.6%     0.0%     0.0%     7.8%     0.2%
Apr 04 22:34:25    349.6   106134371      150    62.4%    149.1     0.3%    29.6%     0.0%     0.0%     7.8%     0.2%
Apr 04 22:35:26    350.3   112277718      150    62.4%    149.1     0.3%    29.6%     0.0%     0.0%     7.8%     0.2%
Apr 04 22:36:28    350.6   118420934      150    62.4%    149.1     0.3%    29.6%     0.0%     0.0%     7.8%     0.2%
Apr 04 22:37:28    351.0   124417758      150    62.4%    149.1     0.3%    29.6%     0.0%     0.0%     7.8%     0.2%
Apr 04 22:38:30    351.3   130560771      150    62.4%    149.1     0.3%    29.6%     0.0%     0.0%     7.8%     0.2%
Apr 04 22:43:16    293.8   132539685      150    62.4%    149.1     0.3%    29.6%     0.0%     0.0%     7.8%     0.2%
ALL DONE!
