           Time    Speed        Read     Read   Mapped   Mapped   Mapped   Mapped Unmapped Unmapped Unmapped Unmapped
                    M/hr      number   length   unique   length   MMrate    multi   multi+       MM    short    other
Apr 05 00:22:01    283.9     4730962      150    80.5%    149.4     0.3%    15.7%     0.0%     0.0%     3.6%     0.2%
Apr 05 00:23:01    345.5    11516868      150    80.3%    149.4     0.3%    15.8%     0.0%     0.0%     3.7%     0.2%
Apr 05 00:24:01    368.5    18424192      150    80.4%    149.4     0.3%    15.8%     0.0%     0.0%     3.7%     0.2%
Apr 05 00:25:05    367.2    24890682      150    80.3%    149.4     0.3%    15.8%     0.0%     0.0%     3.7%     0.2%
Apr 05 00:26:07    372.4    31651424      150    80.4%    149.4     0.3%    15.8%     0.0%     0.0%     3.7%     0.2%
Apr 05 00:27:08    376.8    38411804      150    80.4%    149.4     0.3%    15.8%     0.0%     0.0%     3.7%     0.2%
Apr 05 00:28:08    379.6    45025236      150    80.4%    149.4     0.3%    15.8%     0.0%     0.0%     3.7%     0.2%
Apr 05 00:29:08    381.7    51638664      150    80.4%    149.4     0.3%    15.8%     0.0%     0.0%     3.7%     0.2%
Apr 05 00:30:08    384.3    58398927      150    80.4%    149.4     0.3%    15.8%     0.0%     0.0%     3.6%     0.2%
Apr 05 00:31:08    384.7    64865535      150    80.4%    149.4     0.3%    15.8%     0.0%     0.0%     3.6%     0.2%
Apr 05 00:32:10    384.6    71478509      150    80.4%    149.4     0.3%    15.8%     0.0%     0.0%     3.6%     0.2%
Apr 05 00:33:10    378.4    76622259      150    80.4%    149.4     0.3%    15.8%     0.0%     0.0%     3.6%     0.2%
Apr 05 00:34:12    378.8    83235763      150    80.4%    149.4     0.3%    15.8%     0.0%     0.0%     3.6%     0.2%
Apr 05 00:35:13    380.3    89996067      150    80.4%    149.4     0.3%    15.8%     0.0%     0.0%     3.6%     0.2%
Apr 05 00:36:13    381.4    96609182      150    80.4%    149.4     0.3%    15.8%     0.0%     0.0%     3.6%     0.2%
Apr 05 00:37:13    382.3   103207726      150    80.4%    149.4     0.3%    15.8%     0.0%     0.0%     3.6%     0.2%
Apr 05 00:40:43    325.3   106810640      150    80.4%    149.4     0.3%    15.8%     0.0%     0.0%     3.6%     0.2%
ALL DONE!
