                                 Started job on |	Apr 05 01:14:35
                             Started mapping on |	Apr 05 01:14:36
                                    Finished on |	Apr 05 01:23:57
       Mapping speed, Million of reads per hour |	280.46

                          Number of input reads |	43705620
                      Average input read length |	150
                                    UNIQUE READS:
                   Uniquely mapped reads number |	19203082
                        Uniquely mapped reads % |	43.94%
                          Average mapped length |	149.10
                       Number of splices: Total |	8255771
            Number of splices: Annotated (sjdb) |	8116552
                       Number of splices: GT/AG |	8128674
                       Number of splices: GC/AG |	77198
                       Number of splices: AT/AC |	6213
               Number of splices: Non-canonical |	43686
                      Mismatch rate per base, % |	0.34%
                         Deletion rate per base |	0.07%
                        Deletion average length |	4.39
                        Insertion rate per base |	0.01%
                       Insertion average length |	1.58
                             MULTI-MAPPING READS:
        Number of reads mapped to multiple loci |	17796933
             % of reads mapped to multiple loci |	40.72%
        Number of reads mapped to too many loci |	350
             % of reads mapped to too many loci |	0.00%
                                  UNMAPPED READS:
       % of reads unmapped: too many mismatches |	0.00%
                 % of reads unmapped: too short |	15.09%
                     % of reads unmapped: other |	0.25%
                                  CHIMERIC READS:
                       Number of chimeric reads |	0
                            % of chimeric reads |	0.00%
