                                 Started job on |	Apr 04 20:00:56
                             Started mapping on |	Apr 04 20:00:58
                                    Finished on |	Apr 04 20:13:01
       Mapping speed, Million of reads per hour |	260.07

                          Number of input reads |	52231701
                      Average input read length |	150
                                    UNIQUE READS:
                   Uniquely mapped reads number |	35003621
                        Uniquely mapped reads % |	67.02%
                          Average mapped length |	149.37
                       Number of splices: Total |	14990657
            Number of splices: Annotated (sjdb) |	14749887
                       Number of splices: GT/AG |	14744215
                       Number of splices: GC/AG |	147753
                       Number of splices: AT/AC |	12392
               Number of splices: Non-canonical |	86297
                      Mismatch rate per base, % |	0.25%
                         Deletion rate per base |	0.03%
                        Deletion average length |	2.97
                        Insertion rate per base |	0.01%
                       Insertion average length |	1.42
                             MULTI-MAPPING READS:
        Number of reads mapped to multiple loci |	14578075
             % of reads mapped to multiple loci |	27.91%
        Number of reads mapped to too many loci |	1242
             % of reads mapped to too many loci |	0.00%
                                  UNMAPPED READS:
       % of reads unmapped: too many mismatches |	0.00%
                 % of reads unmapped: too short |	4.93%
                     % of reads unmapped: other |	0.14%
                                  CHIMERIC READS:
                       Number of chimeric reads |	0
                            % of chimeric reads |	0.00%
