                                 Started job on |	Apr 04 18:33:15
                             Started mapping on |	Apr 04 18:33:16
                                    Finished on |	Apr 04 18:48:14
       Mapping speed, Million of reads per hour |	235.34

                          Number of input reads |	58704587
                      Average input read length |	150
                                    UNIQUE READS:
                   Uniquely mapped reads number |	25173035
                        Uniquely mapped reads % |	42.88%
                          Average mapped length |	149.16
                       Number of splices: Total |	12922627
            Number of splices: Annotated (sjdb) |	12704024
                       Number of splices: GT/AG |	12731839
                       Number of splices: GC/AG |	102534
                       Number of splices: AT/AC |	10880
               Number of splices: Non-canonical |	77374
                      Mismatch rate per base, % |	0.35%
                         Deletion rate per base |	0.05%
                        Deletion average length |	3.81
                        Insertion rate per base |	0.01%
                       Insertion average length |	1.44
                             MULTI-MAPPING READS:
        Number of reads mapped to multiple loci |	20150529
             % of reads mapped to multiple loci |	34.33%
        Number of reads mapped to too many loci |	1502
             % of reads mapped to too many loci |	0.00%
                                  UNMAPPED READS:
       % of reads unmapped: too many mismatches |	0.00%
                 % of reads unmapped: too short |	22.37%
                     % of reads unmapped: other |	0.42%
                                  CHIMERIC READS:
                       Number of chimeric reads |	0
                            % of chimeric reads |	0.00%
