                                 Started job on |	Apr 05 03:51:20
                             Started mapping on |	Apr 05 03:51:21
                                    Finished on |	Apr 05 04:11:00
       Mapping speed, Million of reads per hour |	343.36

                          Number of input reads |	112451597
                      Average input read length |	150
                                    UNIQUE READS:
                   Uniquely mapped reads number |	86882936
                        Uniquely mapped reads % |	77.26%
                          Average mapped length |	149.35
                       Number of splices: Total |	32490154
            Number of splices: Annotated (sjdb) |	32059918
                       Number of splices: GT/AG |	32065519
                       Number of splices: GC/AG |	293263
                       Number of splices: AT/AC |	23885
               Number of splices: Non-canonical |	107487
                      Mismatch rate per base, % |	0.28%
                         Deletion rate per base |	0.01%
                        Deletion average length |	2.37
                        Insertion rate per base |	0.01%
                       Insertion average length |	1.48
                             MULTI-MAPPING READS:
        Number of reads mapped to multiple loci |	20116734
             % of reads mapped to multiple loci |	17.89%
        Number of reads mapped to too many loci |	1929
             % of reads mapped to too many loci |	0.00%
                                  UNMAPPED READS:
       % of reads unmapped: too many mismatches |	0.00%
                 % of reads unmapped: too short |	4.72%
                     % of reads unmapped: other |	0.13%
                                  CHIMERIC READS:
                       Number of chimeric reads |	0
                            % of chimeric reads |	0.00%
