                                 Started job on |	Apr 04 16:37:31
                             Started mapping on |	Apr 04 16:37:32
                                    Finished on |	Apr 04 16:50:15
       Mapping speed, Million of reads per hour |	302.42

                          Number of input reads |	64095503
                      Average input read length |	150
                                    UNIQUE READS:
                   Uniquely mapped reads number |	47403670
                        Uniquely mapped reads % |	73.96%
                          Average mapped length |	149.33
                       Number of splices: Total |	27160727
            Number of splices: Annotated (sjdb) |	26884326
                       Number of splices: GT/AG |	26849783
                       Number of splices: GC/AG |	211872
                       Number of splices: AT/AC |	20645
               Number of splices: Non-canonical |	78427
                      Mismatch rate per base, % |	0.27%
                         Deletion rate per base |	0.02%
                        Deletion average length |	2.82
                        Insertion rate per base |	0.01%
                       Insertion average length |	1.39
                             MULTI-MAPPING READS:
        Number of reads mapped to multiple loci |	12229327
             % of reads mapped to multiple loci |	19.08%
        Number of reads mapped to too many loci |	776
             % of reads mapped to too many loci |	0.00%
                                  UNMAPPED READS:
       % of reads unmapped: too many mismatches |	0.00%
                 % of reads unmapped: too short |	6.76%
                     % of reads unmapped: other |	0.20%
                                  CHIMERIC READS:
                       Number of chimeric reads |	0
                            % of chimeric reads |	0.00%
