                                 Started job on |	Apr 04 23:42:40
                             Started mapping on |	Apr 04 23:42:40
                                    Finished on |	Apr 04 23:52:24
       Mapping speed, Million of reads per hour |	344.53

                          Number of input reads |	55890502
                      Average input read length |	150
                                    UNIQUE READS:
                   Uniquely mapped reads number |	39541817
                        Uniquely mapped reads % |	70.75%
                          Average mapped length |	149.37
                       Number of splices: Total |	22505619
            Number of splices: Annotated (sjdb) |	22264858
                       Number of splices: GT/AG |	22231539
                       Number of splices: GC/AG |	175583
                       Number of splices: AT/AC |	19301
               Number of splices: Non-canonical |	79196
                      Mismatch rate per base, % |	0.26%
                         Deletion rate per base |	0.01%
                        Deletion average length |	2.03
                        Insertion rate per base |	0.01%
                       Insertion average length |	1.34
                             MULTI-MAPPING READS:
        Number of reads mapped to multiple loci |	13687587
             % of reads mapped to multiple loci |	24.49%
        Number of reads mapped to too many loci |	769
             % of reads mapped to too many loci |	0.00%
                                  UNMAPPED READS:
       % of reads unmapped: too many mismatches |	0.00%
                 % of reads unmapped: too short |	4.63%
                     % of reads unmapped: other |	0.13%
                                  CHIMERIC READS:
                       Number of chimeric reads |	0
                            % of chimeric reads |	0.00%
