                                 Started job on |	Apr 04 21:42:04
                             Started mapping on |	Apr 04 21:42:04
                                    Finished on |	Apr 04 21:59:52
       Mapping speed, Million of reads per hour |	301.16

                          Number of input reads |	89343484
                      Average input read length |	150
                                    UNIQUE READS:
                   Uniquely mapped reads number |	46436097
                        Uniquely mapped reads % |	51.97%
                          Average mapped length |	149.08
                       Number of splices: Total |	14159555
            Number of splices: Annotated (sjdb) |	13892624
                       Number of splices: GT/AG |	13916529
                       Number of splices: GC/AG |	131466
                       Number of splices: AT/AC |	11437
               Number of splices: Non-canonical |	100123
                      Mismatch rate per base, % |	0.35%
                         Deletion rate per base |	0.03%
                        Deletion average length |	2.78
                        Insertion rate per base |	0.01%
                       Insertion average length |	1.50
                             MULTI-MAPPING READS:
        Number of reads mapped to multiple loci |	37057155
             % of reads mapped to multiple loci |	41.48%
        Number of reads mapped to too many loci |	1153
             % of reads mapped to too many loci |	0.00%
                                  UNMAPPED READS:
       % of reads unmapped: too many mismatches |	0.00%
                 % of reads unmapped: too short |	6.40%
                     % of reads unmapped: other |	0.15%
                                  CHIMERIC READS:
                       Number of chimeric reads |	0
                            % of chimeric reads |	0.00%
