                                 Started job on |	Apr 05 01:40:59
                             Started mapping on |	Apr 05 01:40:59
                                    Finished on |	Apr 05 01:50:52
       Mapping speed, Million of reads per hour |	286.62

                          Number of input reads |	47213026
                      Average input read length |	150
                                    UNIQUE READS:
                   Uniquely mapped reads number |	28599371
                        Uniquely mapped reads % |	60.58%
                          Average mapped length |	149.35
                       Number of splices: Total |	15905186
            Number of splices: Annotated (sjdb) |	15666357
                       Number of splices: GT/AG |	15678613
                       Number of splices: GC/AG |	144164
                       Number of splices: AT/AC |	11932
               Number of splices: Non-canonical |	70477
                      Mismatch rate per base, % |	0.33%
                         Deletion rate per base |	0.06%
                        Deletion average length |	4.40
                        Insertion rate per base |	0.01%
                       Insertion average length |	1.42
                             MULTI-MAPPING READS:
        Number of reads mapped to multiple loci |	13874844
             % of reads mapped to multiple loci |	29.39%
        Number of reads mapped to too many loci |	351
             % of reads mapped to too many loci |	0.00%
                                  UNMAPPED READS:
       % of reads unmapped: too many mismatches |	0.00%
                 % of reads unmapped: too short |	9.96%
                     % of reads unmapped: other |	0.08%
                                  CHIMERIC READS:
                       Number of chimeric reads |	0
                            % of chimeric reads |	0.00%
