                                 Started job on |	Apr 05 04:11:01
                             Started mapping on |	Apr 05 04:11:02
                                    Finished on |	Apr 05 04:20:29
       Mapping speed, Million of reads per hour |	316.78

                          Number of input reads |	49892687
                      Average input read length |	150
                                    UNIQUE READS:
                   Uniquely mapped reads number |	37719472
                        Uniquely mapped reads % |	75.60%
                          Average mapped length |	149.33
                       Number of splices: Total |	23201255
            Number of splices: Annotated (sjdb) |	22942847
                       Number of splices: GT/AG |	22930006
                       Number of splices: GC/AG |	170655
                       Number of splices: AT/AC |	18375
               Number of splices: Non-canonical |	82219
                      Mismatch rate per base, % |	0.27%
                         Deletion rate per base |	0.02%
                        Deletion average length |	2.69
                        Insertion rate per base |	0.01%
                       Insertion average length |	1.39
                             MULTI-MAPPING READS:
        Number of reads mapped to multiple loci |	8514760
             % of reads mapped to multiple loci |	17.07%
        Number of reads mapped to too many loci |	404
             % of reads mapped to too many loci |	0.00%
                                  UNMAPPED READS:
       % of reads unmapped: too many mismatches |	0.00%
                 % of reads unmapped: too short |	7.15%
                     % of reads unmapped: other |	0.18%
                                  CHIMERIC READS:
                       Number of chimeric reads |	0
                            % of chimeric reads |	0.00%
