           Time    Speed        Read     Read   Mapped   Mapped   Mapped   Mapped Unmapped Unmapped Unmapped Unmapped
                    M/hr      number   length   unique   length   MMrate    multi   multi+       MM    short    other
Apr 04 15:37:48    119.3     2220564      150    38.1%    149.2     0.3%    50.2%     0.0%     0.0%    11.3%     0.3%
Apr 04 15:38:48    226.2     7979526      150    38.1%    149.2     0.3%    50.3%     0.0%     0.0%    11.3%     0.3%
Apr 04 15:39:54    234.0    12545124      150    38.0%    149.2     0.3%    50.3%     0.0%     0.0%    11.4%     0.3%
Apr 04 15:40:54    255.9    17983771      150    38.0%    149.2     0.3%    50.3%     0.0%     0.0%    11.4%     0.3%
Apr 04 15:41:54    260.9    22686286      150    37.9%    149.2     0.3%    50.3%     0.0%     0.0%    11.4%     0.3%
Apr 04 15:42:57    258.0    26948261      150    38.0%    149.2     0.3%    50.3%     0.0%     0.0%    11.4%     0.3%
Apr 04 15:44:01    271.0    33120555      150    38.0%    149.2     0.3%    50.3%     0.0%     0.0%    11.4%     0.3%
Apr 04 15:45:02    276.0    38411036      150    38.0%    149.2     0.3%    50.3%     0.0%     0.0%    11.4%     0.3%
Apr 04 15:46:05    278.0    43554797      150    37.9%    149.2     0.3%    50.3%     0.0%     0.0%    11.4%     0.3%
Apr 04 15:47:09    274.1    47817362      150    37.9%    149.2     0.3%    50.3%     0.0%     0.0%    11.5%     0.3%
Apr 04 15:48:09    277.9    53107653      150    37.9%    149.2     0.3%    50.3%     0.0%     0.0%    11.5%     0.3%
Apr 04 15:49:11    279.6    58250672      150    37.9%    149.2     0.3%    50.3%     0.0%     0.0%    11.5%     0.3%
Apr 04 15:50:15    284.9    64422782      150    37.9%    149.2     0.3%    50.3%     0.0%     0.0%    11.5%     0.3%
Apr 04 15:51:18    290.4    70742330      150    37.9%    149.2     0.3%    50.3%     0.0%     0.0%    11.5%     0.3%
Apr 04 15:52:19    295.2    76914427      150    37.9%    149.2     0.3%    50.3%     0.0%     0.0%    11.5%     0.3%
Apr 04 15:53:19    299.2    82939669      150    37.9%    149.2     0.3%    50.2%     0.0%     0.0%    11.5%     0.3%
Apr 04 15:54:20    302.9    89111754      150    37.9%    149.2     0.3%    50.3%     0.0%     0.0%    11.5%     0.3%
Apr 04 15:58:05    260.1    92757784      150    37.9%    149.2     0.3%    50.3%     0.0%     0.0%    11.5%     0.3%
ALL DONE!
