                                 Started job on |	Apr 05 01:50:53
                             Started mapping on |	Apr 05 01:50:53
                                    Finished on |	Apr 05 02:07:07
       Mapping speed, Million of reads per hour |	361.15

                          Number of input reads |	97710366
                      Average input read length |	150
                                    UNIQUE READS:
                   Uniquely mapped reads number |	78369033
                        Uniquely mapped reads % |	80.21%
                          Average mapped length |	149.37
                       Number of splices: Total |	35637543
            Number of splices: Annotated (sjdb) |	35123968
                       Number of splices: GT/AG |	35132727
                       Number of splices: GC/AG |	388546
                       Number of splices: AT/AC |	26685
               Number of splices: Non-canonical |	89585
                      Mismatch rate per base, % |	0.33%
                         Deletion rate per base |	0.02%
                        Deletion average length |	2.51
                        Insertion rate per base |	0.01%
                       Insertion average length |	1.43
                             MULTI-MAPPING READS:
        Number of reads mapped to multiple loci |	17437500
             % of reads mapped to multiple loci |	17.85%
        Number of reads mapped to too many loci |	573
             % of reads mapped to too many loci |	0.00%
                                  UNMAPPED READS:
       % of reads unmapped: too many mismatches |	0.00%
                 % of reads unmapped: too short |	1.88%
                     % of reads unmapped: other |	0.07%
                                  CHIMERIC READS:
                       Number of chimeric reads |	0
                            % of chimeric reads |	0.00%
