                                 Started job on |	Apr 05 02:45:07
                             Started mapping on |	Apr 05 02:45:07
                                    Finished on |	Apr 05 03:03:37
       Mapping speed, Million of reads per hour |	304.30

                          Number of input reads |	93827109
                      Average input read length |	150
                                    UNIQUE READS:
                   Uniquely mapped reads number |	65898044
                        Uniquely mapped reads % |	70.23%
                          Average mapped length |	149.26
                       Number of splices: Total |	26113792
            Number of splices: Annotated (sjdb) |	25751068
                       Number of splices: GT/AG |	25767041
                       Number of splices: GC/AG |	238501
                       Number of splices: AT/AC |	21253
               Number of splices: Non-canonical |	86997
                      Mismatch rate per base, % |	0.32%
                         Deletion rate per base |	0.01%
                        Deletion average length |	2.36
                        Insertion rate per base |	0.01%
                       Insertion average length |	1.52
                             MULTI-MAPPING READS:
        Number of reads mapped to multiple loci |	23967303
             % of reads mapped to multiple loci |	25.54%
        Number of reads mapped to too many loci |	726
             % of reads mapped to too many loci |	0.00%
                                  UNMAPPED READS:
       % of reads unmapped: too many mismatches |	0.00%
                 % of reads unmapped: too short |	4.14%
                     % of reads unmapped: other |	0.08%
                                  CHIMERIC READS:
                       Number of chimeric reads |	0
                            % of chimeric reads |	0.00%
