                                 Started job on |	Apr 04 20:44:47
                             Started mapping on |	Apr 04 20:44:47
                                    Finished on |	Apr 04 21:00:17
       Mapping speed, Million of reads per hour |	282.01

                          Number of input reads |	72853804
                      Average input read length |	150
                                    UNIQUE READS:
                   Uniquely mapped reads number |	25755096
                        Uniquely mapped reads % |	35.35%
                          Average mapped length |	149.04
                       Number of splices: Total |	10391726
            Number of splices: Annotated (sjdb) |	10215908
                       Number of splices: GT/AG |	10213761
                       Number of splices: GC/AG |	94860
                       Number of splices: AT/AC |	7806
               Number of splices: Non-canonical |	75299
                      Mismatch rate per base, % |	0.33%
                         Deletion rate per base |	0.05%
                        Deletion average length |	3.81
                        Insertion rate per base |	0.01%
                       Insertion average length |	1.63
                             MULTI-MAPPING READS:
        Number of reads mapped to multiple loci |	40390578
             % of reads mapped to multiple loci |	55.44%
        Number of reads mapped to too many loci |	729
             % of reads mapped to too many loci |	0.00%
                                  UNMAPPED READS:
       % of reads unmapped: too many mismatches |	0.00%
                 % of reads unmapped: too short |	8.87%
                     % of reads unmapped: other |	0.34%
                                  CHIMERIC READS:
                       Number of chimeric reads |	0
                            % of chimeric reads |	0.00%
