           Time    Speed        Read     Read   Mapped   Mapped   Mapped   Mapped Unmapped Unmapped Unmapped Unmapped
                    M/hr      number   length   unique   length   MMrate    multi   multi+       MM    short    other
Apr 04 21:01:24    352.0     6355752      150    64.8%    149.3     0.2%    31.1%     0.0%     0.0%     4.1%     0.1%
Apr 04 21:02:24    386.7    13427267      150    64.7%    149.3     0.2%    31.1%     0.0%     0.0%     4.1%     0.1%
Apr 04 21:03:26    402.8    20921848      150    64.7%    149.3     0.2%    31.1%     0.0%     0.0%     4.1%     0.1%
Apr 04 21:04:26    414.2    28416682      150    64.6%    149.3     0.2%    31.1%     0.0%     0.0%     4.2%     0.1%
Apr 04 21:05:27    414.6    35471073      150    64.6%    149.3     0.2%    31.1%     0.0%     0.0%     4.2%     0.1%
Apr 04 21:06:27    420.3    42965846      150    64.6%    149.3     0.2%    31.1%     0.0%     0.0%     4.2%     0.1%
Apr 04 21:07:28    421.0    50166889      150    64.6%    149.3     0.2%    31.1%     0.0%     0.0%     4.2%     0.1%
Apr 04 21:08:31    421.9    57662203      150    64.6%    149.3     0.2%    31.1%     0.0%     0.0%     4.2%     0.1%
Apr 04 21:09:31    424.0    65010104      150    64.6%    149.3     0.2%    31.1%     0.0%     0.0%     4.2%     0.1%
Apr 04 21:10:31    424.8    72211095      150    64.6%    149.3     0.2%    31.1%     0.0%     0.0%     4.2%     0.1%
Apr 04 21:11:31    425.4    79411977      150    64.6%    149.3     0.2%    31.2%     0.0%     0.0%     4.2%     0.1%
Apr 04 21:12:32    426.1    86759768      150    64.6%    149.3     0.2%    31.2%     0.0%     0.0%     4.2%     0.1%
Apr 04 21:13:35    424.9    93960880      150    64.6%    149.3     0.2%    31.2%     0.0%     0.0%     4.2%     0.1%
Apr 04 21:14:36    424.9   101156529      150    64.6%    149.3     0.2%    31.2%     0.0%     0.0%     4.2%     0.1%
Apr 04 21:15:37    425.9   108616337      150    64.6%    149.3     0.3%    31.2%     0.0%     0.0%     4.2%     0.1%
Apr 04 21:16:38    423.6   115198467      150    64.6%    149.3     0.3%    31.2%     0.0%     0.0%     4.2%     0.1%
Apr 04 21:17:40    421.1   121779639      150    64.5%    149.3     0.3%    31.2%     0.0%     0.0%     4.2%     0.1%
Apr 04 21:18:40    421.1   128800366      150    64.5%    149.3     0.3%    31.2%     0.0%     0.0%     4.2%     0.1%
Apr 04 21:24:05    335.5   132885349      150    64.5%    149.3     0.3%    31.2%     0.0%     0.0%     4.3%     0.1%
ALL DONE!
