                                 Started job on |	Apr 04 17:54:48
                             Started mapping on |	Apr 04 17:54:49
                                    Finished on |	Apr 04 18:16:21
       Mapping speed, Million of reads per hour |	245.60

                          Number of input reads |	88142596
                      Average input read length |	150
                                    UNIQUE READS:
                   Uniquely mapped reads number |	44667489
                        Uniquely mapped reads % |	50.68%
                          Average mapped length |	149.09
                       Number of splices: Total |	7439662
            Number of splices: Annotated (sjdb) |	7142094
                       Number of splices: GT/AG |	7248678
                       Number of splices: GC/AG |	72158
                       Number of splices: AT/AC |	6934
               Number of splices: Non-canonical |	111892
                      Mismatch rate per base, % |	0.39%
                         Deletion rate per base |	0.03%
                        Deletion average length |	3.62
                        Insertion rate per base |	0.01%
                       Insertion average length |	1.62
                             MULTI-MAPPING READS:
        Number of reads mapped to multiple loci |	38361061
             % of reads mapped to multiple loci |	43.52%
        Number of reads mapped to too many loci |	4036
             % of reads mapped to too many loci |	0.00%
                                  UNMAPPED READS:
       % of reads unmapped: too many mismatches |	0.00%
                 % of reads unmapped: too short |	5.33%
                     % of reads unmapped: other |	0.47%
                                  CHIMERIC READS:
                       Number of chimeric reads |	0
                            % of chimeric reads |	0.00%
