           Time    Speed        Read     Read   Mapped   Mapped   Mapped   Mapped Unmapped Unmapped Unmapped Unmapped
                    M/hr      number   length   unique   length   MMrate    multi   multi+       MM    short    other
Apr 05 03:52:21    337.0     5616855      150    77.4%    149.3     0.3%    17.7%     0.0%     0.0%     4.7%     0.1%
Apr 05 03:53:22    373.3    12545386      150    77.2%    149.3     0.3%    17.8%     0.0%     0.0%     4.8%     0.1%
Apr 05 03:54:22    375.2    18865086      150    77.3%    149.3     0.3%    17.8%     0.0%     0.0%     4.8%     0.1%
Apr 05 03:55:23    387.8    26066509      150    77.2%    149.3     0.3%    17.9%     0.0%     0.0%     4.8%     0.1%
Apr 05 03:56:25    394.0    33268096      150    77.2%    149.3     0.3%    17.9%     0.0%     0.0%     4.8%     0.1%
Apr 05 03:57:27    392.3    39881506      150    77.2%    149.3     0.3%    17.9%     0.0%     0.0%     4.8%     0.1%
Apr 05 03:58:28    400.7    47523575      150    77.2%    149.3     0.3%    17.9%     0.0%     0.0%     4.8%     0.1%
Apr 05 03:59:30    399.6    54283808      150    77.2%    149.4     0.3%    17.9%     0.0%     0.0%     4.7%     0.1%
Apr 05 04:00:30    403.2    61485260      150    77.2%    149.4     0.3%    17.9%     0.0%     0.0%     4.7%     0.1%
Apr 05 04:01:32    403.8    68539434      150    77.2%    149.3     0.3%    17.9%     0.0%     0.0%     4.7%     0.1%
Apr 05 04:02:32    403.2    75152662      150    77.3%    149.3     0.3%    17.9%     0.0%     0.0%     4.7%     0.1%
Apr 05 04:03:32    406.3    82501027      150    77.3%    149.3     0.3%    17.9%     0.0%     0.0%     4.7%     0.1%
Apr 05 04:04:34    406.6    89555214      150    77.3%    149.3     0.3%    17.9%     0.0%     0.0%     4.7%     0.1%
Apr 05 04:05:34    407.1    96462537      150    77.3%    149.3     0.3%    17.9%     0.0%     0.0%     4.7%     0.1%
Apr 05 04:06:35    405.9   103061460      150    77.3%    149.3     0.3%    17.9%     0.0%     0.0%     4.7%     0.1%
Apr 05 04:07:35    406.9   110082261      150    77.3%    149.3     0.3%    17.9%     0.0%     0.0%     4.7%     0.1%
Apr 05 04:11:00    343.4   112451597      150    77.3%    149.3     0.3%    17.9%     0.0%     0.0%     4.7%     0.1%
ALL DONE!
