                                 Started job on |	Apr 05 00:40:44
                             Started mapping on |	Apr 05 00:40:45
                                    Finished on |	Apr 05 00:57:17
       Mapping speed, Million of reads per hour |	229.84

                          Number of input reads |	63332963
                      Average input read length |	150
                                    UNIQUE READS:
                   Uniquely mapped reads number |	17092859
                        Uniquely mapped reads % |	26.99%
                          Average mapped length |	149.15
                       Number of splices: Total |	4286691
            Number of splices: Annotated (sjdb) |	4152028
                       Number of splices: GT/AG |	4174126
                       Number of splices: GC/AG |	52288
                       Number of splices: AT/AC |	3902
               Number of splices: Non-canonical |	56375
                      Mismatch rate per base, % |	0.43%
                         Deletion rate per base |	0.13%
                        Deletion average length |	5.01
                        Insertion rate per base |	0.01%
                       Insertion average length |	1.55
                             MULTI-MAPPING READS:
        Number of reads mapped to multiple loci |	33544419
             % of reads mapped to multiple loci |	52.97%
        Number of reads mapped to too many loci |	707
             % of reads mapped to too many loci |	0.00%
                                  UNMAPPED READS:
       % of reads unmapped: too many mismatches |	0.00%
                 % of reads unmapped: too short |	19.49%
                     % of reads unmapped: other |	0.55%
                                  CHIMERIC READS:
                       Number of chimeric reads |	0
                            % of chimeric reads |	0.00%
