                                 Started job on |	Apr 04 19:41:18
                             Started mapping on |	Apr 04 19:41:19
                                    Finished on |	Apr 04 20:00:55
       Mapping speed, Million of reads per hour |	227.52

                          Number of input reads |	74321837
                      Average input read length |	150
                                    UNIQUE READS:
                   Uniquely mapped reads number |	62640216
                        Uniquely mapped reads % |	84.28%
                          Average mapped length |	149.29
                       Number of splices: Total |	22767283
            Number of splices: Annotated (sjdb) |	22464095
                       Number of splices: GT/AG |	22441905
                       Number of splices: GC/AG |	196039
                       Number of splices: AT/AC |	21648
               Number of splices: Non-canonical |	107691
                      Mismatch rate per base, % |	0.36%
                         Deletion rate per base |	0.01%
                        Deletion average length |	2.06
                        Insertion rate per base |	0.01%
                       Insertion average length |	1.36
                             MULTI-MAPPING READS:
        Number of reads mapped to multiple loci |	9126660
             % of reads mapped to multiple loci |	12.28%
        Number of reads mapped to too many loci |	1839
             % of reads mapped to too many loci |	0.00%
                                  UNMAPPED READS:
       % of reads unmapped: too many mismatches |	0.00%
                 % of reads unmapped: too short |	3.36%
                     % of reads unmapped: other |	0.08%
                                  CHIMERIC READS:
                       Number of chimeric reads |	0
                            % of chimeric reads |	0.00%
