                                 Started job on |	Apr 04 21:24:06
                             Started mapping on |	Apr 04 21:24:06
                                    Finished on |	Apr 04 21:42:03
       Mapping speed, Million of reads per hour |	252.15

                          Number of input reads |	75433859
                      Average input read length |	150
                                    UNIQUE READS:
                   Uniquely mapped reads number |	29424276
                        Uniquely mapped reads % |	39.01%
                          Average mapped length |	149.05
                       Number of splices: Total |	12671680
            Number of splices: Annotated (sjdb) |	12422329
                       Number of splices: GT/AG |	12445354
                       Number of splices: GC/AG |	112354
                       Number of splices: AT/AC |	9632
               Number of splices: Non-canonical |	104340
                      Mismatch rate per base, % |	0.37%
                         Deletion rate per base |	0.07%
                        Deletion average length |	4.40
                        Insertion rate per base |	0.01%
                       Insertion average length |	1.46
                             MULTI-MAPPING READS:
        Number of reads mapped to multiple loci |	33162747
             % of reads mapped to multiple loci |	43.96%
        Number of reads mapped to too many loci |	1108
             % of reads mapped to too many loci |	0.00%
                                  UNMAPPED READS:
       % of reads unmapped: too many mismatches |	0.00%
                 % of reads unmapped: too short |	16.56%
                     % of reads unmapped: other |	0.47%
                                  CHIMERIC READS:
                       Number of chimeric reads |	0
                            % of chimeric reads |	0.00%
