                                 Started job on |	Apr 04 15:07:12
                             Started mapping on |	Apr 04 15:07:12
                                    Finished on |	Apr 04 15:17:20
       Mapping speed, Million of reads per hour |	280.65

                          Number of input reads |	47398615
                      Average input read length |	150
                                    UNIQUE READS:
                   Uniquely mapped reads number |	44075927
                        Uniquely mapped reads % |	92.99%
                          Average mapped length |	149.48
                       Number of splices: Total |	24718911
            Number of splices: Annotated (sjdb) |	24507368
                       Number of splices: GT/AG |	24448931
                       Number of splices: GC/AG |	197661
                       Number of splices: AT/AC |	20411
               Number of splices: Non-canonical |	51908
                      Mismatch rate per base, % |	0.26%
                         Deletion rate per base |	0.01%
                        Deletion average length |	1.85
                        Insertion rate per base |	0.01%
                       Insertion average length |	1.44
                             MULTI-MAPPING READS:
        Number of reads mapped to multiple loci |	2600479
             % of reads mapped to multiple loci |	5.49%
        Number of reads mapped to too many loci |	951
             % of reads mapped to too many loci |	0.00%
                                  UNMAPPED READS:
       % of reads unmapped: too many mismatches |	0.00%
                 % of reads unmapped: too short |	1.46%
                     % of reads unmapped: other |	0.06%
                                  CHIMERIC READS:
                       Number of chimeric reads |	0
                            % of chimeric reads |	0.00%
