                                 Started job on |	Apr 04 16:50:16
                             Started mapping on |	Apr 04 16:50:17
                                    Finished on |	Apr 04 17:07:02
       Mapping speed, Million of reads per hour |	310.57

                          Number of input reads |	86701490
                      Average input read length |	150
                                    UNIQUE READS:
                   Uniquely mapped reads number |	63326580
                        Uniquely mapped reads % |	73.04%
                          Average mapped length |	149.26
                       Number of splices: Total |	24285151
            Number of splices: Annotated (sjdb) |	23974544
                       Number of splices: GT/AG |	23966593
                       Number of splices: GC/AG |	212291
                       Number of splices: AT/AC |	18997
               Number of splices: Non-canonical |	87270
                      Mismatch rate per base, % |	0.36%
                         Deletion rate per base |	0.01%
                        Deletion average length |	2.26
                        Insertion rate per base |	0.01%
                       Insertion average length |	1.51
                             MULTI-MAPPING READS:
        Number of reads mapped to multiple loci |	19973304
             % of reads mapped to multiple loci |	23.04%
        Number of reads mapped to too many loci |	1304
             % of reads mapped to too many loci |	0.00%
                                  UNMAPPED READS:
       % of reads unmapped: too many mismatches |	0.00%
                 % of reads unmapped: too short |	3.80%
                     % of reads unmapped: other |	0.12%
                                  CHIMERIC READS:
                       Number of chimeric reads |	0
                            % of chimeric reads |	0.00%
