           Time    Speed        Read     Read   Mapped   Mapped   Mapped   Mapped Unmapped Unmapped Unmapped Unmapped
                    M/hr      number   length   unique   length   MMrate    multi   multi+       MM    short    other
Apr 05 03:31:28    208.6     4287655      150    30.4%    149.0     0.5%    52.6%     0.0%     0.0%    16.5%     0.4%
Apr 05 03:32:28    262.0     9751465      150    30.3%    149.0     0.5%    52.8%     0.0%     0.0%    16.5%     0.4%
Apr 05 03:33:30    268.2    14602451      150    30.2%    149.0     0.5%    52.9%     0.0%     0.0%    16.5%     0.4%
Apr 05 03:34:30    271.5    19305072      150    30.1%    149.0     0.5%    53.0%     0.0%     0.0%    16.5%     0.4%
Apr 05 03:35:30    278.5    24448575      150    30.1%    149.0     0.5%    52.9%     0.0%     0.0%    16.5%     0.4%
Apr 05 03:36:31    278.4    29150995      150    30.2%    149.0     0.5%    52.9%     0.0%     0.0%    16.5%     0.4%
Apr 05 03:37:33    280.0    34147658      150    30.1%    149.0     0.5%    52.9%     0.0%     0.0%    16.5%     0.4%
Apr 05 03:38:36    281.8    39290799      150    30.1%    149.0     0.5%    52.9%     0.0%     0.0%    16.5%     0.4%
Apr 05 03:39:37    282.2    44140748      150    30.1%    149.0     0.5%    53.0%     0.0%     0.0%    16.5%     0.4%
Apr 05 03:40:44    283.3    49578105      150    30.1%    149.0     0.5%    53.0%     0.0%     0.0%    16.5%     0.4%
Apr 05 03:41:44    285.5    54721902      150    30.1%    149.0     0.5%    53.0%     0.0%     0.0%    16.5%     0.4%
Apr 05 03:42:49    285.4    59865192      150    30.1%    149.0     0.5%    53.0%     0.0%     0.0%    16.5%     0.4%
Apr 05 03:43:49    285.9    64714501      150    30.0%    149.0     0.5%    53.0%     0.0%     0.0%    16.5%     0.4%
Apr 05 03:44:50    285.9    69564073      150    30.0%    149.0     0.5%    53.0%     0.0%     0.0%    16.5%     0.4%
Apr 05 03:45:53    283.6    73972711      150    30.0%    149.0     0.5%    53.0%     0.0%     0.0%    16.5%     0.4%
Apr 05 03:46:54    286.4    79557249      150    30.0%    149.0     0.5%    53.0%     0.0%     0.0%    16.5%     0.4%
Apr 05 03:47:54    284.7    83818944      150    30.0%    149.0     0.5%    53.0%     0.0%     0.0%    16.6%     0.4%
Apr 05 03:51:19    244.1    85767322      150    30.0%    149.0     0.5%    53.0%     0.0%     0.0%    16.6%     0.4%
ALL DONE!
