           Time    Speed        Read     Read   Mapped   Mapped   Mapped   Mapped Unmapped Unmapped Unmapped Unmapped
                    M/hr      number   length   unique   length   MMrate    multi   multi+       MM    short    other
Apr 04 17:17:02    266.1     4435426      150    72.2%    149.1     0.3%    23.3%     0.0%     0.0%     4.2%     0.4%
Apr 04 17:18:04    322.5    10929333      150    72.1%    149.1     0.3%    23.4%     0.0%     0.0%     4.2%     0.4%
Apr 04 17:19:04    341.2    17248609      150    72.0%    149.1     0.3%    23.4%     0.0%     0.0%     4.2%     0.4%
Apr 04 17:20:04    352.8    23714727      150    72.0%    149.1     0.3%    23.4%     0.0%     0.0%     4.2%     0.4%
Apr 04 17:21:04    356.3    29887201      150    72.0%    149.1     0.3%    23.5%     0.0%     0.0%     4.2%     0.4%
Apr 04 17:22:04    361.5    36353576      150    71.9%    149.1     0.3%    23.5%     0.0%     0.0%     4.2%     0.4%
Apr 04 17:23:05    364.4    42819890      150    71.9%    149.1     0.3%    23.5%     0.0%     0.0%     4.3%     0.3%
Apr 04 17:24:06    364.4    48991999      150    71.9%    149.1     0.3%    23.5%     0.0%     0.0%     4.2%     0.3%
Apr 04 17:25:06    366.0    55310952      150    71.9%    149.1     0.3%    23.5%     0.0%     0.0%     4.2%     0.3%
Apr 04 17:26:07    366.7    61630295      150    71.9%    149.1     0.3%    23.5%     0.0%     0.0%     4.2%     0.3%
Apr 04 17:27:07    367.8    67949999      150    71.9%    149.1     0.3%    23.5%     0.0%     0.0%     4.2%     0.3%
Apr 04 17:28:07    368.1    74122116      150    71.9%    149.1     0.3%    23.5%     0.0%     0.0%     4.3%     0.3%
Apr 04 17:29:07    368.9    80441738      150    71.9%    149.1     0.3%    23.5%     0.0%     0.0%     4.3%     0.3%
Apr 04 17:30:07    369.6    86761379      150    71.9%    149.1     0.3%    23.5%     0.0%     0.0%     4.3%     0.3%
Apr 04 17:31:07    369.7    92934077      150    71.9%    149.1     0.3%    23.5%     0.0%     0.0%     4.3%     0.3%
Apr 04 17:32:10    368.6    99107054      150    71.9%    149.1     0.3%    23.5%     0.0%     0.0%     4.3%     0.3%
Apr 04 17:33:10    370.1   105692648      150    71.9%    149.1     0.3%    23.5%     0.0%     0.0%     4.3%     0.3%
Apr 04 17:34:10    369.1   111543231      150    71.9%    149.1     0.3%    23.5%     0.0%     0.0%     4.3%     0.3%
Apr 04 17:35:10    369.5   117831725      150    71.9%    149.1     0.3%    23.5%     0.0%     0.0%     4.3%     0.3%
Apr 04 17:36:10    369.0   123828703      150    71.9%    149.1     0.3%    23.5%     0.0%     0.0%     4.3%     0.3%
Apr 04 17:37:11    367.9   129678728      150    71.9%    149.1     0.3%    23.5%     0.0%     0.0%     4.3%     0.3%
Apr 04 17:38:11    368.3   135967715      150    71.9%    149.1     0.3%    23.5%     0.0%     0.0%     4.3%     0.3%
Apr 04 17:39:11    368.7   142257190      150    71.9%    149.1     0.3%    23.5%     0.0%     0.0%     4.3%     0.3%
Apr 04 17:40:11    369.1   148546573      150    71.9%    149.1     0.3%    23.5%     0.0%     0.0%     4.3%     0.3%
Apr 04 17:41:11    369.4   154835565      150    71.9%    149.1     0.3%    23.5%     0.0%     0.0%     4.3%     0.3%
Apr 04 17:42:11    369.4   160978512      150    71.9%    149.1     0.3%    23.5%     0.0%     0.0%     4.3%     0.3%
Apr 04 17:43:12    369.1   167121603      150    71.9%    149.1     0.3%    23.5%     0.0%     0.0%     4.3%     0.3%
Apr 04 17:54:47    267.6   172817666      150    71.9%    149.1     0.3%    23.5%     0.0%     0.0%     4.3%     0.3%
ALL DONE!
