           Time    Speed        Read     Read   Mapped   Mapped   Mapped   Mapped Unmapped Unmapped Unmapped Unmapped
                    M/hr      number   length   unique   length   MMrate    multi   multi+       MM    short    other
Apr 04 20:14:02    310.5     5174364      150    84.8%    149.4     0.3%    13.0%     0.0%     0.0%     2.0%     0.1%
Apr 04 20:15:02    372.0    12399438      150    84.8%    149.4     0.3%    13.0%     0.0%     0.0%     2.1%     0.1%
Apr 04 20:16:03    375.2    18865880      150    84.7%    149.4     0.3%    13.1%     0.0%     0.0%     2.1%     0.1%
Apr 04 20:17:03    391.6    26214728      150    84.7%    149.4     0.3%    13.1%     0.0%     0.0%     2.1%     0.1%
Apr 04 20:18:09    390.1    33269452      150    84.7%    149.4     0.3%    13.1%     0.0%     0.0%     2.1%     0.1%
Apr 04 20:19:09    402.8    41058890      150    84.7%    149.4     0.3%    13.1%     0.0%     0.0%     2.1%     0.1%
Apr 04 20:20:12    400.4    47819904      150    84.7%    149.4     0.3%    13.1%     0.0%     0.0%     2.1%     0.1%
Apr 04 20:21:14    403.7    55169473      150    84.7%    149.4     0.3%    13.1%     0.0%     0.0%     2.1%     0.1%
Apr 04 20:22:15    403.2    61929269      150    84.7%    149.4     0.3%    13.1%     0.0%     0.0%     2.1%     0.1%
Apr 04 20:23:15    406.0    69131216      150    84.7%    149.4     0.3%    13.1%     0.0%     0.0%     2.1%     0.1%
Apr 04 20:24:15    407.5    76185627      150    84.7%    149.4     0.3%    13.1%     0.0%     0.0%     2.1%     0.1%
Apr 04 20:25:15    408.1    83093045      150    84.6%    149.4     0.3%    13.1%     0.0%     0.0%     2.2%     0.1%
Apr 04 20:26:15    407.2    89707011      150    84.6%    149.4     0.3%    13.1%     0.0%     0.0%     2.2%     0.1%
Apr 04 20:27:15    409.6    97055110      150    84.6%    149.4     0.3%    13.1%     0.0%     0.0%     2.2%     0.1%
Apr 04 20:28:16    408.3   103651642      150    84.6%    149.4     0.3%    13.1%     0.0%     0.0%     2.2%     0.1%
Apr 04 20:29:16    407.4   110233502      150    84.6%    149.4     0.3%    13.1%     0.0%     0.0%     2.2%     0.1%
Apr 04 20:32:28    347.9   112677331      150    84.6%    149.4     0.3%    13.1%     0.0%     0.0%     2.2%     0.1%
ALL DONE!
