                                 Started job on |	Apr 04 16:21:58
                             Started mapping on |	Apr 04 16:21:59
                                    Finished on |	Apr 04 16:37:30
       Mapping speed, Million of reads per hour |	375.23

                          Number of input reads |	97037355
                      Average input read length |	150
                                    UNIQUE READS:
                   Uniquely mapped reads number |	80113450
                        Uniquely mapped reads % |	82.56%
                          Average mapped length |	149.42
                       Number of splices: Total |	30184659
            Number of splices: Annotated (sjdb) |	29796304
                       Number of splices: GT/AG |	29796112
                       Number of splices: GC/AG |	267832
                       Number of splices: AT/AC |	24392
               Number of splices: Non-canonical |	96323
                      Mismatch rate per base, % |	0.29%
                         Deletion rate per base |	0.01%
                        Deletion average length |	1.92
                        Insertion rate per base |	0.01%
                       Insertion average length |	1.46
                             MULTI-MAPPING READS:
        Number of reads mapped to multiple loci |	15365707
             % of reads mapped to multiple loci |	15.83%
        Number of reads mapped to too many loci |	1313
             % of reads mapped to too many loci |	0.00%
                                  UNMAPPED READS:
       % of reads unmapped: too many mismatches |	0.00%
                 % of reads unmapped: too short |	1.51%
                     % of reads unmapped: other |	0.09%
                                  CHIMERIC READS:
                       Number of chimeric reads |	0
                            % of chimeric reads |	0.00%
