                                 Started job on |	Apr 05 02:07:08
                             Started mapping on |	Apr 05 02:07:09
                                    Finished on |	Apr 05 02:17:35
       Mapping speed, Million of reads per hour |	313.70

                          Number of input reads |	54548203
                      Average input read length |	150
                                    UNIQUE READS:
                   Uniquely mapped reads number |	23981288
                        Uniquely mapped reads % |	43.96%
                          Average mapped length |	149.13
                       Number of splices: Total |	10666835
            Number of splices: Annotated (sjdb) |	10519533
                       Number of splices: GT/AG |	10510020
                       Number of splices: GC/AG |	94742
                       Number of splices: AT/AC |	7866
               Number of splices: Non-canonical |	54207
                      Mismatch rate per base, % |	0.29%
                         Deletion rate per base |	0.03%
                        Deletion average length |	3.05
                        Insertion rate per base |	0.01%
                       Insertion average length |	1.55
                             MULTI-MAPPING READS:
        Number of reads mapped to multiple loci |	27000271
             % of reads mapped to multiple loci |	49.50%
        Number of reads mapped to too many loci |	589
             % of reads mapped to too many loci |	0.00%
                                  UNMAPPED READS:
       % of reads unmapped: too many mismatches |	0.00%
                 % of reads unmapped: too short |	6.26%
                     % of reads unmapped: other |	0.28%
                                  CHIMERIC READS:
                       Number of chimeric reads |	0
                            % of chimeric reads |	0.00%
