                                 Started job on |	Apr 04 14:16:36
                             Started mapping on |	Apr 04 14:16:37
                                    Finished on |	Apr 04 14:34:50
       Mapping speed, Million of reads per hour |	234.17

                          Number of input reads |	71097858
                      Average input read length |	150
                                    UNIQUE READS:
                   Uniquely mapped reads number |	43489174
                        Uniquely mapped reads % |	61.17%
                          Average mapped length |	149.34
                       Number of splices: Total |	25089889
            Number of splices: Annotated (sjdb) |	24777753
                       Number of splices: GT/AG |	24752132
                       Number of splices: GC/AG |	215214
                       Number of splices: AT/AC |	18883
               Number of splices: Non-canonical |	103660
                      Mismatch rate per base, % |	0.29%
                         Deletion rate per base |	0.03%
                        Deletion average length |	2.91
                        Insertion rate per base |	0.01%
                       Insertion average length |	1.50
                             MULTI-MAPPING READS:
        Number of reads mapped to multiple loci |	20200241
             % of reads mapped to multiple loci |	28.41%
        Number of reads mapped to too many loci |	1172
             % of reads mapped to too many loci |	0.00%
                                  UNMAPPED READS:
       % of reads unmapped: too many mismatches |	0.00%
                 % of reads unmapped: too short |	10.07%
                     % of reads unmapped: other |	0.35%
                                  CHIMERIC READS:
                       Number of chimeric reads |	0
                            % of chimeric reads |	0.00%
