                                 Started job on |	Apr 04 14:34:52
                             Started mapping on |	Apr 04 14:34:52
                                    Finished on |	Apr 04 15:07:10
       Mapping speed, Million of reads per hour |	265.90

                          Number of input reads |	143142324
                      Average input read length |	150
                                    UNIQUE READS:
                   Uniquely mapped reads number |	114989702
                        Uniquely mapped reads % |	80.33%
                          Average mapped length |	149.33
                       Number of splices: Total |	47041853
            Number of splices: Annotated (sjdb) |	46439862
                       Number of splices: GT/AG |	46388678
                       Number of splices: GC/AG |	425726
                       Number of splices: AT/AC |	38949
               Number of splices: Non-canonical |	188500
                      Mismatch rate per base, % |	0.30%
                         Deletion rate per base |	0.01%
                        Deletion average length |	2.03
                        Insertion rate per base |	0.01%
                       Insertion average length |	1.41
                             MULTI-MAPPING READS:
        Number of reads mapped to multiple loci |	23978192
             % of reads mapped to multiple loci |	16.75%
        Number of reads mapped to too many loci |	1677
             % of reads mapped to too many loci |	0.00%
                                  UNMAPPED READS:
       % of reads unmapped: too many mismatches |	0.00%
                 % of reads unmapped: too short |	2.84%
                     % of reads unmapped: other |	0.07%
                                  CHIMERIC READS:
                       Number of chimeric reads |	0
                            % of chimeric reads |	0.00%
