                                 Started job on |	Apr 04 15:58:07
                             Started mapping on |	Apr 04 15:58:07
                                    Finished on |	Apr 04 16:11:58
       Mapping speed, Million of reads per hour |	361.56

                          Number of input reads |	83460141
                      Average input read length |	150
                                    UNIQUE READS:
                   Uniquely mapped reads number |	70515000
                        Uniquely mapped reads % |	84.49%
                          Average mapped length |	149.31
                       Number of splices: Total |	22517992
            Number of splices: Annotated (sjdb) |	22212212
                       Number of splices: GT/AG |	22228525
                       Number of splices: GC/AG |	189892
                       Number of splices: AT/AC |	18649
               Number of splices: Non-canonical |	80926
                      Mismatch rate per base, % |	0.28%
                         Deletion rate per base |	0.01%
                        Deletion average length |	1.94
                        Insertion rate per base |	0.01%
                       Insertion average length |	1.45
                             MULTI-MAPPING READS:
        Number of reads mapped to multiple loci |	10669287
             % of reads mapped to multiple loci |	12.78%
        Number of reads mapped to too many loci |	1928
             % of reads mapped to too many loci |	0.00%
                                  UNMAPPED READS:
       % of reads unmapped: too many mismatches |	0.00%
                 % of reads unmapped: too short |	2.59%
                     % of reads unmapped: other |	0.14%
                                  CHIMERIC READS:
                       Number of chimeric reads |	0
                            % of chimeric reads |	0.00%
