                                 Started job on |	Apr 04 22:54:48
                             Started mapping on |	Apr 04 22:54:48
                                    Finished on |	Apr 04 23:11:31
       Mapping speed, Million of reads per hour |	344.49

                          Number of input reads |	95979596
                      Average input read length |	150
                                    UNIQUE READS:
                   Uniquely mapped reads number |	77067870
                        Uniquely mapped reads % |	80.30%
                          Average mapped length |	149.27
                       Number of splices: Total |	26369335
            Number of splices: Annotated (sjdb) |	25900059
                       Number of splices: GT/AG |	25928540
                       Number of splices: GC/AG |	271270
                       Number of splices: AT/AC |	21249
               Number of splices: Non-canonical |	148276
                      Mismatch rate per base, % |	0.30%
                         Deletion rate per base |	0.02%
                        Deletion average length |	2.29
                        Insertion rate per base |	0.01%
                       Insertion average length |	1.43
                             MULTI-MAPPING READS:
        Number of reads mapped to multiple loci |	14796692
             % of reads mapped to multiple loci |	15.42%
        Number of reads mapped to too many loci |	883
             % of reads mapped to too many loci |	0.00%
                                  UNMAPPED READS:
       % of reads unmapped: too many mismatches |	0.00%
                 % of reads unmapped: too short |	4.16%
                     % of reads unmapped: other |	0.12%
                                  CHIMERIC READS:
                       Number of chimeric reads |	0
                            % of chimeric reads |	0.00%
