                                 Started job on |	Apr 04 21:00:18
                             Started mapping on |	Apr 04 21:00:19
                                    Finished on |	Apr 04 21:24:05
       Mapping speed, Million of reads per hour |	335.47

                          Number of input reads |	132885349
                      Average input read length |	150
                                    UNIQUE READS:
                   Uniquely mapped reads number |	85724328
                        Uniquely mapped reads % |	64.51%
                          Average mapped length |	149.28
                       Number of splices: Total |	31390071
            Number of splices: Annotated (sjdb) |	30969769
                       Number of splices: GT/AG |	30946586
                       Number of splices: GC/AG |	276619
                       Number of splices: AT/AC |	27000
               Number of splices: Non-canonical |	139866
                      Mismatch rate per base, % |	0.29%
                         Deletion rate per base |	0.02%
                        Deletion average length |	2.28
                        Insertion rate per base |	0.01%
                       Insertion average length |	1.45
                             MULTI-MAPPING READS:
        Number of reads mapped to multiple loci |	41419352
             % of reads mapped to multiple loci |	31.17%
        Number of reads mapped to too many loci |	959
             % of reads mapped to too many loci |	0.00%
                                  UNMAPPED READS:
       % of reads unmapped: too many mismatches |	0.00%
                 % of reads unmapped: too short |	4.25%
                     % of reads unmapped: other |	0.07%
                                  CHIMERIC READS:
                       Number of chimeric reads |	0
                            % of chimeric reads |	0.00%
