                                 Started job on |	Apr 04 15:36:40
                             Started mapping on |	Apr 04 15:36:41
                                    Finished on |	Apr 04 15:58:05
       Mapping speed, Million of reads per hour |	260.07

                          Number of input reads |	92757784
                      Average input read length |	150
                                    UNIQUE READS:
                   Uniquely mapped reads number |	35139782
                        Uniquely mapped reads % |	37.88%
                          Average mapped length |	149.24
                       Number of splices: Total |	14723357
            Number of splices: Annotated (sjdb) |	14444046
                       Number of splices: GT/AG |	14497489
                       Number of splices: GC/AG |	119359
                       Number of splices: AT/AC |	9622
               Number of splices: Non-canonical |	96887
                      Mismatch rate per base, % |	0.33%
                         Deletion rate per base |	0.05%
                        Deletion average length |	4.22
                        Insertion rate per base |	0.01%
                       Insertion average length |	1.57
                             MULTI-MAPPING READS:
        Number of reads mapped to multiple loci |	46622926
             % of reads mapped to multiple loci |	50.26%
        Number of reads mapped to too many loci |	1436
             % of reads mapped to too many loci |	0.00%
                                  UNMAPPED READS:
       % of reads unmapped: too many mismatches |	0.00%
                 % of reads unmapped: too short |	11.53%
                     % of reads unmapped: other |	0.32%
                                  CHIMERIC READS:
                       Number of chimeric reads |	0
                            % of chimeric reads |	0.00%
