                                 Started job on |	Apr 05 00:21:01
                             Started mapping on |	Apr 05 00:21:01
                                    Finished on |	Apr 05 00:40:43
       Mapping speed, Million of reads per hour |	325.31

                          Number of input reads |	106810640
                      Average input read length |	150
                                    UNIQUE READS:
                   Uniquely mapped reads number |	85883632
                        Uniquely mapped reads % |	80.41%
                          Average mapped length |	149.37
                       Number of splices: Total |	33382870
            Number of splices: Annotated (sjdb) |	32937659
                       Number of splices: GT/AG |	32962484
                       Number of splices: GC/AG |	274994
                       Number of splices: AT/AC |	27261
               Number of splices: Non-canonical |	118131
                      Mismatch rate per base, % |	0.26%
                         Deletion rate per base |	0.01%
                        Deletion average length |	1.97
                        Insertion rate per base |	0.01%
                       Insertion average length |	1.43
                             MULTI-MAPPING READS:
        Number of reads mapped to multiple loci |	16877271
             % of reads mapped to multiple loci |	15.80%
        Number of reads mapped to too many loci |	2232
             % of reads mapped to too many loci |	0.00%
                                  UNMAPPED READS:
       % of reads unmapped: too many mismatches |	0.00%
                 % of reads unmapped: too short |	3.63%
                     % of reads unmapped: other |	0.16%
                                  CHIMERIC READS:
                       Number of chimeric reads |	0
                            % of chimeric reads |	0.00%
