                                 Started job on |	Apr 04 19:30:36
                             Started mapping on |	Apr 04 19:30:36
                                    Finished on |	Apr 04 19:41:17
       Mapping speed, Million of reads per hour |	279.22

                          Number of input reads |	49716412
                      Average input read length |	150
                                    UNIQUE READS:
                   Uniquely mapped reads number |	28835567
                        Uniquely mapped reads % |	58.00%
                          Average mapped length |	149.26
                       Number of splices: Total |	13041386
            Number of splices: Annotated (sjdb) |	12820120
                       Number of splices: GT/AG |	12842438
                       Number of splices: GC/AG |	117221
                       Number of splices: AT/AC |	10835
               Number of splices: Non-canonical |	70892
                      Mismatch rate per base, % |	0.38%
                         Deletion rate per base |	0.03%
                        Deletion average length |	2.93
                        Insertion rate per base |	0.00%
                       Insertion average length |	1.43
                             MULTI-MAPPING READS:
        Number of reads mapped to multiple loci |	15178740
             % of reads mapped to multiple loci |	30.53%
        Number of reads mapped to too many loci |	1807
             % of reads mapped to too many loci |	0.00%
                                  UNMAPPED READS:
       % of reads unmapped: too many mismatches |	0.00%
                 % of reads unmapped: too short |	11.23%
                     % of reads unmapped: other |	0.24%
                                  CHIMERIC READS:
                       Number of chimeric reads |	0
                            % of chimeric reads |	0.00%
