           Time    Speed        Read     Read   Mapped   Mapped   Mapped   Mapped Unmapped Unmapped Unmapped Unmapped
                    M/hr      number   length   unique   length   MMrate    multi   multi+       MM    short    other
Apr 04 17:55:58    223.7     4287849      150    50.9%    149.1     0.4%    43.3%     0.0%     0.0%     5.2%     0.5%
Apr 04 17:56:59    261.9     9456315      150    50.8%    149.1     0.4%    43.4%     0.0%     0.0%     5.3%     0.5%
Apr 04 17:58:05    270.9    14749226      150    50.7%    149.1     0.4%    43.5%     0.0%     0.0%     5.3%     0.5%
Apr 04 17:59:05    281.8    20040234      150    50.6%    149.1     0.4%    43.5%     0.0%     0.0%     5.4%     0.5%
Apr 04 18:00:07    283.4    25036627      150    50.7%    149.1     0.4%    43.5%     0.0%     0.0%     5.3%     0.5%
Apr 04 18:01:08    289.5    30474167      150    50.7%    149.1     0.4%    43.5%     0.0%     0.0%     5.3%     0.5%
Apr 04 18:02:10    288.4    35324129      150    50.7%    149.1     0.4%    43.5%     0.0%     0.0%     5.3%     0.5%
Apr 04 18:03:10    291.8    40614920      150    50.7%    149.1     0.4%    43.5%     0.0%     0.0%     5.3%     0.5%
Apr 04 18:04:12    290.7    45464649      150    50.6%    149.1     0.4%    43.5%     0.0%     0.0%     5.3%     0.5%
Apr 04 18:05:12    294.1    50902062      150    50.7%    149.1     0.4%    43.5%     0.0%     0.0%     5.3%     0.5%
Apr 04 18:06:12    293.1    55604762      150    50.7%    149.1     0.4%    43.5%     0.0%     0.0%     5.3%     0.5%
Apr 04 18:07:12    296.5    61189187      150    50.7%    149.1     0.4%    43.5%     0.0%     0.0%     5.3%     0.5%
Apr 04 18:08:13    295.0    65891945      150    50.7%    149.1     0.4%    43.5%     0.0%     0.0%     5.3%     0.5%
Apr 04 18:09:13    293.5    70447679      150    50.7%    149.1     0.4%    43.5%     0.0%     0.0%     5.3%     0.5%
Apr 04 18:10:14    294.8    75738353      150    50.7%    149.1     0.4%    43.5%     0.0%     0.0%     5.3%     0.5%
Apr 04 18:11:16    293.9    80587958      150    50.7%    149.1     0.4%    43.5%     0.0%     0.0%     5.3%     0.5%
Apr 04 18:12:22    294.1    86025421      150    50.7%    149.1     0.4%    43.5%     0.0%     0.0%     5.3%     0.5%
Apr 04 18:16:21    245.6    88142596      150    50.7%    149.1     0.4%    43.5%     0.0%     0.0%     5.3%     0.5%
ALL DONE!
