STAR version=STAR_2.6.0c
STAR compilation time,server,dir=Thu May 10 18:41:27 EDT 2018 florence.cshl.edu:/sonas-hs/gingeras/nlsas_norepl/user/dobin/STAR/STAR.master/source
##### DEFAULT parameters:
versionSTAR                       20201
versionGenome                     20101   20200   
parametersFiles                   -   
sysShell                          -
runMode                           alignReads
runThreadN                        1
runDirPerm                        User_RWX
runRNGseed                        777
genomeDir                         ./GenomeDir/
genomeLoad                        NoSharedMemory
genomeFastaFiles                  -   
genomeChainFiles                  -   
genomeSAindexNbases               14
genomeChrBinNbits                 18
genomeSAsparseD                   1
genomeSuffixLengthMax             18446744073709551615
genomeFileSizes                   0   
genomeConsensusFile               -
readFilesType                     Fastx   
readFilesIn                       Read1   Read2   
readFilesPrefix                   -
readFilesCommand                  -   
readMatesLengthsIn                NotEqual
readMapNumber                     18446744073709551615
readNameSeparator                 /   
inputBAMfile                      -
bamRemoveDuplicatesType           -
bamRemoveDuplicatesMate2basesN    0
limitGenomeGenerateRAM            31000000000
limitIObufferSize                 150000000
limitOutSAMoneReadBytes           100000
limitOutSJcollapsed               1000000
limitOutSJoneRead                 1000
limitBAMsortRAM                   0
limitSjdbInsertNsj                1000000
outTmpDir                         -
outTmpKeep                        None
outStd                            Log
outReadsUnmapped                  None
outQSconversionAdd                0
outMultimapperOrder               Old_2.4
outSAMtype                        SAM   
outSAMmode                        Full
outSAMstrandField                 None
outSAMattributes                  Standard   
outSAMunmapped                    None   
outSAMorder                       Paired
outSAMprimaryFlag                 OneBestScore
outSAMreadID                      Standard
outSAMmapqUnique                  255
outSAMflagOR                      0
outSAMflagAND                     65535
outSAMattrRGline                  -   
outSAMheaderHD                    -   
outSAMheaderPG                    -   
outSAMheaderCommentFile           -
outBAMcompression                 1
outBAMsortingThreadN              0
outBAMsortingBinsN                50
outSAMfilter                      None   
outSAMmultNmax                    18446744073709551615
outSAMattrIHstart                 1
outSAMtlen                        1
outSJfilterReads                  All
outSJfilterCountUniqueMin         3   1   1   1   
outSJfilterCountTotalMin          3   1   1   1   
outSJfilterOverhangMin            30   12   12   12   
outSJfilterDistToOtherSJmin       10   0   5   10   
outSJfilterIntronMaxVsReadN       50000   100000   200000   
outWigType                        None   
outWigStrand                      Stranded   
outWigReferencesPrefix            -
outWigNorm                        RPM   
outFilterType                     Normal
outFilterMultimapNmax             10
outFilterMultimapScoreRange       1
outFilterScoreMin                 0
outFilterScoreMinOverLread        0.66
outFilterMatchNmin                0
outFilterMatchNminOverLread       0.66
outFilterMismatchNmax             10
outFilterMismatchNoverLmax        0.3
outFilterMismatchNoverReadLmax    1
outFilterIntronMotifs             None
outFilterIntronStrands            RemoveInconsistentStrands
clip5pNbases                      0   
clip3pNbases                      0   
clip3pAfterAdapterNbases          0   
clip3pAdapterSeq                  -   
clip3pAdapterMMp                  0.1   
winBinNbits                       16
winAnchorDistNbins                9
winFlankNbins                     4
winAnchorMultimapNmax             50
winReadCoverageRelativeMin        0.5
winReadCoverageBasesMin           0
scoreGap                          0
scoreGapNoncan                    -8
scoreGapGCAG                      -4
scoreGapATAC                      -8
scoreStitchSJshift                1
scoreGenomicLengthLog2scale       -0.25
scoreDelBase                      -2
scoreDelOpen                      -2
scoreInsOpen                      -2
scoreInsBase                      -2
seedSearchLmax                    0
seedSearchStartLmax               50
seedSearchStartLmaxOverLread      1
seedPerReadNmax                   1000
seedPerWindowNmax                 50
seedNoneLociPerWindow             10
seedMultimapNmax                  10000
seedSplitMin                      12
alignIntronMin                    21
alignIntronMax                    0
alignMatesGapMax                  0
alignTranscriptsPerReadNmax       10000
alignSJoverhangMin                5
alignSJDBoverhangMin              3
alignSJstitchMismatchNmax         0   -1   0   0   
alignSplicedMateMapLmin           0
alignSplicedMateMapLminOverLmate    0.66
alignWindowsPerReadNmax           10000
alignTranscriptsPerWindowNmax     100
alignEndsType                     Local
alignSoftClipAtReferenceEnds      Yes
alignEndsProtrude                 0   ConcordantPair   
alignInsertionFlush               None
peOverlapNbasesMin                0
peOverlapMMp                      0.1
chimSegmentMin                    0
chimScoreMin                      0
chimScoreDropMax                  20
chimScoreSeparation               10
chimScoreJunctionNonGTAG          -1
chimMainSegmentMultNmax           10
chimJunctionOverhangMin           20
chimOutType                       Junctions   
chimFilter                        banGenomicN   
chimSegmentReadGapMax             0
chimMultimapNmax                  0
chimMultimapScoreRange            1
chimNonchimScoreDropMin           20
sjdbFileChrStartEnd               -   
sjdbGTFfile                       -
sjdbGTFchrPrefix                  -
sjdbGTFfeatureExon                exon
sjdbGTFtagExonParentTranscript    transcript_id
sjdbGTFtagExonParentGene          gene_id
sjdbOverhang                      100
sjdbScore                         2
sjdbInsertSave                    Basic
varVCFfile                        -
waspOutputMode                    None
quantMode                         -   
quantTranscriptomeBAMcompression    1
quantTranscriptomeBan             IndelSoftclipSingleend
twopass1readsN                    18446744073709551615
twopassMode                       None
##### Command Line:
STAR --limitBAMsortRAM 10000000000 --genomeLoad LoadAndKeep --genomeDir combined_reference/StarIndexed_combined --runThreadN 14 --readFilesIn /dev/fd/63 /dev/fd/62 --outFilterMultimapNmax 100 --outSAMtype BAM SortedByCoordinate --outFileNamePrefix output_bams/PDAC224T_
##### Initial USER parameters from Command Line:
outFileNamePrefix                 output_bams/PDAC224T_
###### All USER parameters from Command Line:
limitBAMsortRAM               10000000000     ~RE-DEFINED
genomeLoad                    LoadAndKeep     ~RE-DEFINED
genomeDir                     combined_reference/StarIndexed_combined     ~RE-DEFINED
runThreadN                    14     ~RE-DEFINED
readFilesIn                   /dev/fd/63   /dev/fd/62        ~RE-DEFINED
outFilterMultimapNmax         100     ~RE-DEFINED
outSAMtype                    BAM   SortedByCoordinate        ~RE-DEFINED
outFileNamePrefix             output_bams/PDAC224T_     ~RE-DEFINED
##### Finished reading parameters from all sources

##### Final user re-defined parameters-----------------:
runThreadN                        14
genomeDir                         combined_reference/StarIndexed_combined
genomeLoad                        LoadAndKeep
readFilesIn                       /dev/fd/63   /dev/fd/62   
limitBAMsortRAM                   10000000000
outFileNamePrefix                 output_bams/PDAC224T_
outSAMtype                        BAM   SortedByCoordinate   
outFilterMultimapNmax             100

-------------------------------
##### Final effective command line:
STAR   --runThreadN 14   --genomeDir combined_reference/StarIndexed_combined   --genomeLoad LoadAndKeep   --readFilesIn /dev/fd/63   /dev/fd/62      --limitBAMsortRAM 10000000000   --outFileNamePrefix output_bams/PDAC224T_   --outSAMtype BAM   SortedByCoordinate      --outFilterMultimapNmax 100

##### Final parameters after user input--------------------------------:
versionSTAR                       20201
versionGenome                     20101   20200   
parametersFiles                   -   
sysShell                          -
runMode                           alignReads
runThreadN                        14
runDirPerm                        User_RWX
runRNGseed                        777
genomeDir                         combined_reference/StarIndexed_combined
genomeLoad                        LoadAndKeep
genomeFastaFiles                  -   
genomeChainFiles                  -   
genomeSAindexNbases               14
genomeChrBinNbits                 18
genomeSAsparseD                   1
genomeSuffixLengthMax             18446744073709551615
genomeFileSizes                   0   
genomeConsensusFile               -
readFilesType                     Fastx   
readFilesIn                       /dev/fd/63   /dev/fd/62   
readFilesPrefix                   -
readFilesCommand                  -   
readMatesLengthsIn                NotEqual
readMapNumber                     18446744073709551615
readNameSeparator                 /   
inputBAMfile                      -
bamRemoveDuplicatesType           -
bamRemoveDuplicatesMate2basesN    0
limitGenomeGenerateRAM            31000000000
limitIObufferSize                 150000000
limitOutSAMoneReadBytes           100000
limitOutSJcollapsed               1000000
limitOutSJoneRead                 1000
limitBAMsortRAM                   10000000000
limitSjdbInsertNsj                1000000
outFileNamePrefix                 output_bams/PDAC224T_
outTmpDir                         -
outTmpKeep                        None
outStd                            Log
outReadsUnmapped                  None
outQSconversionAdd                0
outMultimapperOrder               Old_2.4
outSAMtype                        BAM   SortedByCoordinate   
outSAMmode                        Full
outSAMstrandField                 None
outSAMattributes                  Standard   
outSAMunmapped                    None   
outSAMorder                       Paired
outSAMprimaryFlag                 OneBestScore
outSAMreadID                      Standard
outSAMmapqUnique                  255
outSAMflagOR                      0
outSAMflagAND                     65535
outSAMattrRGline                  -   
outSAMheaderHD                    -   
outSAMheaderPG                    -   
outSAMheaderCommentFile           -
outBAMcompression                 1
outBAMsortingThreadN              0
outBAMsortingBinsN                50
outSAMfilter                      None   
outSAMmultNmax                    18446744073709551615
outSAMattrIHstart                 1
outSAMtlen                        1
outSJfilterReads                  All
outSJfilterCountUniqueMin         3   1   1   1   
outSJfilterCountTotalMin          3   1   1   1   
outSJfilterOverhangMin            30   12   12   12   
outSJfilterDistToOtherSJmin       10   0   5   10   
outSJfilterIntronMaxVsReadN       50000   100000   200000   
outWigType                        None   
outWigStrand                      Stranded   
outWigReferencesPrefix            -
outWigNorm                        RPM   
outFilterType                     Normal
outFilterMultimapNmax             100
outFilterMultimapScoreRange       1
outFilterScoreMin                 0
outFilterScoreMinOverLread        0.66
outFilterMatchNmin                0
outFilterMatchNminOverLread       0.66
outFilterMismatchNmax             10
outFilterMismatchNoverLmax        0.3
outFilterMismatchNoverReadLmax    1
outFilterIntronMotifs             None
outFilterIntronStrands            RemoveInconsistentStrands
clip5pNbases                      0   
clip3pNbases                      0   
clip3pAfterAdapterNbases          0   
clip3pAdapterSeq                  -   
clip3pAdapterMMp                  0.1   
winBinNbits                       16
winAnchorDistNbins                9
winFlankNbins                     4
winAnchorMultimapNmax             50
winReadCoverageRelativeMin        0.5
winReadCoverageBasesMin           0
scoreGap                          0
scoreGapNoncan                    -8
scoreGapGCAG                      -4
scoreGapATAC                      -8
scoreStitchSJshift                1
scoreGenomicLengthLog2scale       -0.25
scoreDelBase                      -2
scoreDelOpen                      -2
scoreInsOpen                      -2
scoreInsBase                      -2
seedSearchLmax                    0
seedSearchStartLmax               50
seedSearchStartLmaxOverLread      1
seedPerReadNmax                   1000
seedPerWindowNmax                 50
seedNoneLociPerWindow             10
seedMultimapNmax                  10000
seedSplitMin                      12
alignIntronMin                    21
alignIntronMax                    0
alignMatesGapMax                  0
alignTranscriptsPerReadNmax       10000
alignSJoverhangMin                5
alignSJDBoverhangMin              3
alignSJstitchMismatchNmax         0   -1   0   0   
alignSplicedMateMapLmin           0
alignSplicedMateMapLminOverLmate    0.66
alignWindowsPerReadNmax           10000
alignTranscriptsPerWindowNmax     100
alignEndsType                     Local
alignSoftClipAtReferenceEnds      Yes
alignEndsProtrude                 0   ConcordantPair   
alignInsertionFlush               None
peOverlapNbasesMin                0
peOverlapMMp                      0.1
chimSegmentMin                    0
chimScoreMin                      0
chimScoreDropMax                  20
chimScoreSeparation               10
chimScoreJunctionNonGTAG          -1
chimMainSegmentMultNmax           10
chimJunctionOverhangMin           20
chimOutType                       Junctions   
chimFilter                        banGenomicN   
chimSegmentReadGapMax             0
chimMultimapNmax                  0
chimMultimapScoreRange            1
chimNonchimScoreDropMin           20
sjdbFileChrStartEnd               -   
sjdbGTFfile                       -
sjdbGTFchrPrefix                  -
sjdbGTFfeatureExon                exon
sjdbGTFtagExonParentTranscript    transcript_id
sjdbGTFtagExonParentGene          gene_id
sjdbOverhang                      100
sjdbScore                         2
sjdbInsertSave                    Basic
varVCFfile                        -
waspOutputMode                    None
quantMode                         -   
quantTranscriptomeBAMcompression    1
quantTranscriptomeBan             IndelSoftclipSingleend
twopass1readsN                    18446744073709551615
twopassMode                       None
----------------------------------------

Finished loading and checking parameters
Reading genome generation parameters:
### STAR   --runMode genomeGenerate   --genomeDir combined_reference/StarIndexed_combined   --genomeFastaFiles combined_reference/combined.fasta      --sjdbGTFfile combined_reference/combined.gtf   --sjdbOverhang 75
### GstrandBit!
versionGenome                 20201        ~RE-DEFINED
genomeFastaFiles              combined_reference/combined.fasta        ~RE-DEFINED
genomeSAindexNbases           14     ~RE-DEFINED
genomeChrBinNbits             18     ~RE-DEFINED
genomeSAsparseD               1     ~RE-DEFINED
sjdbOverhang                  75     ~RE-DEFINED
sjdbFileChrStartEnd           -        ~RE-DEFINED
sjdbGTFfile                   combined_reference/combined.gtf     ~RE-DEFINED
sjdbGTFchrPrefix              -     ~RE-DEFINED
sjdbGTFfeatureExon            exon     ~RE-DEFINED
sjdbGTFtagExonParentTranscripttranscript_id     ~RE-DEFINED
sjdbGTFtagExonParentGene      gene_id     ~RE-DEFINED
sjdbInsertSave                Basic     ~RE-DEFINED
genomeFileSizes               5944922039   47645443995        ~RE-DEFINED
Genome version is compatible with current STAR version
Number of real (reference) chromosomes= 150
1	hs1	249250621	0
2	hs10	135534747	249298944
3	hs11	135006516	385089536
4	hs12	133851895	520355840
5	hs13	115169878	654311424
6	hs14	107349540	769654784
7	hs15	102531392	877133824
8	hs16	90354753	979894272
9	hs17	81195210	1070333952
10	hs18	78077248	1151598592
11	hs19	59128983	1229717504
12	hs2	243199373	1288962048
13	hs20	63025520	1532231680
14	hs21	48129895	1595408384
15	hs22	51304566	1643642880
16	hs3	198022430	1695023104
17	hs4	191154276	1893203968
18	hs5	180915260	2084569088
19	hs6	171115067	2265710592
20	hs7	159138663	2436890624
21	hs8	146364022	2596274176
22	hs9	141213431	2742812672
23	hsMT	16569	2884108288
24	hsX	155270560	2884370432
25	hsY	59373566	3039821824
26	hsGL000192.1	547496	3099328512
27	hsGL000225.1	211173	3100114944
28	hsGL000194.1	191469	3100377088
29	hsGL000193.1	189789	3100639232
30	hsGL000200.1	187035	3100901376
31	hsGL000222.1	186861	3101163520
32	hsGL000212.1	186858	3101425664
33	hsGL000195.1	182896	3101687808
34	hsGL000223.1	180455	3101949952
35	hsGL000224.1	179693	3102212096
36	hsGL000219.1	179198	3102474240
37	hsGL000205.1	174588	3102736384
38	hsGL000215.1	172545	3102998528
39	hsGL000216.1	172294	3103260672
40	hsGL000217.1	172149	3103522816
41	hsGL000199.1	169874	3103784960
42	hsGL000211.1	166566	3104047104
43	hsGL000213.1	164239	3104309248
44	hsGL000220.1	161802	3104571392
45	hsGL000218.1	161147	3104833536
46	hsGL000209.1	159169	3105095680
47	hsGL000221.1	155397	3105357824
48	hsGL000214.1	137718	3105619968
49	hsGL000228.1	129120	3105882112
50	hsGL000227.1	128374	3106144256
51	hsGL000191.1	106433	3106406400
52	hsGL000208.1	92689	3106668544
53	hsGL000198.1	90085	3106930688
54	hsGL000204.1	81310	3107192832
55	hsGL000233.1	45941	3107454976
56	hsGL000237.1	45867	3107717120
57	hsGL000230.1	43691	3107979264
58	hsGL000242.1	43523	3108241408
59	hsGL000243.1	43341	3108503552
60	hsGL000241.1	42152	3108765696
61	hsGL000236.1	41934	3109027840
62	hsGL000240.1	41933	3109289984
63	hsGL000206.1	41001	3109552128
64	hsGL000232.1	40652	3109814272
65	hsGL000234.1	40531	3110076416
66	hsGL000202.1	40103	3110338560
67	hsGL000238.1	39939	3110600704
68	hsGL000244.1	39929	3110862848
69	hsGL000248.1	39786	3111124992
70	hsGL000196.1	38914	3111387136
71	hsGL000249.1	38502	3111649280
72	hsGL000246.1	38154	3111911424
73	hsGL000203.1	37498	3112173568
74	hsGL000197.1	37175	3112435712
75	hsGL000245.1	36651	3112697856
76	hsGL000247.1	36422	3112960000
77	hsGL000201.1	36148	3113222144
78	hsGL000235.1	34474	3113484288
79	hsGL000239.1	33824	3113746432
80	hsGL000210.1	27682	3114008576
81	hsGL000231.1	27386	3114270720
82	hsGL000229.1	19913	3114532864
83	hsGL000226.1	15008	3114795008
84	hsGL000207.1	4262	3115057152
85	mmu1	195471971	3115319296
86	mmu10	130694993	3310878720
87	mmu11	122082543	3441688576
88	mmu12	120129022	3563847680
89	mmu13	120421639	3684171776
90	mmu14	124902244	3804758016
91	mmu15	104043685	3929800704
92	mmu16	98207768	4033871872
93	mmu17	94987271	4132175872
94	mmu18	90702639	4227334144
95	mmu19	61431566	4318298112
96	mmu2	182113224	4379901952
97	mmu3	160039680	4562092032
98	mmu4	156508116	4722262016
99	mmu5	151834684	4879024128
100	mmu6	149736546	5031067648
101	mmu7	145441459	5181014016
102	mmu8	129401213	5326503936
103	mmu9	124595110	5456003072
104	mmuMT	16299	5580783616
105	mmuX	171031299	5581045760
106	mmuY	91744698	5752225792
107	mmuJH584299.1	953012	5843976192
108	mmuGL456233.1	336933	5845024768
109	mmuJH584301.1	259875	5845549056
110	mmuGL456211.1	241735	5845811200
111	mmuGL456350.1	227966	5846073344
112	mmuJH584293.1	207968	5846335488
113	mmuGL456221.1	206961	5846597632
114	mmuJH584297.1	205776	5846859776
115	mmuJH584296.1	199368	5847121920
116	mmuGL456354.1	195993	5847384064
117	mmuJH584294.1	191905	5847646208
118	mmuJH584298.1	184189	5847908352
119	mmuJH584300.1	182347	5848170496
120	mmuGL456219.1	175968	5848432640
121	mmuGL456210.1	169725	5848694784
122	mmuJH584303.1	158099	5848956928
123	mmuJH584302.1	155838	5849219072
124	mmuGL456212.1	153618	5849481216
125	mmuJH584304.1	114452	5849743360
126	mmuGL456379.1	72385	5850005504
127	mmuGL456216.1	66673	5850267648
128	mmuGL456393.1	55711	5850529792
129	mmuGL456366.1	47073	5850791936
130	mmuGL456367.1	42057	5851054080
131	mmuGL456239.1	40056	5851316224
132	mmuGL456213.1	39340	5851578368
133	mmuGL456383.1	38659	5851840512
134	mmuGL456385.1	35240	5852102656
135	mmuGL456360.1	31704	5852364800
136	mmuGL456378.1	31602	5852626944
137	mmuGL456389.1	28772	5852889088
138	mmuGL456372.1	28664	5853151232
139	mmuGL456370.1	26764	5853413376
140	mmuGL456381.1	25871	5853675520
141	mmuGL456387.1	24685	5853937664
142	mmuGL456390.1	24668	5854199808
143	mmuGL456394.1	24323	5854461952
144	mmuGL456392.1	23629	5854724096
145	mmuGL456382.1	23158	5854986240
146	mmuGL456359.1	22974	5855248384
147	mmuGL456396.1	21240	5855510528
148	mmuGL456368.1	20208	5855772672
149	mmuJH584292.1	14945	5856034816
150	mmuJH584295.1	1976	5856296960
--sjdbOverhang = 75 taken from the generated genome
Started loading the genome: Mon Apr  5 02:45:07 2021

Genome: size given as a parameter = 5944922039
SA: size given as a parameter = 47645443995
SAindex: size given as a parameter = 1
Read from SAindex: pGe.gSAindexNbases=14  nSAi=357913940
nGenome=5944922039;  nSAbyte=47645443995
GstrandBit=33   SA number of indices=11210692704
Found genome in shared memory
Using shared memory for genome. key=0x1738c3b5;   shmid=1802241
Finished loading the genome: Mon Apr  5 02:45:07 2021

Processing splice junctions database sjdbN=585185,   pGe.sjdbOverhang=75 
alignIntronMax=alignMatesGapMax=0, the max intron size will be approximately determined by (2^winBinNbits)*winAnchorDistNbins=589824
Created thread # 1
Created thread # 2
Created thread # 3
Created thread # 4
Created thread # 5
Created thread # 6
Created thread # 7
Created thread # 8
Created thread # 9
Created thread # 10
Created thread # 11
Created thread # 12
Created thread # 13
BAM sorting: 276471 mapped reads
BAM sorting bins genomic start loci:
1	0	156100517
2	0	228768379
3	2	62364798
4	4	27830616
5	5	50053323
6	5	50053428
7	5	50053516
8	5	50329295
9	5	50329442
10	7	30783248
11	10	35612144
12	12	32399326
13	15	37094836
14	17	133309535
15	18	74227396
16	20	70602395
17	22	2287
18	43	109122
19	43	110430
20	43	113477
21	43	115187
22	43	117549
23	43	153965
24	43	156010
25	43	157819
26	43	160059
27	84	71632081
28	85	81364091
29	86	83706183
30	87	69159310
31	87	69159413
32	87	69159512
33	87	69361188
34	87	69361287
35	87	69361390
36	88	64364078
37	90	3279578
38	91	57391352
39	92	39846909
40	93	61588212
41	95	32963823
42	96	65380053
43	97	136882256
44	98	142905345
45	99	142172006
46	100	130910832
47	102	3014091
48	102	108336661
Thread #5 end of input stream, nextChar=-1
Completed: thread #5
Completed: thread #0
Completed: thread #1
Joined thread # 1
Completed: thread #11
Completed: thread #13
Completed: thread #7
Completed: thread #12
Completed: thread #6
Completed: thread #3
Completed: thread #10
Completed: thread #9
Completed: thread #8
Completed: thread #4
Completed: thread #2
Joined thread # 2
Joined thread # 3
Joined thread # 4
Joined thread # 5
Joined thread # 6
Joined thread # 7
Joined thread # 8
Joined thread # 9
Joined thread # 10
Joined thread # 11
Joined thread # 12
Joined thread # 13
Apr 05 02:59:27 ..... started sorting BAM
Max memory needed for sorting = 1599684287
ALL DONE!
