                                 Started job on |	Apr 04 15:17:21
                             Started mapping on |	Apr 04 15:17:25
                                    Finished on |	Apr 04 15:36:39
       Mapping speed, Million of reads per hour |	343.82

                          Number of input reads |	110213236
                      Average input read length |	150
                                    UNIQUE READS:
                   Uniquely mapped reads number |	89993581
                        Uniquely mapped reads % |	81.65%
                          Average mapped length |	149.45
                       Number of splices: Total |	36211436
            Number of splices: Annotated (sjdb) |	35796093
                       Number of splices: GT/AG |	35756430
                       Number of splices: GC/AG |	304563
                       Number of splices: AT/AC |	29467
               Number of splices: Non-canonical |	120976
                      Mismatch rate per base, % |	0.28%
                         Deletion rate per base |	0.01%
                        Deletion average length |	1.82
                        Insertion rate per base |	0.01%
                       Insertion average length |	1.46
                             MULTI-MAPPING READS:
        Number of reads mapped to multiple loci |	18028116
             % of reads mapped to multiple loci |	16.36%
        Number of reads mapped to too many loci |	1606
             % of reads mapped to too many loci |	0.00%
                                  UNMAPPED READS:
       % of reads unmapped: too many mismatches |	0.00%
                 % of reads unmapped: too short |	1.92%
                     % of reads unmapped: other |	0.07%
                                  CHIMERIC READS:
                       Number of chimeric reads |	0
                            % of chimeric reads |	0.00%
