           Time    Speed        Read     Read   Mapped   Mapped   Mapped   Mapped Unmapped Unmapped Unmapped Unmapped
                    M/hr      number   length   unique   length   MMrate    multi   multi+       MM    short    other
Apr 04 14:35:56    241.2     4288401      150    80.5%    149.4     0.3%    16.7%     0.0%     0.0%     2.7%     0.1%
Apr 04 14:36:56    317.3    10928911      150    80.5%    149.4     0.3%    16.7%     0.0%     0.0%     2.7%     0.1%
Apr 04 14:37:59    323.6    16806959      150    80.5%    149.4     0.3%    16.7%     0.0%     0.0%     2.7%     0.1%
Apr 04 14:38:59    343.5    23568171      150    80.5%    149.4     0.3%    16.7%     0.0%     0.0%     2.7%     0.1%
Apr 04 14:40:01    361.9    31063483      150    80.5%    149.4     0.3%    16.7%     0.0%     0.0%     2.7%     0.1%
Apr 04 14:41:02    365.2    37530189      150    80.4%    149.4     0.3%    16.7%     0.0%     0.0%     2.8%     0.1%
Apr 04 14:42:02    368.3    43996569      150    80.4%    149.4     0.3%    16.7%     0.0%     0.0%     2.8%     0.1%
Apr 04 14:43:10    361.6    50021601      150    80.4%    149.4     0.3%    16.7%     0.0%     0.0%     2.8%     0.1%
Apr 04 14:44:10    364.4    56488062      150    80.4%    149.4     0.3%    16.7%     0.0%     0.0%     2.8%     0.1%
Apr 04 14:45:10    361.6    62073545      150    80.4%    149.4     0.3%    16.7%     0.0%     0.0%     2.8%     0.1%
Apr 04 14:46:14    343.2    65012653      150    80.4%    149.4     0.3%    16.7%     0.0%     0.0%     2.8%     0.1%
Apr 04 14:47:15    334.9    69127636      150    80.4%    149.4     0.3%    16.7%     0.0%     0.0%     2.8%     0.1%
Apr 04 14:48:16    334.5    74711953      150    80.4%    149.4     0.3%    16.7%     0.0%     0.0%     2.8%     0.1%
Apr 04 14:49:18    335.6    80737762      150    80.4%    149.4     0.3%    16.7%     0.0%     0.0%     2.8%     0.1%
Apr 04 14:50:24    336.3    87056358      150    80.4%    149.4     0.3%    16.7%     0.0%     0.0%     2.8%     0.1%
Apr 04 14:51:25    328.4    90583665      150    80.3%    149.3     0.3%    16.7%     0.0%     0.0%     2.9%     0.1%
Apr 04 14:52:25    326.8    95580558      150    80.3%    149.3     0.3%    16.7%     0.0%     0.0%     2.9%     0.1%
Apr 04 14:53:33    318.7    99254849      150    80.3%    149.3     0.3%    16.7%     0.0%     0.0%     2.9%     0.1%
Apr 04 14:54:35    315.9   103792434      150    80.3%    149.3     0.3%    16.7%     0.0%     0.0%     2.9%     0.1%
Apr 04 14:55:36    318.6   110081563      150    80.3%    149.3     0.3%    16.7%     0.0%     0.0%     2.9%     0.1%
Apr 04 14:56:36    320.1   115931748      150    80.3%    149.3     0.3%    16.7%     0.0%     0.0%     2.8%     0.1%
Apr 04 14:57:40    321.2   122074750      150    80.3%    149.3     0.3%    16.7%     0.0%     0.0%     2.8%     0.1%
Apr 04 14:58:40    323.2   128217718      150    80.3%    149.3     0.3%    16.7%     0.0%     0.0%     2.8%     0.1%
Apr 04 14:59:40    324.4   134067497      150    80.3%    149.3     0.3%    16.7%     0.0%     0.0%     2.8%     0.1%
Apr 04 15:00:41    326.5   140503385      150    80.3%    149.3     0.3%    16.8%     0.0%     0.0%     2.8%     0.1%
Apr 04 15:07:10    265.9   143142324      150    80.3%    149.3     0.3%    16.8%     0.0%     0.0%     2.8%     0.1%
ALL DONE!
