                                 Started job on |	Apr 04 18:16:23
                             Started mapping on |	Apr 04 18:16:23
                                    Finished on |	Apr 04 18:33:14
       Mapping speed, Million of reads per hour |	302.62

                          Number of input reads |	84985892
                      Average input read length |	150
                                    UNIQUE READS:
                   Uniquely mapped reads number |	58370590
                        Uniquely mapped reads % |	68.68%
                          Average mapped length |	149.20
                       Number of splices: Total |	14091398
            Number of splices: Annotated (sjdb) |	13810414
                       Number of splices: GT/AG |	13850994
                       Number of splices: GC/AG |	134627
                       Number of splices: AT/AC |	11485
               Number of splices: Non-canonical |	94292
                      Mismatch rate per base, % |	0.30%
                         Deletion rate per base |	0.01%
                        Deletion average length |	2.15
                        Insertion rate per base |	0.01%
                       Insertion average length |	1.44
                             MULTI-MAPPING READS:
        Number of reads mapped to multiple loci |	23960534
             % of reads mapped to multiple loci |	28.19%
        Number of reads mapped to too many loci |	2966
             % of reads mapped to too many loci |	0.00%
                                  UNMAPPED READS:
       % of reads unmapped: too many mismatches |	0.00%
                 % of reads unmapped: too short |	2.95%
                     % of reads unmapped: other |	0.17%
                                  CHIMERIC READS:
                       Number of chimeric reads |	0
                            % of chimeric reads |	0.00%
