                                 Started job on |	Apr 04 23:11:32
                             Started mapping on |	Apr 04 23:11:32
                                    Finished on |	Apr 04 23:25:24
       Mapping speed, Million of reads per hour |	252.22

                          Number of input reads |	58290655
                      Average input read length |	150
                                    UNIQUE READS:
                   Uniquely mapped reads number |	26521251
                        Uniquely mapped reads % |	45.50%
                          Average mapped length |	149.15
                       Number of splices: Total |	14047905
            Number of splices: Annotated (sjdb) |	13814288
                       Number of splices: GT/AG |	13799844
                       Number of splices: GC/AG |	129108
                       Number of splices: AT/AC |	11758
               Number of splices: Non-canonical |	107195
                      Mismatch rate per base, % |	0.37%
                         Deletion rate per base |	0.10%
                        Deletion average length |	4.93
                        Insertion rate per base |	0.01%
                       Insertion average length |	1.51
                             MULTI-MAPPING READS:
        Number of reads mapped to multiple loci |	22544594
             % of reads mapped to multiple loci |	38.68%
        Number of reads mapped to too many loci |	569
             % of reads mapped to too many loci |	0.00%
                                  UNMAPPED READS:
       % of reads unmapped: too many mismatches |	0.00%
                 % of reads unmapped: too short |	15.46%
                     % of reads unmapped: other |	0.36%
                                  CHIMERIC READS:
                       Number of chimeric reads |	0
                            % of chimeric reads |	0.00%
