                                 Started job on |	Apr 05 03:03:39
                             Started mapping on |	Apr 05 03:03:40
                                    Finished on |	Apr 05 03:13:57
       Mapping speed, Million of reads per hour |	294.41

                          Number of input reads |	50459241
                      Average input read length |	150
                                    UNIQUE READS:
                   Uniquely mapped reads number |	39478481
                        Uniquely mapped reads % |	78.24%
                          Average mapped length |	149.32
                       Number of splices: Total |	23087637
            Number of splices: Annotated (sjdb) |	22795746
                       Number of splices: GT/AG |	22812444
                       Number of splices: GC/AG |	172965
                       Number of splices: AT/AC |	18405
               Number of splices: Non-canonical |	83823
                      Mismatch rate per base, % |	0.28%
                         Deletion rate per base |	0.02%
                        Deletion average length |	2.64
                        Insertion rate per base |	0.01%
                       Insertion average length |	1.42
                             MULTI-MAPPING READS:
        Number of reads mapped to multiple loci |	6994290
             % of reads mapped to multiple loci |	13.86%
        Number of reads mapped to too many loci |	934
             % of reads mapped to too many loci |	0.00%
                                  UNMAPPED READS:
       % of reads unmapped: too many mismatches |	0.00%
                 % of reads unmapped: too short |	7.65%
                     % of reads unmapped: other |	0.25%
                                  CHIMERIC READS:
                       Number of chimeric reads |	0
                            % of chimeric reads |	0.00%
