                                 Started job on |	Apr 05 02:17:36
                             Started mapping on |	Apr 05 02:17:37
                                    Finished on |	Apr 05 02:34:57
       Mapping speed, Million of reads per hour |	360.01

                          Number of input reads |	104002087
                      Average input read length |	150
                                    UNIQUE READS:
                   Uniquely mapped reads number |	73457598
                        Uniquely mapped reads % |	70.63%
                          Average mapped length |	149.29
                       Number of splices: Total |	28438450
            Number of splices: Annotated (sjdb) |	28076674
                       Number of splices: GT/AG |	28058879
                       Number of splices: GC/AG |	251554
                       Number of splices: AT/AC |	22733
               Number of splices: Non-canonical |	105284
                      Mismatch rate per base, % |	0.28%
                         Deletion rate per base |	0.02%
                        Deletion average length |	2.22
                        Insertion rate per base |	0.01%
                       Insertion average length |	1.47
                             MULTI-MAPPING READS:
        Number of reads mapped to multiple loci |	27135585
             % of reads mapped to multiple loci |	26.09%
        Number of reads mapped to too many loci |	1376
             % of reads mapped to too many loci |	0.00%
                                  UNMAPPED READS:
       % of reads unmapped: too many mismatches |	0.00%
                 % of reads unmapped: too short |	3.21%
                     % of reads unmapped: other |	0.07%
                                  CHIMERIC READS:
                       Number of chimeric reads |	0
                            % of chimeric reads |	0.00%
