                                 Started job on |	Apr 04 14:01:27
                             Started mapping on |	Apr 04 14:01:28
                                    Finished on |	Apr 04 14:16:35
       Mapping speed, Million of reads per hour |	327.55

                          Number of input reads |	82525585
                      Average input read length |	150
                                    UNIQUE READS:
                   Uniquely mapped reads number |	73359642
                        Uniquely mapped reads % |	88.89%
                          Average mapped length |	149.45
                       Number of splices: Total |	19494394
            Number of splices: Annotated (sjdb) |	19181280
                       Number of splices: GT/AG |	19198754
                       Number of splices: GC/AG |	169144
                       Number of splices: AT/AC |	18208
               Number of splices: Non-canonical |	108288
                      Mismatch rate per base, % |	0.27%
                         Deletion rate per base |	0.01%
                        Deletion average length |	1.79
                        Insertion rate per base |	0.01%
                       Insertion average length |	1.40
                             MULTI-MAPPING READS:
        Number of reads mapped to multiple loci |	7778706
             % of reads mapped to multiple loci |	9.43%
        Number of reads mapped to too many loci |	2165
             % of reads mapped to too many loci |	0.00%
                                  UNMAPPED READS:
       % of reads unmapped: too many mismatches |	0.00%
                 % of reads unmapped: too short |	1.54%
                     % of reads unmapped: other |	0.14%
                                  CHIMERIC READS:
                       Number of chimeric reads |	0
                            % of chimeric reads |	0.00%
